[01:14:06] Base SHA: 380a51e6eab1ff2a6d4b7c2835a3b290a96d4e6b

[01:14:08] Unmanaged z-level 8! maxz = 9, z_list.len = 7 in unsorted.dm:1510 :
proc name: stack trace (/proc/stack_trace)
  source file: unsorted.dm,1510
  usr: (src)
  src: null
  call stack:
stack trace("Unmanaged z-level 8! maxz = 9,...")
Mapping (/datum/controller/subsystem/mapping): level trait(8, "Station")
process teleport locs()
Mapping (/datum/controller/subsystem/mapping): Initialize(656480)
Master (/datum/controller/master): Initialize(null, null)

[01:14:29] Unexpected Amount of States: Too few states: 0,  expected 4 (Non-Diagonal) or 7 (Diagonal) in icon_smooth.dm:105 :
proc name: SliceNDice (/atom/proc/SliceNDice)
  source file: icon_smooth.dm,105
  usr: null
  src: Стена (3,28,1) (/turf/simulated/wall/mineral/custle)
  call stack:
Стена (3,28,1) (/turf/simulated/wall/mineral/custle): SliceNDice('icons/turf/Events/Human/walls_...')
Стена (3,28,1) (/turf/simulated/wall/mineral/custle): smooth set icon(2, /list (/list))
cardinal smooth(Стена (3,28,1) (/turf/simulated/wall/mineral/custle), 2)
smooth icon(Стена (3,28,1) (/turf/simulated/wall/mineral/custle))
smooth zlevel(1, 1)
Icon Smoothing (/datum/controller/subsystem/icon_smooth): Initialize(656689)
Master (/datum/controller/master): Initialize(null, null)

[01:14:29] Unexpected Amount of States: Too few states: 0,  expected 4 (Non-Diagonal) or 7 (Diagonal) in icon_smooth.dm:105 :
proc name: SliceNDice (/atom/proc/SliceNDice)
  source file: icon_smooth.dm,105
  usr: null
  src: Стена (7,28,1) (/turf/simulated/wall/mineral/custle)
  call stack:
Стена (7,28,1) (/turf/simulated/wall/mineral/custle): SliceNDice('icons/turf/Events/Human/walls_...')
Стена (7,28,1) (/turf/simulated/wall/mineral/custle): smooth set icon(0, /list (/list))
cardinal smooth(Стена (7,28,1) (/turf/simulated/wall/mineral/custle), 0)
smooth icon(Стена (7,28,1) (/turf/simulated/wall/mineral/custle))
smooth zlevel(1, 1)
Icon Smoothing (/datum/controller/subsystem/icon_smooth): Initialize(656689)
Master (/datum/controller/master): Initialize(null, null)

[01:14:29] Unexpected Amount of States: Too few states: 0,  expected 4 (Non-Diagonal) or 7 (Diagonal) in icon_smooth.dm:105 :
proc name: SliceNDice (/atom/proc/SliceNDice)
  source file: icon_smooth.dm,105
  usr: null
  src: Стена (11,28,1) (/turf/simulated/wall/mineral/custle)
  call stack:
Стена (11,28,1) (/turf/simulated/wall/mineral/custle): SliceNDice('icons/turf/Events/Human/walls_...')
Стена (11,28,1) (/turf/simulated/wall/mineral/custle): smooth set icon(0, /list (/list))
cardinal smooth(Стена (11,28,1) (/turf/simulated/wall/mineral/custle), 0)
smooth icon(Стена (11,28,1) (/turf/simulated/wall/mineral/custle))
smooth zlevel(1, 1)
Icon Smoothing (/datum/controller/subsystem/icon_smooth): Initialize(656689)
Master (/datum/controller/master): Initialize(null, null)

[01:14:29] Unexpected Amount of States: Too few states: 0,  expected 4 (Non-Diagonal) or 7 (Diagonal) in icon_smooth.dm:105 :
proc name: SliceNDice (/atom/proc/SliceNDice)
  source file: icon_smooth.dm,105
  usr: null
  src: Стена (15,28,1) (/turf/simulated/wall/mineral/custle)
  call stack:
Стена (15,28,1) (/turf/simulated/wall/mineral/custle): SliceNDice('icons/turf/Events/Human/walls_...')
Стена (15,28,1) (/turf/simulated/wall/mineral/custle): smooth set icon(2, /list (/list))
cardinal smooth(Стена (15,28,1) (/turf/simulated/wall/mineral/custle), 2)
smooth icon(Стена (15,28,1) (/turf/simulated/wall/mineral/custle))
smooth zlevel(1, 1)
Icon Smoothing (/datum/controller/subsystem/icon_smooth): Initialize(656689)
Master (/datum/controller/master): Initialize(null, null)

[01:14:29] Unexpected Amount of States: Too few states: 0,  expected 4 (Non-Diagonal) or 7 (Diagonal) in icon_smooth.dm:105 :
proc name: SliceNDice (/atom/proc/SliceNDice)
  source file: icon_smooth.dm,105
  usr: null
  src: Стена (3,29,1) (/turf/simulated/wall/mineral/custle)
  call stack:
Стена (3,29,1) (/turf/simulated/wall/mineral/custle): SliceNDice('icons/turf/Events/Human/walls_...')
Стена (3,29,1) (/turf/simulated/wall/mineral/custle): smooth set icon(6, /list (/list))
cardinal smooth(Стена (3,29,1) (/turf/simulated/wall/mineral/custle), 6)
smooth icon(Стена (3,29,1) (/turf/simulated/wall/mineral/custle))
smooth zlevel(1, 1)
Icon Smoothing (/datum/controller/subsystem/icon_smooth): Initialize(656689)
Master (/datum/controller/master): Initialize(null, null)

[01:14:29] Unexpected Amount of States: Too few states: 0,  expected 4 (Non-Diagonal) or 7 (Diagonal) in icon_smooth.dm:105 :
proc name: SliceNDice (/atom/proc/SliceNDice)
  source file: icon_smooth.dm,105
  usr: null
  src: Стена (15,29,1) (/turf/simulated/wall/mineral/custle)
  call stack:
Стена (15,29,1) (/turf/simulated/wall/mineral/custle): SliceNDice('icons/turf/Events/Human/walls_...')
Стена (15,29,1) (/turf/simulated/wall/mineral/custle): smooth set icon(6, /list (/list))
cardinal smooth(Стена (15,29,1) (/turf/simulated/wall/mineral/custle), 6)
smooth icon(Стена (15,29,1) (/turf/simulated/wall/mineral/custle))
smooth zlevel(1, 1)
Icon Smoothing (/datum/controller/subsystem/icon_smooth): Initialize(656689)
Master (/datum/controller/master): Initialize(null, null)

[01:14:29] Unexpected Amount of States: Too few states: 0,  expected 4 (Non-Diagonal) or 7 (Diagonal) in icon_smooth.dm:105 :
proc name: SliceNDice (/atom/proc/SliceNDice)
  source file: icon_smooth.dm,105
  usr: null
  src: Стена (3,30,1) (/turf/simulated/wall/mineral/custle)
  call stack:
Стена (3,30,1) (/turf/simulated/wall/mineral/custle): SliceNDice('icons/turf/Events/Human/walls_...')
Стена (3,30,1) (/turf/simulated/wall/mineral/custle): smooth set icon(6, /list (/list))
cardinal smooth(Стена (3,30,1) (/turf/simulated/wall/mineral/custle), 6)
smooth icon(Стена (3,30,1) (/turf/simulated/wall/mineral/custle))
smooth zlevel(1, 1)
Icon Smoothing (/datum/controller/subsystem/icon_smooth): Initialize(656689)
Master (/datum/controller/master): Initialize(null, null)

[01:14:29] Unexpected Amount of States: Too few states: 0,  expected 4 (Non-Diagonal) or 7 (Diagonal) in icon_smooth.dm:105 :
proc name: SliceNDice (/atom/proc/SliceNDice)
  source file: icon_smooth.dm,105
  usr: null
  src: Стена (15,30,1) (/turf/simulated/wall/mineral/custle)
  call stack:
Стена (15,30,1) (/turf/simulated/wall/mineral/custle): SliceNDice('icons/turf/Events/Human/walls_...')
Стена (15,30,1) (/turf/simulated/wall/mineral/custle): smooth set icon(6, /list (/list))
cardinal smooth(Стена (15,30,1) (/turf/simulated/wall/mineral/custle), 6)
smooth icon(Стена (15,30,1) (/turf/simulated/wall/mineral/custle))
smooth zlevel(1, 1)
Icon Smoothing (/datum/controller/subsystem/icon_smooth): Initialize(656689)
Master (/datum/controller/master): Initialize(null, null)

[01:14:29] Unexpected Amount of States: Too few states: 0,  expected 4 (Non-Diagonal) or 7 (Diagonal) in icon_smooth.dm:105 :
proc name: SliceNDice (/atom/proc/SliceNDice)
  source file: icon_smooth.dm,105
  usr: null
  src: Стена (3,31,1) (/turf/simulated/wall/mineral/custle)
  call stack:
Стена (3,31,1) (/turf/simulated/wall/mineral/custle): SliceNDice('icons/turf/Events/Human/walls_...')
Стена (3,31,1) (/turf/simulated/wall/mineral/custle): smooth set icon(4, /list (/list))
cardinal smooth(Стена (3,31,1) (/turf/simulated/wall/mineral/custle), 4)
smooth icon(Стена (3,31,1) (/turf/simulated/wall/mineral/custle))
smooth zlevel(1, 1)
Icon Smoothing (/datum/controller/subsystem/icon_smooth): Initialize(656689)
Master (/datum/controller/master): Initialize(null, null)

[01:14:29] Unexpected Amount of States: Too few states: 0,  expected 4 (Non-Diagonal) or 7 (Diagonal) in icon_smooth.dm:105 :
proc name: SliceNDice (/atom/proc/SliceNDice)
  source file: icon_smooth.dm,105
  usr: null
  src: Стена (7,31,1) (/turf/simulated/wall/mineral/custle)
  call stack:
Стена (7,31,1) (/turf/simulated/wall/mineral/custle): SliceNDice('icons/turf/Events/Human/walls_...')
Стена (7,31,1) (/turf/simulated/wall/mineral/custle): smooth set icon(0, /list (/list))
cardinal smooth(Стена (7,31,1) (/turf/simulated/wall/mineral/custle), 0)
smooth icon(Стена (7,31,1) (/turf/simulated/wall/mineral/custle))
smooth zlevel(1, 1)
Icon Smoothing (/datum/controller/subsystem/icon_smooth): Initialize(656689)
Master (/datum/controller/master): Initialize(null, null)

[01:14:29] Unexpected Amount of States: Too few states: 0,  expected 4 (Non-Diagonal) or 7 (Diagonal) in icon_smooth.dm:105 :
proc name: SliceNDice (/atom/proc/SliceNDice)
  source file: icon_smooth.dm,105
  usr: null
  src: Стена (11,31,1) (/turf/simulated/wall/mineral/custle)
  call stack:
Стена (11,31,1) (/turf/simulated/wall/mineral/custle): SliceNDice('icons/turf/Events/Human/walls_...')
Стена (11,31,1) (/turf/simulated/wall/mineral/custle): smooth set icon(0, /list (/list))
cardinal smooth(Стена (11,31,1) (/turf/simulated/wall/mineral/custle), 0)
smooth icon(Стена (11,31,1) (/turf/simulated/wall/mineral/custle))
smooth zlevel(1, 1)
Icon Smoothing (/datum/controller/subsystem/icon_smooth): Initialize(656689)
Master (/datum/controller/master): Initialize(null, null)

[01:14:29] Unexpected Amount of States: Too few states: 0,  expected 4 (Non-Diagonal) or 7 (Diagonal) in icon_smooth.dm:105 :
proc name: SliceNDice (/atom/proc/SliceNDice)
  source file: icon_smooth.dm,105
  usr: null
  src: Стена (15,31,1) (/turf/simulated/wall/mineral/custle)
  call stack:
Стена (15,31,1) (/turf/simulated/wall/mineral/custle): SliceNDice('icons/turf/Events/Human/walls_...')
Стена (15,31,1) (/turf/simulated/wall/mineral/custle): smooth set icon(4, /list (/list))
cardinal smooth(Стена (15,31,1) (/turf/simulated/wall/mineral/custle), 4)
smooth icon(Стена (15,31,1) (/turf/simulated/wall/mineral/custle))
smooth zlevel(1, 1)
Icon Smoothing (/datum/controller/subsystem/icon_smooth): Initialize(656689)
Master (/datum/controller/master): Initialize(null, null)

[01:14:29] Unexpected Amount of States: Too few states: 0,  expected 4 (Non-Diagonal) or 7 (Diagonal) in icon_smooth.dm:105 :
proc name: SliceNDice (/atom/proc/SliceNDice)
  source file: icon_smooth.dm,105
  usr: null
  src: Стена (3,28,1) (/turf/simulated/wall/mineral/custle)
  call stack:
Стена (3,28,1) (/turf/simulated/wall/mineral/custle): SliceNDice('icons/turf/Events/Human/walls_...')
Стена (3,28,1) (/turf/simulated/wall/mineral/custle): smooth set icon(2, /list (/list))
cardinal smooth(Стена (3,28,1) (/turf/simulated/wall/mineral/custle), 2)
smooth icon(Стена (3,28,1) (/turf/simulated/wall/mineral/custle))
Icon Smoothing (/datum/controller/subsystem/icon_smooth): Initialize(656689)
Master (/datum/controller/master): Initialize(null, null)

[01:14:29] Unexpected Amount of States: Too few states: 0,  expected 4 (Non-Diagonal) or 7 (Diagonal) in icon_smooth.dm:105 :
proc name: SliceNDice (/atom/proc/SliceNDice)
  source file: icon_smooth.dm,105
  usr: null
  src: Стена (7,28,1) (/turf/simulated/wall/mineral/custle)
  call stack:
Стена (7,28,1) (/turf/simulated/wall/mineral/custle): SliceNDice('icons/turf/Events/Human/walls_...')
Стена (7,28,1) (/turf/simulated/wall/mineral/custle): smooth set icon(0, /list (/list))
cardinal smooth(Стена (7,28,1) (/turf/simulated/wall/mineral/custle), 0)
smooth icon(Стена (7,28,1) (/turf/simulated/wall/mineral/custle))
Icon Smoothing (/datum/controller/subsystem/icon_smooth): Initialize(656689)
Master (/datum/controller/master): Initialize(null, null)

[01:14:29] Unexpected Amount of States: Too few states: 0,  expected 4 (Non-Diagonal) or 7 (Diagonal) in icon_smooth.dm:105 :
proc name: SliceNDice (/atom/proc/SliceNDice)
  source file: icon_smooth.dm,105
  usr: null
  src: Стена (11,28,1) (/turf/simulated/wall/mineral/custle)
  call stack:
Стена (11,28,1) (/turf/simulated/wall/mineral/custle): SliceNDice('icons/turf/Events/Human/walls_...')
Стена (11,28,1) (/turf/simulated/wall/mineral/custle): smooth set icon(0, /list (/list))
cardinal smooth(Стена (11,28,1) (/turf/simulated/wall/mineral/custle), 0)
smooth icon(Стена (11,28,1) (/turf/simulated/wall/mineral/custle))
Icon Smoothing (/datum/controller/subsystem/icon_smooth): Initialize(656689)
Master (/datum/controller/master): Initialize(null, null)

[01:14:29] Unexpected Amount of States: Too few states: 0,  expected 4 (Non-Diagonal) or 7 (Diagonal) in icon_smooth.dm:105 :
proc name: SliceNDice (/atom/proc/SliceNDice)
  source file: icon_smooth.dm,105
  usr: null
  src: Стена (15,28,1) (/turf/simulated/wall/mineral/custle)
  call stack:
Стена (15,28,1) (/turf/simulated/wall/mineral/custle): SliceNDice('icons/turf/Events/Human/walls_...')
Стена (15,28,1) (/turf/simulated/wall/mineral/custle): smooth set icon(2, /list (/list))
cardinal smooth(Стена (15,28,1) (/turf/simulated/wall/mineral/custle), 2)
smooth icon(Стена (15,28,1) (/turf/simulated/wall/mineral/custle))
Icon Smoothing (/datum/controller/subsystem/icon_smooth): Initialize(656689)
Master (/datum/controller/master): Initialize(null, null)

[01:14:30] Unexpected Amount of States: Too few states: 0,  expected 4 (Non-Diagonal) or 7 (Diagonal) in icon_smooth.dm:105 :
proc name: SliceNDice (/atom/proc/SliceNDice)
  source file: icon_smooth.dm,105
  usr: null
  src: Стена (3,29,1) (/turf/simulated/wall/mineral/custle)
  call stack:
Стена (3,29,1) (/turf/simulated/wall/mineral/custle): SliceNDice('icons/turf/Events/Human/walls_...')
Стена (3,29,1) (/turf/simulated/wall/mineral/custle): smooth set icon(6, /list (/list))
cardinal smooth(Стена (3,29,1) (/turf/simulated/wall/mineral/custle), 6)
smooth icon(Стена (3,29,1) (/turf/simulated/wall/mineral/custle))
Icon Smoothing (/datum/controller/subsystem/icon_smooth): Initialize(656689)
Master (/datum/controller/master): Initialize(null, null)

[01:14:30] Unexpected Amount of States: Too few states: 0,  expected 4 (Non-Diagonal) or 7 (Diagonal) in icon_smooth.dm:105 :
proc name: SliceNDice (/atom/proc/SliceNDice)
  source file: icon_smooth.dm,105
  usr: null
  src: Стена (15,29,1) (/turf/simulated/wall/mineral/custle)
  call stack:
Стена (15,29,1) (/turf/simulated/wall/mineral/custle): SliceNDice('icons/turf/Events/Human/walls_...')
Стена (15,29,1) (/turf/simulated/wall/mineral/custle): smooth set icon(6, /list (/list))
cardinal smooth(Стена (15,29,1) (/turf/simulated/wall/mineral/custle), 6)
smooth icon(Стена (15,29,1) (/turf/simulated/wall/mineral/custle))
Icon Smoothing (/datum/controller/subsystem/icon_smooth): Initialize(656689)
Master (/datum/controller/master): Initialize(null, null)

[01:14:30] Unexpected Amount of States: Too few states: 0,  expected 4 (Non-Diagonal) or 7 (Diagonal) in icon_smooth.dm:105 :
proc name: SliceNDice (/atom/proc/SliceNDice)
  source file: icon_smooth.dm,105

[01:14:30] Unexpected Amount of States: Too few states: 0,  expected 4 (Non-Diagonal) or 7 (Diagonal) in icon_smooth.dm:105 :
proc name: SliceNDice (/atom/proc/SliceNDice)
  source file: icon_smooth.dm,105

[01:14:30] Unexpected Amount of States: Too few states: 0,  expected 4 (Non-Diagonal) or 7 (Diagonal) in icon_smooth.dm:105 :
proc name: SliceNDice (/atom/proc/SliceNDice)
  source file: icon_smooth.dm,105

[01:14:30] Unexpected Amount of States: Too few states: 0,  expected 4 (Non-Diagonal) or 7 (Diagonal) in icon_smooth.dm:105 :
proc name: SliceNDice (/atom/proc/SliceNDice)
  source file: icon_smooth.dm,105

[01:14:30] Unexpected Amount of States: Too few states: 0,  expected 4 (Non-Diagonal) or 7 (Diagonal) in icon_smooth.dm:105 :
proc name: SliceNDice (/atom/proc/SliceNDice)
  source file: icon_smooth.dm,105

[01:14:30] Unexpected Amount of States: Too few states: 0,  expected 4 (Non-Diagonal) or 7 (Diagonal) in icon_smooth.dm:105 :
proc name: SliceNDice (/atom/proc/SliceNDice)
  source file: icon_smooth.dm,105

