[01:52:14] Server '' starting up on 26.166.93.76:62039
[01:52:16]GAME: planetarium loaded at (27,170,4)
[01:52:16]GAME: teleporter loaded at (205,80,3)
[01:52:16]GAME: Space Toilet loaded at (38,210,4)
[01:52:17]GAME: robostation loaded at (100,198,4)
[01:52:17]GAME: agrosphere loaded at (55,72,3)
[01:52:17]GAME: delivery_shuttle loaded at (22,168,3)
[01:52:17]GAME: syndicate_fighter loaded at (95,210,3)
[01:52:51]ADMIN: fatfat/(FatFat) has started the game.
[01:52:53]MODE: Current master mode is extended
[01:52:53]DEBUG: Next event of severity RoundStart in 0 minutes.
[01:52:53]DEBUG: Starting event 'Forgotten Toilets' of severity RoundStart.
[01:52:53]DEBUG: Next event of severity RoundStart in 0 minutes.
[01:52:53]DEBUG: Starting event 'Roundstart Nothing' of severity RoundStart.
[01:52:53]DEBUG: Next event of severity RoundStart in 0 minutes.
[01:52:53]GAME: RoundStart Event: Selected areas is AI Satellite Teleporter Room, AI Satellite Teleporter Room, AI Satellite Teleporter Room, AI Satellite Teleporter Room, AI Satellite Teleporter Room, AI Satellite Teleporter Room, AI Satellite Teleporter Room, AI Satellite Teleporter Room, AI Satellite Teleporter Room, AI Satellite Teleporter Room, AI Satellite Teleporter Room, AI Satellite Teleporter Room, AI Satellite Teleporter Room, AI Satellite Teleporter Room, AI Satellite Teleporter Room, AI Satellite Teleporter Room, AI Satellite Teleporter Room, AI Satellite Teleporter Room, AI Satellite Teleporter Room, AI Satellite Teleporter Room, AI Satellite Teleporter Room, AI Satellite Teleporter Room, AI Satellite Teleporter Room, AI Satellite Teleporter Room, AI Satellite Teleporter Room, AI Satellite Teleporter Room, AI Satellite Teleporter Room, AI Satellite Teleporter Room, AI Satellite Teleporter Room, AI Satellite Teleporter Room, AI Satellite Teleporter Room, AI Satellite Teleporter Room, AI Satellite Teleporter Room, AI Satellite Teleporter Room, AI Satellite Teleporter Room, AI Satellite Teleporter Room, AI Satellite Teleporter Room, AI Satellite Teleporter Room, AI Satellite Teleporter Room, AI Satellite Teleporter Room, AI Satellite Teleporter Room, AI Satellite Teleporter Room, AI Satellite Teleporter Room, AI Satellite Teleporter Room, AI Satellite Teleporter Room, AI Satellite Teleporter Room, AI Satellite Teleporter Room, AI Satellite Teleporter Room, AI Satellite Teleporter Room, AI Satellite Teleporter Room, AI Satellite Teleporter Room, AI Satellite Teleporter Room, AI Satellite Teleporter Room, AI Satellite Teleporter Room, AI Satellite Teleporter Room, AI Satellite Teleporter Room, AI Satellite Teleporter Room, AI Satellite Teleporter Room, AI Satellite Teleporter Room, AI Satellite Teleporter Room, AI Satellite Teleporter Room, AI Satellite Teleporter Room and AI Satellite Teleporter Room
[01:52:53]DEBUG: Starting event 'Break Light' of severity RoundStart.
[01:52:53]GAME: ANTAG LIST:
no antagonists this moment
[01:52:54]GAME: RoundStart Event: All toilets have been deleted.
[01:52:54]DEBUG: Event 'Forgotten Toilets' has completed at 12:00.
[01:52:54]DEBUG: Event 'Roundstart Nothing' has completed at 12:00.
[01:52:54]DEBUG: Event 'Break Light' has completed at 12:00.
[01:52:54]DEBUG: Next event of severity Mundane in 16.28 minutes.
[01:52:54]DEBUG: Next event of severity Moderate in 38.996 minutes.
[01:52:54]DEBUG: Next event of severity Major in 68.0583 minutes.
[01:54:30] Graceful shutdown
