[01:18:02] Server '' starting up on 26.166.93.76:49784
[01:18:05]GAME: listening_post loaded at (130,119,3)
[01:18:05]GAME: cloning_lab loaded at (40,178,3)
[01:18:05]GAME: syndicate_fighter loaded at (232,51,4)
[01:18:06]GAME: Derelict Teleporter loaded at (72,90,4)
[01:18:06]GAME: NASA satellite loaded at (149,96,4)
[01:18:06]GAME: Derelict Station loaded at (97,128,4)
[01:18:06]GAME: Abandoned Ship loaded at (70,51,3)
[01:18:35]ADMIN: fatfat/(FatFat) has started the game.
[01:18:38]MODE: Current master mode is extended
[01:18:38]DEBUG: Next event of severity RoundStart in 0 minutes.
[01:18:38]DEBUG: Starting event 'Forgotten Cleaners' of severity RoundStart.
[01:18:38]GAME: ANTAG LIST:
no antagonists this moment
[01:18:39]GAME: RoundStart Event: All cleaners have been deleted.
[01:18:39]GAME: RoundStart Event: All cleaners have been deleted.
[01:18:39]DEBUG: Event 'Forgotten Cleaners' has completed at 12:00.
[01:18:39]DEBUG: Next event of severity Mundane in 17.048 minutes.
[01:18:39]DEBUG: Next event of severity Moderate in 52.262 minutes.
[01:18:39]DEBUG: Next event of severity Major in 65.5367 minutes.
[01:19:11] Graceful shutdown
