[20:58:02] Server '' starting up on 26.166.93.76:63402
[20:58:04]GAME: DJ Station loaded at (158,145,3)
[20:58:05]GAME: syndicate_fighter loaded at (215,210,3)
[20:58:05]GAME: ghost_ship_1 loaded at (159,32,4)
[20:58:05]GAME: NT Ships Squad loaded at (191,14,3)
[20:58:05]GAME: delivery_shuttle loaded at (111,20,3)
[20:58:05]GAME: Abandoned Lab loaded at (53,42,3)
[20:58:05]GAME: Derelict Teleporter loaded at (88,46,4)
[20:58:26]ADMIN: fatfat/(FatFat) has started the game.
[20:58:28]MODE: Current master mode is extended
[20:58:28]DEBUG: Next event of severity RoundStart in 0 minutes.
[20:58:28]GAME: RoundStart Event: Selected areas is nothing
[20:58:28]DEBUG: Starting event 'Randomize Cargo Storage' of severity RoundStart.
[20:58:28]DEBUG: Next event of severity RoundStart in 0 minutes.
[20:58:28]DEBUG: Starting event 'Roundstart Nothing' of severity RoundStart.
[20:58:28]DEBUG: Next event of severity RoundStart in 0 minutes.
[20:58:28]DEBUG: Starting event 'Chiefs Animals' of severity RoundStart.
[20:58:28]GAME: ANTAG LIST:
no antagonists this moment
[20:58:29]DEBUG: Event 'Randomize Cargo Storage' has completed at 12:00.
[20:58:29]DEBUG: Event 'Roundstart Nothing' has completed at 12:00.
[20:58:29]DEBUG: Event 'Chiefs Animals' has completed at 12:00.
[20:58:29]DEBUG: Next event of severity Mundane in 14.342 minutes.
[20:58:29]DEBUG: Next event of severity Moderate in 44.524 minutes.
[20:58:29]DEBUG: Next event of severity Major in 66.0933 minutes.
[20:59:00]ADMIN: fatfat/(Simon Snyder) created a /obj/effect/portal/tsci_wormhole/hub
[20:59:26] Graceful shutdown
