[23:01:43] Server '' starting up on 26.166.93.76:56033
[23:01:46]GAME: Derelict Teleporter loaded at (40,35,3)
[23:01:46]GAME: listening_post loaded at (63,71,4)
[23:01:47]GAME: ghost_ship_1 loaded at (122,93,4)
[23:01:47]GAME: NT Ships Squad loaded at (69,180,3)
[23:01:47]GAME: escape_pod loaded at (121,78,4)
[23:01:47]GAME: agrosphere loaded at (165,57,3)
[23:01:47]GAME: Abandoned Ship loaded at (162,130,3)
[23:02:15]ADMIN: fatfat/(FatFat) has started the game.
[23:02:17]MODE: Current master mode is extended
[23:02:17]DEBUG: Next event of severity RoundStart in 0 minutes.
[23:02:17]DEBUG: Starting event 'Roundstart Nothing' of severity RoundStart.
[23:02:17]DEBUG: Next event of severity RoundStart in 0 minutes.
[23:02:17]DEBUG: Starting event 'Forgotten Headset' of severity RoundStart.
[23:02:17]DEBUG: Next event of severity RoundStart in 0 minutes.
[23:02:17]DEBUG: Starting event 'Forgotten Fueltanks' of severity RoundStart.
[23:02:17]GAME: ANTAG LIST:
no antagonists this moment
[23:02:18]DEBUG: Event 'Roundstart Nothing' has completed at 12:00.
[23:02:18]DEBUG: Event 'Forgotten Headset' has completed at 12:00.
[23:02:18]GAME: RoundStart Event: All fueltanks have been deleted.
[23:02:18]GAME: RoundStart Event: All fueltanks have been deleted.
[23:02:18]DEBUG: Event 'Forgotten Fueltanks' has completed at 12:00.
[23:02:18]DEBUG: Next event of severity Mundane in 14.47 minutes.
[23:02:18]DEBUG: Next event of severity Moderate in 50.968 minutes.
[23:02:18]DEBUG: Next event of severity Major in 56.5267 minutes.
[23:03:11]EMOTE: fatfat/(Thomas Moore) : <b>Thomas Moore</b> <i>grunts.</i>
[23:03:14]EMOTE: fatfat/(Thomas Moore) : <b>Thomas Moore</b> <i>grunts.</i>
[23:03:20]EMOTE: fatfat/(Thomas Moore) : <b>Thomas Moore</b> <i>grunts.</i>
[23:03:22]EMOTE: fatfat/(Thomas Moore) : <b>Thomas Moore</b> <i>grunts.</i>
[23:03:24]ADMIN: fatfat/(Thomas Moore) jumped to HumanHub
[23:03:27]ADMIN: fatfat/(Thomas Moore) healed / revived fatfat/(Thomas Moore)
[23:03:35]ADMIN: fatfat/(Thomas Moore) jumped to HumanHub
[23:03:44]ADMIN: fatfat/(Thomas Moore) jumped to WizardHub
[23:03:47]ADMIN: fatfat/(Thomas Moore) jumped to WizardHub
[23:03:51]ADMIN: fatfat/(Thomas Moore) jumped to WizardHub
[23:03:54]ADMIN: fatfat/(Thomas Moore) jumped to WizardHub
[23:03:57]ADMIN: fatfat/(Thomas Moore) jumped to WizardHub
[23:04:00]ADMIN: fatfat/(Thomas Moore) jumped to WizardHub
[23:04:03]ADMIN: fatfat/(Thomas Moore) jumped to WizardHub
[23:04:07]ADMIN: fatfat/(Thomas Moore) jumped to WizardHub
[23:04:10]ADMIN: fatfat/(Thomas Moore) jumped to WizardHub
[23:04:13]ADMIN: fatfat/(Thomas Moore) jumped to WizardHub
[23:04:16]ADMIN: fatfat/(Thomas Moore) jumped to WizardHub
[23:04:19]ADMIN: fatfat/(Thomas Moore) jumped to WizardHub
[23:04:27] Graceful shutdown
