[18:11:26] Server '' starting up on 26.166.93.76:61621
[18:12:05]GAME: Tree Asteroid loaded at (103,66,3)
[18:12:05]GAME: cloning_lab loaded at (43,124,4)
[18:12:07]GAME: Derelict Station loaded at (98,43,4)
[18:12:07]GAME: DJ Station loaded at (36,138,3)
[18:12:07]GAME: teleporter loaded at (166,73,3)
[18:12:08]GAME: ghost_ship_2 loaded at (80,172,3)
[18:12:08]GAME: Space Toilet loaded at (54,89,4)
[18:12:13]ADMIN: fatfat/(Clark Coldsmith) created a /mob/living/carbon/human/homunculus
[18:12:49]ADMIN: fatfat/(Clark Coldsmith) will begin the game as soon as possible.
[18:12:52]ADMIN: fatfat/(Clark Coldsmith) stuffed fatfat into homunculus of god.
[18:12:54]MODE: Current master mode is extended
[18:12:55]DEBUG: Next event of severity RoundStart in 0 minutes.
[18:12:55]DEBUG: Starting event 'Roundstart Nothing' of severity RoundStart.
[18:12:55]GAME: ANTAG LIST:
no antagonists this moment
[18:12:56]DEBUG: Event 'Roundstart Nothing' has completed at 12:01.
[18:12:56]DEBUG: Next event of severity Mundane in 15.028 minutes.
[18:12:56]DEBUG: Next event of severity Moderate in 40.314 minutes.
[18:12:56]DEBUG: Next event of severity Major in 50.4433 minutes.
[18:12:59]SAY: *no key*/(shantak) : [Space]: Shuhn
[18:13:01]SAY: *no key*/(samak) : [Space]: Hrunnph
[18:13:06]SAY: *no key*/(Experiment 69T) : [Wizard's Den]: Ahi set mep&#39;a teth.
[18:13:07]ADMIN: heavenlyblue/(Ismael Enderly) teleported fatfat/(unknown)
[18:13:10]ATTACK: *no key*/(invisible friendly goliath) has been pulverized, by *no key*/(goliath)
[18:13:11]SAY: fatfat/(unknown) : [Velocity Dock 42]: Куда.
[18:13:12]ATTACK: *no key*/(invisible friendly goliath) has been pulverized, by *no key*/(healthy goliath)
[18:13:12]ATTACK: *no key*/(invisible friendly goliath) has been pulverized, by *no key*/(goliath)
[18:13:13]SAY: fatfat/(unknown) : [Velocity Dock 42]: Я только там.
[18:13:14]ATTACK: *no key*/(invisible friendly goliath) has been pulverized, by *no key*/(goliath)
[18:13:15]SAY: fatfat/(unknown) : [Velocity Dock 42]: Пришел.
[18:13:16]ATTACK: *no key*/(invisible friendly goliath) has been pulverized, by *no key*/(goliath)
[18:13:16]ATTACK: *no key*/(invisible friendly goliath) has been pulverized, by *no key*/(strong goliath)
[18:13:16]ATTACK: *no key*/(strong goliath) has been pulverized, by *no key*/(invisible friendly goliath)
[18:13:16]ATTACK: *no key*/(invisible friendly goliath) has been pulverized, by *no key*/(goliath)
[18:13:18]ATTACK: *no key*/(invisible friendly goliath) has been pulverized, by *no key*/(goliath)
[18:13:18]ATTACK: *no key*/(invisible friendly goliath) has been pulverized, by *no key*/(goliath)
[18:13:20]ATTACK: *no key*/(invisible friendly goliath) has been pulverized, by *no key*/(goliath)
[18:13:20]ATTACK: *no key*/(invisible friendly goliath) has been pulverized, by *no key*/(strong goliath)
[18:13:20]ATTACK: *no key*/(strong goliath) has been pulverized, by *no key*/(invisible friendly goliath)
[18:13:20]ADMIN: fatfat/(unknown) jumped to Research and Development
[18:13:21]SAY: heavenlyblue/(Ismael Enderly) : [Velocity Dock 42]: Ок.
[18:13:22]ATTACK: *no key*/(invisible friendly goliath) has been pulverized, by *no key*/(goliath)
[18:13:22]ATTACK: *no key*/(invisible friendly goliath) has been pulverized, by *no key*/(goliath)
[18:13:22]ADMIN: fatfat/(unknown) jumped to (145,139,2) in Research Division
[18:13:26]ATTACK: *no key*/(invisible friendly goliath) has been pulverized, by *no key*/(healthy goliath)
[18:13:26]ATTACK: *no key*/(strong goliath) has been pulverized, by *no key*/(invisible friendly goliath)
[18:13:27]ADMIN: fatfat/(unknown) teleported heavenlyblue/(Ismael Enderly)
[18:13:28]ATTACK: *no key*/(strong goliath) has been pulverized, by *no key*/(invisible friendly goliath)
[18:13:30]ATTACK: *no key*/(invisible friendly goliath) has been pulverized, by *no key*/(strong goliath)
[18:13:30]SAY: *no key*/(Experiment 69T) : [Wizard's Den]: Rong a&#39;hu dong&#39;a sik?
[18:13:32]SAY: *no key*/(DET5) : [Research Director's Office]: Analyzing...
[18:13:32]SAY: *no key*/(Poly) : [Chief Engineer's office]: Wire the solars, you lazy bums!
[18:13:32]SAY: *no key*/(Experiment 69T) : [Wizard's Den]: Ohen nek&#39;ti ep esi.
[18:13:33]ADMIN: fatfat/(unknown) changed the equipment of fatfat/(unknown) to captain.
[18:13:40]ATTACK: heavenlyblue/(Ismael Enderly) has been attacked with chain of command (INTENT: HELP) (DAMTYPE: BRUTE), by heavenlyblue/(Ismael Enderly)
[18:13:41]ATTACK: heavenlyblue/(Ismael Enderly) has been attacked with chain of command (INTENT: HELP) (DAMTYPE: BRUTE), by heavenlyblue/(Ismael Enderly)
[18:13:41]EMOTE: heavenlyblue/(Ismael Enderly) : <b>Ismael Enderly</b> <i>grunts.</i>
[18:13:42]ATTACK: heavenlyblue/(Ismael Enderly) has been attacked with chain of command (INTENT: HELP) (DAMTYPE: BRUTE), by heavenlyblue/(Ismael Enderly)
[18:13:42]EMOTE: heavenlyblue/(Ismael Enderly) : <b>Ismael Enderly</b> <i>screams!</i>
[18:13:46]SAY: *no key*/(Experiment 69T) : [Wizard's Den]: Ahi set mep&#39;a teth.
[18:13:52]EMOTE: *no key*/(Ian) : chases its tail
[18:13:54]SAY: *no key*/(Experiment 69T) : [Wizard's Den]: Rong a&#39;hu dong&#39;a sik?
[18:13:56]SAY: *no key*/(Experiment 69T) : [Wizard's Den]: Ahi set mep&#39;a teth.
[18:13:56]SAY: fatfat/(unknown) : [Toxins Mixing Room]: Так.
[18:13:58]EMOTE: heavenlyblue/(Ismael Enderly) : <b>Ismael Enderly</b> <i>groans.</i>
[18:13:59]SAY: fatfat/(unknown) : [Toxins Mixing Room]: Начнем.
[18:14:02]SAY: *no key*/(Experiment 69T) : [Wizard's Den]: Rong a&#39;hu dong&#39;a sik?
[18:14:02]SAY: *no key*/(samak) : [Space]: Hrunnph
[18:14:08]SAY: *no key*/(shantak) : [Space]: Shrunnph?
[18:14:10]SAY: *no key*/(Poly) : [Chief Engineer's office]: WHO TOOK THE DAMN HARDSUITS?
[18:14:11]ADMIN: fatfat/(unknown) created a /obj/item/weapon/reagent_containers/food/snacks/soap
[18:14:16]SAY: fatfat/(unknown) : [Toxins Mixing Room]: Мой.
[18:14:18]SAY: fatfat/(unknown) : [Toxins Mixing Room]: Хули грязно.
[18:14:20]SAY: *no key*/(Renault) : [Captain's Office]: Tchoff
[18:14:24]SAY: *no key*/(Experiment 69T) : [Wizard's Den]: Ohen nek&#39;ti ep esi.
[18:14:28]SAY: *no key*/(Poly) : [Chief Engineer's office]: Check the singlo, you chucklefucks!
[18:14:32]ADMIN: heavenlyblue/(Ismael Enderly) healed / Rrvived heavenlyblue/(Ismael Enderly)
[18:14:34]SAY: *no key*/(DET5) : [Research Director's Office]: Z-z-z-zero
[18:14:38]SAY: fatfat/(unknown) : [Toxins Mixing Room]: Я тебе собрал.
[18:14:38]SAY: *no key*/(Poly) : [Chief Engineer's office]: WHO TOOK THE DAMN HARDSUITS?
[18:14:43]SAY: fatfat/(unknown) : [Toxins Mixing Room]: Вначале теория.
[18:14:49]SAY: fatfat/(unknown) : [Toxins Mixing Room]: Смысл в том.
[18:14:54]SAY: fatfat/(unknown) : [Toxins Mixing Room]: Чтобы в одной канистре.
[18:14:54]SAY: *no key*/(Experiment 69T) : [Wizard's Den]: Ahi set mep&#39;a teth.
[18:15:02]SAY: *no key*/(Experiment 69T) : [Wizard's Den]: Ohen nek&#39;ti ep esi.
[18:15:12]SAY: *no key*/(Commander Clucky) : [Hydroponics]: BWAAAAARK BWAK BWAK BWAK!
[18:15:12]SAY: *no key*/(shantak) : [Space]: Shrunnph?
[18:15:12]SAY: fatfat/(unknown) : [Toxins Mixing Room]: Был холодный кислород + немного обычного форона для разгона.
[18:15:16]SAY: *no key*/(DET5) : [Research Director's Office]: One...null...Beep
[18:15:18]SAY: *no key*/(DET5) : [Research Director's Office]: ...this is a joke
[18:15:18]SAY: *no key*/(shantak) : [Space]: Shunpf
[18:15:20]SAY: *no key*/(DET5) : [Research Director's Office]: Director, where are researches?
[18:15:22]SAY: *no key*/(DET5) : [Research Director's Office]: One...null...Beep
[18:15:22]SAY: *no key*/(samak) : [Space]: Hrunnph
[18:15:23]SAY: fatfat/(unknown) : [Toxins Mixing Room]: А в другой канистре был горячий форон.
[18:15:26]SAY: *no key*/(mouse (871)) : [Atmospherics Maintenance]: SQUEEK!
[18:15:28]SAY: fatfat/(unknown) : [Toxins Storage]: Бери.
[18:15:34]SAY: *no key*/(Poly) : [Chief Engineer's office]: Poly wanna cracker!
[18:15:35]SAY: fatfat/(unknown) : [Toxins Mixing Room]: Нет.
[18:15:38]EMOTE: heavenlyblue/(Ismael Enderly) : <b>Ismael Enderly</b> <i>hiccups.</i>
[18:15:40]SAY: heavenlyblue/(Ismael Enderly) : [Toxins Mixing Room]: Фак.
[18:15:40]EMOTE: heavenlyblue/(Ismael Enderly) : <b>Ismael Enderly</b> <i>hiccups.</i>
[18:15:40]SAY: fatfat/(unknown) : [Toxins Mixing Room]: Эта холодильник.
[18:15:42]SAY: *no key*/(Poly) : [Chief Engineer's office]: The things I have seen!
[18:15:45]SAY: fatfat/(unknown) : [Toxins Mixing Room]: Нам форон греть надо.
[18:15:50]SAY: fatfat/(unknown) : [Toxins Mixing Room]: Крути.
[18:15:50]SAY: *no key*/(Poly) : [Chief Engineer's office]: WHO TOOK THE DAMN HARDSUITS?
[18:15:52]SAY: heavenlyblue/(Ismael Enderly) : [Toxins Mixing Room]: Ща.
[18:15:59]SAY: fatfat/(unknown) : [Toxins Mixing Room]: Прикрути точнее.
[18:16:04]SAY: fatfat/(unknown) : [Toxins Mixing Room]: Шш.
[18:16:04]SAY: *no key*/(Experiment 69T) : [Wizard's Den]: Rong a&#39;hu dong&#39;a sik?
[18:16:06]SAY: *no key*/(mouse (428)) : [Engineering Maintenance]: Squeek?
[18:16:08]SAY: fatfat/(unknown) : [Toxins Mixing Room]: Вначале делай как я говорю.
[18:16:10]SAY: fatfat/(unknown) : [Toxins Mixing Room]: Потом полностью сам.
[18:16:12]SAY: fatfat/(unknown) : [Toxins Mixing Room]: Будешь.
[18:16:16]SAY: fatfat/(unknown) : [Toxins Mixing Room]: Крути кт полу.
[18:16:16]EMOTE: heavenlyblue/(Ismael Enderly) : <b>Ismael Enderly</b> <i>hiccups.</i>
[18:16:16]SAY: *no key*/(Experiment 69T) : [Wizard's Den]: Ohen nek&#39;ti ep esi.
[18:16:16]SAY: heavenlyblue/(Ismael Enderly) : [Toxins Mixing Room]: Я знаю.
[18:16:26]SAY: fatfat/(unknown) : [Toxins Mixing Room]: Теперь бери ту помбу.
[18:16:30]SAY: *no key*/(Experiment 69T) : [Wizard's Den]: Ahi set mep&#39;a teth.
[18:16:33]SAY: fatfat/(unknown) : [Toxins Mixing Room]: И сюда.
[18:16:42]SAY: *no key*/(Experiment 69T) : [Wizard's Den]: Ahi set mep&#39;a teth.
[18:16:44]SAY: *no key*/(DET5) : [Research Director's Office]: Beep-beep
[18:16:48]SAY: fatfat/(unknown) : [Toxins Mixing Room]: В этой только кислород сдуваем.
[18:16:52]SAY: fatfat/(unknown) : [Toxins Mixing Room]: В той только форон.
[18:16:56]SAY: fatfat/(unknown) : [Toxins Mixing Room]: Не перемешиваем.
[18:16:59]SAY: fatfat/(unknown) : [Toxins Mixing Room]: Теперь.
[18:17:04]SAY: fatfat/(unknown) : [Toxins Mixing Room]: На холодосе ставим минимум.
[18:17:11]SAY: fatfat/(unknown) : [Toxins Mixing Room]: Включай.
[18:17:12]SAY: *no key*/(E-N) : [Head of Security's Office]: YAP
[18:17:12]SAY: *no key*/(mouse (871)) : [Atmospherics Maintenance]: SQUEEK!
[18:17:14]SAY: *no key*/(Commander Clucky) : [Hydroponics]: Cluck!
[18:17:20]SAY: fatfat/(unknown) : [Toxins Mixing Room]: Тут ставь 600.
[18:17:22]SAY: *no key*/(DET5) : [Research Director's Office]: Science time
[18:17:22]SAY: *no key*/(Poly) : [Chief Engineer's office]: Poly wanna cracker!
[18:17:22]SAY: *no key*/(Experiment 69T) : [Wizard's Den]: Ohen nek&#39;ti ep esi.
[18:17:32]SAY: *no key*/(DET5) : [Research Director's Office]: One...two...three...more...
[18:17:32]EMOTE: *no key*/(Ian) : dances around
[18:17:34]SAY: *no key*/(Experiment 69T) : [Wizard's Den]: Ahi set mep&#39;a teth.
[18:17:38]SAY: *no key*/(Poly) : [Chief Engineer's office]: Check the singlo, you chucklefucks!
[18:17:40]SAY: fatfat/(unknown) : [Toxins Mixing Room]: Да.
[18:17:42]SAY: fatfat/(unknown) : [Toxins Mixing Room]: Теперь форон.
[18:17:44]SAY: *no key*/(grey baby slime (624)) : [Xenobiology Lab]: Rawr...
[18:17:46]SAY: fatfat/(unknown) : [Toxins Mixing Room]: Форону тут ставь 600.
[18:17:48]SAY: *no key*/(Runtime) : [Wizard's Den]: HSSSSS
[18:17:50]SAY: fatfat/(unknown) : [Toxins Mixing Room]: 600К.
[18:17:53]SAY: *no key*/(samak) : [Space]: Hrunnph
[18:17:55]SAY: *no key*/(Poly) : [Chief Engineer's office]: Check the singlo, you chucklefucks!
[18:17:56]SAY: fatfat/(unknown) : [Toxins Mixing Room]: А тут.
[18:17:57]SAY: *no key*/(DET5) : [Research Director's Office]: Boom...
[18:17:58]SAY: fatfat/(unknown) : [Toxins Mixing Room]: Гдето 400.
[18:18:00]SAY: fatfat/(unknown) : [Toxins Mixing Room]: Давления.
[18:18:04]SAY: fatfat/(unknown) : [Toxins Mixing Room]: И включай.
[18:18:23]SAY: fatfat/(unknown) : [Toxins Mixing Room]: Ждем пока нагреется и остудитс.
[18:18:29]EMOTE: *no key*/(Ian) : dances around
[18:18:35]SAY: heavenlyblue/(Ismael Enderly) : [Toxins Mixing Room]: Пока в моей тачке качает репчик, планчик.
[18:18:41]SAY: heavenlyblue/(Ismael Enderly) : [Toxins Mixing Room]: Мальчик, у меня не тачка а танчик.
[18:18:51]SAY: *no key*/(Poly) : [Chief Engineer's office]: Check the singlo, you chucklefucks!
[18:18:55]SAY: *no key*/(DET5) : [Research Director's Office]: Science time
[18:18:55]SAY: *no key*/(E-N) : [Head of Security's Office]: YAP
[18:19:04]SAY: heavenlyblue/(Ismael Enderly) : [Toxins Mixing Room]: Через дефис пишется фраза &#34;парень-юморист&#34;
[18:19:05]SAY: *no key*/(Poly) : [Chief Engineer's office]: Wire the solars, you lazy bums!
[18:19:09]SAY: *no key*/(mouse (359)) : [Engineering Maintenance]: Squeek!
[18:19:14]SAY: heavenlyblue/(Ismael Enderly) : [Toxins Mixing Room]: Не торописть артист иначе пролетишь со свистом.
[18:19:19]SAY: *no key*/(DET5) : [Research Director's Office]: Boom...
[18:19:25]SAY: *no key*/(DET5) : [Research Director's Office]: Z-z-z-zero
[18:19:25]SAY: *no key*/(Poly) : [Chief Engineer's office]: Wire the solars, you lazy bums!
[18:19:31]SAY: *no key*/(Experiment 69T) : [Wizard's Den]: Ahi set mep&#39;a teth.
[18:19:39]SAY: fatfat/(unknown) : [Toxins Mixing Room]: Так я тут.
[18:19:41]SAY: *no key*/(Poly) : [Chief Engineer's office]: WHO TOOK THE DAMN HARDSUITS?
[18:19:45]SAY: fatfat/(unknown) : [Toxins Mixing Room]: Тут уже 364.
[18:19:47]SAY: *no key*/(Experiment 69T) : [Wizard's Den]: Ahi set mep&#39;a teth.
[18:19:49]SAY: fatfat/(unknown) : [Toxins Mixing Room]: Долго.
[18:19:53]SAY: heavenlyblue/(Ismael Enderly) : [Toxins Mixing Room]: А зачем на трубах ставить.
[18:19:53]SAY: fatfat/(unknown) : [Toxins Mixing Room]: Давай тут побольше ебанем.
[18:20:01]SAY: *no key*/(Betsy) : [Hydroponics]: Moo
[18:20:02]SAY: heavenlyblue/(Ismael Enderly) : [Toxins Mixing Room]: Цифры.
[18:20:04]SAY: fatfat/(unknown) : [Toxins Mixing Room]: Я тут 600 поставил.
[18:20:09]SAY: heavenlyblue/(Ismael Enderly) : [Toxins Mixing Room]: Меня не так учили.
[18:20:10]SAY: fatfat/(unknown) : [Toxins Mixing Room]: Потому что если поставить максимум.
[18:20:15]EMOTE: *no key*/(Ian) : chases its tail
[18:20:22]SAY: fatfat/(unknown) : [Toxins Mixing Room]: Будет 1 единица форона.
[18:20:23]SAY: *no key*/(shantak) : [Space]: Shunpf
[18:20:25]SAY: fatfat/(unknown) : [Toxins Mixing Room]: Очень горячаяя.
[18:20:27]SAY: *no key*/(Experiment 69T) : [Wizard's Den]: Ahi set mep&#39;a teth.
[18:20:27]SAY: fatfat/(unknown) : [Toxins Mixing Room]: Она не ебанет.
[18:20:29]SAY: *no key*/(SyndiCat) : [Syndicate Forward Operating Base]: Esp!
[18:20:31]SAY: *no key*/(Poly) : [Chief Engineer's office]: Poly wanna cracker!
[18:20:35]SAY: *no key*/(Poly) : [Chief Engineer's office]: Check the singlo, you chucklefucks!
[18:20:36]SAY: heavenlyblue/(Ismael Enderly) : [Toxins Mixing Room]: А если минимум сколько форона будет.
[18:20:37]SAY: *no key*/(Poly) : [Chief Engineer's office]: The things I have seen!
[18:20:37]SAY: *no key*/(Experiment 69T) : [Wizard's Den]: Ohen nek&#39;ti ep esi.
[18:20:43]SAY: fatfat/(unknown) : [Toxins Mixing Room]: Всмысле.
[18:20:45]SAY: fatfat/(unknown) : [Toxins Mixing Room]: Не понял вопрос.
[18:20:51]SAY: heavenlyblue/(Ismael Enderly) : [Toxins Mixing Room]: Ну если максимум это одна еденица форона.
[18:20:53]SAY: *no key*/(DET5) : [Research Director's Office]: Science time
[18:20:55]SAY: heavenlyblue/(Ismael Enderly) : [Toxins Mixing Room]: А минимум тогда сколько.
[18:20:58]SAY: fatfat/(unknown) : [Toxins Mixing Room]: Не ебу.
[18:21:01]SAY: *no key*/(Experiment 69T) : [Wizard's Den]: Ahi set mep&#39;a teth.
[18:21:01]SAY: fatfat/(unknown) : [Toxins Mixing Room]: Я от балды скащал.
[18:21:06]SAY: fatfat/(unknown) : [Toxins Mixing Room]: Чтобы суть передать.
[18:21:10]SAY: fatfat/(unknown) : [Toxins Mixing Room]: То что нагреется мало форона.
[18:21:11]SAY: *no key*/(Poly) : [Chief Engineer's office]: Poly wanna cracker!
[18:21:15]SAY: fatfat/(unknown) : [Toxins Mixing Room]: И мало форона займет всю канистру.
[18:21:23]SAY: *no key*/(DET5) : [Research Director's Office]: Not enough time
[18:21:23]SAY: *no key*/(Renault) : [Captain's Office]: Ack-Ack-Ack-Ackawoooo
[18:21:27]SAY: *no key*/(Experiment 69T) : [Wizard's Den]: Ohen nek&#39;ti ep esi.
[18:21:29]SAY: fatfat/(unknown) : [Toxins Mixing Room]: Пока можно эту помпу настроить.
[18:21:29]SAY: *no key*/(Poly) : [Chief Engineer's office]: The things I have seen!
[18:21:36]SAY: fatfat/(unknown) : [Toxins Mixing Room]: Тут ставим 800.
[18:21:41]SAY: fatfat/(unknown) : [Toxins Mixing Room]: Потому что нам нужно 800 холодненького.
[18:22:05]SAY: *no key*/(Experiment 69T) : [Wizard's Den]: Rong a&#39;hu dong&#39;a sik?
[18:22:09]SAY: fatfat/(unknown) : [Toxins Mixing Room]: Можно поставить побольше но потом вырубить.
[18:22:21]SAY: *no key*/(Lizzy) : [Cargo Maintenance]: Hiss?
[18:22:33]SAY: *no key*/(Poly) : [Chief Engineer's office]: Poly wanna cracker!
[18:22:37]SAY: *no key*/(Poly) : [Chief Engineer's office]: OH GOD ITS LOOSE CALL THE SHUTTLE
[18:22:43]SAY: *no key*/(Poly) : [Chief Engineer's office]: Poly wanna cracker!
[18:22:43]SAY: *no key*/(Commander Clucky) : [Hydroponics]: Bwaak bwak.
[18:22:58]GAME: Roundstart logout report


[18:23:02]ADMIN: heavenlyblue/(Ismael Enderly) changed the equipment of heavenlyblue/(Ismael Enderly) to emergency response team.
[18:23:03]SAY: *no key*/(Poly) : [Chief Engineer's office]: WHO TOOK THE DAMN HARDSUITS?
[18:23:19]ADMIN: heavenlyblue/(Ismael Enderly) changed the equipment of heavenlyblue/(Ismael Enderly) to marisa wizard.
[18:23:19]SAY: *no key*/(Experiment 69T) : [Wizard's Den]: Ohen nek&#39;ti ep esi.
[18:23:25]SAY: *no key*/(Poly) : [Chief Engineer's office]: Poly wanna cracker!
[18:23:29]SAY: *no key*/(DET5) : [Research Director's Office]: Boom...
[18:23:35]SAY: *no key*/(Poly) : [Chief Engineer's office]: The things I have seen!
[18:23:37]SAY: *no key*/(DET5) : [Research Director's Office]: One...two...three...more...
[18:23:45]SAY: *no key*/(Poly) : [Chief Engineer's office]: OH GOD ITS LOOSE CALL THE SHUTTLE
[18:23:47]SAY: *no key*/(Experiment 69T) : [Wizard's Den]: Ahi set mep&#39;a teth.
[18:23:50]SAY: fatfat/(unknown) : [Toxins Mixing Room]: Пойдет.
[18:23:55]SAY: *no key*/(Betsy) : [Hydroponics]: MOOOOOO
[18:23:57]SAY: fatfat/(unknown) : [Toxins Mixing Room]: Я сопросил.
[18:24:02]SAY: fatfat/(unknown) : [Toxins Mixing Room]: У человечка.
[18:24:03]SAY: *no key*/(Poly) : [Chief Engineer's office]: The things I have seen!
[18:24:05]SAY: *no key*/(DET5) : [Research Director's Office]: Director, where are researches?
[18:24:09]SAY: *no key*/(Poly) : [Chief Engineer's office]: Wire the solars, you lazy bums!
[18:24:09]SAY: fatfat/(unknown) : [Toxins Mixing Room]: Заполни фороном тут канистру.
[18:24:20]SAY: heavenlyblue/(Ismael Enderly) : [Toxins Mixing Room]: Поставить ИН.
[18:24:21]SAY: heavenlyblue/(Ismael Enderly) : [Toxins Mixing Room]: ?
[18:24:23]SAY: fatfat/(unknown) : [Toxins Mixing Room]: На полнуюю.
[18:24:26]SAY: fatfat/(unknown) : [Toxins Mixing Room]: Аут.
[18:24:29]ADMIN: heavenlyblue/(Ismael Enderly) turned on a pump that contains Plasma at (162,144,2)]
[18:24:34]SAY: fatfat/(unknown) : [Toxins Mixing Room]: Ну или нет.
[18:24:37]SAY: fatfat/(unknown) : [Toxins Mixing Room]: Наверное надо было Ин.
[18:24:38]SAY: fatfat/(unknown) : [Toxins Mixing Room]: Похуй.
[18:24:40]SAY: fatfat/(unknown) : [Toxins Mixing Room]: Делай ин.
[18:24:41]ADMIN: heavenlyblue/(Ismael Enderly) turned on a pump that contains Plasma at (162,144,2)]
[18:24:58]SAY: fatfat/(unknown) : [Toxins Mixing Room]: Ну че там.
[18:25:01]ADMIN: heavenlyblue/(Ismael Enderly) turned on a pump that contains Plasma at (162,144,2)]
[18:25:06]GAME: fatfat/(unknown) attached a the remote signaling device to a transfer valve.
[18:25:10]SAY: heavenlyblue/(Ismael Enderly) : [Toxins Mixing Room]: Хз у меня сканера нету.
[18:25:14]SAY: fatfat/(unknown) : [Toxins Mixing Room]: Яж тебе.
[18:25:17]SAY: fatfat/(unknown) : [Toxins Mixing Room]: Пояс собрал.
[18:25:18]SAY: fatfat/(unknown) : [Toxins Mixing Room]: А.
[18:25:21]SAY: *no key*/(grey baby slime (624)) : [Xenobiology Lab]: Hungry...
[18:25:22]SAY: fatfat/(unknown) : [Toxins Mixing Room]: Ты его проебал сменой экиперовки.
[18:25:23]SAY: *no key*/(Poly) : [Chief Engineer's office]: The things I have seen!
[18:25:30]SAY: fatfat/(unknown) : [Toxins Mixing Room]: Где.
[18:25:31]SAY: *no key*/(Poly) : [Chief Engineer's office]: OH GOD ITS LOOSE CALL THE SHUTTLE
[18:25:32]SAY: fatfat/(unknown) : [Toxins Mixing Room]: Канистра то.
[18:25:34]SAY: fatfat/(unknown) : [Toxins Mixing Room]: Сама.
[18:25:39]SAY: heavenlyblue/(Ismael Enderly) : [Toxins Mixing Room]: Какая.
[18:25:41]SAY: fatfat/(unknown) : [Toxins Mixing Room]: А.
[18:25:43]SAY: *no key*/(DET5) : [Research Director's Office]: Successfully
[18:25:55]SAY: *no key*/(Experiment 69T) : [Wizard's Den]: Ahi set mep&#39;a teth.
[18:26:01]SAY: *no key*/(DET5) : [Research Director's Office]: Not enough time
[18:26:01]SAY: *no key*/(Poly) : [Chief Engineer's office]: Poly wanna cracker!
[18:26:05]SAY: fatfat/(unknown) : [Toxins Mixing Room]: Ок.
[18:26:07]SAY: *no key*/(Poly) : [Chief Engineer's office]: Poly wanna cracker!
[18:26:08]SAY: fatfat/(unknown) : [Toxins Mixing Room]: Форон типо есть.
[18:26:09]SAY: *no key*/(samak) : [Space]: Hrunnph
[18:26:19]EMOTE: *no key*/(Ian) : dances around
[18:26:25]SAY: *no key*/(Poly) : [Chief Engineer's office]: WHO TOOK THE DAMN HARDSUITS?
[18:26:27]SAY: *no key*/(Poly) : [Chief Engineer's office]: Wire the solars, you lazy bums!
[18:26:45]SAY: heavenlyblue/(Ismael Enderly) : [Toxins Mixing Room]: А почему не 800.
[18:26:49]SAY: fatfat/(unknown) : [Toxins Mixing Room]: Я пытаюсь ее опустошить.
[18:26:49]SAY: *no key*/(Experiment 69T) : [Wizard's Den]: Ohen nek&#39;ti ep esi.
[18:26:51]SAY: *no key*/(Experiment 69T) : [Wizard's Den]: Rong a&#39;hu dong&#39;a sik?
[18:26:53]SAY: *no key*/(Experiment 69T) : [Wizard's Den]: Ohen nek&#39;ti ep esi.
[18:26:54]SAY: fatfat/(unknown) : [Toxins Mixing Room]: Я думал ты делал.
[18:26:55]SAY: *no key*/(Poly) : [Chief Engineer's office]: Check the singlo, you chucklefucks!
[18:26:58]SAY: fatfat/(unknown) : [Toxins Mixing Room]: Пустые канистры.
[18:27:02]SAY: heavenlyblue/(Ismael Enderly) : [Toxins Mixing Room]: Нет.
[18:27:09]SAY: *no key*/(Poly) : [Chief Engineer's office]: Wire the solars, you lazy bums!
[18:27:14]SAY: fatfat/(unknown) : [Toxins Mixing Room]: Пойдет.
[18:27:15]SAY: *no key*/(samak) : [Space]: Hruuugh!
[18:27:16]ADMIN: heavenlyblue/(Ismael Enderly) healed / Rrvived heavenlyblue/(Ismael Enderly)
[18:27:17]SAY: fatfat/(unknown) : [Toxins Mixing Room]: Теперь берем.
[18:27:25]SAY: fatfat/(unknown) : [Toxins Mixing Room]: И суем сюда до остатка.
[18:27:29]SAY: *no key*/(Poly) : [Chief Engineer's office]: WHO TOOK THE DAMN HARDSUITS?
[18:27:40]SAY: *no key*/(Experiment 69T) : [Wizard's Den]: Rong a&#39;hu dong&#39;a sik?
[18:27:42]SAY: *no key*/(Poly) : [Chief Engineer's office]: WHO TOOK THE DAMN HARDSUITS?
[18:27:43]SAY: fatfat/(unknown) : [Toxins Mixing Room]: Мда.
[18:27:46]SAY: fatfat/(unknown) : [Toxins Mixing Room]: Мало набралось.
[18:27:47]SAY: heavenlyblue/(Ismael Enderly) : [Toxins Mixing Room]: Надо было 800.
[18:27:48]SAY: *no key*/(grey baby slime (624)) : [Xenobiology Lab]: Hungry...
[18:27:49]SAY: fatfat/(unknown) : [Toxins Mixing Room]: Ну может ебанет.
[18:27:49]SAY: fatfat/(unknown) : [Toxins Mixing Room]: Ну.
[18:27:52]SAY: fatfat/(unknown) : [Toxins Mixing Room]: Я думал там пустая.
[18:27:56]SAY: *no key*/(DET5) : [Research Director's Office]: Science time
[18:27:56]SAY: fatfat/(unknown) : [Toxins Mixing Room]: Суй все сюда.
[18:28:02]DEBUG: Next event of severity Mundane in 13.928 minutes.
[18:28:02]DEBUG: Starting event 'Nothing' of severity Mundane.
[18:28:04]DEBUG: Event 'Nothing' has completed at 12:16.
[18:28:04]ATTACK: fatfat/(unknown) has been attacked with wizards staff (INTENT: HELP) (DAMTYPE: BRUTE), by fatfat/(unknown)
[18:28:12]GAME: heavenlyblue/(Ismael Enderly) attached a the proximity sensor to a transfer valve.
[18:28:12]SAY: fatfat/(unknown) : [Toxins Mixing Room]: Пошли.
[18:28:20]EMOTE: *no key*/(Ian) : dances around
[18:28:22]SAY: *no key*/(Experiment 69T) : [Wizard's Den]: Ohen nek&#39;ti ep esi.
[18:28:42]SAY: *no key*/(mouse (798)) : [Auxiliary Storage]: Squeek!
[18:28:44]SAY: *no key*/(Dusty) : [Chief Medical Officer's office]: Purr!
[18:28:46]SAY: fatfat/(unknown) : [Toxins Mixing Room]: Я уже сунуд.
[18:28:50]SAY: *no key*/(DET5) : [Research Director's Office]: Not enough time
[18:28:54]SAY: *no key*/(Experiment 69T) : [Wizard's Den]: Ahi set mep&#39;a teth.
[18:28:56]SAY: *no key*/(Dusty) : [Chief Medical Officer's office]: Meow!
[18:29:04]SAY: *no key*/(Experiment 69T) : [Wizard's Den]: Ahi set mep&#39;a teth.
[18:29:10]GAME: fatfat(the unknown) used the remote signaling device, location (159,162,2),frequency: 145.7, code:30
[18:29:15]GAME: fatfat(the unknown) used the remote signaling device, location (159,162,2),frequency: 145.7, code:30
[18:29:16]GAME: fatfat(the unknown) used the remote signaling device, location (159,162,2),frequency: 145.7, code:30
[18:29:16]GAME: fatfat(the unknown) used the remote signaling device, location (159,162,2),frequency: 145.7, code:30
[18:29:19]GAME: heavenlyblue(Ismael Enderly) used the remote signaling device, location (158,161,2),frequency: 145.7, code:30
[18:29:20]SAY: *no key*/(DET5) : [Research Director's Office]: Successfully
[18:29:24]SAY: *no key*/(Poly) : [Chief Engineer's office]: Poly wanna cracker!
[18:29:24]ADMIN: heavenlyblue/(Ismael Enderly) jumped to (159,165,2) in Space
[18:29:26]SAY: fatfat/(unknown) : [Toxins Launch Roon]: Не ебанула.
[18:29:30]EMOTE: heavenlyblue/(Ismael Enderly) : <b>Ismael Enderly</b> <i>grunts.</i>
[18:29:30]SAY: *no key*/(Experiment 69T) : [Wizard's Den]: Rong a&#39;hu dong&#39;a sik?
[18:29:35]OOC: fatfat/(unknown) : еще попытку?
[18:29:38]EMOTE: heavenlyblue/(Ismael Enderly) : <b>Ismael Enderly</b> <i>grunts.</i>
[18:29:40]EMOTE: heavenlyblue/(Ismael Enderly) : <b>Ismael Enderly</b> <i>grunts.</i>
[18:29:40]SAY: *no key*/(grey baby slime (624)) : [Xenobiology Lab]: Rawr...
[18:29:42]EMOTE: heavenlyblue/(Ismael Enderly) : <b>Ismael Enderly</b> <i>grunts.</i>
[18:29:44]EMOTE: *no key*/(Ian) : dances around
[18:29:44]SAY: heavenlyblue/(Ismael Enderly) : [Space/Security]: Короче я понял.
[18:29:46]EMOTE: heavenlyblue/(Ismael Enderly) : <b>Ismael Enderly</b> <i>grunts.</i>
[18:29:48]EMOTE: heavenlyblue/(Ismael Enderly) : <b>Ismael Enderly</b> <i>grunts.</i>
[18:29:49]ADMIN: heavenlyblue/(Ismael Enderly) healed / Rrvived heavenlyblue/(Ismael Enderly)
[18:29:54]EMOTE: heavenlyblue/(Ismael Enderly) : <b>Ismael Enderly</b> <i>grunts.</i>
[18:29:56]SAY: *no key*/(Experiment 69T) : [Wizard's Den]: Ohen nek&#39;ti ep esi.
[18:29:57]ADMIN: fatfat/(unknown) teleported heavenlyblue/(Ismael Enderly)
[18:29:59]OOC: heavenlyblue/(Ismael Enderly) : короче я понял примерно
[18:29:59]SAY: fatfat/(unknown) : [Toxins Launch Roon]: Еще попытку.
[18:30:02]SAY: fatfat/(unknown) : [Toxins Launch Roon]: Не не.
[18:30:02]SAY: fatfat/(unknown) : [Toxins Launch Roon]: Давай.
[18:30:04]SAY: fatfat/(unknown) : [Toxins Launch Roon]: Еще ращ.
[18:30:06]SAY: fatfat/(unknown) : [Toxins Launch Roon]: Тыж  рд.
[18:30:08]SAY: fatfat/(unknown) : [Toxins Launch Roon]: А то обосрут.
[18:30:10]SAY: *no key*/(Poly) : [Chief Engineer's office]: OH GOD ITS LOOSE CALL THE SHUTTLE
[18:30:11]SAY: fatfat/(unknown) : [Toxins Launch Roon]: О обосут.
[18:30:12]EMOTE: heavenlyblue/(Ismael Enderly) : <b>Ismael Enderly</b> <i>screams!</i>
[18:30:12]SAY: heavenlyblue/(Ismael Enderly) : [Toxins Launch Roon]: Ну давай рестарт.
[18:30:21]ADMIN: fatfat/(unknown) initiated a reboot.
[18:30:24]SAY: *no key*/(shantak) : [Space]: Shunpf
[18:30:26] Reboot , admin reboot - by fatfat
