[18:19:22] Server '' starting up on 26.166.93.76:58062
[18:19:24]GAME: teleporter loaded at (153,49,3)
[18:19:25]GAME: planetarium loaded at (24,189,4)
[18:19:25]GAME: delivery_shuttle loaded at (209,50,4)
[18:19:25]GAME: robostation loaded at (186,162,4)
[18:19:25]GAME: Abandoned Lab loaded at (81,154,4)
[18:19:25]GAME: agrosphere loaded at (145,75,4)
[18:19:25]GAME: NASA satellite loaded at (156,22,3)
[18:19:51]ADMIN: fatfat/(FatFat) has started the game.
[18:19:54]MODE: Current master mode is extended
[18:19:54]DEBUG: Next event of severity RoundStart in 0 minutes.
[18:19:54]DEBUG: Starting event 'Leaked Pipe' of severity RoundStart.
[18:19:54]DEBUG: Next event of severity RoundStart in 0 minutes.
[18:19:54]DEBUG: Starting event 'Roundstart Nothing' of severity RoundStart.
[18:19:54]DEBUG: Next event of severity RoundStart in 0 minutes.
[18:19:54]GAME: RoundStart Event: Selected areas is nothing
[18:19:54]DEBUG: Starting event 'Stolen Weapon' of severity RoundStart.
[18:19:54]GAME: ANTAG LIST:
no antagonists this moment
[18:19:54]GAME: RoundStart Event: Water was spawned in all toilet rooms.
[18:19:54]DEBUG: Event 'Leaked Pipe' has completed at 12:00.
[18:19:54]DEBUG: Event 'Roundstart Nothing' has completed at 12:00.
[18:19:54]DEBUG: Event 'Stolen Weapon' has completed at 12:00.
[18:19:54]DEBUG: Next event of severity Mundane in 12.896 minutes.
[18:19:54]DEBUG: Next event of severity Moderate in 43.274 minutes.
[18:19:54]DEBUG: Next event of severity Major in 66.5367 minutes.
[18:24:44] Graceful shutdown
