Path: /datum/tgui_modal
	qdel() Count: 7
	Destroy() Cost: 283.854ms
Path: /obj/effect/effect/sparks
	qdel() Count: 176
	Destroy() Cost: 48.0092ms
Path: /obj/item/weapon/flora/random
	qdel() Count: 79
	Destroy() Cost: 46.1146ms
Path: /datum/light_source
	qdel() Count: 220
	Destroy() Cost: 42.7698ms
Path: /datum/timedevent
	qdel() Count: 2124
	Destroy() Cost: 38.9187ms
Path: /datum/component/clickplace
	qdel() Count: 135
	Destroy() Cost: 32.6754ms
Path: /obj/effect/landmark/start
	qdel() Count: 129
	Destroy() Cost: 14.521ms
Path: /mob/dead/new_player
	qdel() Count: 1
	Destroy() Cost: 13.7552ms
Path: /datum/hud
	qdel() Count: 1
	Destroy() Cost: 12.9448ms
Path: /obj/item/stack/cable_coil/random
	qdel() Count: 95
	Destroy() Cost: 12.6738ms
Path: /datum/component/mechanic_desc
	qdel() Count: 219
	Destroy() Cost: 10.6811ms
Path: /obj/effect/spawner/lootdrop/maintenance
	qdel() Count: 47
	Destroy() Cost: 8.83419ms
Path: /obj/effect/landmark
	qdel() Count: 69
	Destroy() Cost: 8.0929ms
Path: /obj/random/tools/tech_supply
	qdel() Count: 23
	Destroy() Cost: 8.0519ms
Path: /obj/random/scrap/safe_even
	qdel() Count: 36
	Destroy() Cost: 7.7258ms
Path: /atom/movable/lighting_object
	qdel() Count: 181
	Destroy() Cost: 7.45516ms
Path: /obj/effect/spawner/lootdrop/maintenance/two
	qdel() Count: 33
	Destroy() Cost: 7.43438ms
Path: /obj/random/foods/food_trash
	qdel() Count: 18
	Destroy() Cost: 5.4176ms
Path: /image
	qdel() Count: 998
	Destroy() Cost: 5.2552ms
Path: /obj/random/vending/snack
	qdel() Count: 23
	Destroy() Cost: 4.8165ms
Path: /obj/item/weapon/reagent_containers/food/snacks/grown/money
	qdel() Count: 16
	Destroy() Cost: 4.70786ms
Path: /obj/random/foods/donuts
	qdel() Count: 78
	Destroy() Cost: 4.35982ms
Path: /obj/random/vending/cola
	qdel() Count: 23
	Destroy() Cost: 3.9053ms
Path: /obj/random/cloth/armor
	qdel() Count: 16
	Destroy() Cost: 3.17241ms
Path: /datum/beam
	qdel() Count: 10
	Destroy() Cost: 2.9192ms
Path: /obj/effect/spawner/lootdrop/maintenance/three
	qdel() Count: 15
	Destroy() Cost: 2.8113ms
Path: /obj/random/scrap/sparse_weighted
	qdel() Count: 26
	Destroy() Cost: 2.737ms
Path: /datum/component/tactical
	qdel() Count: 79
	Destroy() Cost: 2.71109ms
Path: /datum/component/twohanded
	qdel() Count: 79
	Destroy() Cost: 2.3046ms
Path: /obj/effect/spawner/lootdrop/maintenance/four
	qdel() Count: 15
	Destroy() Cost: 2.2485ms
Path: /datum/runechat
	qdel() Count: 36
	Destroy() Cost: 2.058ms
Path: /obj/effect/ebeam
	qdel() Count: 48
	Destroy() Cost: 1.9784ms
Path: /obj/random/scrap/moderate_weighted
	qdel() Count: 39
	Destroy() Cost: 1.88381ms
Path: /obj/structure/sign/poster/contraband/random
	qdel() Count: 14
	Destroy() Cost: 1.8441ms
Path: /obj/structure/lattice
	qdel() Count: 2
	Destroy() Cost: 1.7531ms
Path: /obj/random/cloth/helmet
	qdel() Count: 12
	Destroy() Cost: 1.63639ms
Path: /datum/reagent/aqueous_foam
	qdel() Count: 128
	Destroy() Cost: 1.49488ms
Path: /datum/component/swiping
	qdel() Count: 5
	Destroy() Cost: 1.4659ms
Path: /obj/random/scrap/dense_weighted
	qdel() Count: 17
	Destroy() Cost: 1.44529ms
Path: /obj/random/melee
	qdel() Count: 21
	Destroy() Cost: 1.24811ms
Path: /obj/effect/gibspawner/human
	qdel() Count: 2
	Destroy() Cost: 1.2422ms
Path: /datum/mechanic_tip/clickplace
	qdel() Count: 135
	Destroy() Cost: 1.2275ms
Path: /obj/effect/landmark/latejoin
	qdel() Count: 10
	Destroy() Cost: 1.0062ms
Path: /obj/effect/decal/cleanable/blood/splatter
	qdel() Count: 8
	Destroy() Cost: 0.938904ms
Path: /obj/structure/object_wall/evac
	qdel() Count: 2
	Destroy() Cost: 0.934503ms
Path: /obj/effect/landmark/dealer_spawn
	qdel() Count: 4
	Destroy() Cost: 0.888202ms
Path: /datum/recipe/microwave/human
	qdel() Count: 20
	Destroy() Cost: 0.654932ms
Path: /obj/random/guns/energy_weapon
	qdel() Count: 6
	Destroy() Cost: 0.643502ms
Path: /obj/structure/sign/poster/random
	qdel() Count: 2
	Destroy() Cost: 0.555599ms
Path: /obj/effect/landmark/cops_spawn
	qdel() Count: 12
	Destroy() Cost: 0.554699ms
Path: /atom/movable/screen/plane_master/ghost_illusion
	qdel() Count: 1
	Destroy() Cost: 0.535099ms
Path: /obj/random/tools/tool
	qdel() Count: 6
	Destroy() Cost: 0.490501ms
Path: /datum/mechanic_tip/twohanded/required
	qdel() Count: 79
	Destroy() Cost: 0.478316ms
Path: /atom/movable/screen/plane_master/game_world
	qdel() Count: 1
	Destroy() Cost: 0.4772ms
Path: /obj/effect/spawner/lootdrop/glowstick
	qdel() Count: 4
	Destroy() Cost: 0.468402ms
Path: /datum/component/rite/spawn_item
	qdel() Count: 11
	Destroy() Cost: 0.466504ms
Path: /obj/random/tools/technology_scanner
	qdel() Count: 2
	Destroy() Cost: 0.4634ms
Path: /obj/effect/landmark/start/new_player
	qdel() Count: 1
	Destroy() Cost: 0.451504ms
Path: /obj/random/tools/bomb_supply
	qdel() Count: 3
	Destroy() Cost: 0.4133ms
Path: /obj/effect/spawner/lootdrop/maintenance/five
	qdel() Count: 1
	Destroy() Cost: 0.4108ms
Path: /obj/random/meds/chemical_bottle
	qdel() Count: 1
	Destroy() Cost: 0.3995ms
Path: /datum/reagent/nutriment
	qdel() Count: 32
	Destroy() Cost: 0.390733ms
Path: /obj/effect/decal/cleanable/greenglow
	qdel() Count: 2
	Destroy() Cost: 0.3784ms
Path: /obj/structure/sign/poster/official/random
	qdel() Count: 4
	Destroy() Cost: 0.374598ms
Path: /obj/machinery/blackbox_recorder
	qdel() Count: 1
	Destroy() Cost: 0.3506ms
Path: /obj/effect/proc_holder/spell/targeted/emplosion/disable_tech
	qdel() Count: 1
	Destroy() Cost: 0.346201ms
Path: /datum/reagent/impedrezene
	qdel() Count: 25
	Destroy() Cost: 0.32757ms
Path: /datum/orbit
	qdel() Count: 7
	Destroy() Cost: 0.312603ms
Path: /datum/reagent/vitamin
	qdel() Count: 35
	Destroy() Cost: 0.296469ms
Path: /atom/movable/screen/plane_master/ghost
	qdel() Count: 1
	Destroy() Cost: 0.282999ms
Path: /datum/reagents
	qdel() Count: 16
	Destroy() Cost: 0.269751ms
Path: /obj/effect/proc_holder/spell/targeted/emplosion
	qdel() Count: 1
	Destroy() Cost: 0.229102ms
Path: /obj/random/guns/projectile_assault
	qdel() Count: 2
	Destroy() Cost: 0.224201ms
Path: /obj/effect/spawner/lootdrop/maintenance/six
	qdel() Count: 1
	Destroy() Cost: 0.2155ms
Path: /datum/reagent/bicaridine
	qdel() Count: 15
	Destroy() Cost: 0.214905ms
Path: /datum/reagent/toxin/stoxin
	qdel() Count: 22
	Destroy() Cost: 0.212558ms
Path: /datum/reagent/toxin/zombiepowder
	qdel() Count: 19
	Destroy() Cost: 0.207172ms
Path: /obj/random/guns/projectile_shotgun
	qdel() Count: 2
	Destroy() Cost: 0.207001ms
Path: /datum/reagent/consumable/ethanol/pwine
	qdel() Count: 20
	Destroy() Cost: 0.206403ms
Path: /atom/movable/screen/plane_master/above_lighting
	qdel() Count: 1
	Destroy() Cost: 0.193699ms
Path: /obj/random/tools/toolbox
	qdel() Count: 1
	Destroy() Cost: 0.1931ms
Path: /datum/tgui
	qdel() Count: 9
	Destroy() Cost: 0.191599ms
Path: /datum/reagent/paracetamol
	qdel() Count: 17
	Destroy() Cost: 0.185593ms
Path: /obj/effect/proc_holder/spell/targeted/barnyardcurse
	qdel() Count: 1
	Destroy() Cost: 0.185303ms
Path: /obj/effect/landmark/abductor/console
	qdel() Count: 4
	Destroy() Cost: 0.173203ms
Path: /datum/reagent/consumable/capsaicin
	qdel() Count: 22
	Destroy() Cost: 0.153403ms
Path: /obj/random/guns/projectile_handgun
	qdel() Count: 1
	Destroy() Cost: 0.1532ms
Path: /obj/random/misc/all
	qdel() Count: 2
	Destroy() Cost: 0.1443ms
Path: /obj/random/foods/food_snack
	qdel() Count: 1
	Destroy() Cost: 0.1441ms
Path: /obj/random/guns/handgun_security
	qdel() Count: 1
	Destroy() Cost: 0.1418ms
Path: /obj/effect/gibspawner/robot
	qdel() Count: 1
	Destroy() Cost: 0.1418ms
Path: /datum/reagent/synaptizine
	qdel() Count: 25
	Destroy() Cost: 0.13302ms
Path: /obj/random/foods/drink_bottle
	qdel() Count: 1
	Destroy() Cost: 0.132401ms
Path: /atom/movable/screen/plane_master/lighting
	qdel() Count: 1
	Destroy() Cost: 0.131699ms
Path: /atom/movable/screen/plane_master/floor
	qdel() Count: 1
	Destroy() Cost: 0.1301ms
Path: /obj/machinery/door/firedoor
	qdel() Count: 1
	Destroy() Cost: 0.1141ms
Path: /datum/component/rite/consent
	qdel() Count: 5
	Destroy() Cost: 0.103ms
Path: /datum/reagent/dexalin
	qdel() Count: 17
	Destroy() Cost: 0.0978577ms
Path: /obj/random/guns/projectile_security
	qdel() Count: 2
	Destroy() Cost: 0.0967002ms
Path: /datum/reagent/consumable/condensedcapsaicin
	qdel() Count: 19
	Destroy() Cost: 0.0899719ms
Path: /obj/random/foods/drink_can
	qdel() Count: 2
	Destroy() Cost: 0.0885987ms
Path: /obj/effect/proc_holder/spell/targeted/trigger/blind
	qdel() Count: 1
	Destroy() Cost: 0.0864014ms
Path: /datum/mechanic_tip/swiping
	qdel() Count: 5
	Destroy() Cost: 0.0852995ms
Path: /obj/effect/proc_holder/spell/targeted/area_teleport/teleport
	qdel() Count: 1
	Destroy() Cost: 0.0847992ms
Path: /atom/movable/screen/plane_master/point
	qdel() Count: 1
	Destroy() Cost: 0.0847015ms
Path: /obj/effect/proc_holder/spell/targeted/ethereal_jaunt/phaseshift
	qdel() Count: 1
	Destroy() Cost: 0.0847015ms
Path: /datum/religion_rites/instant/spawn_item/cult/talisman
	qdel() Count: 1
	Destroy() Cost: 0.0825012ms
Path: /obj/random/foods/food_with_garbage
	qdel() Count: 1
	Destroy() Cost: 0.0783997ms
Path: /obj/effect/proc_holder/spell/targeted/explosion/fireball
	qdel() Count: 1
	Destroy() Cost: 0.0736023ms
Path: /datum/reagent/mednanobots
	qdel() Count: 2
	Destroy() Cost: 0.0734999ms
Path: /atom/movable/screen/plane_master/blackness
	qdel() Count: 1
	Destroy() Cost: 0.0709ms
Path: /datum/reagent/lube
	qdel() Count: 2
	Destroy() Cost: 0.0626998ms
Path: /obj/random/foods/food_without_garbage
	qdel() Count: 1
	Destroy() Cost: 0.0587006ms
Path: /datum/religion_rites/instant/spawn_item/cult/soulstone
	qdel() Count: 1
	Destroy() Cost: 0.0587006ms
Path: /datum/religion_rites/standing/spawn_item
	qdel() Count: 1
	Destroy() Cost: 0.0579987ms
Path: /datum/religion_rites/standing/spawn_item/call_animal
	qdel() Count: 1
	Destroy() Cost: 0.0563995ms
Path: /datum/religion_rites/standing/spawn_item/talisman
	qdel() Count: 1
	Destroy() Cost: 0.0563019ms
Path: /datum/religion_rites/instant/spawn_item/cult/constructshell
	qdel() Count: 1
	Destroy() Cost: 0.0549011ms
Path: /datum/religion_rites/standing/spawn_item/banana
	qdel() Count: 1
	Destroy() Cost: 0.053302ms
Path: /datum/religion_rites/standing/spawn_item/create_sword
	qdel() Count: 1
	Destroy() Cost: 0.0519989ms
Path: /datum/religion_rites/standing/spawn_item/banana_ore
	qdel() Count: 1
	Destroy() Cost: 0.0518005ms
Path: /datum/signal
	qdel() Count: 10
	Destroy() Cost: 0.0514992ms
Path: /obj/effect/proc_holder/spell/targeted/inflict_handler
	qdel() Count: 1
	Destroy() Cost: 0.0502991ms
Path: /datum/religion_rites/instant/spawn_item/cult
	qdel() Count: 1
	Destroy() Cost: 0.0475006ms
Path: /datum/religion_rites/instant/spawn_item
	qdel() Count: 1
	Destroy() Cost: 0.0468018ms
Path: /datum/browser
	qdel() Count: 5
	Destroy() Cost: 0.046199ms
Path: /obj/effect/proc_holder/spell/targeted/inflict_handler/blind
	qdel() Count: 2
	Destroy() Cost: 0.0436951ms
Path: /atom/movable/screen/plane_master/rendering_plate
	qdel() Count: 1
	Destroy() Cost: 0.042202ms
Path: /datum/radio_frequency
	qdel() Count: 1
	Destroy() Cost: 0.0415001ms
Path: /atom/movable/screen/plane_master/parallax
	qdel() Count: 1
	Destroy() Cost: 0.0404015ms
Path: /datum/callback
	qdel() Count: 12
	Destroy() Cost: 0.0403931ms
Path: /obj/effect/proc_holder/spell/targeted/area_teleport
	qdel() Count: 1
	Destroy() Cost: 0.0390991ms
Path: /datum/religion_rites/standing/consent/synthconversion
	qdel() Count: 1
	Destroy() Cost: 0.0388ms
Path: /obj/effect/spawner/lootdrop/gloves
	qdel() Count: 1
	Destroy() Cost: 0.0376987ms
Path: /obj/effect/proc_holder/spell/targeted/genetic/blind
	qdel() Count: 2
	Destroy() Cost: 0.0363037ms
Path: /obj/effect/proc_holder/spell/targeted/projectile
	qdel() Count: 1
	Destroy() Cost: 0.0338989ms
Path: /obj/effect/proc_holder/spell/targeted/mind_transfer
	qdel() Count: 1
	Destroy() Cost: 0.0336975ms
Path: /obj/effect/proc_holder/spell/targeted/lighting_shock
	qdel() Count: 1
	Destroy() Cost: 0.0320007ms
Path: /datum/reagent/toxin/mindbreaker
	qdel() Count: 4
	Destroy() Cost: 0.0317993ms
Path: /datum/religion_rites/standing/consent/sacrifice
	qdel() Count: 1
	Destroy() Cost: 0.0316986ms
Path: /datum/religion_rites/standing/consent/invite
	qdel() Count: 1
	Destroy() Cost: 0.0311981ms
Path: /obj/effect/proc_holder/spell/targeted/forcewall/mimewall
	qdel() Count: 1
	Destroy() Cost: 0.0309021ms
Path: /datum/religion_rites/standing/consent/clownconversion
	qdel() Count: 1
	Destroy() Cost: 0.0307983ms
Path: /obj/effect/proc_holder/spell/targeted/projectile/magic_missile
	qdel() Count: 1
	Destroy() Cost: 0.0305969ms
Path: /datum/religion_rites/standing/consent
	qdel() Count: 1
	Destroy() Cost: 0.0299988ms
Path: /obj/effect/proc_holder/spell/targeted/forcewall
	qdel() Count: 1
	Destroy() Cost: 0.0294006ms
Path: /obj/effect/proc_holder/spell/targeted/explosion
	qdel() Count: 1
	Destroy() Cost: 0.0286011ms
Path: /obj/effect/proc_holder/spell/targeted/ethereal_jaunt/shadow_walk
	qdel() Count: 1
	Destroy() Cost: 0.0265991ms
Path: /datum/reagent/water
	qdel() Count: 2
	Destroy() Cost: 0.0262184ms
Path: /obj/effect/proc_holder/spell/no_target/evolve_to_queen
	qdel() Count: 1
	Destroy() Cost: 0.0252991ms
Path: /obj/effect/proc_holder/spell/no_target/infection
	qdel() Count: 1
	Destroy() Cost: 0.0235962ms
Path: /obj/effect/proc_holder/spell/no_target/infection/obcurse
	qdel() Count: 1
	Destroy() Cost: 0.022998ms
Path: /obj/effect/proc_holder/spell/turf/fireball
	qdel() Count: 1
	Destroy() Cost: 0.0229004ms
Path: /obj/effect/proc_holder/spell/targeted/ethereal_jaunt/wizard
	qdel() Count: 1
	Destroy() Cost: 0.0228027ms
Path: /obj/effect/proc_holder/spell/targeted/genetic/mutate
	qdel() Count: 1
	Destroy() Cost: 0.0223022ms
Path: /obj/effect/proc_holder/spell/targeted/xeno_whisp
	qdel() Count: 1
	Destroy() Cost: 0.0221008ms
Path: /obj/effect/proc_holder/spell/no_target/weeds
	qdel() Count: 1
	Destroy() Cost: 0.021698ms
Path: /obj/effect/proc_holder/spell/no_target/scribe_rune
	qdel() Count: 1
	Destroy() Cost: 0.0213013ms
Path: /obj/effect/proc_holder/spell/targeted
	qdel() Count: 1
	Destroy() Cost: 0.0211975ms
Path: /obj/effect/proc_holder/spell/targeted/shadowlingAscendantTransmit
	qdel() Count: 1
	Destroy() Cost: 0.0210022ms
Path: /obj/effect/proc_holder/spell/no_target/syndi_drone/boost
	qdel() Count: 1
	Destroy() Cost: 0.0200989ms
Path: /obj/effect/proc_holder/spell/targeted/ethereal_jaunt
	qdel() Count: 1
	Destroy() Cost: 0.0200012ms
Path: /obj/effect/proc_holder/spell/targeted/gnomecurse
	qdel() Count: 1
	Destroy() Cost: 0.0200012ms
Path: /obj/effect/proc_holder/spell/no_target/rot
	qdel() Count: 1
	Destroy() Cost: 0.0197998ms
Path: /obj/effect/proc_holder/spell/no_target/syndi_drone
	qdel() Count: 1
	Destroy() Cost: 0.0195007ms
Path: /obj/effect/proc_holder/spell/no_target/larva_evolve
	qdel() Count: 1
	Destroy() Cost: 0.0194031ms
Path: /obj/effect/proc_holder/spell/turf
	qdel() Count: 1
	Destroy() Cost: 0.0191956ms
Path: /obj/effect/proc_holder/spell/targeted/inflict_handler/magic_missile
	qdel() Count: 1
	Destroy() Cost: 0.0189026ms
Path: /obj/effect/proc_holder/spell/targeted/trigger
	qdel() Count: 1
	Destroy() Cost: 0.0188965ms
Path: /obj/effect/proc_holder/spell/in_hand
	qdel() Count: 1
	Destroy() Cost: 0.0187988ms
Path: /obj/effect/proc_holder/spell/targeted/zombie_findbrains
	qdel() Count: 1
	Destroy() Cost: 0.0187012ms
Path: /obj/effect/proc_holder/spell/targeted/screech
	qdel() Count: 1
	Destroy() Cost: 0.0187012ms
Path: /obj/effect/proc_holder/spell/targeted/summonitem
	qdel() Count: 1
	Destroy() Cost: 0.0184021ms
Path: /obj/effect/proc_holder/spell/targeted/hypnosis
	qdel() Count: 1
	Destroy() Cost: 0.0184021ms
Path: /obj/effect/proc_holder/spell/targeted/shadowling_phase_shift
	qdel() Count: 1
	Destroy() Cost: 0.0184021ms
Path: /obj/effect/proc_holder/spell/aoe_turf
	qdel() Count: 1
	Destroy() Cost: 0.0182983ms
Path: /obj/effect/proc_holder/spell/aoe_turf/conjure/summonEdSwarm
	qdel() Count: 1
	Destroy() Cost: 0.0182007ms
Path: /obj/effect/proc_holder/spell/aoe_turf/conjure/timestop
	qdel() Count: 1
	Destroy() Cost: 0.0180969ms
Path: /obj/effect/proc_holder/spell/targeted/shadowling_hivemind_ascendant
	qdel() Count: 1
	Destroy() Cost: 0.0180054ms
Path: /obj/effect/proc_holder/spell/aoe_turf/unearthly_screech
	qdel() Count: 1
	Destroy() Cost: 0.0179993ms
Path: /obj/effect/proc_holder/spell/blessing
	qdel() Count: 1
	Destroy() Cost: 0.0179993ms
Path: /obj/effect/proc_holder/spell/targeted/genetic
	qdel() Count: 1
	Destroy() Cost: 0.0179016ms
Path: /obj/effect/proc_holder/spell/targeted/inflict_handler/fireball
	qdel() Count: 1
	Destroy() Cost: 0.0179016ms
Path: /obj/effect/proc_holder/spell/targeted/annihilate
	qdel() Count: 1
	Destroy() Cost: 0.0179016ms
Path: /obj/effect/proc_holder/spell/no_target/lay_egg
	qdel() Count: 1
	Destroy() Cost: 0.0179016ms
Path: /obj/effect/proc_holder/spell/targeted/communicate/fastener
	qdel() Count: 1
	Destroy() Cost: 0.017804ms
Path: /obj/effect/proc_holder/spell/aoe_turf/hulk_eat
	qdel() Count: 1
	Destroy() Cost: 0.0177979ms
Path: /obj/effect/proc_holder/spell/aoe_turf/conjure/smoke
	qdel() Count: 1
	Destroy() Cost: 0.0177002ms
Path: /obj/effect/proc_holder/spell/no_target
	qdel() Count: 1
	Destroy() Cost: 0.0177002ms
Path: /obj/effect/proc_holder/spell/targeted/turf_teleport/blink
	qdel() Count: 1
	Destroy() Cost: 0.0175964ms
Path: /obj/effect/proc_holder/spell/aoe_turf/conjure/carp
	qdel() Count: 1
	Destroy() Cost: 0.0175964ms
Path: /obj/effect/proc_holder/spell/no_target/memorize_rune
	qdel() Count: 1
	Destroy() Cost: 0.0175964ms
Path: /obj/effect/proc_holder/spell/dumbfire
	qdel() Count: 1
	Destroy() Cost: 0.0175964ms
Path: /obj/effect/proc_holder/spell/targeted/heal/damage
	qdel() Count: 1
	Destroy() Cost: 0.0174988ms
Path: /obj/effect/proc_holder/spell/targeted/transfer_plasma
	qdel() Count: 1
	Destroy() Cost: 0.0174988ms
Path: /obj/effect/proc_holder/spell/aoe_turf/hulk_mill
	qdel() Count: 1
	Destroy() Cost: 0.0174988ms
Path: /obj/effect/proc_holder/spell/targeted/communicate
	qdel() Count: 1
	Destroy() Cost: 0.0174011ms
Path: /obj/effect/proc_holder/spell/targeted/reviveThrall
	qdel() Count: 1
	Destroy() Cost: 0.0174011ms
Path: /obj/effect/proc_holder/spell/aoe_turf/conjure/the_traps
	qdel() Count: 1
	Destroy() Cost: 0.0174011ms
Path: /obj/effect/proc_holder/spell/no_target/charge/religion
	qdel() Count: 1
	Destroy() Cost: 0.0174011ms
Path: /obj/effect/proc_holder/spell/no_target/air_plant
	qdel() Count: 1
	Destroy() Cost: 0.0174011ms
Path: /obj/effect/proc_holder/spell/no_target/resin
	qdel() Count: 1
	Destroy() Cost: 0.0174011ms
Path: /obj/effect/proc_holder/spell/no_target/syndi_drone/smoke
	qdel() Count: 1
	Destroy() Cost: 0.0174011ms
Path: /obj/effect/proc_holder/spell/in_hand/tesla
	qdel() Count: 1
	Destroy() Cost: 0.0174011ms
Path: /obj/effect/proc_holder/spell/in_hand/arcane_barrage
	qdel() Count: 1
	Destroy() Cost: 0.0174011ms
Path: /obj/effect/proc_holder/spell/in_hand/res_touch
	qdel() Count: 1
	Destroy() Cost: 0.017395ms
Path: /obj/effect/proc_holder/spell/targeted/turf_teleport
	qdel() Count: 1
	Destroy() Cost: 0.0173035ms
Path: /obj/effect/proc_holder/spell/no_target/hide
	qdel() Count: 1
	Destroy() Cost: 0.0173035ms
Path: /obj/effect/proc_holder/spell/aoe_turf/knock
	qdel() Count: 1
	Destroy() Cost: 0.0172974ms
Path: /obj/effect/proc_holder/spell/targeted/glare
	qdel() Count: 1
	Destroy() Cost: 0.0171997ms
Path: /obj/effect/proc_holder/spell/aoe_turf/glacial_blast
	qdel() Count: 1
	Destroy() Cost: 0.0171997ms
Path: /obj/effect/proc_holder/spell/targeted/heal
	qdel() Count: 1
	Destroy() Cost: 0.0171021ms
Path: /obj/effect/proc_holder/spell/targeted/collective_mind
	qdel() Count: 1
	Destroy() Cost: 0.0170959ms
Path: /obj/effect/proc_holder/spell/targeted/inflict_handler/disintegrate
	qdel() Count: 1
	Destroy() Cost: 0.0170044ms
Path: /obj/effect/proc_holder/spell/aoe_turf/hulk_jump
	qdel() Count: 1
	Destroy() Cost: 0.0170044ms
Path: /datum/reagent/nicotine
	qdel() Count: 2
	Destroy() Cost: 0.017ms
Path: /obj/effect/proc_holder/spell/aoe_turf/conjure/spawn_animal
	qdel() Count: 1
	Destroy() Cost: 0.0169983ms
Path: /obj/effect/proc_holder/spell/aoe_turf/veil
	qdel() Count: 1
	Destroy() Cost: 0.0169983ms
Path: /obj/effect/proc_holder/spell/dumbfire/fireball
	qdel() Count: 1
	Destroy() Cost: 0.0169983ms
Path: /obj/effect/proc_holder/spell/no_target/charge
	qdel() Count: 1
	Destroy() Cost: 0.0169006ms
Path: /obj/effect/proc_holder/spell/targeted/smoke
	qdel() Count: 1
	Destroy() Cost: 0.016803ms
Path: /obj/effect/proc_holder/spell/aoe_turf/repulse
	qdel() Count: 1
	Destroy() Cost: 0.016803ms
Path: /obj/effect/proc_holder/spell/aoe_turf/hulk_dash
	qdel() Count: 1
	Destroy() Cost: 0.0167969ms
Path: /obj/effect/proc_holder/spell/aoe_turf/hulk_gas
	qdel() Count: 1
	Destroy() Cost: 0.0167969ms
Path: /obj/effect/proc_holder/spell/in_hand/fireball
	qdel() Count: 1
	Destroy() Cost: 0.0167053ms
Path: /obj/effect/proc_holder/spell/targeted/shadowling_hivemind
	qdel() Count: 1
	Destroy() Cost: 0.0166992ms
Path: /obj/effect/proc_holder/spell/aoe_turf/HulkHONK
	qdel() Count: 1
	Destroy() Cost: 0.0166992ms
Path: /obj/effect/proc_holder/spell/no_target/food
	qdel() Count: 1
	Destroy() Cost: 0.0166992ms
Path: /obj/effect/proc_holder/spell/no_target/grease
	qdel() Count: 1
	Destroy() Cost: 0.0166992ms
Path: /obj/effect/proc_holder/spell/in_hand/heal
	qdel() Count: 1
	Destroy() Cost: 0.0166992ms
Path: /obj/effect/proc_holder/spell/no_target/spawn_bible
	qdel() Count: 1
	Destroy() Cost: 0.0166016ms
Path: /obj/effect/proc_holder/spell/aoe_turf/conjure/wall
	qdel() Count: 1
	Destroy() Cost: 0.0165955ms
Path: /obj/effect/proc_holder/spell/aoe_turf/conjure/construct
	qdel() Count: 1
	Destroy() Cost: 0.0164978ms
Path: /obj/effect/proc_holder/spell/targeted/spacetime_dist
	qdel() Count: 1
	Destroy() Cost: 0.0164001ms
Path: /obj/effect/proc_holder/spell/targeted/blindness_smoke
	qdel() Count: 1
	Destroy() Cost: 0.0164001ms
Path: /obj/effect/proc_holder/spell/aoe_turf/flashfreeze
	qdel() Count: 1
	Destroy() Cost: 0.0164001ms
Path: /obj/effect/proc_holder/spell/aoe_turf/hulk_lazor
	qdel() Count: 1
	Destroy() Cost: 0.0164001ms
Path: /obj/effect/proc_holder/spell/no_target/mime_speak
	qdel() Count: 1
	Destroy() Cost: 0.0164001ms
Path: /obj/effect/proc_holder/spell/targeted/enthrall
	qdel() Count: 1
	Destroy() Cost: 0.0163025ms
Path: /obj/effect/proc_holder/spell/aoe_turf/conjure/lesserforcewall
	qdel() Count: 1
	Destroy() Cost: 0.0163025ms
Path: /obj/effect/proc_holder/spell/targeted/shadowling_regenarmor
	qdel() Count: 1
	Destroy() Cost: 0.0162964ms
Path: /obj/effect/proc_holder/spell/aoe_turf/clown_joke
	qdel() Count: 1
	Destroy() Cost: 0.0162048ms
Path: /obj/effect/proc_holder/spell/aoe_turf/drainLife
	qdel() Count: 1
	Destroy() Cost: 0.0161987ms
Path: /obj/effect/proc_holder/spell/aoe_turf/hulk_smash
	qdel() Count: 1
	Destroy() Cost: 0.0161987ms
Path: /obj/effect/proc_holder/spell/aoe_turf/hulk_spit
	qdel() Count: 1
	Destroy() Cost: 0.0161987ms
Path: /obj/effect/proc_holder/spell/aoe_turf/conjure/floor
	qdel() Count: 1
	Destroy() Cost: 0.0160034ms
Path: /obj/effect/proc_holder/spell/aoe_turf/conjure/construct/lesser
	qdel() Count: 1
	Destroy() Cost: 0.0158997ms
Path: /obj/effect/proc_holder/spell/aoe_turf/conjure
	qdel() Count: 1
	Destroy() Cost: 0.0158997ms
Path: /obj/effect/proc_holder/spell/aoe_turf/conjure/creature
	qdel() Count: 1
	Destroy() Cost: 0.0156006ms
Path: /atom/movable/plane_master_controller/game
	qdel() Count: 1
	Destroy() Cost: 0.0155983ms
Path: /obj/effect/proc_holder/spell/aoe_turf/conjure/soulstone
	qdel() Count: 1
	Destroy() Cost: 0.0153992ms
Path: /atom/movable/screen/plane_master/parallax_white
	qdel() Count: 1
	Destroy() Cost: 0.0153008ms
Path: /datum/quirk/mute
	qdel() Count: 1
	Destroy() Cost: 0.0149994ms
Path: /datum/quirk/child_of_nature
	qdel() Count: 1
	Destroy() Cost: 0.0144997ms
Path: /datum/aspect/death
	qdel() Count: 1
	Destroy() Cost: 0.0144012ms
Path: /datum/quirk/multitasking
	qdel() Count: 1
	Destroy() Cost: 0.0141983ms
Path: /atom/movable/screen/plane_master/singularity
	qdel() Count: 1
	Destroy() Cost: 0.0140991ms
Path: /datum/reagent/nanobots
	qdel() Count: 2
	Destroy() Cost: 0.0133998ms
Path: /atom/movable/screen/plane_master/rendering_plate/game_world
	qdel() Count: 1
	Destroy() Cost: 0.0132027ms
Path: /atom/movable/screen/plane_master/gravpulse
	qdel() Count: 1
	Destroy() Cost: 0.0125008ms
Path: /atom/movable/screen/plane_master/fullscreen
	qdel() Count: 1
	Destroy() Cost: 0.0125008ms
Path: /atom/movable/screen/plane_master/rendering_plate/master
	qdel() Count: 1
	Destroy() Cost: 0.0123024ms
Path: /datum/map_config
	qdel() Count: 1
	Destroy() Cost: 0.0118999ms
Path: /atom/movable/screen/plane_master/area
	qdel() Count: 1
	Destroy() Cost: 0.0117989ms
Path: /datum/religion_rites/instant/chaplain/death_alarm
	qdel() Count: 1
	Destroy() Cost: 0.0111023ms
Path: /datum/aspect/food
	qdel() Count: 1
	Destroy() Cost: 0.0111023ms
Path: /atom/movable/screen/plane_master/rendering_plate/above_game_world
	qdel() Count: 1
	Destroy() Cost: 0.0111008ms
Path: /atom/movable/screen/plane_master/rendering_plate/non_game
	qdel() Count: 1
	Destroy() Cost: 0.0108986ms
Path: /datum/religion_sect/preset/chaplain/bloodgods
	qdel() Count: 1
	Destroy() Cost: 0.0106995ms
Path: /datum/reagent/sugar
	qdel() Count: 1
	Destroy() Cost: 0.0100975ms
Path: /datum/religion_rites/instant/chaplain
	qdel() Count: 1
	Destroy() Cost: 0.00960083ms
Path: /datum/recipe/grill/human
	qdel() Count: 1
	Destroy() Cost: 0.00930786ms
Path: /datum/aspect/science
	qdel() Count: 1
	Destroy() Cost: 0.00859985ms
Path: /datum/quirk/high_pain_threshold
	qdel() Count: 1
	Destroy() Cost: 0.00849915ms
Path: /datum/quirk/daltonism
	qdel() Count: 1
	Destroy() Cost: 0.00799942ms
Path: /datum/religion_rites/standing
	qdel() Count: 1
	Destroy() Cost: 0.0071991ms
Path: /datum/religion_sect/preset/chaplain/puritanism
	qdel() Count: 1
	Destroy() Cost: 0.0071991ms
Path: /datum/quirk/low_pain_threshold
	qdel() Count: 1
	Destroy() Cost: 0.00689697ms
Path: /datum/quirk/light_step
	qdel() Count: 1
	Destroy() Cost: 0.00640106ms
Path: /datum/quirk/strong_mind
	qdel() Count: 1
	Destroy() Cost: 0.00600052ms
Path: /datum/aspect/greed
	qdel() Count: 1
	Destroy() Cost: 0.00599976ms
Path: /datum/quirk/fast_equip
	qdel() Count: 1
	Destroy() Cost: 0.00569916ms
Path: /datum/aspect/chaos
	qdel() Count: 1
	Destroy() Cost: 0.00540161ms
Path: /datum/quirk/nearsighted
	qdel() Count: 1
	Destroy() Cost: 0.0053978ms
Path: /datum/religion_rites/standing/swap/devaluation
	qdel() Count: 1
	Destroy() Cost: 0.0053009ms
Path: /datum/aspect/absence
	qdel() Count: 1
	Destroy() Cost: 0.00529785ms
Path: /datum/quirk/genetic_degradation
	qdel() Count: 1
	Destroy() Cost: 0.00520325ms
Path: /datum/religion_rites/instant/impose_stun
	qdel() Count: 1
	Destroy() Cost: 0.0052002ms
Path: /datum/quirk/blindness
	qdel() Count: 1
	Destroy() Cost: 0.00519943ms
Path: /datum/quirk/alcohol_tolerance
	qdel() Count: 1
	Destroy() Cost: 0.00510025ms
Path: /datum/quirk/deafness
	qdel() Count: 1
	Destroy() Cost: 0.00510025ms
Path: /datum/quirk/nyctophobia
	qdel() Count: 1
	Destroy() Cost: 0.00510025ms
Path: /datum/quirk/tourette
	qdel() Count: 1
	Destroy() Cost: 0.00499725ms
Path: /datum/aspect/weapon
	qdel() Count: 1
	Destroy() Cost: 0.00489807ms
Path: /datum/quirk/fatness
	qdel() Count: 1
	Destroy() Cost: 0.0048027ms
Path: /datum/aspect/lightbending/darkness
	qdel() Count: 1
	Destroy() Cost: 0.00480042ms
Path: /datum/quirk/freerunning
	qdel() Count: 1
	Destroy() Cost: 0.00479889ms
Path: /datum/quirk/light_drinker
	qdel() Count: 1
	Destroy() Cost: 0.00479889ms
Path: /datum/quirk/stress_eater
	qdel() Count: 1
	Destroy() Cost: 0.00469971ms
Path: /datum/religion_rites/standing/swap/upgrade
	qdel() Count: 1
	Destroy() Cost: 0.00469971ms
Path: /datum/quirk/nervous
	qdel() Count: 1
	Destroy() Cost: 0.00460052ms
Path: /datum/religion_rites/instant/cult/sacrifice
	qdel() Count: 1
	Destroy() Cost: 0.00440063ms
Path: /datum/aspect/resources
	qdel() Count: 1
	Destroy() Cost: 0.00440063ms
Path: /datum/aspect/flagellation
	qdel() Count: 1
	Destroy() Cost: 0.00440063ms
Path: /datum/quirk/cough
	qdel() Count: 1
	Destroy() Cost: 0.00439835ms
Path: /datum/quirk/epileptic
	qdel() Count: 1
	Destroy() Cost: 0.00439835ms
Path: /datum/quirk/no_taste
	qdel() Count: 1
	Destroy() Cost: 0.00439835ms
Path: /datum/religion_rites/standing/legacy/charge
	qdel() Count: 1
	Destroy() Cost: 0.00410156ms
Path: /datum/aspect/conjure
	qdel() Count: 1
	Destroy() Cost: 0.00410156ms
Path: /datum/aspect/wacky
	qdel() Count: 1
	Destroy() Cost: 0.00390015ms
Path: /datum/aspect/lightbending/light
	qdel() Count: 1
	Destroy() Cost: 0.00390015ms
Path: /datum/religion_rites/standing/illuminate
	qdel() Count: 1
	Destroy() Cost: 0.00380249ms
Path: /datum/aspect/herd
	qdel() Count: 1
	Destroy() Cost: 0.00379944ms
Path: /datum/aspect/lightbending
	qdel() Count: 1
	Destroy() Cost: 0.00370178ms
Path: /datum/aspect/rescue
	qdel() Count: 1
	Destroy() Cost: 0.00369873ms
Path: /datum/religion_rites/instant/cult/convert
	qdel() Count: 1
	Destroy() Cost: 0.00359802ms
Path: /datum/religion_rites/standing/food
	qdel() Count: 1
	Destroy() Cost: 0.00359802ms
Path: /datum/religion_sect/preset/chaplain/technophile
	qdel() Count: 1
	Destroy() Cost: 0.00359802ms
Path: /datum/aspect/mystic
	qdel() Count: 1
	Destroy() Cost: 0.00359802ms
Path: /datum/religion_rites/instant
	qdel() Count: 1
	Destroy() Cost: 0.00350037ms
Path: /datum/religion_rites/pedestals/cult/narsie
	qdel() Count: 1
	Destroy() Cost: 0.00350037ms
Path: /datum/religion_rites/standing/legacy
	qdel() Count: 1
	Destroy() Cost: 0.00350037ms
Path: /datum/religion_rites/standing/swap
	qdel() Count: 1
	Destroy() Cost: 0.00350037ms
Path: /datum/religion_sect/preset/chaplain/clown
	qdel() Count: 1
	Destroy() Cost: 0.00350037ms
Path: /datum/aspect/technology
	qdel() Count: 1
	Destroy() Cost: 0.00350037ms
Path: /datum/religion_sect/custom/chaplain
	qdel() Count: 1
	Destroy() Cost: 0.00339966ms
Path: /datum/religion_rites/pedestals/cult/cult_portal
	qdel() Count: 1
	Destroy() Cost: 0.003302ms
Path: /datum/religion_rites/instant/communicate
	qdel() Count: 1
	Destroy() Cost: 0.00320129ms
Path: /datum/religion_rites/instant/cult/emp
	qdel() Count: 1
	Destroy() Cost: 0.00319824ms
Path: /datum/religion_rites/standing/pray
	qdel() Count: 1
	Destroy() Cost: 0.00319824ms
Path: /datum/religion_rites/standing/revive_animal
	qdel() Count: 1
	Destroy() Cost: 0.00319824ms
Path: /datum/religion_rites/instant/cult/drain_torture
	qdel() Count: 1
	Destroy() Cost: 0.00299988ms
Path: /datum/religion_rites/instant/impose_blind
	qdel() Count: 1
	Destroy() Cost: 0.00299988ms
Path: /datum/religion_rites/pedestals/cult/make_skeleton
	qdel() Count: 1
	Destroy() Cost: 0.00299988ms
Path: /datum/religion_rites/pedestals/cult
	qdel() Count: 1
	Destroy() Cost: 0.00299988ms
Path: /datum/religion_rites/standing/honk
	qdel() Count: 1
	Destroy() Cost: 0.00299988ms
Path: /datum/religion_rites/instant/impose_deaf
	qdel() Count: 1
	Destroy() Cost: 0.00289917ms
Path: /datum/religion_rites/standing/animation
	qdel() Count: 1
	Destroy() Cost: 0.00289917ms
Path: /datum/religion_rites/standing/spook
	qdel() Count: 1
	Destroy() Cost: 0.00289917ms
Path: /datum/religion_rites/instant/cult/raise_torture
	qdel() Count: 1
	Destroy() Cost: 0.00280151ms
Path: /datum/religion_rites/instant/cult/create_slave
	qdel() Count: 1
	Destroy() Cost: 0.00280151ms
Path: /datum/religion_rites/instant/cult/give_forcearmor
	qdel() Count: 1
	Destroy() Cost: 0.00280151ms
Path: /datum/religion_rites/pedestals
	qdel() Count: 1
	Destroy() Cost: 0.00280151ms
Path: /datum/religion_rites/instant/cult/summon_acolyt
	qdel() Count: 1
	Destroy() Cost: 0.00279846ms
Path: /datum/religion_rites/instant/cult/upgrade_tome
	qdel() Count: 1
	Destroy() Cost: 0.00279846ms
Path: /datum/religion_rites/instant/cult/brainswap
	qdel() Count: 1
	Destroy() Cost: 0.00270081ms
Path: /datum/religion_rites/instant/cult
	qdel() Count: 1
	Destroy() Cost: 0.00270081ms
Path: /datum
	qdel() Count: 1
	Destroy() Cost: 0ms
