[20:16:17] Server '' starting up on 26.166.93.76:49400
[20:16:19]GAME: Derelict Teleporter loaded at (95,96,3)
[20:16:20]GAME: Abandoned Lab loaded at (131,123,3)
[20:16:20]GAME: listening_post loaded at (151,202,3)
[20:16:21]GAME: Derelict Station loaded at (43,50,4)
[20:16:21]GAME: agrosphere loaded at (104,162,3)
[20:16:21]GAME: ghost_ship_2 loaded at (84,184,4)
[20:16:21]GAME: NT Ships Squad loaded at (203,17,4)
[20:17:36]ADMIN: fatfat/(FatFat) has started the game.
[20:17:40]MODE: Current master mode is extended
[20:17:40]MODE: Extended start because `minimum_player_count = 0`
[20:17:40]DEBUG: Next event of severity RoundStart in 0 minutes.
[20:17:40]DEBUG: Starting event 'Roundstart Nothing' of severity RoundStart.
[20:17:40]DEBUG: Next event of severity RoundStart in 0 minutes.
[20:17:40]GAME: RoundStart Event: Selected areas is nothing
[20:17:40]DEBUG: Starting event 'Break Light' of severity RoundStart.
[20:17:40]DEBUG: Next event of severity RoundStart in 0 minutes.
[20:17:40]GAME: RoundStart Event: Selected areas is nothing
[20:17:40]DEBUG: Starting event 'Old Morgue' of severity RoundStart.
[20:17:40]GAME: ANTAG LIST:
no antagonists this moment
[20:17:40]DEBUG: Event 'Roundstart Nothing' has completed at 12:00.
[20:17:40]DEBUG: Event 'Break Light' has completed at 12:00.
[20:17:40]DEBUG: Event 'Old Morgue' has completed at 12:00.
[20:17:40]DEBUG: Next event of severity Mundane in 17.458 minutes.
[20:17:40]DEBUG: Next event of severity Moderate in 40.928 minutes.
[20:17:40]DEBUG: Next event of severity Major in 61.435 minutes.
[20:18:00]ADMIN: fatfat/(Uriel Hunt) created a /obj/effect/portal/wormhole
[20:18:16]ADMIN: fatfat/(Uriel Hunt) created a /mob/living/carbon/human
[20:18:19]GAME: fatfat/(Uriel Hunt) used abandon mob.
[20:28:10] Graceful shutdown
