Path: /datum/timedevent
	qdel() Count: 208
	Destroy() Cost: 5.27619ms
Path: /datum/tgui_modal
	qdel() Count: 1
	Destroy() Cost: 4.7635ms
Path: /mob/dead/new_player
	qdel() Count: 2
	Destroy() Cost: 1.32618ms
Path: /datum/hud
	qdel() Count: 2
	Destroy() Cost: 1.18677ms
Path: /datum/light_source
	qdel() Count: 8
	Destroy() Cost: 1.0965ms
Path: /obj/effect/effect/sparks
	qdel() Count: 3
	Destroy() Cost: 1.0483ms
Path: /obj/effect/projectile/laser/tracer
	qdel() Count: 5
	Destroy() Cost: 1.0372ms
Path: /datum/component/rite/spawn_item
	qdel() Count: 11
	Destroy() Cost: 0.868506ms
Path: /obj/effect/projectile/laser/muzzle
	qdel() Count: 1
	Destroy() Cost: 0.6294ms
Path: /datum/component/clickplace
	qdel() Count: 5
	Destroy() Cost: 0.376699ms
Path: /obj/effect/porta_turret_cover
	qdel() Count: 2
	Destroy() Cost: 0.3713ms
Path: /obj/item/weapon/storage/backpack
	qdel() Count: 2
	Destroy() Cost: 0.326483ms
Path: /obj/item/stack/cable_coil/random
	qdel() Count: 7
	Destroy() Cost: 0.300583ms
Path: /obj/effect/landmark/corpse/clown
	qdel() Count: 4
	Destroy() Cost: 0.298302ms
Path: /datum/religion_rites/standing/spawn_item/call_animal
	qdel() Count: 1
	Destroy() Cost: 0.279199ms
Path: /datum/component/rite/consent
	qdel() Count: 5
	Destroy() Cost: 0.1905ms
Path: /obj/structure/sign/poster/random
	qdel() Count: 5
	Destroy() Cost: 0.168997ms
Path: /mob/living/simple_animal/hostile/hivebot
	qdel() Count: 1
	Destroy() Cost: 0.163ms
Path: /datum/religion_rites/instant/spawn_item/cult/talisman
	qdel() Count: 1
	Destroy() Cost: 0.129602ms
Path: /obj/effect/proc_holder/spell/targeted/trigger/blind
	qdel() Count: 1
	Destroy() Cost: 0.126102ms
Path: /obj/effect/proc_holder/spell/targeted/emplosion/disable_tech
	qdel() Count: 1
	Destroy() Cost: 0.120801ms
Path: /obj/effect/proc_holder/spell/targeted/emplosion
	qdel() Count: 1
	Destroy() Cost: 0.115402ms
Path: /datum/component/mechanic_desc
	qdel() Count: 5
	Destroy() Cost: 0.104902ms
Path: /datum/religion_rites/standing/spawn_item/banana
	qdel() Count: 1
	Destroy() Cost: 0.1026ms
Path: /obj/effect/landmark/latejoin
	qdel() Count: 3
	Destroy() Cost: 0.1011ms
Path: /obj/item/clothing/under/color/black
	qdel() Count: 1
	Destroy() Cost: 0.0976074ms
Path: /obj/effect/proc_holder/spell/targeted/barnyardcurse
	qdel() Count: 1
	Destroy() Cost: 0.0964996ms
Path: /obj/effect/proc_holder/spell/targeted/area_teleport/teleport
	qdel() Count: 1
	Destroy() Cost: 0.0901001ms
Path: /obj/effect/overlay/blurb
	qdel() Count: 1
	Destroy() Cost: 0.089ms
Path: /obj/effect/proc_holder/spell/aoe_turf/conjure/wall
	qdel() Count: 1
	Destroy() Cost: 0.0877014ms
Path: /atom/movable/screen/plane_master/fullscreen
	qdel() Count: 2
	Destroy() Cost: 0.0833863ms
Path: /obj/item/clothing/shoes/black
	qdel() Count: 1
	Destroy() Cost: 0.0827148ms
Path: /datum/religion_rites/standing/consent/invite
	qdel() Count: 1
	Destroy() Cost: 0.0817993ms
Path: /datum/religion_rites/instant/spawn_item/cult/constructshell
	qdel() Count: 1
	Destroy() Cost: 0.0804016ms
Path: /atom/movable/screen/plane_master/floor
	qdel() Count: 2
	Destroy() Cost: 0.0797906ms
Path: /datum/religion_rites/instant/spawn_item/cult/soulstone
	qdel() Count: 1
	Destroy() Cost: 0.0789002ms
Path: /datum/religion_rites/standing/spawn_item/banana_ore
	qdel() Count: 1
	Destroy() Cost: 0.0789002ms
Path: /datum/religion_rites/instant/spawn_item/cult
	qdel() Count: 1
	Destroy() Cost: 0.0737ms
Path: /datum/religion_rites/standing/spawn_item/create_sword
	qdel() Count: 1
	Destroy() Cost: 0.0737ms
Path: /datum/religion_rites/standing/consent/sacrifice
	qdel() Count: 1
	Destroy() Cost: 0.0696991ms
Path: /datum/religion_rites/instant/spawn_item
	qdel() Count: 1
	Destroy() Cost: 0.0682007ms
Path: /datum/religion_rites/standing/spawn_item/talisman
	qdel() Count: 1
	Destroy() Cost: 0.0674988ms
Path: /obj/effect/proc_holder/spell/targeted/area_teleport
	qdel() Count: 1
	Destroy() Cost: 0.0671997ms
Path: /datum/religion_rites/standing/spawn_item
	qdel() Count: 1
	Destroy() Cost: 0.0635986ms
Path: /datum/religion_rites/instant/cult/convert
	qdel() Count: 1
	Destroy() Cost: 0.0623993ms
Path: /datum/callback
	qdel() Count: 12
	Destroy() Cost: 0.0612091ms
Path: /obj/effect/projectile/laser/impact
	qdel() Count: 1
	Destroy() Cost: 0.0589ms
Path: /datum/modval_modifier
	qdel() Count: 11
	Destroy() Cost: 0.0579994ms
Path: /obj/effect/proc_holder/spell/no_target/scribe_rune
	qdel() Count: 1
	Destroy() Cost: 0.0568024ms
Path: /datum/religion_rites/standing/consent/clownconversion
	qdel() Count: 1
	Destroy() Cost: 0.0565979ms
Path: /datum/religion_rites/standing/consent/synthconversion
	qdel() Count: 1
	Destroy() Cost: 0.0546997ms
Path: /datum/religion_rites/standing/consent
	qdel() Count: 1
	Destroy() Cost: 0.0537018ms
Path: /obj/effect/proc_holder/spell/targeted/genetic/blind
	qdel() Count: 2
	Destroy() Cost: 0.0528015ms
Path: /obj/effect/proc_holder/spell/targeted/inflict_handler/blind
	qdel() Count: 2
	Destroy() Cost: 0.0527008ms
Path: /obj/effect/landmark/corpse/engineer/rig
	qdel() Count: 1
	Destroy() Cost: 0.0488014ms
Path: /obj/effect/proc_holder/spell/targeted/ethereal_jaunt/phaseshift
	qdel() Count: 1
	Destroy() Cost: 0.0487976ms
Path: /atom/movable/screen/plane_master/singularity
	qdel() Count: 2
	Destroy() Cost: 0.0474914ms
Path: /obj/effect/proc_holder/spell/in_hand
	qdel() Count: 1
	Destroy() Cost: 0.0397003ms
Path: /obj/effect/proc_holder/spell/aoe_turf/conjure/soulstone
	qdel() Count: 1
	Destroy() Cost: 0.0386993ms
Path: /obj/item/projectile/test
	qdel() Count: 1
	Destroy() Cost: 0.0374001ms
Path: /obj/effect/proc_holder/spell/targeted/hypnosis
	qdel() Count: 1
	Destroy() Cost: 0.0363007ms
Path: /obj/effect/proc_holder/spell/targeted/enthrall
	qdel() Count: 1
	Destroy() Cost: 0.0331024ms
Path: /obj/effect/proc_holder/spell/in_hand/res_touch
	qdel() Count: 1
	Destroy() Cost: 0.0321991ms
Path: /obj/effect/proc_holder/spell/dumbfire
	qdel() Count: 1
	Destroy() Cost: 0.0315002ms
Path: /datum/mechanic_tip/clickplace
	qdel() Count: 5
	Destroy() Cost: 0.0307961ms
Path: /obj/effect/proc_holder/spell/no_target/mime_speak
	qdel() Count: 1
	Destroy() Cost: 0.0303986ms
Path: /atom/movable/screen/plane_master/game_world
	qdel() Count: 2
	Destroy() Cost: 0.030393ms
Path: /obj/effect/proc_holder/spell/targeted/reviveThrall
	qdel() Count: 1
	Destroy() Cost: 0.0296997ms
Path: /obj/effect/proc_holder/spell/in_hand/arcane_barrage
	qdel() Count: 1
	Destroy() Cost: 0.0291016ms
Path: /obj/effect/proc_holder/spell/targeted/blindness_smoke
	qdel() Count: 1
	Destroy() Cost: 0.0288025ms
Path: /obj/effect/proc_holder/spell/turf/fireball
	qdel() Count: 1
	Destroy() Cost: 0.0287994ms
Path: /obj/effect/proc_holder/spell/aoe_turf/conjure/the_traps
	qdel() Count: 1
	Destroy() Cost: 0.028302ms
Path: /obj/effect/proc_holder/spell/targeted/shadowling_hivemind
	qdel() Count: 1
	Destroy() Cost: 0.0277008ms
Path: /obj/effect/proc_holder/spell/targeted/glare
	qdel() Count: 1
	Destroy() Cost: 0.0276001ms
Path: /obj/effect/proc_holder/spell/no_target/memorize_rune
	qdel() Count: 1
	Destroy() Cost: 0.0276001ms
Path: /obj/effect/proc_holder/spell/blessing
	qdel() Count: 1
	Destroy() Cost: 0.0276001ms
Path: /obj/effect/proc_holder/spell/in_hand/heal
	qdel() Count: 1
	Destroy() Cost: 0.0274994ms
Path: /obj/item/projectile/beam
	qdel() Count: 1
	Destroy() Cost: 0.027301ms
Path: /obj/effect/proc_holder/spell/targeted/communicate/fastener
	qdel() Count: 1
	Destroy() Cost: 0.0272003ms
Path: /obj/effect/proc_holder/spell/targeted/communicate
	qdel() Count: 1
	Destroy() Cost: 0.0272003ms
Path: /obj/effect/proc_holder/spell/in_hand/tesla
	qdel() Count: 1
	Destroy() Cost: 0.0269012ms
Path: /obj/effect/proc_holder/spell/targeted/ethereal_jaunt/shadow_walk
	qdel() Count: 1
	Destroy() Cost: 0.0268982ms
Path: /obj/effect/proc_holder/spell/aoe_turf/conjure/lesserforcewall
	qdel() Count: 1
	Destroy() Cost: 0.0265991ms
Path: /obj/effect/proc_holder/spell/in_hand/fireball
	qdel() Count: 1
	Destroy() Cost: 0.0264984ms
Path: /obj/effect/proc_holder/spell/targeted/collective_mind
	qdel() Count: 1
	Destroy() Cost: 0.0261017ms
Path: /obj/effect/proc_holder/spell/targeted
	qdel() Count: 1
	Destroy() Cost: 0.0261017ms
Path: /obj/effect/proc_holder/spell/targeted/shadowling_regenarmor
	qdel() Count: 1
	Destroy() Cost: 0.0257996ms
Path: /obj/effect/proc_holder/spell/targeted/heal
	qdel() Count: 1
	Destroy() Cost: 0.0257019ms
Path: /obj/effect/proc_holder/spell/turf
	qdel() Count: 1
	Destroy() Cost: 0.0256012ms
Path: /obj/effect/proc_holder/spell/targeted/spacetime_dist
	qdel() Count: 1
	Destroy() Cost: 0.0252991ms
Path: /obj/effect/proc_holder/spell/targeted/trigger
	qdel() Count: 1
	Destroy() Cost: 0.0252014ms
Path: /obj/effect/proc_holder/spell/targeted/ethereal_jaunt
	qdel() Count: 1
	Destroy() Cost: 0.0250977ms
Path: /obj/effect/proc_holder/spell/aoe_turf/conjure/floor
	qdel() Count: 1
	Destroy() Cost: 0.0248993ms
Path: /obj/effect/proc_holder/spell/no_target/weeds
	qdel() Count: 1
	Destroy() Cost: 0.0248016ms
Path: /obj/effect/proc_holder/spell/targeted/heal/damage
	qdel() Count: 1
	Destroy() Cost: 0.0247009ms
Path: /obj/effect/proc_holder/spell/targeted/explosion/fireball
	qdel() Count: 1
	Destroy() Cost: 0.0246002ms
Path: /obj/effect/proc_holder/spell/targeted/shadowling_phase_shift
	qdel() Count: 1
	Destroy() Cost: 0.0245026ms
Path: /datum/aspect/death
	qdel() Count: 1
	Destroy() Cost: 0.0244995ms
Path: /obj/effect/proc_holder/spell/targeted/projectile
	qdel() Count: 1
	Destroy() Cost: 0.0242981ms
Path: /obj/effect/proc_holder/spell/targeted/genetic/mutate
	qdel() Count: 1
	Destroy() Cost: 0.0239014ms
Path: /obj/effect/proc_holder/spell/targeted/ethereal_jaunt/wizard
	qdel() Count: 1
	Destroy() Cost: 0.0237ms
Path: /obj/effect/proc_holder/spell/aoe_turf/conjure/creature
	qdel() Count: 1
	Destroy() Cost: 0.0237ms
Path: /obj/effect/proc_holder/spell/dumbfire/fireball
	qdel() Count: 1
	Destroy() Cost: 0.0237ms
Path: /obj/effect/proc_holder/spell/aoe_turf/conjure/construct
	qdel() Count: 1
	Destroy() Cost: 0.0235016ms
Path: /datum/reagent/toxin/mindbreaker
	qdel() Count: 4
	Destroy() Cost: 0.0233002ms
Path: /obj/effect/proc_holder/spell/targeted/turf_teleport/blink
	qdel() Count: 1
	Destroy() Cost: 0.0231995ms
Path: /obj/effect/proc_holder/spell/targeted/annihilate
	qdel() Count: 1
	Destroy() Cost: 0.0231995ms
Path: /obj/effect/proc_holder/spell/no_target/lay_egg
	qdel() Count: 1
	Destroy() Cost: 0.0231995ms
Path: /obj/effect/proc_holder/spell/targeted/projectile/magic_missile
	qdel() Count: 1
	Destroy() Cost: 0.0230011ms
Path: /obj/effect/proc_holder/spell/targeted/summonitem
	qdel() Count: 1
	Destroy() Cost: 0.0230011ms
Path: /obj/effect/proc_holder/spell/no_target/food
	qdel() Count: 1
	Destroy() Cost: 0.0230011ms
Path: /atom/movable/screen/plane_master/lighting
	qdel() Count: 2
	Destroy() Cost: 0.0229301ms
Path: /obj/effect/proc_holder/spell/aoe_turf/knock
	qdel() Count: 1
	Destroy() Cost: 0.0229004ms
Path: /obj/effect/proc_holder/spell/aoe_turf
	qdel() Count: 1
	Destroy() Cost: 0.0229004ms
Path: /obj/effect/proc_holder/spell/no_target/syndi_drone
	qdel() Count: 1
	Destroy() Cost: 0.0229004ms
Path: /obj/effect/proc_holder/spell/no_target
	qdel() Count: 1
	Destroy() Cost: 0.0229004ms
Path: /obj/effect/proc_holder/spell/aoe_turf/repulse
	qdel() Count: 1
	Destroy() Cost: 0.0228973ms
Path: /obj/effect/proc_holder/spell/targeted/screech
	qdel() Count: 1
	Destroy() Cost: 0.0228027ms
Path: /obj/effect/proc_holder/spell/no_target/air_plant
	qdel() Count: 1
	Destroy() Cost: 0.0227997ms
Path: /obj/effect/proc_holder/spell/no_target/larva_evolve
	qdel() Count: 1
	Destroy() Cost: 0.0227997ms
Path: /obj/effect/proc_holder/spell/targeted/forcewall/mimewall
	qdel() Count: 1
	Destroy() Cost: 0.0226013ms
Path: /obj/effect/proc_holder/spell/targeted/turf_teleport
	qdel() Count: 1
	Destroy() Cost: 0.0225983ms
Path: /obj/effect/proc_holder/spell/targeted/genetic
	qdel() Count: 1
	Destroy() Cost: 0.0225006ms
Path: /obj/effect/proc_holder/spell/targeted/inflict_handler/magic_missile
	qdel() Count: 1
	Destroy() Cost: 0.0225006ms
Path: /obj/effect/proc_holder/spell/targeted/inflict_handler/disintegrate
	qdel() Count: 1
	Destroy() Cost: 0.0225006ms
Path: /obj/effect/proc_holder/spell/targeted/xeno_whisp
	qdel() Count: 1
	Destroy() Cost: 0.0225006ms
Path: /obj/effect/proc_holder/spell/no_target/infection
	qdel() Count: 1
	Destroy() Cost: 0.0223999ms
Path: /atom/movable/screen/plane_master/game_world_above
	qdel() Count: 2
	Destroy() Cost: 0.0223633ms
Path: /datum/browser
	qdel() Count: 2
	Destroy() Cost: 0.0223007ms
Path: /obj/effect/proc_holder/spell/targeted/smoke
	qdel() Count: 1
	Destroy() Cost: 0.0222992ms
Path: /obj/effect/proc_holder/spell/targeted/shadowling_hivemind_ascendant
	qdel() Count: 1
	Destroy() Cost: 0.0222015ms
Path: /obj/effect/proc_holder/spell/targeted/gnomecurse
	qdel() Count: 1
	Destroy() Cost: 0.0221008ms
Path: /obj/effect/proc_holder/spell/no_target/resin
	qdel() Count: 1
	Destroy() Cost: 0.0221008ms
Path: /obj/effect/proc_holder/spell/targeted/explosion
	qdel() Count: 1
	Destroy() Cost: 0.0220001ms
Path: /datum/aspect/science
	qdel() Count: 1
	Destroy() Cost: 0.0219025ms
Path: /obj/effect/proc_holder/spell/no_target/charge/religion
	qdel() Count: 1
	Destroy() Cost: 0.0218018ms
Path: /obj/effect/proc_holder/spell/no_target/hide
	qdel() Count: 1
	Destroy() Cost: 0.0217987ms
Path: /obj/effect/proc_holder/spell/targeted/lighting_shock
	qdel() Count: 1
	Destroy() Cost: 0.0217011ms
Path: /obj/effect/proc_holder/spell/no_target/spawn_bible
	qdel() Count: 1
	Destroy() Cost: 0.0216003ms
Path: /obj/effect/proc_holder/spell/targeted/shadowlingAscendantTransmit
	qdel() Count: 1
	Destroy() Cost: 0.0214996ms
Path: /obj/effect/proc_holder/spell/aoe_turf/conjure/summonEdSwarm
	qdel() Count: 1
	Destroy() Cost: 0.0214996ms
Path: /obj/effect/proc_holder/spell/no_target/syndi_drone/boost
	qdel() Count: 1
	Destroy() Cost: 0.0214996ms
Path: /obj/effect/proc_holder/spell/targeted/zombie_findbrains
	qdel() Count: 1
	Destroy() Cost: 0.021402ms
Path: /obj/effect/proc_holder/spell/no_target/evolve_to_queen
	qdel() Count: 1
	Destroy() Cost: 0.0213989ms
Path: /obj/effect/proc_holder/spell/targeted/forcewall
	qdel() Count: 1
	Destroy() Cost: 0.0213013ms
Path: /obj/effect/proc_holder/spell/aoe_turf/hulk_jump
	qdel() Count: 1
	Destroy() Cost: 0.0212982ms
Path: /atom/movable/screen/plane_master/ghost_illusion
	qdel() Count: 2
	Destroy() Cost: 0.0212164ms
Path: /obj/effect/proc_holder/spell/aoe_turf/veil
	qdel() Count: 1
	Destroy() Cost: 0.0210999ms
Path: /obj/effect/proc_holder/spell/aoe_turf/hulk_eat
	qdel() Count: 1
	Destroy() Cost: 0.0210999ms
Path: /obj/effect/proc_holder/spell/targeted/inflict_handler/fireball
	qdel() Count: 1
	Destroy() Cost: 0.0209991ms
Path: /obj/effect/proc_holder/spell/aoe_turf/conjure/smoke
	qdel() Count: 1
	Destroy() Cost: 0.0209991ms
Path: /obj/effect/proc_holder/spell/aoe_turf/conjure/spawn_animal
	qdel() Count: 1
	Destroy() Cost: 0.0209015ms
Path: /obj/effect/proc_holder/spell/aoe_turf/flashfreeze
	qdel() Count: 1
	Destroy() Cost: 0.0209015ms
Path: /obj/effect/proc_holder/spell/targeted/inflict_handler
	qdel() Count: 1
	Destroy() Cost: 0.0208984ms
Path: /obj/effect/proc_holder/spell/no_target/charge
	qdel() Count: 1
	Destroy() Cost: 0.0208984ms
Path: /obj/effect/proc_holder/spell/no_target/grease
	qdel() Count: 1
	Destroy() Cost: 0.0208984ms
Path: /atom/movable/screen/plane_master/point
	qdel() Count: 2
	Destroy() Cost: 0.0208305ms
Path: /obj/effect/proc_holder/spell/targeted/mind_transfer
	qdel() Count: 1
	Destroy() Cost: 0.0208008ms
Path: /obj/effect/proc_holder/spell/no_target/syndi_drone/smoke
	qdel() Count: 1
	Destroy() Cost: 0.0208008ms
Path: /obj/effect/proc_holder/spell/aoe_turf/unearthly_screech
	qdel() Count: 1
	Destroy() Cost: 0.0207001ms
Path: /obj/effect/proc_holder/spell/targeted/transfer_plasma
	qdel() Count: 1
	Destroy() Cost: 0.0205994ms
Path: /obj/effect/proc_holder/spell/aoe_turf/conjure/timestop
	qdel() Count: 1
	Destroy() Cost: 0.0204987ms
Path: /atom/movable/screen/plane_master/ghost
	qdel() Count: 2
	Destroy() Cost: 0.0204027ms
Path: /obj/effect/proc_holder/spell/no_target/rot
	qdel() Count: 1
	Destroy() Cost: 0.020401ms
Path: /obj/effect/proc_holder/spell/aoe_turf/hulk_gas
	qdel() Count: 1
	Destroy() Cost: 0.0203979ms
Path: /obj/effect/proc_holder/spell/aoe_turf/hulk_mill
	qdel() Count: 1
	Destroy() Cost: 0.0203003ms
Path: /obj/effect/proc_holder/spell/no_target/infection/obcurse
	qdel() Count: 1
	Destroy() Cost: 0.0203003ms
Path: /obj/effect/proc_holder/spell/aoe_turf/drainLife
	qdel() Count: 1
	Destroy() Cost: 0.0201996ms
Path: /obj/effect/proc_holder/spell/aoe_turf/hulk_dash
	qdel() Count: 1
	Destroy() Cost: 0.0201996ms
Path: /obj/effect/proc_holder/spell/aoe_turf/hulk_spit
	qdel() Count: 1
	Destroy() Cost: 0.0201996ms
Path: /obj/effect/proc_holder/spell/aoe_turf/hulk_lazor
	qdel() Count: 1
	Destroy() Cost: 0.0200989ms
Path: /obj/effect/proc_holder/spell/aoe_turf/conjure
	qdel() Count: 1
	Destroy() Cost: 0.0199005ms
Path: /obj/effect/proc_holder/spell/aoe_turf/glacial_blast
	qdel() Count: 1
	Destroy() Cost: 0.0199005ms
Path: /atom/movable/screen/plane_master/above_lighting
	qdel() Count: 2
	Destroy() Cost: 0.0198051ms
Path: /obj/effect/proc_holder/spell/aoe_turf/clown_joke
	qdel() Count: 1
	Destroy() Cost: 0.0197998ms
Path: /atom/movable/screen/plane_master/parallax_white
	qdel() Count: 2
	Destroy() Cost: 0.0196933ms
Path: /obj/effect/proc_holder/spell/aoe_turf/hulk_smash
	qdel() Count: 1
	Destroy() Cost: 0.0196014ms
Path: /obj/effect/proc_holder/spell/aoe_turf/HulkHONK
	qdel() Count: 1
	Destroy() Cost: 0.0196014ms
Path: /obj/effect/proc_holder/spell/aoe_turf/conjure/construct/lesser
	qdel() Count: 1
	Destroy() Cost: 0.0195984ms
Path: /atom/movable/screen/plane_master/rendering_plate/game_world
	qdel() Count: 2
	Destroy() Cost: 0.0194215ms
Path: /obj/effect/proc_holder/spell/aoe_turf/conjure/carp
	qdel() Count: 1
	Destroy() Cost: 0.0192993ms
Path: /atom/movable/plane_master_controller/game
	qdel() Count: 2
	Destroy() Cost: 0.0192332ms
Path: /atom/movable/screen/plane_master/rendering_plate/above_game_world
	qdel() Count: 2
	Destroy() Cost: 0.0191309ms
Path: /atom/movable/screen/plane_master/blackness
	qdel() Count: 2
	Destroy() Cost: 0.0191074ms
Path: /atom/movable/screen/plane_master/camera_static
	qdel() Count: 2
	Destroy() Cost: 0.0187426ms
Path: /atom/movable/screen/plane_master/area
	qdel() Count: 2
	Destroy() Cost: 0.0186215ms
Path: /datum/aspect/resources
	qdel() Count: 1
	Destroy() Cost: 0.0186005ms
Path: /datum/map_config
	qdel() Count: 1
	Destroy() Cost: 0.0184ms
Path: /atom/movable/screen/plane_master/parallax
	qdel() Count: 2
	Destroy() Cost: 0.0180309ms
Path: /atom/movable/screen/plane_master/gravpulse
	qdel() Count: 2
	Destroy() Cost: 0.0179332ms
Path: /atom/movable/screen/plane_master/rendering_plate/master
	qdel() Count: 2
	Destroy() Cost: 0.0177938ms
Path: /datum/tgui
	qdel() Count: 1
	Destroy() Cost: 0.0174988ms
Path: /atom/movable/screen/plane_master/rendering_plate/non_game
	qdel() Count: 2
	Destroy() Cost: 0.0169938ms
Path: /atom/movable/screen/plane_master/rendering_plate
	qdel() Count: 2
	Destroy() Cost: 0.0167984ms
Path: /datum/aspect/food
	qdel() Count: 1
	Destroy() Cost: 0.0165009ms
Path: /datum/aspect/weapon
	qdel() Count: 1
	Destroy() Cost: 0.0136993ms
Path: /datum/recipe/microwave/human
	qdel() Count: 2
	Destroy() Cost: 0.0126991ms
Path: /datum/quirk/child_of_nature
	qdel() Count: 1
	Destroy() Cost: 0.0115995ms
Path: /datum/religion_rites/instant/chaplain/death_alarm
	qdel() Count: 1
	Destroy() Cost: 0.0107025ms
Path: /datum/aspect/conjure
	qdel() Count: 1
	Destroy() Cost: 0.0106018ms
Path: /datum/religion_rites/instant/cult/summon_acolyt
	qdel() Count: 1
	Destroy() Cost: 0.00970154ms
Path: /datum/religion_rites/instant/cult/sacrifice
	qdel() Count: 1
	Destroy() Cost: 0.00899963ms
Path: /datum/quality/negativeish
	qdel() Count: 1
	Destroy() Cost: 0.0082016ms
Path: /datum/aspect/rescue
	qdel() Count: 1
	Destroy() Cost: 0.00820007ms
Path: /datum/aspect/lightbending/darkness
	qdel() Count: 1
	Destroy() Cost: 0.00809937ms
Path: /datum/reagent/water
	qdel() Count: 1
	Destroy() Cost: 0.00805664ms
Path: /datum/aspect/greed
	qdel() Count: 1
	Destroy() Cost: 0.00780029ms
Path: /datum/religion_rites/standing/legacy/charge
	qdel() Count: 1
	Destroy() Cost: 0.00740051ms
Path: /datum/religion_rites/instant/chaplain
	qdel() Count: 1
	Destroy() Cost: 0.00710144ms
Path: /datum/reagent/aqueous_foam
	qdel() Count: 1
	Destroy() Cost: 0.00708008ms
Path: /datum/aspect/lightbending
	qdel() Count: 1
	Destroy() Cost: 0.00690002ms
Path: /datum/aspect/lightbending/light
	qdel() Count: 1
	Destroy() Cost: 0.00669861ms
Path: /datum/aspect/mystic
	qdel() Count: 1
	Destroy() Cost: 0.0065979ms
Path: /datum/quirk/light_step
	qdel() Count: 1
	Destroy() Cost: 0.00599957ms
Path: /datum/religion_rites/instant/cult/emp
	qdel() Count: 1
	Destroy() Cost: 0.00580139ms
Path: /datum/quirk/strong_mind
	qdel() Count: 1
	Destroy() Cost: 0.00580025ms
Path: /datum/quirk/nyctophobia
	qdel() Count: 1
	Destroy() Cost: 0.00580025ms
Path: /datum/religion_rites/standing/food
	qdel() Count: 1
	Destroy() Cost: 0.00579834ms
Path: /datum/religion_rites/instant/cult/brainswap
	qdel() Count: 1
	Destroy() Cost: 0.00570068ms
Path: /datum/religion_sect/preset/chaplain/puritanism
	qdel() Count: 1
	Destroy() Cost: 0.00570068ms
Path: /datum/quirk/alcohol_tolerance
	qdel() Count: 1
	Destroy() Cost: 0.00560093ms
Path: /datum/quirk/multitasking
	qdel() Count: 1
	Destroy() Cost: 0.00559998ms
Path: /datum/religion_rites/instant/impose_blind
	qdel() Count: 1
	Destroy() Cost: 0.00559998ms
Path: /datum/aspect/wacky
	qdel() Count: 1
	Destroy() Cost: 0.00550232ms
Path: /datum/aspect/chaos
	qdel() Count: 1
	Destroy() Cost: 0.00549927ms
Path: /datum/quirk/fast_equip
	qdel() Count: 1
	Destroy() Cost: 0.00540066ms
Path: /datum/quirk/nervous
	qdel() Count: 1
	Destroy() Cost: 0.0053997ms
Path: /datum/religion_sect/custom/chaplain
	qdel() Count: 1
	Destroy() Cost: 0.00539856ms
Path: /datum/religion_rites/standing/animation
	qdel() Count: 1
	Destroy() Cost: 0.0053009ms
Path: /datum/quirk/light_drinker
	qdel() Count: 1
	Destroy() Cost: 0.00529957ms
Path: /datum/quirk/tourette
	qdel() Count: 1
	Destroy() Cost: 0.00529957ms
Path: /datum/quirk/high_pain_threshold
	qdel() Count: 1
	Destroy() Cost: 0.00529957ms
Path: /datum/religion_rites/standing/swap/devaluation
	qdel() Count: 1
	Destroy() Cost: 0.00529785ms
Path: /datum/aspect/technology
	qdel() Count: 1
	Destroy() Cost: 0.0052002ms
Path: /datum/quirk/freerunning
	qdel() Count: 1
	Destroy() Cost: 0.00519943ms
Path: /datum/quirk/stress_eater
	qdel() Count: 1
	Destroy() Cost: 0.00519943ms
Path: /datum/religion_rites/standing/legacy
	qdel() Count: 1
	Destroy() Cost: 0.00510254ms
Path: /datum/quirk/mute
	qdel() Count: 1
	Destroy() Cost: 0.00510025ms
Path: /datum/quirk/blindness
	qdel() Count: 1
	Destroy() Cost: 0.00510025ms
Path: /datum/religion_rites/pedestals/cult/narsie
	qdel() Count: 1
	Destroy() Cost: 0.00509949ms
Path: /datum/religion_rites/standing/pray
	qdel() Count: 1
	Destroy() Cost: 0.00509949ms
Path: /datum/religion_rites/standing/honk
	qdel() Count: 1
	Destroy() Cost: 0.00509949ms
Path: /datum/religion_rites/instant/cult/give_forcearmor
	qdel() Count: 1
	Destroy() Cost: 0.00500183ms
Path: /datum/quirk/genetic_degradation
	qdel() Count: 1
	Destroy() Cost: 0.00500011ms
Path: /datum/quirk/deafness
	qdel() Count: 1
	Destroy() Cost: 0.00500011ms
Path: /datum/quirk/daltonism
	qdel() Count: 1
	Destroy() Cost: 0.00500011ms
Path: /datum/quirk/low_pain_threshold
	qdel() Count: 1
	Destroy() Cost: 0.00500011ms
Path: /datum/religion_rites/instant
	qdel() Count: 1
	Destroy() Cost: 0.00490112ms
Path: /datum/religion_rites/standing/illuminate
	qdel() Count: 1
	Destroy() Cost: 0.00490112ms
Path: /datum/religion_sect/preset/chaplain/bloodgods
	qdel() Count: 1
	Destroy() Cost: 0.00490112ms
Path: /datum/quirk/nearsighted
	qdel() Count: 1
	Destroy() Cost: 0.00489998ms
Path: /datum/quirk/cough
	qdel() Count: 1
	Destroy() Cost: 0.00489998ms
Path: /datum/quirk/fatness
	qdel() Count: 1
	Destroy() Cost: 0.00489998ms
Path: /datum/quirk/no_taste
	qdel() Count: 1
	Destroy() Cost: 0.00489998ms
Path: /datum/religion_rites/instant/cult/drain_torture
	qdel() Count: 1
	Destroy() Cost: 0.00480042ms
Path: /datum/religion_rites/instant/communicate
	qdel() Count: 1
	Destroy() Cost: 0.00480042ms
Path: /datum/quirk/epileptic
	qdel() Count: 1
	Destroy() Cost: 0.00470066ms
Path: /datum/religion_rites/standing/swap
	qdel() Count: 1
	Destroy() Cost: 0.00460205ms
Path: /datum/religion_rites/pedestals/cult/cult_portal
	qdel() Count: 1
	Destroy() Cost: 0.004599ms
Path: /datum/religion_rites/standing
	qdel() Count: 1
	Destroy() Cost: 0.004599ms
Path: /datum/religion_rites/instant/impose_deaf
	qdel() Count: 1
	Destroy() Cost: 0.00450134ms
Path: /datum/religion_rites/instant/impose_stun
	qdel() Count: 1
	Destroy() Cost: 0.00450134ms
Path: /datum/religion_rites/standing/swap/upgrade
	qdel() Count: 1
	Destroy() Cost: 0.00450134ms
Path: /datum/religion_rites/instant/cult/raise_torture
	qdel() Count: 1
	Destroy() Cost: 0.00449829ms
Path: /datum/religion_rites/instant/cult
	qdel() Count: 1
	Destroy() Cost: 0.00449829ms
Path: /datum/religion_sect/preset/chaplain/technophile
	qdel() Count: 1
	Destroy() Cost: 0.00449829ms
Path: /datum/religion_rites/instant/cult/upgrade_tome
	qdel() Count: 1
	Destroy() Cost: 0.00440063ms
Path: /datum/religion_rites/pedestals/cult
	qdel() Count: 1
	Destroy() Cost: 0.00440063ms
Path: /datum/religion_rites/pedestals/cult/make_skeleton
	qdel() Count: 1
	Destroy() Cost: 0.00429993ms
Path: /datum/religion_rites/standing/spook
	qdel() Count: 1
	Destroy() Cost: 0.00429993ms
Path: /datum/religion_rites/standing/revive_animal
	qdel() Count: 1
	Destroy() Cost: 0.00429993ms
Path: /datum/religion_rites/instant/cult/create_slave
	qdel() Count: 1
	Destroy() Cost: 0.00410156ms
Path: /datum/religion_sect/preset/chaplain/clown
	qdel() Count: 1
	Destroy() Cost: 0.00410156ms
Path: /datum/quality/positiveish
	qdel() Count: 1
	Destroy() Cost: 0.00409889ms
Path: /datum/religion_rites/pedestals
	qdel() Count: 1
	Destroy() Cost: 0.00409851ms
Path: /datum/quality/clumsy
	qdel() Count: 1
	Destroy() Cost: 0.00370026ms
Path: /datum/quality/quirkieish
	qdel() Count: 1
	Destroy() Cost: 0.00329971ms
Path: /datum
	qdel() Count: 1
	Destroy() Cost: 0ms
