[20:04:54] Server '' starting up on 26.166.93.76:61196
[20:04:56]GAME: Abandoned Cargo Shuttle loaded at (202,230,3)
[20:04:57]GAME: Broken Breacher loaded at (83,19,4)
[20:04:57]GAME: Secrete Lab loaded at (107,97,4)
[20:04:57]GAME: escape_pod loaded at (120,122,3)
[20:04:57]GAME: DJ Station loaded at (131,53,4)
[20:04:57]GAME: agrosphere loaded at (94,176,3)
[20:04:57]GAME: robostation loaded at (23,143,4)
[20:05:54]ADMIN: fatfat/(FatFat) has started the game.
[20:05:57]MODE: Current master mode is extended
[20:05:57]DEBUG: Next event of severity RoundStart in 0 minutes.
[20:05:57]DEBUG: Starting event 'Roundstart Nothing' of severity RoundStart.
[20:05:57]DEBUG: Next event of severity RoundStart in 0 minutes.
[20:05:57]GAME: RoundStart Event: Selected areas is nothing
[20:05:57]DEBUG: Starting event 'Sign of Antagonists' of severity RoundStart.
[20:05:57]GAME: ANTAG LIST:
no antagonists this moment
[20:05:58]DEBUG: Event 'Roundstart Nothing' has completed at 12:00.
[20:05:58]DEBUG: Event 'Sign of Antagonists' has completed at 12:00.
[20:05:58]DEBUG: Next event of severity Mundane in 17.618 minutes.
[20:05:58]DEBUG: Next event of severity Moderate in 41.284 minutes.
[20:05:58]DEBUG: Next event of severity Major in 57.5317 minutes.
[20:06:41]ADMIN: fatfat/(Nikolas Rader) created a /obj/item/weapon/pen/blue
[20:06:45]SAY: *no key*/(cyber horror) : [Secrete Lab]: G@#!$ H@!#%, H!@%%@ @!E
[20:06:53]SAY: *no key*/(cyber horror) : [Secrete Lab]: GHAA!@@#
[20:06:58]ADMIN: fatfat/(Nikolas Rader) created a /obj/effect/portal/wormhole
[20:07:11]SAY: *no key*/(cyber horror) : [Secrete Lab]: G@#!$ H@!#%, H!@%%@ @!E
[20:07:23]SAY: *no key*/(cyber horror) : [Secrete Lab]: G@#!$ H@!#%, H!@%%@ @!E
[20:07:43]SAY: *no key*/(cyber horror) : [Secrete Lab]: K!@@##L!@@ %!@#E
[20:07:47]ADMIN: fatfat/(Nikolas Rader) modified wormhole's target to the pen
[20:07:47]SAY: *no key*/(cyber horror) : [Secrete Lab]: G@#!$ H@!#%, H!@%%@ @!E
[20:07:51]ADMIN: fatfat/(Nikolas Rader) jumped to (4,19,1) in Space
[20:08:00]ADMIN: fatfat/(Nikolas Rader) deleted the pen at (4,26,1)
[20:08:09]ADMIN: fatfat/(Nikolas Rader) created a /obj/effect/portal/wormhole
[20:08:17]SAY: *no key*/(cyber horror) : [Secrete Lab]: H@!#$$P M@!$#
[20:08:23]SAY: *no key*/(cyber horror) : [Secrete Lab]: K!@@##L!@@ %!@#E
[20:08:23]ADMIN: fatfat/(Nikolas Rader) modified wormhole's target to the wormhole
[20:08:27]SAY: *no key*/(cyber horror) : [Secrete Lab]: KR@!!N
[20:08:36]ADMIN: fatfat/(Nikolas Rader) modified wormhole's target to the wormhole
[20:08:37]SAY: *no key*/(cyber horror) : [Secrete Lab]: H@!#$$P M@!$#
[20:08:53]ADMIN: fatfat/(Nikolas Rader) jumped to (4,17,1) in Space
[20:08:59]SAY: *no key*/(cyber horror) : [Secrete Lab]: GHAA!@@#
[20:09:05]SAY: *no key*/(cyber horror) : [Secrete Lab]: GHAA!@@#
[20:09:26]ADMIN: fatfat/(Nikolas Rader) jumped to (4,19,1) in Space
[20:09:46]ADMIN: fatfat/(Nikolas Rader) jumped to (4,17,1) in Space
[20:09:47]SAY: *no key*/(cyber horror) : [Secrete Lab]: H@!#$$P M@!$#
[20:09:53] Graceful shutdown
