[01:26:10] Server '' starting up on 26.166.93.76:49894
[01:26:13]GAME: ghost_ship_2 loaded at (43,156,4)
[01:26:13]GAME: planetarium loaded at (73,156,3)
[01:26:14]GAME: teleporter loaded at (227,199,4)
[01:26:14]GAME: delivery_shuttle loaded at (29,199,4)
[01:26:14]GAME: Broken Breacher loaded at (20,61,3)
[01:26:14]GAME: listening_post loaded at (105,163,4)
[01:26:14]GAME: ghost_ship_1 loaded at (81,93,3)
[01:26:58]ADMIN: fatfat/(FatFat) has started the game.
[01:27:02]MODE: Current master mode is extended
[01:27:02]DEBUG: Next event of severity RoundStart in 0 minutes.
[01:27:02]DEBUG: Starting event 'Roundstart Nothing' of severity RoundStart.
[01:27:02]DEBUG: Next event of severity RoundStart in 0 minutes.
[01:27:02]GAME: RoundStart Event: Selected areas is nothing
[01:27:02]DEBUG: Starting event 'Stolen First AID' of severity RoundStart.
[01:27:02]DEBUG: Next event of severity RoundStart in 0 minutes.
[01:27:02]DEBUG: Starting event 'Leaked Pipe' of severity RoundStart.
[01:27:02]GAME: ANTAG LIST:
no antagonists this moment
[01:27:02]DEBUG: Event 'Roundstart Nothing' has completed at 12:00.
[01:27:02]DEBUG: Event 'Stolen First AID' has completed at 12:00.
[01:27:02]GAME: RoundStart Event: Water was spawned in all toilet rooms.
[01:27:02]DEBUG: Event 'Leaked Pipe' has completed at 12:00.
[01:27:02]DEBUG: Next event of severity Mundane in 17.89 minutes.
[01:27:02]DEBUG: Next event of severity Moderate in 48.142 minutes.
[01:27:02]DEBUG: Next event of severity Major in 68.5233 minutes.
[01:27:13]ADMIN: fatfat/(Kristopher Cox) jumped to (7,28,1) in Space
[01:27:23] Graceful shutdown
