[17:30:29]TGUI: fatfat in browseroutput/initialize
[17:30:43]TGUI: fatfat (as FatFat at (1,1,1))
Using: /datum/tgui_modal [0x210126fd]
new AlertModal fancy 1
[17:30:43]TGUI: fatfat in tgui-window-1/initialize
Using: /datum/tgui_modal [0x210126fd]
[17:30:44]TGUI: fatfat (as FatFat at (1,1,1)) in tgui-window-1
Using: /datum/tgui_modal [0x210126fd]
Action: choose {"choice":"No"}
[17:30:44]TGUI: fatfat in tgui-window-1/close (suspending)
[17:30:53]TGUI: fatfat (as FatFat at (1,1,1))
Using: /datum/tgui_modal [0x2101271e]
new AlertModal fancy 1
[17:30:54]TGUI: fatfat (as FatFat at (1,1,1)) in tgui-window-1
Using: /datum/tgui_modal [0x2101271e]
Action: choose {"choice":"Yes"}
[17:30:54]TGUI: fatfat in tgui-window-1/close (suspending)
[17:31:11]TGUI: fatfat (as FatFat at (100,100,1))
Using: /datum/tgui_modal [0x21011ed2]
new AlertModal fancy 1
[17:31:11]TGUI: fatfat (as FatFat at (100,100,1)) in tgui-window-1
Using: /datum/tgui_modal [0x21011ed2]
Action: choose {"choice":"Yes"}
[17:31:11]TGUI: fatfat in tgui-window-1/close (suspending)
[17:31:22]TGUI: fatfat in browseroutput/initialize
[17:31:25]TGUI: fatfat in browseroutput/initialize
[17:31:32]TGUI: fatfat (as FatFat at (100,100,1))
Using: /datum/tgui_modal [0x21011e75]
new AlertModal fancy 1
[17:31:32]TGUI: fatfat in tgui-window-1/initialize
Using: /datum/tgui_modal [0x21011e75]
[17:31:33]TGUI: fatfat (as FatFat at (100,100,1)) in tgui-window-1
Using: /datum/tgui_modal [0x21011e75]
Action: choose {"choice":"Yes"}
[17:31:33]TGUI: fatfat in tgui-window-1/close (suspending)
