Path: /obj/item/weapon/flora/random
	qdel() Count: 84
	Destroy() Cost: 33.1207ms
Path: /datum/component/clickplace
	qdel() Count: 159
	Destroy() Cost: 22.7734ms
Path: /datum/component/mechanic_desc
	qdel() Count: 249
	Destroy() Cost: 8.49852ms
Path: /obj/item/stack/cable_coil/random
	qdel() Count: 94
	Destroy() Cost: 8.14039ms
Path: /obj/effect/landmark
	qdel() Count: 69
	Destroy() Cost: 5.5068ms
Path: /obj/effect/spawner/lootdrop/maintenance
	qdel() Count: 52
	Destroy() Cost: 5.16428ms
Path: /obj/effect/spawner/lootdrop/maintenance/three
	qdel() Count: 15
	Destroy() Cost: 3.66731ms
Path: /datum/tgui_modal
	qdel() Count: 1
	Destroy() Cost: 3.479ms
Path: /obj/random/scrap/safe_even
	qdel() Count: 36
	Destroy() Cost: 3.08899ms
Path: /obj/effect/spawner/lootdrop/maintenance/two
	qdel() Count: 33
	Destroy() Cost: 2.954ms
Path: /obj/random/foods/donuts
	qdel() Count: 78
	Destroy() Cost: 2.35757ms
Path: /datum/component/tactical
	qdel() Count: 84
	Destroy() Cost: 2.35629ms
Path: /obj/random/vending/cola
	qdel() Count: 23
	Destroy() Cost: 2.2863ms
Path: /obj/random/tools/tech_supply
	qdel() Count: 23
	Destroy() Cost: 2.1534ms
Path: /datum/component/twohanded
	qdel() Count: 84
	Destroy() Cost: 2.0302ms
Path: /obj/random/vending/snack
	qdel() Count: 25
	Destroy() Cost: 1.98899ms
Path: /obj/item/organ/external/chest
	qdel() Count: 5
	Destroy() Cost: 1.8921ms
Path: /obj/random/foods/food_trash
	qdel() Count: 18
	Destroy() Cost: 1.76249ms
Path: /obj/random/scrap/sparse_weighted
	qdel() Count: 30
	Destroy() Cost: 1.5506ms
Path: /obj/structure/sign/poster/contraband/random
	qdel() Count: 14
	Destroy() Cost: 1.4041ms
Path: /obj/effect/spawner/lootdrop/maintenance/four
	qdel() Count: 15
	Destroy() Cost: 1.2044ms
Path: /datum/reagent/aqueous_foam
	qdel() Count: 134
	Destroy() Cost: 1.11065ms
Path: /obj/random/melee
	qdel() Count: 21
	Destroy() Cost: 0.978306ms
Path: /obj/random/scrap/moderate_weighted
	qdel() Count: 39
	Destroy() Cost: 0.892702ms
Path: /datum/mechanic_tip/clickplace
	qdel() Count: 159
	Destroy() Cost: 0.886603ms
Path: /datum/component/swiping
	qdel() Count: 6
	Destroy() Cost: 0.8269ms
Path: /obj/random/cloth/helmet
	qdel() Count: 12
	Destroy() Cost: 0.822397ms
Path: /obj/random/cloth/armor
	qdel() Count: 16
	Destroy() Cost: 0.785202ms
Path: /obj/effect/landmark/cops_spawn
	qdel() Count: 12
	Destroy() Cost: 0.752999ms
Path: /obj/random/scrap/dense_weighted
	qdel() Count: 13
	Destroy() Cost: 0.744098ms
Path: /obj/random/tools/tool
	qdel() Count: 6
	Destroy() Cost: 0.735703ms
Path: /obj/effect/decal/cleanable/blood/splatter
	qdel() Count: 11
	Destroy() Cost: 0.730652ms
Path: /obj/item/organ/external/head
	qdel() Count: 5
	Destroy() Cost: 0.705099ms
Path: /obj/effect/landmark/latejoin
	qdel() Count: 10
	Destroy() Cost: 0.623998ms
Path: /mob/dead/new_player
	qdel() Count: 1
	Destroy() Cost: 0.6064ms
Path: /datum/hud
	qdel() Count: 1
	Destroy() Cost: 0.540401ms
Path: /obj/effect/landmark/dealer_spawn
	qdel() Count: 4
	Destroy() Cost: 0.532299ms
Path: /datum/light_source
	qdel() Count: 18
	Destroy() Cost: 0.53009ms
Path: /obj/effect/landmark/start/new_player
	qdel() Count: 1
	Destroy() Cost: 0.509197ms
Path: /obj/item/organ/external/groin
	qdel() Count: 5
	Destroy() Cost: 0.468796ms
Path: /datum/mechanic_tip/twohanded/required
	qdel() Count: 84
	Destroy() Cost: 0.426498ms
Path: /obj/item/organ/external/r_leg
	qdel() Count: 5
	Destroy() Cost: 0.398197ms
Path: /obj/structure/sign/poster/official/random
	qdel() Count: 4
	Destroy() Cost: 0.373801ms
Path: /obj/effect/landmark/start
	qdel() Count: 6
	Destroy() Cost: 0.373301ms
Path: /obj/effect/spawner/lootdrop/glowstick
	qdel() Count: 4
	Destroy() Cost: 0.325001ms
Path: /obj/item/organ/external/l_arm
	qdel() Count: 5
	Destroy() Cost: 0.324403ms
Path: /obj/random/tools/powercell
	qdel() Count: 3
	Destroy() Cost: 0.306402ms
Path: /obj/item/organ/external/l_leg
	qdel() Count: 5
	Destroy() Cost: 0.300002ms
Path: /obj/item/organ/external/r_arm
	qdel() Count: 5
	Destroy() Cost: 0.290502ms
Path: /obj/structure/lattice
	qdel() Count: 2
	Destroy() Cost: 0.279303ms
Path: /obj/item/organ/internal/heart
	qdel() Count: 5
	Destroy() Cost: 0.279299ms
Path: /obj/effect/gibspawner/human
	qdel() Count: 2
	Destroy() Cost: 0.274697ms
Path: /obj/structure/sign/poster/random
	qdel() Count: 2
	Destroy() Cost: 0.226701ms
Path: /obj/effect/landmark/corpse/engineer/rig
	qdel() Count: 2
	Destroy() Cost: 0.219604ms
Path: /datum/timedevent
	qdel() Count: 7
	Destroy() Cost: 0.212929ms
Path: /obj/effect/landmark/abductor/console
	qdel() Count: 4
	Destroy() Cost: 0.212101ms
Path: /obj/effect/landmark/corpse/bridgeofficer
	qdel() Count: 4
	Destroy() Cost: 0.205605ms
Path: /obj/effect/landmark/corpse/unathisoldier
	qdel() Count: 4
	Destroy() Cost: 0.200201ms
Path: /datum/recipe/microwave/human
	qdel() Count: 22
	Destroy() Cost: 0.197571ms
Path: /obj/random/guns/energy_weapon
	qdel() Count: 6
	Destroy() Cost: 0.196199ms
Path: /datum/bodypart_controller
	qdel() Count: 35
	Destroy() Cost: 0.153594ms
Path: /obj/item/organ/internal/liver
	qdel() Count: 5
	Destroy() Cost: 0.152396ms
Path: /obj/effect/landmark/corpse/doctor
	qdel() Count: 2
	Destroy() Cost: 0.1472ms
Path: /obj/item/organ/internal/brain
	qdel() Count: 5
	Destroy() Cost: 0.140999ms
Path: /obj/item/organ/internal/lungs
	qdel() Count: 5
	Destroy() Cost: 0.132797ms
Path: /obj/item/organ/internal/kidneys
	qdel() Count: 5
	Destroy() Cost: 0.131201ms
Path: /datum/modval_modifier
	qdel() Count: 17
	Destroy() Cost: 0.116997ms
Path: /obj/effect/gibspawner/robot
	qdel() Count: 1
	Destroy() Cost: 0.1098ms
Path: /obj/random/misc/all
	qdel() Count: 2
	Destroy() Cost: 0.105503ms
Path: /obj/effect/spawner/lootdrop/maintenance/six
	qdel() Count: 1
	Destroy() Cost: 0.1038ms
Path: /obj/machinery/door/firedoor
	qdel() Count: 1
	Destroy() Cost: 0.103201ms
Path: /obj/item/organ/internal/eyes
	qdel() Count: 5
	Destroy() Cost: 0.102201ms
Path: /obj/random/guns/projectile_assault
	qdel() Count: 2
	Destroy() Cost: 0.0965023ms
Path: /obj/machinery/blackbox_recorder
	qdel() Count: 1
	Destroy() Cost: 0.0954018ms
Path: /obj/effect/landmark/corpse/syndicatesoldier
	qdel() Count: 1
	Destroy() Cost: 0.0853996ms
Path: /obj/random/foods/drink_can
	qdel() Count: 2
	Destroy() Cost: 0.0821972ms
Path: /obj/random/guns/handgun_security
	qdel() Count: 1
	Destroy() Cost: 0.0817986ms
Path: /obj/effect/landmark/corpse/commander
	qdel() Count: 1
	Destroy() Cost: 0.0769997ms
Path: /obj/random/guns/projectile_security
	qdel() Count: 2
	Destroy() Cost: 0.0757008ms
Path: /obj/effect/spawner/lootdrop/maintenance/five
	qdel() Count: 1
	Destroy() Cost: 0.0722008ms
Path: /obj/random/guns/projectile_shotgun
	qdel() Count: 2
	Destroy() Cost: 0.0664024ms
Path: /obj/effect/landmark/corpse/scientist
	qdel() Count: 1
	Destroy() Cost: 0.0565033ms
Path: /obj/random/foods/food_snack
	qdel() Count: 2
	Destroy() Cost: 0.0548ms
Path: /datum/browser
	qdel() Count: 2
	Destroy() Cost: 0.0527344ms
Path: /obj/effect/landmark/corpse/engineer
	qdel() Count: 1
	Destroy() Cost: 0.0520992ms
Path: /obj/effect/landmark/corpse/unathicommander
	qdel() Count: 1
	Destroy() Cost: 0.047699ms
Path: /obj/random/meds/chemical_bottle
	qdel() Count: 1
	Destroy() Cost: 0.0429001ms
Path: /obj/effect/spawner/lootdrop/gloves
	qdel() Count: 1
	Destroy() Cost: 0.0382004ms
Path: /datum/mechanic_tip/swiping
	qdel() Count: 6
	Destroy() Cost: 0.0368021ms
Path: /atom/movable/screen/plane_master/rendering_plate
	qdel() Count: 1
	Destroy() Cost: 0.0293007ms
Path: /obj/random/guns/projectile_handgun
	qdel() Count: 1
	Destroy() Cost: 0.0289001ms
Path: /obj/random/tools/toolbox
	qdel() Count: 1
	Destroy() Cost: 0.0255003ms
Path: /obj/random/foods/food_without_garbage
	qdel() Count: 1
	Destroy() Cost: 0.0214005ms
Path: /obj/random/foods/food_with_garbage
	qdel() Count: 1
	Destroy() Cost: 0.0195007ms
Path: /atom/movable/screen/plane_master/floor
	qdel() Count: 1
	Destroy() Cost: 0.0193005ms
Path: /datum/reagent/water
	qdel() Count: 2
	Destroy() Cost: 0.0189648ms
Path: /atom/movable/screen/plane_master/rendering_plate/non_game
	qdel() Count: 1
	Destroy() Cost: 0.0186005ms
Path: /atom/movable/screen/plane_master/rendering_plate/above_game_world
	qdel() Count: 1
	Destroy() Cost: 0.0183001ms
Path: /atom/movable/screen/plane_master/rendering_plate/master
	qdel() Count: 1
	Destroy() Cost: 0.0180998ms
Path: /datum/reagent/mednanobots
	qdel() Count: 1
	Destroy() Cost: 0.0137978ms
Path: /datum/recipe/grill/human
	qdel() Count: 2
	Destroy() Cost: 0.0122833ms
Path: /datum/quirk/child_of_nature
	qdel() Count: 1
	Destroy() Cost: 0.0118999ms
Path: /atom/movable/plane_master_controller/game
	qdel() Count: 1
	Destroy() Cost: 0.0116005ms
Path: /datum/map_config
	qdel() Count: 1
	Destroy() Cost: 0.0106001ms
Path: /atom/movable/screen/plane_master/game_world
	qdel() Count: 1
	Destroy() Cost: 0.0100002ms
Path: /atom/movable/screen/plane_master/ghost
	qdel() Count: 1
	Destroy() Cost: 0.00960064ms
Path: /atom/movable/screen/plane_master/gravpulse
	qdel() Count: 1
	Destroy() Cost: 0.00859928ms
Path: /atom/movable/screen/plane_master/ghost_illusion
	qdel() Count: 1
	Destroy() Cost: 0.0085001ms
Path: /datum/tgui
	qdel() Count: 1
	Destroy() Cost: 0.00849915ms
Path: /atom/movable/screen/plane_master/point
	qdel() Count: 1
	Destroy() Cost: 0.00839996ms
Path: /atom/movable/screen/plane_master/blackness
	qdel() Count: 1
	Destroy() Cost: 0.00839996ms
Path: /atom/movable/screen/plane_master/parallax_white
	qdel() Count: 1
	Destroy() Cost: 0.00839996ms
Path: /atom/movable/screen/plane_master/rendering_plate/game_world
	qdel() Count: 1
	Destroy() Cost: 0.00839996ms
Path: /atom/movable/screen/plane_master/lighting
	qdel() Count: 1
	Destroy() Cost: 0.00819969ms
Path: /atom/movable/screen/plane_master/area
	qdel() Count: 1
	Destroy() Cost: 0.00810051ms
Path: /atom/movable/screen/plane_master/parallax
	qdel() Count: 1
	Destroy() Cost: 0.00809956ms
Path: /atom/movable/screen/plane_master/fullscreen
	qdel() Count: 1
	Destroy() Cost: 0.00790024ms
Path: /atom/movable/screen/plane_master/singularity
	qdel() Count: 1
	Destroy() Cost: 0.00790024ms
Path: /atom/movable/screen/plane_master/above_lighting
	qdel() Count: 1
	Destroy() Cost: 0.0078001ms
Path: /datum/radio_frequency
	qdel() Count: 1
	Destroy() Cost: 0.00720215ms
Path: /datum
	qdel() Count: 1
	Destroy() Cost: 0.00683594ms
Path: /datum/quirk/light_step
	qdel() Count: 1
	Destroy() Cost: 0.00670052ms
Path: /datum/quirk/multitasking
	qdel() Count: 1
	Destroy() Cost: 0.00589943ms
Path: /datum/quirk/alcohol_tolerance
	qdel() Count: 1
	Destroy() Cost: 0.00589943ms
Path: /datum/quirk/strong_mind
	qdel() Count: 1
	Destroy() Cost: 0.00580025ms
Path: /datum/quirk/fast_equip
	qdel() Count: 1
	Destroy() Cost: 0.0053997ms
Path: /datum/quirk/daltonism
	qdel() Count: 1
	Destroy() Cost: 0.0053997ms
Path: /datum/quirk/freerunning
	qdel() Count: 1
	Destroy() Cost: 0.00530052ms
Path: /datum/quirk/deafness
	qdel() Count: 1
	Destroy() Cost: 0.00520134ms
Path: /datum/quirk/nyctophobia
	qdel() Count: 1
	Destroy() Cost: 0.00520134ms
Path: /datum/quirk/stress_eater
	qdel() Count: 1
	Destroy() Cost: 0.00519943ms
Path: /datum/quirk/light_drinker
	qdel() Count: 1
	Destroy() Cost: 0.00519943ms
Path: /datum/quirk/tourette
	qdel() Count: 1
	Destroy() Cost: 0.00510025ms
Path: /datum/quirk/blindness
	qdel() Count: 1
	Destroy() Cost: 0.00510025ms
Path: /datum/quirk/no_taste
	qdel() Count: 1
	Destroy() Cost: 0.00510025ms
Path: /datum/quirk/genetic_degradation
	qdel() Count: 1
	Destroy() Cost: 0.00500107ms
Path: /datum/quirk/high_pain_threshold
	qdel() Count: 1
	Destroy() Cost: 0.00500107ms
Path: /datum/quirk/nearsighted
	qdel() Count: 1
	Destroy() Cost: 0.00499916ms
Path: /datum/quirk/cough
	qdel() Count: 1
	Destroy() Cost: 0.00499916ms
Path: /datum/quirk/mute
	qdel() Count: 1
	Destroy() Cost: 0.00489998ms
Path: /datum/quirk/fatness
	qdel() Count: 1
	Destroy() Cost: 0.00489998ms
Path: /datum/quirk/low_pain_threshold
	qdel() Count: 1
	Destroy() Cost: 0.00489998ms
Path: /datum/quirk/nervous
	qdel() Count: 1
	Destroy() Cost: 0.00469971ms
Path: /datum/quirk/epileptic
	qdel() Count: 1
	Destroy() Cost: 0.00469971ms
