[16:49:49] Server '' starting up on 192.168.0.5:61184
[16:50:23]GAME: agrosphere loaded at (84,168,3)
[16:50:23]GAME: Abandoned Cargo Shuttle loaded at (232,130,4)
[16:50:23]GAME: Clown Shuttle loaded at (18,63,4)
[16:50:23]GAME: Space Toilet loaded at (99,96,3)
[16:50:24]GAME: ghost_ship_1 loaded at (140,120,3)
[16:50:24]GAME: ghost_ship_2 loaded at (131,174,4)
[16:50:24]GAME: Abandoned Ship loaded at (142,51,4)
[16:51:42]ADMIN: fatfat/(Gael Philips) has started the game.
[16:51:45]MODE: Current master mode is extended
[16:51:45]DEBUG: Next event of severity RoundStart in 0 minutes.
[16:51:45]DEBUG: Starting event 'Roundstart Nothing' of severity RoundStart.
[16:51:45]GAME: ANTAG LIST:
no antagonists this moment
[16:51:46]DEBUG: Event 'Roundstart Nothing' has completed at 12:01.
[16:51:46]DEBUG: Next event of severity Mundane in 13.556 minutes.
[16:51:46]DEBUG: Next event of severity Moderate in 45.06 minutes.
[16:51:46]DEBUG: Next event of severity Major in 52.485 minutes.
[16:51:52]ADMIN: fatfat/(Gael Philips) created a /mob/living/carbon/human
[16:52:01]ADMIN: fatfat/(Gael Philips) created a /obj/vehicle/space/spacebike
[16:52:05]ADMIN: fatfat/(Gael Philips) stuffed fatfat into unknown.
[16:52:13]SAY: *no key*/(Commander Clucky) : [Hydroponics]: BWAAAAARK BWAK BWAK BWAK!
[16:52:27]SAY: *no key*/(Experiment 69T) : [Wizard's Den]: Ohen nek&#39;ti ep esi.
[16:52:29]SAY: *no key*/(Боевой дрон) : [Mine]: ТРЕВОГА!
[16:52:33]SAY: *no key*/(Betsy) : [Hydroponics]: MOOOOOO
[16:52:35]SAY: *no key*/(Wall-E) : [Quartermaster's Office]: Eva? Evaaa!
[16:52:43]SAY: *no key*/(DET5) : [Research Director's Office]: Beep
[16:52:43]SAY: *no key*/(Experiment 69T) : [Wizard's Den]: Ohen nek&#39;ti ep esi.
[16:52:45]SAY: *no key*/(Боевой дрон) : [Mine]: Поиск враж-ж-ждебных единиц...
[16:52:47]SAY: *no key*/(Poly) : [Chief Engineer's office]: WHO TOOK THE DAMN HARDSUITS?
[16:52:49]SAY: *no key*/(Poly) : [Chief Engineer's office]: WHO TOOK THE DAMN HARDSUITS?
[16:52:53]SAY: *no key*/(Боевой дрон) : [Mine]: Перевод под-под-подсистемы в боевой режим. Тревога аль-ф-фа.
[16:52:55]SAY: *no key*/(DET5) : [Research Director's Office]: Successfully
[16:52:55]SAY: *no key*/(Poly) : [Chief Engineer's office]: Check the singlo, you chucklefucks!
[16:52:59]SAY: *no key*/(Боевой дрон) : [Mine]: Установлены па-раметр-рр-ры потенциальной уг-г-грозыы.
[16:53:03]SAY: *no key*/(Poly) : [Chief Engineer's office]: Poly wanna cracker!
[16:53:05]SAY: *no key*/(DET5) : [Research Director's Office]: La la la...beep
[16:53:13]SAY: *no key*/(DET5) : [Research Director's Office]: Beep-beep
[16:53:13]ADMIN: fatfat/(unknown) modified space-bike's land_speed to 2
[16:53:35]SAY: *no key*/(Experiment 69T) : [Wizard's Den]: Ahi set mep&#39;a teth.
[16:53:39]SAY: *no key*/(DET5) : [Research Director's Office]: Analyzing...
[16:53:48]ADMIN: fatfat/(unknown) modified space-bike's bike_icon to interceptor
[16:53:52]ADMIN: fatfat/(unknown) modified space-bike's icon to mashina.dmi
[16:53:55]ADMIN: fatfat/(unknown) modified space-bike's icon_state to interceptor
[16:54:03]SAY: *no key*/(Боевой дрон) : [Mine]: Обнар-р-р-ружены вражде-б-б-бные существа.
[16:54:03]SAY: *no key*/(Боевой дрон) : [Mine]: Перевод под-под-подсистемы в боевой режим. Тревога аль-ф-фа.
[16:54:11]SAY: *no key*/(Боевой дрон) : [Mine]: Установлены па-раметр-рр-ры потенциальной уг-г-грозыы.
[16:54:17]SAY: *no key*/(Боевой дрон) : [Mine]: Поиск враж-ж-ждебных единиц...
[16:54:18]ADMIN: fatfat/(unknown) modified space-bike's pixel_x to -17
[16:54:19]SAY: *no key*/(Experiment 69T) : [Wizard's Den]: Ohen nek&#39;ti ep esi.
[16:54:24]ADMIN: fatfat/(unknown) modified space-bike's pixel_y to -5
[16:54:42]ADMIN: fatfat/(unknown) modified space-bike's layer to 5
[16:54:43]SAY: *no key*/(Poly) : [Chief Engineer's office]: WHO TOOK THE DAMN HARDSUITS?
[16:54:47]SAY: *no key*/(Боевой дрон) : [Mine]: Установлены па-раметр-рр-ры потенциальной уг-г-грозыы.
[16:54:49]SAY: *no key*/(Experiment 69T) : [Wizard's Den]: Ahi set mep&#39;a teth.
[16:54:58]ADMIN: fatfat/(unknown) created a /obj/item/weapon/gun/projectile/automatic/l6_saw
[16:55:03]SAY: *no key*/(grey baby slime (566)) : [Xenobiology Lab]: Lonely...
[16:55:07]SAY: *no key*/(Poly) : [Chief Engineer's office]: Wire the solars, you lazy bums!
[16:55:09]SAY: *no key*/(Боевой дрон) : [Mine]: Поиск враж-ж-ждебных единиц...
[16:55:11]SAY: *no key*/(Experiment 69T) : [Wizard's Den]: Ahi set mep&#39;a teth.
[16:55:13]SAY: *no key*/(Боевой дрон) : [Mine]: ТРЕВОГА!
[16:55:21]SAY: *no key*/(Experiment 69T) : [Wizard's Den]: Ahi set mep&#39;a teth.
[16:55:25]SAY: *no key*/(Poly) : [Chief Engineer's office]: Poly wanna cracker!
[16:55:41]SAY: *no key*/(DET5) : [Research Director's Office]: Z-z-z-zero
[16:55:41]SAY: *no key*/(Poly) : [Chief Engineer's office]: What are you before me?
[16:55:49]EMOTE: *no key*/(Ian) : <span class='emote'><B>Ian</B> dances around</span>
[16:55:50]ADMIN: fatfat/(unknown) modified space-bike's health to 1000
[16:55:59]SAY: *no key*/(Experiment 69T) : [Wizard's Den]: Ahi set mep&#39;a teth.
[16:56:01]SAY: *no key*/(Experiment 69T) : [Wizard's Den]: Ohen nek&#39;ti ep esi.
[16:56:15]SAY: *no key*/(Experiment 69T) : [Wizard's Den]: Ohen nek&#39;ti ep esi.
[16:56:17]SAY: *no key*/(Poly) : [Chief Engineer's office]: Wire the solars, you lazy bums!
[16:56:23]EMOTE: *no key*/(Ian) : <span class='emote'><B>Ian</B> chases its tail</span>
[16:56:33]SAY: *no key*/(Experiment 69T) : [Wizard's Den]: Ahi set mep&#39;a teth.
[16:56:35]SAY: *no key*/(DET5) : [Research Director's Office]: Boom...
[16:56:41]EMOTE: *no key*/(Ian) : <span class='emote'><B>Ian</B> chases its tail</span>
[16:56:43]SAY: *no key*/(Poly) : [Chief Engineer's office]: What are you before me?
[16:56:45]SAY: *no key*/(Poly) : [Chief Engineer's office]: Wire the solars, you lazy bums!
[16:56:51]EMOTE: *no key*/(Ian) : <span class='emote'><B>Ian</B> dances around</span>
[16:56:53]EMOTE: *no key*/(Ian) : <span class='emote'><B>Ian</B> chases its tail</span>
[16:56:59]SAY: *no key*/(Poly) : [Chief Engineer's office]: OH GOD ITS LOOSE CALL THE SHUTTLE
[16:57:01]SAY: *no key*/(Poly) : [Chief Engineer's office]: What are you before me?
[16:57:03]SAY: *no key*/(Poly) : [Chief Engineer's office]: Check the singlo, you chucklefucks!
[16:57:06]ADMIN: fatfat/(unknown) created a /obj/item/weapon/gun/projectile/revolver/rocketlauncher
[16:57:10]GAME: Explosion with size (8) in area Central Primary Hallway
[16:57:16]SAY: *no key*/(Experiment 69T) : [Wizard's Den]: Rong a&#39;hu dong&#39;a sik?
[16:57:28]EMOTE: fatfat/(unknown) : gasps!
[16:57:32]SAY: *no key*/(Poly) : [Chief Engineer's office]: OH GOD ITS LOOSE CALL THE SHUTTLE
[16:57:40]SAY: *no key*/(Experiment 69T) : [Wizard's Den]: Ohen nek&#39;ti ep esi.
[16:57:44]SAY: *no key*/(Боевой дрон) : [Mine]: Обнар-р-р-ружены вражде-б-б-бные существа.
[16:57:54]SAY: *no key*/(Experiment 69T) : [Wizard's Den]: Rong a&#39;hu dong&#39;a sik?
[16:57:59] Graceful shutdown
