[15:07:05]TGUI: fatfat in browseroutput/initialize
[15:07:11]TGUI: fatfat (as FatFat at (8,174,1))
Using: /datum/tgui_modal [0x2100c224]
new AlertModal fancy 1
[15:07:11]TGUI: fatfat in tgui-window-1/initialize
Using: /datum/tgui_modal [0x2100c224]
[15:07:12]TGUI: fatfat (as FatFat at (8,174,1)) in tgui-window-1
Using: /datum/tgui_modal [0x2100c224]
Action: choose {"choice":"No"}
[15:07:12]TGUI: fatfat in tgui-window-1/close (suspending)
[15:07:19]TGUI: fatfat (as FatFat at (8,174,1))
Using: /datum/tgui_modal [0x2101a16c]
new AlertModal fancy 1
[15:07:20]TGUI: fatfat (as FatFat at (8,174,1)) in tgui-window-1
Using: /datum/tgui_modal [0x2101a16c]
Action: choose {"choice":"Yes"}
[15:07:20]TGUI: fatfat in tgui-window-1/close (suspending)
[15:08:22]TGUI: fatfat (as Phoenix Mccullough at (54,140,2))
Using: /datum/tgui_modal [0x210041aa]
new AlertModal fancy 1
[15:08:23]TGUI: fatfat (as Phoenix Mccullough at (54,140,2)) in tgui-window-1
Using: /datum/tgui_modal [0x210041aa]
Action: choose {"choice":"Yes"}
[15:08:23]TGUI: fatfat in tgui-window-1/close (suspending)
