[16:42:43] Server '' starting up on 26.166.93.76:49615
[16:42:45]GAME: Broken Breacher loaded at (155,154,3)
[16:42:45]GAME: NASA satellite loaded at (198,23,3)
[16:42:45]GAME: agrosphere loaded at (34,36,4)
[16:42:45]GAME: Abandoned Lab loaded at (121,57,4)
[16:42:45]GAME: planetarium loaded at (193,97,4)
[16:42:45]GAME: Space Toilet loaded at (41,29,3)
[16:42:45]GAME: teleporter loaded at (75,75,4)
[16:43:30]ADMIN: fatfat/(FatFat) has started the game.
[16:43:33]MODE: Current master mode is extended
[16:43:33]DEBUG: Next event of severity RoundStart in 0 minutes.
[16:43:33]DEBUG: Starting event 'Roundstart Nothing' of severity RoundStart.
[16:43:33]GAME: ANTAG LIST:
no antagonists this moment
[16:43:34]DEBUG: Event 'Roundstart Nothing' has completed at 12:00.
[16:43:34]DEBUG: Next event of severity Mundane in 15.844 minutes.
[16:43:34]DEBUG: Next event of severity Moderate in 53.578 minutes.
[16:43:34]DEBUG: Next event of severity Major in 54.2483 minutes.
[16:43:46]ADMIN: fatfat/(Carson Blessig) jumped to coordinates 100, 100, 1
[16:43:52]ADMIN: fatfat/(Carson Blessig) created a /mob/living/carbon/human
[16:44:00]ADMIN: fatfat/(unknown) modified unknown's ckey to fatfat
[16:44:43]ADMIN: fatfat/(unknown) created a /obj/item/clothing/head/wizard/crusader
[16:44:48]ADMIN: fatfat/(unknown) created a /obj/item/clothing/suit/wizrobe/crusader
[16:45:08]ADMIN: fatfat/(unknown) created a /obj/item/clothing/shoes/boots/combat
[16:45:17]ADMIN: fatfat/(unknown) created a /obj/item/clothing/gloves/combat/police
[16:45:27]ADMIN: fatfat/(unknown) created a /obj/item/weapon/claymore
[16:53:34]GAME: Roundstart logout report


[16:58:05]ADMIN: fatfat/(unknown) created a /mob/living/carbon/human
[16:58:49]ATTACK: *no key*/(unknown) has been attacked with claymore (INTENT: HARM) (DAMTYPE: BRUTE), by fatfat/(unknown)
[16:58:49]EMOTE: *no key*/(unknown) : <b>The unknown</b> <i>screams!</i>
[16:58:50]ATTACK: *no key*/(unknown) has been punched, by fatfat/(unknown)
[16:58:50]EMOTE: *no key*/(unknown) : <b>The unknown</b> <i>grunts.</i>
[16:59:04]EMOTE: *no key*/(unknown) : <b>The unknown</b> <i>screams!</i>
[16:59:09]ATTACK: *no key*/(unknown) has been attacked with claymore (INTENT: HARM) (DAMTYPE: BRUTE), by fatfat/(unknown)
[16:59:09]EMOTE: *no key*/(unknown) : <b>The unknown</b> <i>screams!</i>
[16:59:13]ADMIN: fatfat/(unknown) healed / revived *no key*/(unknown)
[16:59:23]ATTACK: fatfat/(unknown) has been attacked with claymore (INTENT: HARM) (DAMTYPE: BRUTE), by fatfat/(unknown)
[16:59:26]DEBUG: Next event of severity Mundane in 17.778 minutes.
[16:59:26]DEBUG: Starting event 'Trivial News' of severity Mundane.
[16:59:47]EMOTE: fatfat/(unknown) : <b>The unknown</b> <i>groans.</i>
[16:59:48]DEBUG: Event 'Trivial News' has completed at 12:16.
[17:00:23]EMOTE: fatfat/(unknown) : <b>The unknown</b> <i>groans.</i>
[17:01:17]EMOTE: fatfat/(unknown) : <b>The unknown</b> <i>groans.</i>
[17:01:20]ADMIN: fatfat/(unknown) healed / revived fatfat/(unknown)
[17:02:04] Graceful shutdown
