[00:14:06] Server '' starting up on 26.166.93.76:60626
[00:14:09]GAME: DJ Station loaded at (57,189,3)
[00:14:10]GAME: ghost_ship_2 loaded at (145,190,4)
[00:14:10]GAME: Abandoned Lab loaded at (140,27,4)
[00:14:10]GAME: Clown Shuttle loaded at (92,69,3)
[00:14:10]GAME: Abandoned Cargo Shuttle loaded at (84,111,4)
[00:14:10]GAME: teleporter loaded at (100,207,3)
[00:14:10]GAME: Space Toilet loaded at (162,151,4)
[00:15:23]ADMIN: fatfat/(FatFat) has started the game.
[00:15:27]MODE: Current master mode is extended
[00:15:27]DEBUG: Next event of severity RoundStart in 0 minutes.
[00:15:27]DEBUG: Starting event 'Forgotten Survival Box' of severity RoundStart.
[00:15:27]DEBUG: Next event of severity RoundStart in 0 minutes.
[00:15:27]GAME: RoundStart Event: Selected areas is nothing
[00:15:27]DEBUG: Starting event 'Chewed Cables' of severity RoundStart.
[00:15:27]GAME: ANTAG LIST:
no antagonists this moment
[00:15:28]DEBUG: Event 'Forgotten Survival Box' has completed at 12:00.
[00:15:28]DEBUG: Event 'Chewed Cables' has completed at 12:00.
[00:15:28]DEBUG: Next event of severity Mundane in 13.362 minutes.
[00:15:28]DEBUG: Next event of severity Moderate in 42.994 minutes.
[00:15:28]DEBUG: Next event of severity Major in 50.3383 minutes.
[00:16:46] Graceful shutdown
