Path: /obj/effect/effect/sparks
	qdel() Count: 80
	Destroy() Cost: 15.7426ms
Path: /datum/light_source
	qdel() Count: 80
	Destroy() Cost: 10.0113ms
Path: /datum/timedevent
	qdel() Count: 271
	Destroy() Cost: 6.4879ms
Path: /obj/item/projectile/test
	qdel() Count: 71
	Destroy() Cost: 5.5161ms
Path: /datum/hud
	qdel() Count: 2
	Destroy() Cost: 1.4646ms
Path: /datum/component/rite/spawn_item
	qdel() Count: 11
	Destroy() Cost: 1.1338ms
Path: /mob/dead/observer
	qdel() Count: 1
	Destroy() Cost: 0.8457ms
Path: /obj/item/organ/external/chest
	qdel() Count: 5
	Destroy() Cost: 0.825793ms
Path: /mob/dead/new_player
	qdel() Count: 1
	Destroy() Cost: 0.806104ms
Path: /obj/item/weapon/flora/random
	qdel() Count: 4
	Destroy() Cost: 0.662199ms
Path: /datum/hud/ghost
	qdel() Count: 1
	Destroy() Cost: 0.568199ms
Path: /datum/component/clickplace
	qdel() Count: 7
	Destroy() Cost: 0.489298ms
Path: /obj/item/stack/cable_coil/random
	qdel() Count: 10
	Destroy() Cost: 0.46586ms
Path: /obj/item/organ/external/head
	qdel() Count: 5
	Destroy() Cost: 0.414398ms
Path: /obj/item/weapon/storage/backpack
	qdel() Count: 2
	Destroy() Cost: 0.295697ms
Path: /datum/religion_rites/standing/spawn_item/create_sword
	qdel() Count: 1
	Destroy() Cost: 0.2806ms
Path: /datum/component/mechanic_desc
	qdel() Count: 11
	Destroy() Cost: 0.245301ms
Path: /datum/component/rite/consent
	qdel() Count: 5
	Destroy() Cost: 0.213705ms
Path: /obj/structure/sign/poster/contraband/random
	qdel() Count: 6
	Destroy() Cost: 0.207898ms
Path: /obj/item/organ/external/groin
	qdel() Count: 5
	Destroy() Cost: 0.170401ms
Path: /datum/religion_rites/standing/spawn_item
	qdel() Count: 1
	Destroy() Cost: 0.163101ms
Path: /obj/item/organ/external/l_arm
	qdel() Count: 5
	Destroy() Cost: 0.140202ms
Path: /datum/browser
	qdel() Count: 2
	Destroy() Cost: 0.135399ms
Path: /obj/effect/landmark/corpse/unathisoldier
	qdel() Count: 4
	Destroy() Cost: 0.133696ms
Path: /obj/item/organ/external/r_arm
	qdel() Count: 5
	Destroy() Cost: 0.132802ms
Path: /datum/religion_rites/instant/spawn_item/cult/constructshell
	qdel() Count: 1
	Destroy() Cost: 0.132001ms
Path: /obj/item/organ/external/l_leg
	qdel() Count: 5
	Destroy() Cost: 0.131903ms
Path: /datum/modval_modifier
	qdel() Count: 21
	Destroy() Cost: 0.131899ms
Path: /datum/religion_rites/instant/spawn_item/cult/talisman
	qdel() Count: 1
	Destroy() Cost: 0.130499ms
Path: /datum/bodypart_controller
	qdel() Count: 35
	Destroy() Cost: 0.128409ms
Path: /obj/item/organ/external/r_leg
	qdel() Count: 5
	Destroy() Cost: 0.127103ms
Path: /obj/effect/spawner/lootdrop/maintenance
	qdel() Count: 5
	Destroy() Cost: 0.1227ms
Path: /obj/item/organ/internal/heart
	qdel() Count: 5
	Destroy() Cost: 0.122002ms
Path: /datum/religion_rites/standing/spawn_item/call_animal
	qdel() Count: 1
	Destroy() Cost: 0.120898ms
Path: /obj/effect/overlay/blurb
	qdel() Count: 1
	Destroy() Cost: 0.1173ms
Path: /obj/item/organ/internal/kidneys
	qdel() Count: 5
	Destroy() Cost: 0.114998ms
Path: /obj/random/foods/donuts
	qdel() Count: 6
	Destroy() Cost: 0.111702ms
Path: /datum/religion_rites/standing/spawn_item/banana
	qdel() Count: 1
	Destroy() Cost: 0.1064ms
Path: /datum/religion_rites/standing/spawn_item/banana_ore
	qdel() Count: 1
	Destroy() Cost: 0.103799ms
Path: /datum/religion_rites/instant/spawn_item/cult/soulstone
	qdel() Count: 1
	Destroy() Cost: 0.103101ms
Path: /datum/religion_rites/instant/spawn_item/cult
	qdel() Count: 1
	Destroy() Cost: 0.102701ms
Path: /datum/religion_rites/standing/spawn_item/talisman
	qdel() Count: 1
	Destroy() Cost: 0.0986999ms
Path: /datum/religion_rites/instant/spawn_item
	qdel() Count: 1
	Destroy() Cost: 0.0963013ms
Path: /obj/item/organ/internal/brain
	qdel() Count: 5
	Destroy() Cost: 0.0923023ms
Path: /obj/item/clothing/under/color/black
	qdel() Count: 1
	Destroy() Cost: 0.0880859ms
Path: /obj/item/clothing/shoes/black
	qdel() Count: 1
	Destroy() Cost: 0.0869141ms
Path: /obj/item/organ/internal/lungs
	qdel() Count: 5
	Destroy() Cost: 0.0846992ms
Path: /atom/movable/screen/plane_master/singularity
	qdel() Count: 3
	Destroy() Cost: 0.0815331ms
Path: /datum/component/tactical
	qdel() Count: 4
	Destroy() Cost: 0.0813985ms
Path: /obj/effect/proc_holder/spell/targeted/trigger/blind
	qdel() Count: 1
	Destroy() Cost: 0.0812012ms
Path: /datum/callback
	qdel() Count: 12
	Destroy() Cost: 0.0810974ms
Path: /datum/religion_rites/standing/consent/synthconversion
	qdel() Count: 1
	Destroy() Cost: 0.0809998ms
Path: /obj/item/organ/internal/liver
	qdel() Count: 5
	Destroy() Cost: 0.0786996ms
Path: /datum/component/twohanded
	qdel() Count: 4
	Destroy() Cost: 0.0779002ms
Path: /atom/movable/screen/plane_master/floor
	qdel() Count: 3
	Destroy() Cost: 0.0778099ms
Path: /obj/effect/landmark/latejoin
	qdel() Count: 3
	Destroy() Cost: 0.0764999ms
Path: /obj/item/organ/internal/eyes
	qdel() Count: 5
	Destroy() Cost: 0.0737996ms
Path: /datum/mood_event/fed
	qdel() Count: 2
	Destroy() Cost: 0.0698001ms
Path: /obj/structure/sign/poster/random
	qdel() Count: 2
	Destroy() Cost: 0.0687008ms
Path: /datum/religion_rites/standing/consent/sacrifice
	qdel() Count: 1
	Destroy() Cost: 0.0665009ms
Path: /datum/religion_rites/standing/consent/clownconversion
	qdel() Count: 1
	Destroy() Cost: 0.0661011ms
Path: /datum/religion_rites/standing/consent/invite
	qdel() Count: 1
	Destroy() Cost: 0.0645996ms
Path: /datum/religion_rites/standing/consent
	qdel() Count: 1
	Destroy() Cost: 0.0627014ms
Path: /datum/mood_event/puke
	qdel() Count: 2
	Destroy() Cost: 0.0620003ms
Path: /obj/random/foods/food_without_garbage
	qdel() Count: 4
	Destroy() Cost: 0.0598993ms
Path: /datum/reagent/aqueous_foam
	qdel() Count: 10
	Destroy() Cost: 0.0594773ms
Path: /atom/movable/screen/mood
	qdel() Count: 1
	Destroy() Cost: 0.0567001ms
Path: /atom/movable/screen/plane_master/camera_static
	qdel() Count: 3
	Destroy() Cost: 0.0504005ms
Path: /obj/effect/proc_holder/spell/blessing
	qdel() Count: 1
	Destroy() Cost: 0.0459991ms
Path: /obj/effect/landmark/corpse/unathicommander
	qdel() Count: 1
	Destroy() Cost: 0.0452995ms
Path: /obj/random/foods/drink_bottle
	qdel() Count: 2
	Destroy() Cost: 0.0452003ms
Path: /atom/movable/screen/plane_master/game_world
	qdel() Count: 3
	Destroy() Cost: 0.0436768ms
Path: /obj/random/vending/snack
	qdel() Count: 2
	Destroy() Cost: 0.0426989ms
Path: /atom/movable/screen/plane_master/blackness
	qdel() Count: 3
	Destroy() Cost: 0.0423927ms
Path: /atom/movable/screen/plane_master/rendering_plate/master
	qdel() Count: 3
	Destroy() Cost: 0.0409843ms
Path: /obj/effect/proc_holder/spell/targeted/area_teleport/teleport
	qdel() Count: 1
	Destroy() Cost: 0.0406982ms
Path: /atom/movable/screen/plane_master/rendering_plate/game_world
	qdel() Count: 3
	Destroy() Cost: 0.0402084ms
Path: /obj/random/foods/food_snack
	qdel() Count: 2
	Destroy() Cost: 0.0398989ms
Path: /obj/effect/proc_holder/spell/targeted/inflict_handler/blind
	qdel() Count: 2
	Destroy() Cost: 0.039798ms
Path: /obj/effect/proc_holder/spell/targeted/annihilate
	qdel() Count: 1
	Destroy() Cost: 0.0387024ms
Path: /obj/effect/proc_holder/spell/targeted/genetic/blind
	qdel() Count: 2
	Destroy() Cost: 0.0373016ms
Path: /atom/movable/screen/plane_master/game_world_above
	qdel() Count: 3
	Destroy() Cost: 0.0333168ms
Path: /atom/movable/screen/plane_master/fullscreen
	qdel() Count: 3
	Destroy() Cost: 0.0324013ms
Path: /datum/map_config
	qdel() Count: 1
	Destroy() Cost: 0.0311966ms
Path: /atom/movable/screen/plane_master/ghost
	qdel() Count: 3
	Destroy() Cost: 0.0305222ms
Path: /atom/movable/screen/plane_master/rendering_plate/above_game_world
	qdel() Count: 3
	Destroy() Cost: 0.0305206ms
Path: /atom/movable/screen/plane_master/rendering_plate/non_game
	qdel() Count: 3
	Destroy() Cost: 0.0302269ms
Path: /obj/effect/proc_holder/spell/aoe_turf/conjure/timestop
	qdel() Count: 1
	Destroy() Cost: 0.0298004ms
Path: /atom/movable/screen/plane_master/parallax_white
	qdel() Count: 3
	Destroy() Cost: 0.0297218ms
Path: /atom/movable/plane_master_controller/game
	qdel() Count: 3
	Destroy() Cost: 0.0294075ms
Path: /atom/movable/screen/plane_master/lighting
	qdel() Count: 3
	Destroy() Cost: 0.0293945ms
Path: /atom/movable/screen/plane_master/area
	qdel() Count: 3
	Destroy() Cost: 0.0288864ms
Path: /atom/movable/screen/plane_master/parallax
	qdel() Count: 3
	Destroy() Cost: 0.0288765ms
Path: /datum/mechanic_tip/clickplace
	qdel() Count: 7
	Destroy() Cost: 0.028801ms
Path: /obj/effect/landmark/espionage_start
	qdel() Count: 1
	Destroy() Cost: 0.0287018ms
Path: /atom/movable/screen/plane_master/gravpulse
	qdel() Count: 3
	Destroy() Cost: 0.0280869ms
Path: /atom/movable/screen/plane_master/ghost_illusion
	qdel() Count: 3
	Destroy() Cost: 0.0280823ms
Path: /atom/movable/screen/plane_master/rendering_plate
	qdel() Count: 3
	Destroy() Cost: 0.0279892ms
Path: /atom/movable/screen/plane_master/above_lighting
	qdel() Count: 3
	Destroy() Cost: 0.0278908ms
Path: /atom/movable/screen/plane_master/point
	qdel() Count: 3
	Destroy() Cost: 0.0274376ms
Path: /obj/effect/proc_holder/spell/targeted/area_teleport
	qdel() Count: 1
	Destroy() Cost: 0.027301ms
Path: /obj/effect/proc_holder/spell/targeted/ethereal_jaunt/phaseshift
	qdel() Count: 1
	Destroy() Cost: 0.0233002ms
Path: /obj/effect/proc_holder/spell/targeted/ethereal_jaunt/shadow_walk
	qdel() Count: 1
	Destroy() Cost: 0.0233002ms
Path: /obj/effect/proc_holder/spell/targeted/emplosion/disable_tech
	qdel() Count: 1
	Destroy() Cost: 0.022702ms
Path: /obj/effect/proc_holder/spell/targeted/barnyardcurse
	qdel() Count: 1
	Destroy() Cost: 0.0225006ms
Path: /obj/effect/proc_holder/spell/aoe_turf/conjure/soulstone
	qdel() Count: 1
	Destroy() Cost: 0.0222992ms
Path: /obj/effect/proc_holder/spell/turf/fireball
	qdel() Count: 1
	Destroy() Cost: 0.0216003ms
Path: /obj/effect/proc_holder/spell/targeted/inflict_handler/disintegrate
	qdel() Count: 1
	Destroy() Cost: 0.0213013ms
Path: /obj/effect/proc_holder/spell/targeted/hypnosis
	qdel() Count: 1
	Destroy() Cost: 0.0213013ms
Path: /obj/effect/proc_holder/spell/targeted/emplosion
	qdel() Count: 1
	Destroy() Cost: 0.0209991ms
Path: /obj/effect/proc_holder/spell/targeted/ethereal_jaunt/wizard
	qdel() Count: 1
	Destroy() Cost: 0.0205994ms
Path: /obj/effect/proc_holder/spell/no_target/air_plant
	qdel() Count: 1
	Destroy() Cost: 0.0205994ms
Path: /datum/atom_hud/alternate_appearance/basic/see_ghosts
	qdel() Count: 1
	Destroy() Cost: 0.0201996ms
Path: /obj/effect/proc_holder/spell/aoe_turf/conjure/summonEdSwarm
	qdel() Count: 1
	Destroy() Cost: 0.0199005ms
Path: /obj/effect/proc_holder/spell/aoe_turf/conjure/spawn_animal
	qdel() Count: 1
	Destroy() Cost: 0.0199005ms
Path: /obj/effect/proc_holder/spell/targeted/explosion/fireball
	qdel() Count: 1
	Destroy() Cost: 0.0197998ms
Path: /obj/effect/proc_holder/spell/aoe_turf/conjure/smoke
	qdel() Count: 1
	Destroy() Cost: 0.0197021ms
Path: /obj/effect/proc_holder/spell/no_target/lay_egg
	qdel() Count: 1
	Destroy() Cost: 0.0196991ms
Path: /obj/effect/proc_holder/spell/targeted/genetic/mutate
	qdel() Count: 1
	Destroy() Cost: 0.0196014ms
Path: /obj/effect/proc_holder/spell/aoe_turf/clown_joke
	qdel() Count: 1
	Destroy() Cost: 0.0195984ms
Path: /obj/effect/proc_holder/spell/targeted/shadowling_phase_shift
	qdel() Count: 1
	Destroy() Cost: 0.0195007ms
Path: /obj/effect/proc_holder/spell/targeted/ethereal_jaunt
	qdel() Count: 1
	Destroy() Cost: 0.0194ms
Path: /obj/effect/proc_holder/spell/targeted/shadowling_hivemind_ascendant
	qdel() Count: 1
	Destroy() Cost: 0.0194ms
Path: /datum/reagent/toxin/mindbreaker
	qdel() Count: 4
	Destroy() Cost: 0.0193996ms
Path: /datum/quirk/child_of_nature
	qdel() Count: 1
	Destroy() Cost: 0.0193ms
Path: /obj/effect/proc_holder/spell/no_target/weeds
	qdel() Count: 1
	Destroy() Cost: 0.0192993ms
Path: /obj/effect/proc_holder/spell/targeted/gnomecurse
	qdel() Count: 1
	Destroy() Cost: 0.0192017ms
Path: /obj/effect/proc_holder/spell/targeted/inflict_handler/magic_missile
	qdel() Count: 1
	Destroy() Cost: 0.0192017ms
Path: /obj/effect/proc_holder/spell/targeted/lighting_shock
	qdel() Count: 1
	Destroy() Cost: 0.0192017ms
Path: /obj/effect/proc_holder/spell/no_target/scribe_rune
	qdel() Count: 1
	Destroy() Cost: 0.0192017ms
Path: /obj/effect/proc_holder/spell/targeted/inflict_handler/fireball
	qdel() Count: 1
	Destroy() Cost: 0.0191986ms
Path: /obj/effect/proc_holder/spell/aoe_turf/hulk_gas
	qdel() Count: 1
	Destroy() Cost: 0.0191986ms
Path: /obj/effect/proc_holder/spell/targeted/explosion
	qdel() Count: 1
	Destroy() Cost: 0.019101ms
Path: /obj/effect/proc_holder/spell/aoe_turf/conjure/construct
	qdel() Count: 1
	Destroy() Cost: 0.019101ms
Path: /obj/effect/proc_holder/spell/aoe_turf/conjure/the_traps
	qdel() Count: 1
	Destroy() Cost: 0.019101ms
Path: /obj/effect/proc_holder/spell/aoe_turf/knock
	qdel() Count: 1
	Destroy() Cost: 0.019101ms
Path: /obj/effect/proc_holder/spell/aoe_turf/repulse
	qdel() Count: 1
	Destroy() Cost: 0.019101ms
Path: /obj/effect/proc_holder/spell/aoe_turf
	qdel() Count: 1
	Destroy() Cost: 0.019101ms
Path: /obj/effect/proc_holder/spell/no_target/charge/religion
	qdel() Count: 1
	Destroy() Cost: 0.019101ms
Path: /obj/effect/proc_holder/spell/no_target/resin
	qdel() Count: 1
	Destroy() Cost: 0.019101ms
Path: /obj/effect/proc_holder/spell/targeted/inflict_handler
	qdel() Count: 1
	Destroy() Cost: 0.0190002ms
Path: /obj/effect/proc_holder/spell/aoe_turf/conjure/carp
	qdel() Count: 1
	Destroy() Cost: 0.0190002ms
Path: /obj/effect/proc_holder/spell/aoe_turf/hulk_lazor
	qdel() Count: 1
	Destroy() Cost: 0.0190002ms
Path: /obj/effect/proc_holder/spell/no_target/mime_speak
	qdel() Count: 1
	Destroy() Cost: 0.0190002ms
Path: /obj/effect/proc_holder/spell/targeted/genetic
	qdel() Count: 1
	Destroy() Cost: 0.0189972ms
Path: /obj/effect/proc_holder/spell/no_target/spawn_bible
	qdel() Count: 1
	Destroy() Cost: 0.0189972ms
Path: /obj/effect/proc_holder/spell/aoe_turf/conjure/construct/lesser
	qdel() Count: 1
	Destroy() Cost: 0.0188995ms
Path: /obj/effect/proc_holder/spell/aoe_turf/conjure/wall
	qdel() Count: 1
	Destroy() Cost: 0.0188995ms
Path: /obj/effect/proc_holder/spell/aoe_turf/drainLife
	qdel() Count: 1
	Destroy() Cost: 0.0188995ms
Path: /obj/effect/proc_holder/spell/aoe_turf/hulk_mill
	qdel() Count: 1
	Destroy() Cost: 0.0188995ms
Path: /obj/effect/proc_holder/spell/targeted/forcewall/mimewall
	qdel() Count: 1
	Destroy() Cost: 0.0187988ms
Path: /obj/effect/proc_holder/spell/aoe_turf/veil
	qdel() Count: 1
	Destroy() Cost: 0.0187988ms
Path: /obj/effect/proc_holder/spell/aoe_turf/glacial_blast
	qdel() Count: 1
	Destroy() Cost: 0.0187012ms
Path: /obj/effect/proc_holder/spell/aoe_turf/hulk_smash
	qdel() Count: 1
	Destroy() Cost: 0.0187012ms
Path: /obj/effect/proc_holder/spell/aoe_turf/HulkHONK
	qdel() Count: 1
	Destroy() Cost: 0.0187012ms
Path: /obj/random/foods/drink_can
	qdel() Count: 1
	Destroy() Cost: 0.0187006ms
Path: /obj/effect/proc_holder/spell/aoe_turf/conjure/floor
	qdel() Count: 1
	Destroy() Cost: 0.0186005ms
Path: /obj/effect/proc_holder/spell/aoe_turf/hulk_spit
	qdel() Count: 1
	Destroy() Cost: 0.0186005ms
Path: /obj/effect/proc_holder/spell/turf
	qdel() Count: 1
	Destroy() Cost: 0.0186005ms
Path: /obj/effect/proc_holder/spell/aoe_turf/conjure/creature
	qdel() Count: 1
	Destroy() Cost: 0.0184998ms
Path: /obj/effect/proc_holder/spell/aoe_turf/conjure/lesserforcewall
	qdel() Count: 1
	Destroy() Cost: 0.0184998ms
Path: /obj/effect/proc_holder/spell/aoe_turf/flashfreeze
	qdel() Count: 1
	Destroy() Cost: 0.0184998ms
Path: /obj/effect/proc_holder/spell/aoe_turf/unearthly_screech
	qdel() Count: 1
	Destroy() Cost: 0.0184998ms
Path: /obj/effect/proc_holder/spell/aoe_turf/hulk_jump
	qdel() Count: 1
	Destroy() Cost: 0.0184998ms
Path: /obj/effect/proc_holder/spell/no_target/charge
	qdel() Count: 1
	Destroy() Cost: 0.0184998ms
Path: /obj/effect/proc_holder/spell/no_target/food
	qdel() Count: 1
	Destroy() Cost: 0.0184998ms
Path: /obj/effect/proc_holder/spell/no_target/infection/obcurse
	qdel() Count: 1
	Destroy() Cost: 0.018399ms
Path: /obj/effect/proc_holder/spell/aoe_turf/conjure
	qdel() Count: 1
	Destroy() Cost: 0.0183014ms
Path: /obj/effect/proc_holder/spell/aoe_turf/hulk_eat
	qdel() Count: 1
	Destroy() Cost: 0.0183014ms
Path: /obj/effect/proc_holder/spell/no_target/rot
	qdel() Count: 1
	Destroy() Cost: 0.0182983ms
Path: /obj/effect/proc_holder/spell/no_target/memorize_rune
	qdel() Count: 1
	Destroy() Cost: 0.0181976ms
Path: /obj/effect/proc_holder/spell/targeted/xeno_whisp
	qdel() Count: 1
	Destroy() Cost: 0.0179993ms
Path: /obj/effect/proc_holder/spell/aoe_turf/hulk_dash
	qdel() Count: 1
	Destroy() Cost: 0.0178986ms
Path: /obj/effect/proc_holder/spell/no_target/infection
	qdel() Count: 1
	Destroy() Cost: 0.0178986ms
Path: /obj/effect/proc_holder/spell/no_target/hide
	qdel() Count: 1
	Destroy() Cost: 0.0178986ms
Path: /obj/effect/proc_holder/spell/dumbfire
	qdel() Count: 1
	Destroy() Cost: 0.0178986ms
Path: /obj/effect/proc_holder/spell/targeted
	qdel() Count: 1
	Destroy() Cost: 0.0177979ms
Path: /obj/effect/proc_holder/spell/targeted/screech
	qdel() Count: 1
	Destroy() Cost: 0.0176971ms
Path: /obj/effect/proc_holder/spell/targeted/heal
	qdel() Count: 1
	Destroy() Cost: 0.0175995ms
Path: /obj/effect/proc_holder/spell/targeted/transfer_plasma
	qdel() Count: 1
	Destroy() Cost: 0.0175995ms
Path: /obj/effect/proc_holder/spell/no_target/evolve_to_queen
	qdel() Count: 1
	Destroy() Cost: 0.0175995ms
Path: /obj/effect/proc_holder/spell/targeted/trigger
	qdel() Count: 1
	Destroy() Cost: 0.0174988ms
Path: /obj/effect/proc_holder/spell/no_target/larva_evolve
	qdel() Count: 1
	Destroy() Cost: 0.0174011ms
Path: /obj/effect/proc_holder/spell/dumbfire/fireball
	qdel() Count: 1
	Destroy() Cost: 0.0174011ms
Path: /obj/effect/proc_holder/spell/no_target/grease
	qdel() Count: 1
	Destroy() Cost: 0.0173981ms
Path: /obj/effect/proc_holder/spell/targeted/mind_transfer
	qdel() Count: 1
	Destroy() Cost: 0.0173004ms
Path: /obj/effect/proc_holder/spell/targeted/shadowlingAscendantTransmit
	qdel() Count: 1
	Destroy() Cost: 0.0173004ms
Path: /obj/effect/proc_holder/spell/targeted/zombie_findbrains
	qdel() Count: 1
	Destroy() Cost: 0.0172028ms
Path: /obj/effect/proc_holder/spell/targeted/forcewall
	qdel() Count: 1
	Destroy() Cost: 0.0171021ms
Path: /obj/effect/proc_holder/spell/targeted/projectile/magic_missile
	qdel() Count: 1
	Destroy() Cost: 0.017099ms
Path: /obj/effect/proc_holder/spell/targeted/heal/damage
	qdel() Count: 1
	Destroy() Cost: 0.017099ms
Path: /obj/effect/proc_holder/spell/targeted/summonitem
	qdel() Count: 1
	Destroy() Cost: 0.017099ms
Path: /obj/effect/proc_holder/spell/targeted/projectile
	qdel() Count: 1
	Destroy() Cost: 0.0169006ms
Path: /obj/effect/proc_holder/spell/targeted/turf_teleport
	qdel() Count: 1
	Destroy() Cost: 0.0169006ms
Path: /obj/effect/proc_holder/spell/targeted/collective_mind
	qdel() Count: 1
	Destroy() Cost: 0.0169006ms
Path: /obj/effect/proc_holder/spell/targeted/spacetime_dist
	qdel() Count: 1
	Destroy() Cost: 0.0167999ms
Path: /obj/effect/proc_holder/spell/no_target/syndi_drone/smoke
	qdel() Count: 1
	Destroy() Cost: 0.0167999ms
Path: /obj/effect/proc_holder/spell/no_target/syndi_drone
	qdel() Count: 1
	Destroy() Cost: 0.0167999ms
Path: /obj/effect/proc_holder/spell/targeted/glare
	qdel() Count: 1
	Destroy() Cost: 0.0166016ms
Path: /obj/effect/proc_holder/spell/no_target/syndi_drone/boost
	qdel() Count: 1
	Destroy() Cost: 0.0166016ms
Path: /obj/effect/proc_holder/spell/no_target
	qdel() Count: 1
	Destroy() Cost: 0.0166016ms
Path: /obj/effect/proc_holder/spell/in_hand
	qdel() Count: 1
	Destroy() Cost: 0.0166016ms
Path: /obj/effect/proc_holder/spell/targeted/communicate/fastener
	qdel() Count: 1
	Destroy() Cost: 0.0165009ms
Path: /obj/effect/proc_holder/spell/targeted/communicate
	qdel() Count: 1
	Destroy() Cost: 0.0165009ms
Path: /obj/effect/proc_holder/spell/targeted/reviveThrall
	qdel() Count: 1
	Destroy() Cost: 0.0165009ms
Path: /obj/effect/proc_holder/spell/in_hand/fireball
	qdel() Count: 1
	Destroy() Cost: 0.0165009ms
Path: /obj/effect/proc_holder/spell/in_hand/res_touch
	qdel() Count: 1
	Destroy() Cost: 0.0165009ms
Path: /obj/effect/proc_holder/spell/targeted/smoke
	qdel() Count: 1
	Destroy() Cost: 0.0164001ms
Path: /obj/effect/proc_holder/spell/in_hand/heal
	qdel() Count: 1
	Destroy() Cost: 0.0164001ms
Path: /obj/effect/proc_holder/spell/targeted/turf_teleport/blink
	qdel() Count: 1
	Destroy() Cost: 0.0163971ms
Path: /obj/effect/proc_holder/spell/targeted/shadowling_hivemind
	qdel() Count: 1
	Destroy() Cost: 0.0162994ms
Path: /obj/effect/proc_holder/spell/targeted/shadowling_regenarmor
	qdel() Count: 1
	Destroy() Cost: 0.0162994ms
Path: /obj/effect/proc_holder/spell/in_hand/tesla
	qdel() Count: 1
	Destroy() Cost: 0.0162994ms
Path: /obj/effect/proc_holder/spell/in_hand/arcane_barrage
	qdel() Count: 1
	Destroy() Cost: 0.0162994ms
Path: /obj/effect/proc_holder/spell/targeted/blindness_smoke
	qdel() Count: 1
	Destroy() Cost: 0.0162018ms
Path: /obj/effect/proc_holder/spell/targeted/enthrall
	qdel() Count: 1
	Destroy() Cost: 0.016098ms
Path: /datum/recipe/microwave/human
	qdel() Count: 3
	Destroy() Cost: 0.0143032ms
Path: /datum/mechanic_tip/twohanded/required
	qdel() Count: 4
	Destroy() Cost: 0.0136998ms
Path: /datum/religion_rites/instant/chaplain/death_alarm
	qdel() Count: 1
	Destroy() Cost: 0.0130981ms
Path: /datum/quirk/light_step
	qdel() Count: 1
	Destroy() Cost: 0.0118001ms
Path: /datum/quirk/fast_equip
	qdel() Count: 1
	Destroy() Cost: 0.0103ms
Path: /datum/quirk/multitasking
	qdel() Count: 1
	Destroy() Cost: 0.00950003ms
Path: /datum/quirk/strong_mind
	qdel() Count: 1
	Destroy() Cost: 0.00950003ms
Path: /datum/quirk/alcohol_tolerance
	qdel() Count: 1
	Destroy() Cost: 0.00940001ms
Path: /datum/quirk/tourette
	qdel() Count: 1
	Destroy() Cost: 0.00880003ms
Path: /datum/quirk/no_taste
	qdel() Count: 1
	Destroy() Cost: 0.00880003ms
Path: /datum/quirk/light_drinker
	qdel() Count: 1
	Destroy() Cost: 0.00870013ms
Path: /datum/quirk/nyctophobia
	qdel() Count: 1
	Destroy() Cost: 0.00870013ms
Path: /datum/quirk/freerunning
	qdel() Count: 1
	Destroy() Cost: 0.00870001ms
Path: /datum/quirk/genetic_degradation
	qdel() Count: 1
	Destroy() Cost: 0.00869989ms
Path: /datum/religion_rites/instant/cult/emp
	qdel() Count: 1
	Destroy() Cost: 0.00859985ms
Path: /datum/reagent/water
	qdel() Count: 1
	Destroy() Cost: 0.00854492ms
Path: /datum/quirk/deafness
	qdel() Count: 1
	Destroy() Cost: 0.0085001ms
Path: /datum/quirk/high_pain_threshold
	qdel() Count: 1
	Destroy() Cost: 0.0085001ms
Path: /datum/quirk/stress_eater
	qdel() Count: 1
	Destroy() Cost: 0.00839996ms
Path: /datum/quirk/blindness
	qdel() Count: 1
	Destroy() Cost: 0.00839996ms
Path: /datum/quirk/nervous
	qdel() Count: 1
	Destroy() Cost: 0.00820017ms
Path: /datum/quirk/fatness
	qdel() Count: 1
	Destroy() Cost: 0.00820017ms
Path: /datum/religion_rites/standing/food
	qdel() Count: 1
	Destroy() Cost: 0.00820007ms
Path: /datum/quirk/mute
	qdel() Count: 1
	Destroy() Cost: 0.00819993ms
Path: /datum/quirk/epileptic
	qdel() Count: 1
	Destroy() Cost: 0.00819993ms
Path: /datum/quirk/daltonism
	qdel() Count: 1
	Destroy() Cost: 0.00819993ms
Path: /datum/quirk/nearsighted
	qdel() Count: 1
	Destroy() Cost: 0.00810003ms
Path: /datum/quirk/cough
	qdel() Count: 1
	Destroy() Cost: 0.00810003ms
Path: /datum/religion_rites/standing/legacy/charge
	qdel() Count: 1
	Destroy() Cost: 0.00800171ms
Path: /datum/quirk/low_pain_threshold
	qdel() Count: 1
	Destroy() Cost: 0.0079999ms
Path: /datum/religion_rites/instant/chaplain
	qdel() Count: 1
	Destroy() Cost: 0.00799866ms
Path: /datum/aspect/death
	qdel() Count: 1
	Destroy() Cost: 0.007901ms
Path: /datum/religion_rites/standing/swap/devaluation
	qdel() Count: 1
	Destroy() Cost: 0.00710144ms
Path: /datum/quality/negativeish
	qdel() Count: 1
	Destroy() Cost: 0.00709915ms
Path: /datum/religion_rites/instant/impose_deaf
	qdel() Count: 1
	Destroy() Cost: 0.00709839ms
Path: /datum/religion_rites/instant
	qdel() Count: 1
	Destroy() Cost: 0.00700073ms
Path: /datum/religion_rites/pedestals/cult/narsie
	qdel() Count: 1
	Destroy() Cost: 0.00699768ms
Path: /datum/religion_rites/standing/legacy
	qdel() Count: 1
	Destroy() Cost: 0.00690002ms
Path: /datum/religion_rites/pedestals/cult/cult_portal
	qdel() Count: 1
	Destroy() Cost: 0.00669861ms
Path: /datum/religion_rites/instant/cult/sacrifice
	qdel() Count: 1
	Destroy() Cost: 0.00650024ms
Path: /datum/religion_rites/instant/cult/drain_torture
	qdel() Count: 1
	Destroy() Cost: 0.00650024ms
Path: /datum/religion_rites/pedestals/cult
	qdel() Count: 1
	Destroy() Cost: 0.00639954ms
Path: /datum/religion_rites/standing/pray
	qdel() Count: 1
	Destroy() Cost: 0.00639954ms
Path: /datum/religion_rites/instant/impose_blind
	qdel() Count: 1
	Destroy() Cost: 0.00620117ms
Path: /datum/religion_rites/instant/impose_stun
	qdel() Count: 1
	Destroy() Cost: 0.00620117ms
Path: /datum/religion_rites/pedestals/cult/make_skeleton
	qdel() Count: 1
	Destroy() Cost: 0.00620117ms
Path: /datum/religion_rites/standing/animation
	qdel() Count: 1
	Destroy() Cost: 0.00619812ms
Path: /datum/religion_rites/standing/illuminate
	qdel() Count: 1
	Destroy() Cost: 0.00619812ms
Path: /datum/religion_rites/instant/cult/convert
	qdel() Count: 1
	Destroy() Cost: 0.00599976ms
Path: /datum/religion_rites/instant/cult/raise_torture
	qdel() Count: 1
	Destroy() Cost: 0.00599976ms
Path: /datum/religion_rites/instant/cult/give_forcearmor
	qdel() Count: 1
	Destroy() Cost: 0.00599976ms
Path: /datum/religion_rites/pedestals
	qdel() Count: 1
	Destroy() Cost: 0.00599976ms
Path: /datum/religion_rites/standing/spook
	qdel() Count: 1
	Destroy() Cost: 0.00599976ms
Path: /datum/religion_rites/instant/cult/create_slave
	qdel() Count: 1
	Destroy() Cost: 0.0059021ms
Path: /datum/religion_rites/instant/cult/summon_acolyt
	qdel() Count: 1
	Destroy() Cost: 0.00589905ms
Path: /datum/religion_rites/standing/honk
	qdel() Count: 1
	Destroy() Cost: 0.00589905ms
Path: /datum/religion_rites/instant/cult/brainswap
	qdel() Count: 1
	Destroy() Cost: 0.00580139ms
Path: /datum/religion_rites/instant/cult/upgrade_tome
	qdel() Count: 1
	Destroy() Cost: 0.00580139ms
Path: /datum/religion_rites/instant/communicate
	qdel() Count: 1
	Destroy() Cost: 0.00580139ms
Path: /datum/religion_rites/standing/revive_animal
	qdel() Count: 1
	Destroy() Cost: 0.00580139ms
Path: /datum/religion_rites/instant/cult
	qdel() Count: 1
	Destroy() Cost: 0.00549927ms
Path: /datum/religion_rites/standing/swap/upgrade
	qdel() Count: 1
	Destroy() Cost: 0.0053009ms
Path: /datum/recipe/grill/human
	qdel() Count: 1
	Destroy() Cost: 0.00510025ms
Path: /datum/aspect/science
	qdel() Count: 1
	Destroy() Cost: 0.00489807ms
Path: /datum/religion_sect/preset/chaplain/puritanism
	qdel() Count: 1
	Destroy() Cost: 0.00440063ms
Path: /datum/aspect/greed
	qdel() Count: 1
	Destroy() Cost: 0.00439758ms
Path: /datum/aspect/food
	qdel() Count: 1
	Destroy() Cost: 0.00429993ms
Path: /datum/aspect/weapon
	qdel() Count: 1
	Destroy() Cost: 0.00429993ms
Path: /datum/aspect/conjure
	qdel() Count: 1
	Destroy() Cost: 0.00420227ms
Path: /datum/aspect/lightbending/darkness
	qdel() Count: 1
	Destroy() Cost: 0.00420227ms
Path: /datum/religion_sect/custom/chaplain
	qdel() Count: 1
	Destroy() Cost: 0.00410156ms
Path: /datum/aspect/lightbending
	qdel() Count: 1
	Destroy() Cost: 0.00409851ms
Path: /datum/aspect/mystic
	qdel() Count: 1
	Destroy() Cost: 0.00400085ms
Path: /datum/aspect/chaos
	qdel() Count: 1
	Destroy() Cost: 0.00400085ms
Path: /datum/aspect/lightbending/light
	qdel() Count: 1
	Destroy() Cost: 0.00400085ms
Path: /datum/aspect/rescue
	qdel() Count: 1
	Destroy() Cost: 0.0039978ms
Path: /datum/aspect/technology
	qdel() Count: 1
	Destroy() Cost: 0.0039978ms
Path: /datum/quality/positiveish
	qdel() Count: 1
	Destroy() Cost: 0.00390053ms
Path: /datum/religion_rites/standing/swap
	qdel() Count: 1
	Destroy() Cost: 0.00390015ms
Path: /datum/religion_rites/standing
	qdel() Count: 1
	Destroy() Cost: 0.00390015ms
Path: /datum/aspect/resources
	qdel() Count: 1
	Destroy() Cost: 0.00390015ms
Path: /datum/aspect/wacky
	qdel() Count: 1
	Destroy() Cost: 0.00379944ms
Path: /datum/religion_sect/preset/chaplain/bloodgods
	qdel() Count: 1
	Destroy() Cost: 0.00360107ms
Path: /datum/quality/clumsy
	qdel() Count: 1
	Destroy() Cost: 0.00359917ms
Path: /datum/religion_sect/preset/chaplain/technophile
	qdel() Count: 1
	Destroy() Cost: 0.00350037ms
Path: /datum/quality/quirkieish
	qdel() Count: 1
	Destroy() Cost: 0.00329971ms
Path: /datum/religion_sect/preset/chaplain/clown
	qdel() Count: 1
	Destroy() Cost: 0.00329895ms
Path: /datum
	qdel() Count: 1
	Destroy() Cost: 0ms
