[01:40:12] Server '' starting up on 26.166.93.76:50300
[01:40:15]GAME: Tree Asteroid loaded at (197,189,4)
[01:40:15]GAME: listening_post loaded at (121,37,4)
[01:40:15]GAME: ghost_ship_1 loaded at (201,35,4)
[01:40:15]GAME: Derelict Teleporter loaded at (47,199,4)
[01:40:15]GAME: cloning_lab loaded at (113,227,4)
[01:40:15]GAME: syndicate_fighter loaded at (185,137,4)
[01:40:15]GAME: NASA satellite loaded at (155,158,3)
[01:41:03]ADMIN: fatfat/(FatFat) has started the game.
[01:41:05]MODE: Current master mode is extended
[01:41:05]DEBUG: Next event of severity RoundStart in 0 minutes.
[01:41:05]GAME: RoundStart Event: Selected areas is nothing
[01:41:05]DEBUG: Starting event 'Broken Airlocks' of severity RoundStart.
[01:41:05]DEBUG: Next event of severity RoundStart in 0 minutes.
[01:41:05]DEBUG: Starting event 'Roundstart Nothing' of severity RoundStart.
[01:41:05]DEBUG: Next event of severity RoundStart in 0 minutes.
[01:41:05]GAME: RoundStart Event: Selected areas is nothing
[01:41:05]DEBUG: Starting event 'Medical Mess' of severity RoundStart.
[01:41:05]GAME: ANTAG LIST:
no antagonists this moment
[01:41:06]DEBUG: Event 'Broken Airlocks' has completed at 12:00.
[01:41:06]DEBUG: Event 'Roundstart Nothing' has completed at 12:00.
[01:41:06]DEBUG: Event 'Medical Mess' has completed at 12:00.
[01:41:06]DEBUG: Next event of severity Mundane in 13.874 minutes.
[01:41:06]DEBUG: Next event of severity Moderate in 51.068 minutes.
[01:41:06]DEBUG: Next event of severity Major in 53.155 minutes.
[01:41:27] Graceful shutdown
