[19:21:08] Server '' starting up on 26.166.93.76:62914
[19:21:11]GAME: Abandoned Ship loaded at (96,202,4)
[19:21:11]GAME: Space Toilet loaded at (24,138,4)
[19:21:11]GAME: Clown Shuttle loaded at (95,91,3)
[19:21:11]GAME: Derelict Teleporter loaded at (190,208,3)
[19:21:12]GAME: Derelict Station loaded at (95,48,4)
[19:21:12]GAME: agrosphere loaded at (174,163,4)
[19:21:12]GAME: iss loaded at (34,95,3)
[19:21:42]SAY: *no key*/(Runtime) : [Space]: Зафиксирована аномалия #126. Пожалуйста, отойдите подальше.
[19:21:44]GAME: fatfat/(FatFat) used abandon mob.
[19:21:46]ADMIN: fatfat/(new player) has started the game.
[19:21:48]MODE: Current master mode is extended
[19:21:49]DEBUG: Next event of severity RoundStart in 0 minutes.
[19:21:49]DEBUG: Starting event 'Roundstart Nothing' of severity RoundStart.
[19:21:49]GAME: ANTAG LIST:
no antagonists this moment
[19:21:49]DEBUG: Event 'Roundstart Nothing' has completed at 12:00.
[19:21:49]DEBUG: Next event of severity Mundane in 15.354 minutes.
[19:21:49]DEBUG: Next event of severity Moderate in 51.586 minutes.
[19:21:49]DEBUG: Next event of severity Major in 58.0817 minutes.
[19:22:11]SAY: *no key*/(Runtime) : [Space]: Esp!
[19:22:36]ADMIN: fatfat/(Vaughn Lacon) modified READ ME!!'s anchored to 1
[19:22:41] Graceful shutdown
