[20:31:57] Server '' starting up on 26.166.93.76:49228
[20:31:59]GAME: Tree Asteroid loaded at (175,162,4)
[20:31:59]GAME: delivery_shuttle loaded at (185,213,3)
[20:31:59]GAME: ghost_ship_2 loaded at (35,137,3)
[20:31:59]GAME: Derelict Teleporter loaded at (64,204,3)
[20:31:59]GAME: Abandoned Ship loaded at (101,180,4)
[20:32:00]GAME: DJ Station loaded at (129,29,3)
[20:32:00]GAME: planetarium loaded at (77,71,3)
[20:32:20]ADMIN: fatfat/(FatFat) has started the game.
[20:32:22]MODE: Current master mode is extended
[20:32:23]DEBUG: Next event of severity RoundStart in 0 minutes.
[20:32:23]DEBUG: Starting event 'Roundstart Nothing' of severity RoundStart.
[20:32:23]GAME: ANTAG LIST:
no antagonists this moment
[20:32:23]DEBUG: Event 'Roundstart Nothing' has completed at 12:00.
[20:32:23]DEBUG: Next event of severity Mundane in 14.28 minutes.
[20:32:23]DEBUG: Next event of severity Moderate in 39.324 minutes.
[20:32:23]DEBUG: Next event of severity Major in 65.9883 minutes.
[20:32:32]ADMIN: fatfat/(Gage Ackerley) created a /obj/effect/portal/tsci_wormhole/hub
[20:32:34]ADMIN: fatfat/(Gage Ackerley) created a /obj/effect/portal/tsci_wormhole/hub
[20:32:41] Graceful shutdown
