[00:56:47] Server '' starting up on 26.166.93.76:64558
[00:56:50]GAME: Tree Asteroid loaded at (205,41,3)
[00:56:50]GAME: Derelict Teleporter loaded at (34,29,3)
[00:56:50]GAME: NT Ships Squad loaded at (169,181,4)
[00:56:51]GAME: Derelict Station loaded at (100,94,3)
[00:56:51]GAME: cloning_lab loaded at (44,66,4)
[00:56:51]GAME: delivery_shuttle loaded at (206,222,3)
[00:56:51]GAME: DJ Station loaded at (99,202,4)
[00:57:03]ADMIN: fatfat/(FatFat) will begin the game as soon as possible.
[00:57:05]ADMIN: fatfat/(FatFat) will begin the game as normal.
[00:57:13]ADMIN: fatfat/(FatFat) has started the game.
[00:57:16]MODE: Current master mode is extended
[00:57:16]DEBUG: Next event of severity RoundStart in 0 minutes.
[00:57:16]DEBUG: Starting event 'Roundstart Nothing' of severity RoundStart.
[00:57:16]DEBUG: Next event of severity RoundStart in 0 minutes.
[00:57:16]DEBUG: Starting event 'Forgotten Cleaners' of severity RoundStart.
[00:57:16]GAME: ANTAG LIST:
no antagonists this moment
[00:57:16]DEBUG: Event 'Roundstart Nothing' has completed at 12:00.
[00:57:16]GAME: RoundStart Event: All cleaners have been deleted.
[00:57:16]GAME: RoundStart Event: All cleaners have been deleted.
[00:57:16]DEBUG: Event 'Forgotten Cleaners' has completed at 12:00.
[00:57:16]DEBUG: Next event of severity Mundane in 14.12 minutes.
[00:57:16]DEBUG: Next event of severity Moderate in 40.178 minutes.
[00:57:16]DEBUG: Next event of severity Major in 69.2267 minutes.
[00:57:37] Graceful shutdown
