Path: /obj/effect/landmark/latejoin
	qdel() Count: 3
	Destroy() Cost: 14.8364ms
Path: /datum/timedevent
	qdel() Count: 201
	Destroy() Cost: 5.28461ms
Path: /obj/effect/effect/sparks
	qdel() Count: 20
	Destroy() Cost: 2.2806ms
Path: /datum/light_source
	qdel() Count: 20
	Destroy() Cost: 1.3515ms
Path: /datum/component/rite/spawn_item
	qdel() Count: 11
	Destroy() Cost: 1.0718ms
Path: /obj/item/weapon/flora/random
	qdel() Count: 4
	Destroy() Cost: 0.762501ms
Path: /mob/dead/new_player
	qdel() Count: 1
	Destroy() Cost: 0.598096ms
Path: /datum/hud
	qdel() Count: 1
	Destroy() Cost: 0.544287ms
Path: /obj/item/weapon/storage/backpack
	qdel() Count: 2
	Destroy() Cost: 0.491608ms
Path: /datum/component/rite/consent
	qdel() Count: 5
	Destroy() Cost: 0.267598ms
Path: /datum/component/clickplace
	qdel() Count: 3
	Destroy() Cost: 0.247898ms
Path: /obj/effect/proc_holder/spell/targeted/trigger/blind
	qdel() Count: 1
	Destroy() Cost: 0.216299ms
Path: /datum/component/mechanic_desc
	qdel() Count: 7
	Destroy() Cost: 0.199297ms
Path: /datum/religion_rites/instant/spawn_item/cult/talisman
	qdel() Count: 1
	Destroy() Cost: 0.1703ms
Path: /obj/effect/landmark/corpse/scientist
	qdel() Count: 4
	Destroy() Cost: 0.166305ms
Path: /datum/religion_rites/standing/spawn_item/call_animal
	qdel() Count: 1
	Destroy() Cost: 0.1474ms
Path: /datum/religion_rites/standing/spawn_item/banana
	qdel() Count: 1
	Destroy() Cost: 0.138499ms
Path: /obj/item/clothing/shoes/black
	qdel() Count: 1
	Destroy() Cost: 0.13623ms
Path: /datum/religion_rites/standing/spawn_item/banana_ore
	qdel() Count: 1
	Destroy() Cost: 0.1332ms
Path: /datum/religion_rites/instant/spawn_item/cult/soulstone
	qdel() Count: 1
	Destroy() Cost: 0.1248ms
Path: /datum/religion_rites/instant/spawn_item/cult/constructshell
	qdel() Count: 1
	Destroy() Cost: 0.122ms
Path: /datum/religion_rites/standing/spawn_item/talisman
	qdel() Count: 1
	Destroy() Cost: 0.121799ms
Path: /obj/item/stack/cable_coil/random
	qdel() Count: 4
	Destroy() Cost: 0.119737ms
Path: /datum/religion_rites/standing/spawn_item/create_sword
	qdel() Count: 1
	Destroy() Cost: 0.119199ms
Path: /datum/religion_rites/standing/spawn_item
	qdel() Count: 1
	Destroy() Cost: 0.1146ms
Path: /datum/religion_rites/instant/spawn_item/cult
	qdel() Count: 1
	Destroy() Cost: 0.114099ms
Path: /obj/item/clothing/under/color/black
	qdel() Count: 1
	Destroy() Cost: 0.112207ms
Path: /datum/religion_rites/instant/spawn_item
	qdel() Count: 1
	Destroy() Cost: 0.111299ms
Path: /obj/effect/proc_holder/spell/targeted/inflict_handler/fireball
	qdel() Count: 1
	Destroy() Cost: 0.108902ms
Path: /obj/effect/proc_holder/spell/targeted/heal
	qdel() Count: 1
	Destroy() Cost: 0.108398ms
Path: /obj/effect/overlay/blurb
	qdel() Count: 1
	Destroy() Cost: 0.107ms
Path: /obj/effect/proc_holder/spell/targeted/inflict_handler/blind
	qdel() Count: 2
	Destroy() Cost: 0.1064ms
Path: /datum/religion_rites/standing/consent/synthconversion
	qdel() Count: 1
	Destroy() Cost: 0.0983002ms
Path: /datum/callback
	qdel() Count: 12
	Destroy() Cost: 0.0979981ms
Path: /obj/effect/temp_visual/sparkles
	qdel() Count: 1
	Destroy() Cost: 0.0958ms
Path: /datum/component/tactical
	qdel() Count: 4
	Destroy() Cost: 0.0952044ms
Path: /datum/religion_rites/standing/consent/sacrifice
	qdel() Count: 1
	Destroy() Cost: 0.0949997ms
Path: /datum/component/twohanded
	qdel() Count: 4
	Destroy() Cost: 0.0872974ms
Path: /obj/effect/proc_holder/spell/targeted/genetic/blind
	qdel() Count: 2
	Destroy() Cost: 0.0813995ms
Path: /datum/religion_rites/standing/consent/clownconversion
	qdel() Count: 1
	Destroy() Cost: 0.0806992ms
Path: /datum/religion_rites/standing/consent/invite
	qdel() Count: 1
	Destroy() Cost: 0.0766998ms
Path: /obj/effect/proc_holder/spell/no_target/memorize_rune
	qdel() Count: 1
	Destroy() Cost: 0.0757996ms
Path: /datum/religion_rites/standing/consent
	qdel() Count: 1
	Destroy() Cost: 0.0750992ms
Path: /obj/random/vending/snack
	qdel() Count: 3
	Destroy() Cost: 0.0709ms
Path: /datum/modval_modifier
	qdel() Count: 12
	Destroy() Cost: 0.0707965ms
Path: /obj/effect/proc_holder/spell/targeted/area_teleport/teleport
	qdel() Count: 1
	Destroy() Cost: 0.0699005ms
Path: /datum/browser
	qdel() Count: 2
	Destroy() Cost: 0.0665009ms
Path: /obj/effect/proc_holder/spell/no_target/weeds
	qdel() Count: 1
	Destroy() Cost: 0.0616974ms
Path: /obj/effect/temp_visual/pulse
	qdel() Count: 1
	Destroy() Cost: 0.0548996ms
Path: /obj/effect/proc_holder/spell/targeted/inflict_handler
	qdel() Count: 1
	Destroy() Cost: 0.0502991ms
Path: /obj/effect/proc_holder/spell/targeted/forcewall/mimewall
	qdel() Count: 1
	Destroy() Cost: 0.0477997ms
Path: /obj/effect/proc_holder/spell/targeted/lighting_shock
	qdel() Count: 1
	Destroy() Cost: 0.0471008ms
Path: /obj/effect/proc_holder/spell/targeted/area_teleport
	qdel() Count: 1
	Destroy() Cost: 0.0468994ms
Path: /obj/effect/proc_holder/spell/targeted/shadowling_hivemind
	qdel() Count: 1
	Destroy() Cost: 0.0462006ms
Path: /obj/effect/proc_holder/spell/targeted/barnyardcurse
	qdel() Count: 1
	Destroy() Cost: 0.0457001ms
Path: /atom/movable/screen/fullscreen/oxy
	qdel() Count: 1
	Destroy() Cost: 0.0455ms
Path: /obj/effect/proc_holder/spell/aoe_turf/hulk_gas
	qdel() Count: 1
	Destroy() Cost: 0.0446991ms
Path: /obj/effect/proc_holder/spell/no_target/lay_egg
	qdel() Count: 1
	Destroy() Cost: 0.0444ms
Path: /obj/effect/proc_holder/spell/targeted/heal/damage
	qdel() Count: 1
	Destroy() Cost: 0.0440002ms
Path: /obj/effect/proc_holder/spell/no_target/scribe_rune
	qdel() Count: 1
	Destroy() Cost: 0.0440002ms
Path: /obj/effect/proc_holder/spell/targeted/xeno_whisp
	qdel() Count: 1
	Destroy() Cost: 0.0438995ms
Path: /obj/effect/proc_holder/spell/targeted/mind_transfer
	qdel() Count: 1
	Destroy() Cost: 0.0432007ms
Path: /obj/effect/proc_holder/spell/targeted/forcewall
	qdel() Count: 1
	Destroy() Cost: 0.0428009ms
Path: /obj/effect/proc_holder/spell/targeted/projectile
	qdel() Count: 1
	Destroy() Cost: 0.0428009ms
Path: /obj/effect/proc_holder/spell/targeted
	qdel() Count: 1
	Destroy() Cost: 0.0428009ms
Path: /obj/effect/proc_holder/spell/aoe_turf/conjure/the_traps
	qdel() Count: 1
	Destroy() Cost: 0.0425995ms
Path: /obj/effect/proc_holder/spell/aoe_turf/conjure/timestop
	qdel() Count: 1
	Destroy() Cost: 0.0421997ms
Path: /obj/effect/proc_holder/spell/targeted/screech
	qdel() Count: 1
	Destroy() Cost: 0.0420013ms
Path: /obj/effect/proc_holder/spell/targeted/projectile/magic_missile
	qdel() Count: 1
	Destroy() Cost: 0.0419006ms
Path: /obj/effect/proc_holder/spell/no_target/resin
	qdel() Count: 1
	Destroy() Cost: 0.0419006ms
Path: /obj/effect/proc_holder/spell/targeted/spacetime_dist
	qdel() Count: 1
	Destroy() Cost: 0.0417023ms
Path: /obj/effect/proc_holder/spell/aoe_turf/conjure/summonEdSwarm
	qdel() Count: 1
	Destroy() Cost: 0.0415985ms
Path: /obj/effect/proc_holder/spell/aoe_turf/conjure/spawn_animal
	qdel() Count: 1
	Destroy() Cost: 0.0415985ms
Path: /obj/effect/proc_holder/spell/aoe_turf/conjure/construct/lesser
	qdel() Count: 1
	Destroy() Cost: 0.0415985ms
Path: /obj/effect/proc_holder/spell/no_target/evolve_to_queen
	qdel() Count: 1
	Destroy() Cost: 0.0415985ms
Path: /obj/effect/proc_holder/spell/targeted/summonitem
	qdel() Count: 1
	Destroy() Cost: 0.0412994ms
Path: /obj/effect/proc_holder/spell/no_target/infection
	qdel() Count: 1
	Destroy() Cost: 0.0412994ms
Path: /obj/effect/proc_holder/spell/aoe_turf/conjure/smoke
	qdel() Count: 1
	Destroy() Cost: 0.0410004ms
Path: /obj/effect/proc_holder/spell/targeted/shadowling_hivemind_ascendant
	qdel() Count: 1
	Destroy() Cost: 0.040799ms
Path: /obj/effect/proc_holder/spell/targeted/transfer_plasma
	qdel() Count: 1
	Destroy() Cost: 0.040799ms
Path: /obj/effect/proc_holder/spell/aoe_turf/conjure/construct
	qdel() Count: 1
	Destroy() Cost: 0.0404999ms
Path: /obj/effect/proc_holder/spell/no_target/rot
	qdel() Count: 1
	Destroy() Cost: 0.0402985ms
Path: /obj/effect/proc_holder/spell/aoe_turf/conjure/carp
	qdel() Count: 1
	Destroy() Cost: 0.0401001ms
Path: /obj/effect/proc_holder/spell/targeted/ethereal_jaunt/phaseshift
	qdel() Count: 1
	Destroy() Cost: 0.039801ms
Path: /obj/effect/proc_holder/spell/targeted/emplosion
	qdel() Count: 1
	Destroy() Cost: 0.0397003ms
Path: /obj/effect/proc_holder/spell/no_target/air_plant
	qdel() Count: 1
	Destroy() Cost: 0.039502ms
Path: /obj/effect/proc_holder/spell/targeted/ethereal_jaunt/shadow_walk
	qdel() Count: 1
	Destroy() Cost: 0.0394012ms
Path: /obj/effect/proc_holder/spell/in_hand/tesla
	qdel() Count: 1
	Destroy() Cost: 0.0391998ms
Path: /obj/effect/proc_holder/spell/aoe_turf/knock
	qdel() Count: 1
	Destroy() Cost: 0.0389008ms
Path: /obj/effect/proc_holder/spell/targeted/inflict_handler/magic_missile
	qdel() Count: 1
	Destroy() Cost: 0.0388ms
Path: /obj/effect/proc_holder/spell/targeted/trigger
	qdel() Count: 1
	Destroy() Cost: 0.0382996ms
Path: /obj/effect/proc_holder/spell/aoe_turf/flashfreeze
	qdel() Count: 1
	Destroy() Cost: 0.0381012ms
Path: /obj/effect/proc_holder/spell/targeted/explosion/fireball
	qdel() Count: 1
	Destroy() Cost: 0.0380005ms
Path: /obj/effect/proc_holder/spell/no_target/larva_evolve
	qdel() Count: 1
	Destroy() Cost: 0.0380005ms
Path: /obj/effect/proc_holder/spell/targeted/explosion
	qdel() Count: 1
	Destroy() Cost: 0.0379028ms
Path: /obj/effect/proc_holder/spell/targeted/emplosion/disable_tech
	qdel() Count: 1
	Destroy() Cost: 0.0378998ms
Path: /obj/effect/proc_holder/spell/targeted/enthrall
	qdel() Count: 1
	Destroy() Cost: 0.0378998ms
Path: /obj/effect/landmark/corpse/doctor
	qdel() Count: 1
	Destroy() Cost: 0.0376005ms
Path: /obj/effect/proc_holder/spell/aoe_turf/conjure/creature
	qdel() Count: 1
	Destroy() Cost: 0.0373993ms
Path: /obj/effect/proc_holder/spell/targeted/turf_teleport
	qdel() Count: 1
	Destroy() Cost: 0.0372986ms
Path: /obj/effect/proc_holder/spell/targeted/genetic/mutate
	qdel() Count: 1
	Destroy() Cost: 0.0371979ms
Path: /obj/effect/proc_holder/spell/targeted/turf_teleport/blink
	qdel() Count: 1
	Destroy() Cost: 0.0371979ms
Path: /obj/effect/proc_holder/spell/targeted/ethereal_jaunt/wizard
	qdel() Count: 1
	Destroy() Cost: 0.0370026ms
Path: /obj/effect/proc_holder/spell/aoe_turf/repulse
	qdel() Count: 1
	Destroy() Cost: 0.0370026ms
Path: /obj/effect/proc_holder/spell/aoe_turf
	qdel() Count: 1
	Destroy() Cost: 0.0370026ms
Path: /obj/effect/proc_holder/spell/no_target/syndi_drone
	qdel() Count: 1
	Destroy() Cost: 0.0370026ms
Path: /obj/effect/proc_holder/spell/targeted/smoke
	qdel() Count: 1
	Destroy() Cost: 0.0369995ms
Path: /obj/effect/proc_holder/spell/targeted/genetic
	qdel() Count: 1
	Destroy() Cost: 0.0369019ms
Path: /obj/effect/proc_holder/spell/no_target/charge/religion
	qdel() Count: 1
	Destroy() Cost: 0.0368988ms
Path: /obj/effect/proc_holder/spell/in_hand/arcane_barrage
	qdel() Count: 1
	Destroy() Cost: 0.0368011ms
Path: /obj/effect/proc_holder/spell/aoe_turf/hulk_lazor
	qdel() Count: 1
	Destroy() Cost: 0.0367981ms
Path: /obj/effect/proc_holder/spell/targeted/ethereal_jaunt
	qdel() Count: 1
	Destroy() Cost: 0.0367004ms
Path: /obj/effect/proc_holder/spell/aoe_turf/hulk_spit
	qdel() Count: 1
	Destroy() Cost: 0.0367004ms
Path: /obj/effect/proc_holder/spell/aoe_turf/hulk_eat
	qdel() Count: 1
	Destroy() Cost: 0.0365997ms
Path: /obj/effect/proc_holder/spell/no_target/hide
	qdel() Count: 1
	Destroy() Cost: 0.0365997ms
Path: /obj/effect/proc_holder/spell/no_target/syndi_drone/smoke
	qdel() Count: 1
	Destroy() Cost: 0.0365997ms
Path: /obj/effect/proc_holder/spell/dumbfire
	qdel() Count: 1
	Destroy() Cost: 0.0365997ms
Path: /obj/effect/proc_holder/spell/targeted/gnomecurse
	qdel() Count: 1
	Destroy() Cost: 0.036499ms
Path: /obj/effect/proc_holder/spell/targeted/inflict_handler/disintegrate
	qdel() Count: 1
	Destroy() Cost: 0.036499ms
Path: /obj/effect/proc_holder/spell/targeted/communicate/fastener
	qdel() Count: 1
	Destroy() Cost: 0.0363007ms
Path: /obj/effect/proc_holder/spell/no_target/syndi_drone/boost
	qdel() Count: 1
	Destroy() Cost: 0.0362976ms
Path: /obj/effect/proc_holder/spell/dumbfire/fireball
	qdel() Count: 1
	Destroy() Cost: 0.0362ms
Path: /obj/effect/proc_holder/spell/targeted/reviveThrall
	qdel() Count: 1
	Destroy() Cost: 0.0361023ms
Path: /obj/effect/proc_holder/spell/no_target/spawn_bible
	qdel() Count: 1
	Destroy() Cost: 0.0361023ms
Path: /obj/effect/proc_holder/spell/aoe_turf/conjure/floor
	qdel() Count: 1
	Destroy() Cost: 0.0360992ms
Path: /obj/effect/proc_holder/spell/targeted/zombie_findbrains
	qdel() Count: 1
	Destroy() Cost: 0.0358002ms
Path: /obj/effect/proc_holder/spell/aoe_turf/conjure/wall
	qdel() Count: 1
	Destroy() Cost: 0.0358002ms
Path: /obj/effect/proc_holder/spell/aoe_turf/veil
	qdel() Count: 1
	Destroy() Cost: 0.0358002ms
Path: /obj/effect/proc_holder/spell/aoe_turf/drainLife
	qdel() Count: 1
	Destroy() Cost: 0.0358002ms
Path: /obj/effect/proc_holder/spell/aoe_turf/glacial_blast
	qdel() Count: 1
	Destroy() Cost: 0.0358002ms
Path: /obj/effect/proc_holder/spell/aoe_turf/hulk_jump
	qdel() Count: 1
	Destroy() Cost: 0.0358002ms
Path: /obj/effect/proc_holder/spell/no_target/grease
	qdel() Count: 1
	Destroy() Cost: 0.0358002ms
Path: /obj/effect/proc_holder/spell/targeted/glare
	qdel() Count: 1
	Destroy() Cost: 0.0356995ms
Path: /obj/effect/proc_holder/spell/targeted/collective_mind
	qdel() Count: 1
	Destroy() Cost: 0.0356995ms
Path: /obj/effect/proc_holder/spell/targeted/hypnosis
	qdel() Count: 1
	Destroy() Cost: 0.0356995ms
Path: /obj/effect/proc_holder/spell/targeted/shadowling_phase_shift
	qdel() Count: 1
	Destroy() Cost: 0.0356995ms
Path: /obj/effect/proc_holder/spell/no_target/charge
	qdel() Count: 1
	Destroy() Cost: 0.0356995ms
Path: /obj/effect/proc_holder/spell/no_target
	qdel() Count: 1
	Destroy() Cost: 0.0356018ms
Path: /obj/effect/landmark/corpse/securityofficer
	qdel() Count: 1
	Destroy() Cost: 0.0355988ms
Path: /obj/effect/proc_holder/spell/aoe_turf/HulkHONK
	qdel() Count: 1
	Destroy() Cost: 0.0355988ms
Path: /obj/effect/proc_holder/spell/aoe_turf/hulk_smash
	qdel() Count: 1
	Destroy() Cost: 0.0355011ms
Path: /obj/effect/proc_holder/spell/no_target/infection/obcurse
	qdel() Count: 1
	Destroy() Cost: 0.0355011ms
Path: /obj/effect/proc_holder/spell/turf
	qdel() Count: 1
	Destroy() Cost: 0.0355011ms
Path: /obj/effect/proc_holder/spell/targeted/shadowlingAscendantTransmit
	qdel() Count: 1
	Destroy() Cost: 0.035498ms
Path: /obj/effect/proc_holder/spell/targeted/communicate
	qdel() Count: 1
	Destroy() Cost: 0.0354004ms
Path: /obj/effect/proc_holder/spell/aoe_turf/clown_joke
	qdel() Count: 1
	Destroy() Cost: 0.0354004ms
Path: /obj/effect/proc_holder/spell/no_target/mime_speak
	qdel() Count: 1
	Destroy() Cost: 0.0354004ms
Path: /obj/effect/proc_holder/spell/targeted/shadowling_regenarmor
	qdel() Count: 1
	Destroy() Cost: 0.0352997ms
Path: /obj/effect/proc_holder/spell/aoe_turf/hulk_mill
	qdel() Count: 1
	Destroy() Cost: 0.0352997ms
Path: /obj/effect/proc_holder/spell/in_hand/res_touch
	qdel() Count: 1
	Destroy() Cost: 0.035202ms
Path: /obj/effect/proc_holder/spell/aoe_turf/conjure/lesserforcewall
	qdel() Count: 1
	Destroy() Cost: 0.035199ms
Path: /obj/effect/proc_holder/spell/aoe_turf/conjure
	qdel() Count: 1
	Destroy() Cost: 0.0351013ms
Path: /obj/effect/proc_holder/spell/in_hand/fireball
	qdel() Count: 1
	Destroy() Cost: 0.0351013ms
Path: /obj/effect/proc_holder/spell/aoe_turf/unearthly_screech
	qdel() Count: 1
	Destroy() Cost: 0.0350983ms
Path: /obj/effect/proc_holder/spell/blessing
	qdel() Count: 1
	Destroy() Cost: 0.0350006ms
Path: /obj/effect/proc_holder/spell/targeted/blindness_smoke
	qdel() Count: 1
	Destroy() Cost: 0.0348999ms
Path: /obj/effect/proc_holder/spell/targeted/annihilate
	qdel() Count: 1
	Destroy() Cost: 0.0347992ms
Path: /obj/effect/proc_holder/spell/aoe_turf/conjure/soulstone
	qdel() Count: 1
	Destroy() Cost: 0.0347992ms
Path: /obj/effect/proc_holder/spell/in_hand/heal
	qdel() Count: 1
	Destroy() Cost: 0.0347992ms
Path: /obj/effect/proc_holder/spell/no_target/food
	qdel() Count: 1
	Destroy() Cost: 0.0347015ms
Path: /obj/effect/proc_holder/spell/turf/fireball
	qdel() Count: 1
	Destroy() Cost: 0.0346008ms
Path: /obj/effect/proc_holder/spell/in_hand
	qdel() Count: 1
	Destroy() Cost: 0.0345001ms
Path: /obj/effect/proc_holder/spell/aoe_turf/hulk_dash
	qdel() Count: 1
	Destroy() Cost: 0.0341003ms
Path: /atom/movable/screen/alert/oxy
	qdel() Count: 1
	Destroy() Cost: 0.0341ms
Path: /datum/religion_sect/preset/chaplain/puritanism
	qdel() Count: 1
	Destroy() Cost: 0.0291992ms
Path: /obj/random/vending/cola
	qdel() Count: 1
	Destroy() Cost: 0.0263977ms
Path: /atom/movable/screen/plane_master/floor
	qdel() Count: 1
	Destroy() Cost: 0.0228027ms
Path: /atom/movable/screen/alert/lowpressure
	qdel() Count: 1
	Destroy() Cost: 0.0215ms
Path: /atom/movable/screen/plane_master/gravpulse
	qdel() Count: 1
	Destroy() Cost: 0.0184082ms
Path: /datum/mechanic_tip/twohanded/required
	qdel() Count: 4
	Destroy() Cost: 0.0166998ms
Path: /datum/religion_rites/instant/chaplain/death_alarm
	qdel() Count: 1
	Destroy() Cost: 0.0164001ms
Path: /datum/quirk/child_of_nature
	qdel() Count: 1
	Destroy() Cost: 0.0160007ms
Path: /datum/mechanic_tip/clickplace
	qdel() Count: 3
	Destroy() Cost: 0.0155983ms
Path: /datum/aspect/death
	qdel() Count: 1
	Destroy() Cost: 0.0150009ms
Path: /datum/map_config
	qdel() Count: 1
	Destroy() Cost: 0.0130005ms
Path: /datum/quirk/low_pain_threshold
	qdel() Count: 1
	Destroy() Cost: 0.0125008ms
Path: /datum/religion_rites/standing/legacy
	qdel() Count: 1
	Destroy() Cost: 0.0115005ms
Path: /datum/religion_sect/preset/chaplain/technophile
	qdel() Count: 1
	Destroy() Cost: 0.0115005ms
Path: /datum/mood_event/suffocation
	qdel() Count: 1
	Destroy() Cost: 0.0112ms
Path: /datum/aspect/food
	qdel() Count: 1
	Destroy() Cost: 0.0109985ms
Path: /datum/recipe/microwave/human
	qdel() Count: 2
	Destroy() Cost: 0.0109024ms
Path: /atom/movable/screen/plane_master/game_world
	qdel() Count: 1
	Destroy() Cost: 0.0108887ms
Path: /datum/religion_rites/standing
	qdel() Count: 1
	Destroy() Cost: 0.0108002ms
Path: /datum/religion_sect/preset/chaplain/bloodgods
	qdel() Count: 1
	Destroy() Cost: 0.010701ms
Path: /datum/quirk/light_step
	qdel() Count: 1
	Destroy() Cost: 0.010601ms
Path: /datum/religion_rites/standing/swap
	qdel() Count: 1
	Destroy() Cost: 0.0104004ms
Path: /atom/movable/screen/plane_master/game_world_above
	qdel() Count: 1
	Destroy() Cost: 0.0103027ms
Path: /datum/religion_rites/instant/cult/emp
	qdel() Count: 1
	Destroy() Cost: 0.0102997ms
Path: /datum/religion_rites/standing/food
	qdel() Count: 1
	Destroy() Cost: 0.0101013ms
Path: /datum/aspect/greed
	qdel() Count: 1
	Destroy() Cost: 0.0100998ms
Path: /datum/aspect/science
	qdel() Count: 1
	Destroy() Cost: 0.00999908ms
Path: /datum/quirk/alcohol_tolerance
	qdel() Count: 1
	Destroy() Cost: 0.00979996ms
Path: /datum/religion_rites/standing/legacy/charge
	qdel() Count: 1
	Destroy() Cost: 0.00979919ms
Path: /datum/aspect/lightbending/darkness
	qdel() Count: 1
	Destroy() Cost: 0.0095993ms
Path: /datum/religion_rites/instant/chaplain
	qdel() Count: 1
	Destroy() Cost: 0.00939941ms
Path: /datum/aspect/chaos
	qdel() Count: 1
	Destroy() Cost: 0.00939941ms
Path: /datum/religion_sect/preset/chaplain/clown
	qdel() Count: 1
	Destroy() Cost: 0.00930023ms
Path: /datum/aspect/weapon
	qdel() Count: 1
	Destroy() Cost: 0.00930023ms
Path: /datum/aspect/lightbending
	qdel() Count: 1
	Destroy() Cost: 0.00930023ms
Path: /datum/quirk/nearsighted
	qdel() Count: 1
	Destroy() Cost: 0.00920105ms
Path: /datum/aspect/wacky
	qdel() Count: 1
	Destroy() Cost: 0.00919952ms
Path: /atom/movable/screen/plane_master/rendering_plate/game_world
	qdel() Count: 1
	Destroy() Cost: 0.00913086ms
Path: /datum/aspect/resources
	qdel() Count: 1
	Destroy() Cost: 0.00910034ms
Path: /datum/aspect/lightbending/light
	qdel() Count: 1
	Destroy() Cost: 0.00910034ms
Path: /datum/aspect/conjure
	qdel() Count: 1
	Destroy() Cost: 0.00899963ms
Path: /datum/aspect/technology
	qdel() Count: 1
	Destroy() Cost: 0.00899963ms
Path: /datum/quirk/multitasking
	qdel() Count: 1
	Destroy() Cost: 0.00889969ms
Path: /datum/religion_rites/instant
	qdel() Count: 1
	Destroy() Cost: 0.00889893ms
Path: /atom/movable/screen/plane_master/ghost_illusion
	qdel() Count: 1
	Destroy() Cost: 0.00888672ms
Path: /atom/movable/screen/plane_master/lighting
	qdel() Count: 1
	Destroy() Cost: 0.00888672ms
Path: /datum/quirk/strong_mind
	qdel() Count: 1
	Destroy() Cost: 0.00880051ms
Path: /datum/religion_rites/instant/cult/convert
	qdel() Count: 1
	Destroy() Cost: 0.00879974ms
Path: /datum/religion_rites/standing/swap/devaluation
	qdel() Count: 1
	Destroy() Cost: 0.00879974ms
Path: /datum/aspect/rescue
	qdel() Count: 1
	Destroy() Cost: 0.00879974ms
Path: /atom/movable/screen/plane_master/ghost
	qdel() Count: 1
	Destroy() Cost: 0.00878906ms
Path: /atom/movable/screen/plane_master/singularity
	qdel() Count: 1
	Destroy() Cost: 0.00878906ms
Path: /datum/quirk/light_drinker
	qdel() Count: 1
	Destroy() Cost: 0.00870132ms
Path: /datum/religion_rites/instant/cult/sacrifice
	qdel() Count: 1
	Destroy() Cost: 0.0086998ms
Path: /datum/religion_sect/custom/chaplain
	qdel() Count: 1
	Destroy() Cost: 0.00869904ms
Path: /atom/movable/screen/plane_master/rendering_plate/master
	qdel() Count: 1
	Destroy() Cost: 0.00869141ms
Path: /datum/quirk/fast_equip
	qdel() Count: 1
	Destroy() Cost: 0.00860214ms
Path: /datum/quirk/nyctophobia
	qdel() Count: 1
	Destroy() Cost: 0.00860214ms
Path: /datum/aspect/mystic
	qdel() Count: 1
	Destroy() Cost: 0.00859985ms
Path: /atom/movable/screen/plane_master/blackness
	qdel() Count: 1
	Destroy() Cost: 0.00859375ms
Path: /atom/movable/screen/plane_master/parallax_white
	qdel() Count: 1
	Destroy() Cost: 0.00859375ms
Path: /atom/movable/plane_master_controller/game
	qdel() Count: 1
	Destroy() Cost: 0.00859375ms
Path: /datum/quirk/stress_eater
	qdel() Count: 1
	Destroy() Cost: 0.00839996ms
Path: /datum/quirk/fatness
	qdel() Count: 1
	Destroy() Cost: 0.00839996ms
Path: /datum/quirk/high_pain_threshold
	qdel() Count: 1
	Destroy() Cost: 0.00839996ms
Path: /datum/quirk/daltonism
	qdel() Count: 1
	Destroy() Cost: 0.00839996ms
Path: /datum/religion_rites/pedestals/cult/narsie
	qdel() Count: 1
	Destroy() Cost: 0.00839996ms
Path: /datum/religion_rites/standing/swap/upgrade
	qdel() Count: 1
	Destroy() Cost: 0.00839996ms
Path: /atom/movable/screen/plane_master/point
	qdel() Count: 1
	Destroy() Cost: 0.00839844ms
Path: /atom/movable/screen/plane_master/parallax
	qdel() Count: 1
	Destroy() Cost: 0.00839844ms
Path: /atom/movable/screen/plane_master/area
	qdel() Count: 1
	Destroy() Cost: 0.00839844ms
Path: /datum/quirk/deafness
	qdel() Count: 1
	Destroy() Cost: 0.00830078ms
Path: /datum/quirk/mute
	qdel() Count: 1
	Destroy() Cost: 0.00830078ms
Path: /datum/quirk/epileptic
	qdel() Count: 1
	Destroy() Cost: 0.00830078ms
Path: /atom/movable/screen/plane_master/fullscreen
	qdel() Count: 1
	Destroy() Cost: 0.00830078ms
Path: /datum/religion_rites/pedestals/cult
	qdel() Count: 1
	Destroy() Cost: 0.00829926ms
Path: /datum/religion_rites/standing/spook
	qdel() Count: 1
	Destroy() Cost: 0.00829926ms
Path: /atom/movable/screen/plane_master/camera_static
	qdel() Count: 1
	Destroy() Cost: 0.00820313ms
Path: /atom/movable/screen/plane_master/rendering_plate/above_game_world
	qdel() Count: 1
	Destroy() Cost: 0.00820313ms
Path: /atom/movable/screen/plane_master/rendering_plate
	qdel() Count: 1
	Destroy() Cost: 0.00820313ms
Path: /datum/quirk/cough
	qdel() Count: 1
	Destroy() Cost: 0.0082016ms
Path: /datum/quirk/tourette
	qdel() Count: 1
	Destroy() Cost: 0.0082016ms
Path: /datum/quirk/no_taste
	qdel() Count: 1
	Destroy() Cost: 0.0082016ms
Path: /datum/religion_rites/instant/impose_stun
	qdel() Count: 1
	Destroy() Cost: 0.00820007ms
Path: /datum/quirk/freerunning
	qdel() Count: 1
	Destroy() Cost: 0.00819778ms
Path: /atom/movable/screen/plane_master/above_lighting
	qdel() Count: 1
	Destroy() Cost: 0.00810547ms
Path: /atom/movable/screen/plane_master/rendering_plate/non_game
	qdel() Count: 1
	Destroy() Cost: 0.00810547ms
Path: /datum/quirk/genetic_degradation
	qdel() Count: 1
	Destroy() Cost: 0.00810242ms
Path: /datum/quirk/blindness
	qdel() Count: 1
	Destroy() Cost: 0.00810242ms
Path: /image
	qdel() Count: 1
	Destroy() Cost: 0.00810001ms
Path: /datum/religion_rites/pedestals/cult/cult_portal
	qdel() Count: 1
	Destroy() Cost: 0.00809937ms
Path: /datum/religion_rites/standing/honk
	qdel() Count: 1
	Destroy() Cost: 0.00800018ms
Path: /datum/reagent/water
	qdel() Count: 1
	Destroy() Cost: 0.00793457ms
Path: /datum/religion_rites/instant/cult/create_slave
	qdel() Count: 1
	Destroy() Cost: 0.00780029ms
Path: /datum/religion_rites/standing/animation
	qdel() Count: 1
	Destroy() Cost: 0.00780029ms
Path: /datum/religion_rites/instant/cult/raise_torture
	qdel() Count: 1
	Destroy() Cost: 0.00779953ms
Path: /datum/religion_rites/instant/cult/upgrade_tome
	qdel() Count: 1
	Destroy() Cost: 0.00779953ms
Path: /datum/religion_rites/standing/pray
	qdel() Count: 1
	Destroy() Cost: 0.00779877ms
Path: /datum/religion_rites/instant/impose_blind
	qdel() Count: 1
	Destroy() Cost: 0.0076004ms
Path: /datum/religion_rites/standing/illuminate
	qdel() Count: 1
	Destroy() Cost: 0.0076004ms
Path: /datum/religion_rites/instant/communicate
	qdel() Count: 1
	Destroy() Cost: 0.00759964ms
Path: /datum/quirk/nervous
	qdel() Count: 1
	Destroy() Cost: 0.00759888ms
Path: /datum/religion_rites/instant/cult/drain_torture
	qdel() Count: 1
	Destroy() Cost: 0.00750046ms
Path: /datum/religion_rites/instant/impose_deaf
	qdel() Count: 1
	Destroy() Cost: 0.00750046ms
Path: /datum/reagent/aqueous_foam
	qdel() Count: 1
	Destroy() Cost: 0.00744629ms
Path: /datum/religion_rites/pedestals/cult/make_skeleton
	qdel() Count: 1
	Destroy() Cost: 0.00740051ms
Path: /datum/religion_rites/standing/revive_animal
	qdel() Count: 1
	Destroy() Cost: 0.00740051ms
Path: /datum/religion_rites/instant/cult/brainswap
	qdel() Count: 1
	Destroy() Cost: 0.00739975ms
Path: /datum/religion_rites/instant/cult
	qdel() Count: 1
	Destroy() Cost: 0.00739975ms
Path: /datum/religion_rites/instant/cult/summon_acolyt
	qdel() Count: 1
	Destroy() Cost: 0.00720062ms
Path: /datum/religion_rites/instant/cult/give_forcearmor
	qdel() Count: 1
	Destroy() Cost: 0.00719986ms
Path: /datum/religion_rites/pedestals
	qdel() Count: 1
	Destroy() Cost: 0.00699921ms
Path: /datum/quality/negativeish
	qdel() Count: 1
	Destroy() Cost: 0.00690001ms
Path: /datum/quality/clumsy
	qdel() Count: 1
	Destroy() Cost: 0.0036ms
Path: /datum/quality/positiveish
	qdel() Count: 1
	Destroy() Cost: 0.00350004ms
Path: /datum/quality/quirkieish
	qdel() Count: 1
	Destroy() Cost: 0.00310004ms
Path: /datum
	qdel() Count: 1
	Destroy() Cost: 0ms
