[01:14:06] Server '' starting up on 26.166.93.76:61484
[01:14:09]GAME: syndicate_fighter loaded at (97,40,4)
[01:14:09]GAME: cloning_lab loaded at (214,180,4)
[01:14:09]GAME: Tree Asteroid loaded at (58,65,4)
[01:14:10]GAME: Derelict Station loaded at (68,137,3)
[01:14:10]GAME: Secrete Lab loaded at (205,124,3)
[01:14:11]GAME: ghost_ship_1 loaded at (75,182,4)
[01:14:11]GAME: iss loaded at (143,110,4)
[01:14:28]ADMIN: fatfat/(FatFat) will begin the game as soon as possible.
[01:14:34]MODE: Current master mode is extended
[01:14:34]DEBUG: Next event of severity RoundStart in 0 minutes.
[01:14:34]DEBUG: Starting event 'Roundstart Nothing' of severity RoundStart.
[01:14:34]DEBUG: Next event of severity RoundStart in 0 minutes.
[01:14:34]DEBUG: Starting event 'Last Clown Jokes' of severity RoundStart.
[01:14:34]DEBUG: Next event of severity RoundStart in 0 minutes.
[01:14:34]GAME: RoundStart Event: Selected areas is nothing
[01:14:34]DEBUG: Starting event 'Stolen First AID' of severity RoundStart.
[01:14:34]GAME: ANTAG LIST:
no antagonists this moment
[01:14:35]DEBUG: Event 'Roundstart Nothing' has completed at 12:00.
[01:14:35]DEBUG: Event 'Last Clown Jokes' has completed at 12:00.
[01:14:35]DEBUG: Event 'Stolen First AID' has completed at 12:00.
[01:14:35]DEBUG: Next event of severity Mundane in 17.334 minutes.
[01:14:35]DEBUG: Next event of severity Moderate in 49.896 minutes.
[01:14:35]DEBUG: Next event of severity Major in 53.0833 minutes.
[01:14:35]SAY: *no key*/(cyber horror) : [Secrete Lab]: G@#!$ H@!#%, H!@%%@ @!E
[01:14:48] Graceful shutdown
