[22:51:29] Server '' starting up on 26.166.93.76:55866
[22:51:32]GAME: cloning_lab loaded at (78,212,4)
[22:51:32]GAME: Broken Breacher loaded at (142,45,3)
[22:51:32]GAME: Derelict Teleporter loaded at (164,215,4)
[22:51:32]GAME: agrosphere loaded at (190,151,4)
[22:51:33]GAME: Abandoned Ship loaded at (123,141,4)
[22:51:33]GAME: ghost_ship_1 loaded at (41,147,4)
[22:51:33]GAME: iss loaded at (50,57,4)
[22:51:53]ADMIN: fatfat/(FatFat) will begin the game as soon as possible.
[22:51:59]MODE: Current master mode is extended
[22:51:59]DEBUG: Next event of severity RoundStart in 0 minutes.
[22:51:59]DEBUG: Starting event 'Roundstart Nothing' of severity RoundStart.
[22:51:59]DEBUG: Next event of severity RoundStart in 0 minutes.
[22:51:59]GAME: RoundStart Event: Selected areas is nothing
[22:51:59]DEBUG: Starting event 'Chewed Cables' of severity RoundStart.
[22:51:59]GAME: ANTAG LIST:
no antagonists this moment
[22:51:59]DEBUG: Event 'Roundstart Nothing' has completed at 12:00.
[22:51:59]DEBUG: Event 'Chewed Cables' has completed at 12:00.
[22:51:59]DEBUG: Next event of severity Mundane in 17.252 minutes.
[22:51:59]DEBUG: Next event of severity Moderate in 42.172 minutes.
[22:51:59]DEBUG: Next event of severity Major in 68.3567 minutes.
[22:52:20]ADMIN: fatfat/(Jose Simmons) jumped to (8,19,1) in Space
[22:52:29]ADMIN: fatfat/(Jose Simmons) jumped to (8,19,1) in Space
[22:52:36]ADMIN: fatfat/(Jose Simmons) jumped to (8,19,1) in Space
[22:52:44]ADMIN: fatfat/(Jose Simmons) jumped to coordinates 1, 1, 1
[22:52:47]ADMIN: fatfat/(Jose Simmons) jumped to (2,1,1) in Space
[22:52:48]ADMIN: fatfat/(Jose Simmons) jumped to (3,1,1) in Space
[22:52:51]ADMIN: fatfat/(Jose Simmons) healed / revived fatfat/(Jose Simmons)
[22:52:57]ADMIN: fatfat/(Jose Simmons) jumped to (4,19,1) in Space
[22:53:03]ADMIN: fatfat/(Jose Simmons) jumped to (4,19,1) in Space
[22:53:08]ADMIN: fatfat/(Jose Simmons) jumped to (4,19,1) in Space
[22:53:14]ADMIN: fatfat/(Jose Simmons) jumped to (4,19,1) in Space
[22:53:19]ADMIN: fatfat/(Jose Simmons) jumped to (4,19,1) in Space
[22:53:26]ADMIN: fatfat/(Jose Simmons) jumped to coordinates 1, 1, 1
[22:53:28]ADMIN: fatfat/(Jose Simmons) jumped to (2,1,1) in Space
[22:53:29]ADMIN: fatfat/(Jose Simmons) jumped to (3,1,1) in Space
[22:53:31]ADMIN: fatfat/(Jose Simmons) healed / revived fatfat/(Jose Simmons)
[22:53:46] Graceful shutdown
