[13:52:35] Server '' starting up on 26.166.93.76:50571
[13:52:38]GAME: Derelict Teleporter loaded at (19,75,4)
[13:52:39]GAME: Secrete Lab loaded at (199,193,3)
[13:52:39]GAME: planetarium loaded at (28,213,3)
[13:52:39]GAME: cloning_lab loaded at (169,82,3)
[13:52:39]GAME: DJ Station loaded at (52,87,3)
[13:52:39]GAME: Space Toilet loaded at (111,16,4)
[13:52:39]GAME: delivery_shuttle loaded at (86,144,3)
[13:53:12]ADMIN: fatfat/(FatFat) has started the game.
[13:53:15]MODE: Current master mode is extended
[13:53:15]DEBUG: Next event of severity RoundStart in 0 minutes.
[13:53:15]DEBUG: Starting event 'Roundstart Nothing' of severity RoundStart.
[13:53:15]GAME: ANTAG LIST:
no antagonists this moment
[13:53:16]DEBUG: Event 'Roundstart Nothing' has completed at 12:00.
[13:53:16]DEBUG: Next event of severity Mundane in 14.562 minutes.
[13:53:16]DEBUG: Next event of severity Moderate in 47.16 minutes.
[13:53:16]DEBUG: Next event of severity Major in 52.9617 minutes.
[13:53:22]EMOTE: fatfat/(Douglas Ringer) : <b>Douglas Ringer</b> <i>gasps!</i>
[13:55:11] Graceful shutdown
