[19:03:10]TGUI: fatfat in browseroutput/initialize
[19:03:19]TGUI: fatfat (as FatFat at (8,174,1))
Using: /datum/tgui_modal [0x2100c1db]
new AlertModal fancy 1
[19:03:19]TGUI: fatfat in tgui-window-1/initialize
Using: /datum/tgui_modal [0x2100c1db]
[19:03:20]TGUI: fatfat (as FatFat at (8,174,1)) in tgui-window-1
Using: /datum/tgui_modal [0x2100c1db]
Action: choose {"choice":"Yes"}
[19:03:20]TGUI: fatfat in tgui-window-1/close (suspending)
[19:04:27]TGUI: fatfat (as Arnie Rowley at (48,141,2))
Using: /datum/tgui_modal [0x210241d5]
new AlertModal fancy 1
[19:04:28]TGUI: fatfat (as Arnie Rowley at (48,141,2)) in tgui-window-1
Using: /datum/tgui_modal [0x210241d5]
Action: choose {"choice":"Yes"}
[19:04:28]TGUI: fatfat in tgui-window-1/close (suspending)
[19:05:14]TGUI: fatfat (as the unknown at (50,141,2))
Using: /datum/tgui_modal [0x21013cc9]
new AlertModal fancy 1
[19:05:15]TGUI: fatfat (as the unknown at (50,141,2)) in tgui-window-1
Using: /datum/tgui_modal [0x21013cc9]
Action: choose {"choice":"Cancel"}
[19:05:15]TGUI: fatfat in tgui-window-1/close (suspending)
