[00:07:26] Server '' starting up on 26.166.93.76:56245
[00:07:29]GAME: DJ Station loaded at (141,35,3)
[00:07:29]GAME: Space Toilet loaded at (111,146,3)
[00:07:29]GAME: Broken Breacher loaded at (90,29,4)
[00:07:29]GAME: Tree Asteroid loaded at (36,63,3)
[00:07:29]GAME: agrosphere loaded at (90,65,3)
[00:07:29]GAME: teleporter loaded at (173,208,4)
[00:07:29]GAME: cloning_lab loaded at (23,159,3)
[00:08:21]ADMIN: fatfat/(FatFat) has started the game.
[00:08:23]MODE: Current master mode is extended
[00:08:23]DEBUG: Next event of severity RoundStart in 0 minutes.
[00:08:23]DEBUG: Starting event 'Roundstart Nothing' of severity RoundStart.
[00:08:23]DEBUG: Next event of severity RoundStart in 0 minutes.
[00:08:23]GAME: RoundStart Event: Selected areas is nothing
[00:08:23]DEBUG: Starting event 'Stolen Weapon' of severity RoundStart.
[00:08:23]GAME: ANTAG LIST:
no antagonists this moment
[00:08:24]DEBUG: Event 'Roundstart Nothing' has completed at 12:00.
[00:08:24]DEBUG: Event 'Stolen Weapon' has completed at 12:00.
[00:08:24]DEBUG: Next event of severity Mundane in 12.948 minutes.
[00:08:24]DEBUG: Next event of severity Moderate in 38.23 minutes.
[00:08:24]DEBUG: Next event of severity Major in 60.015 minutes.
[00:09:02] Graceful shutdown
