[23:44:29] Server '' starting up on 26.166.93.76:55812
[23:44:32]GAME: Abandoned Cargo Shuttle loaded at (74,29,4)
[23:44:32]GAME: syndicate_fighter loaded at (123,15,3)
[23:44:32]GAME: Secrete Lab loaded at (206,35,4)
[23:44:33]GAME: agrosphere loaded at (166,60,4)
[23:44:33]GAME: ghost_ship_2 loaded at (128,174,4)
[23:44:33]GAME: listening_post loaded at (131,172,3)
[23:44:33]GAME: NASA satellite loaded at (33,186,3)
[23:45:30]ADMIN: fatfat/(FatFat) has started the game.
[23:45:33]MODE: Current master mode is extended
[23:45:33]DEBUG: Next event of severity RoundStart in 0 minutes.
[23:45:33]DEBUG: Starting event 'Roundstart Nothing' of severity RoundStart.
[23:45:33]GAME: ANTAG LIST:
no antagonists this moment
[23:45:34]DEBUG: Event 'Roundstart Nothing' has completed at 12:00.
[23:45:34]DEBUG: Next event of severity Mundane in 17.93 minutes.
[23:45:34]DEBUG: Next event of severity Moderate in 46.08 minutes.
[23:45:34]DEBUG: Next event of severity Major in 69.98 minutes.
[23:45:50]SAY: *no key*/(cyber horror) : [Secrete Lab]: KR@!!N
[23:46:05]SAY: *no key*/(cyber horror) : [Secrete Lab]: H@!#$$P M@!$#
[23:46:17]SAY: *no key*/(cyber horror) : [Secrete Lab]: K!@@##L!@@ %!@#E
[23:47:13]SAY: *no key*/(cyber horror) : [Secrete Lab]: KR@!!N
[23:47:31]SAY: *no key*/(cyber horror) : [Secrete Lab]: G@#!$ H@!#%, H!@%%@ @!E
[23:48:15]SAY: *no key*/(cyber horror) : [Secrete Lab]: K!@@##L!@@ %!@#E
[23:48:17]SAY: *no key*/(cyber horror) : [Secrete Lab]: GHAA!@@#
[23:49:09]SAY: *no key*/(cyber horror) : [Secrete Lab]: H@!#$$P M@!$#
[23:49:11]SAY: *no key*/(cyber horror) : [Secrete Lab]: K!@@##L!@@ %!@#E
[23:49:17]SAY: *no key*/(cyber horror) : [Secrete Lab]: G@#!$ H@!#%, H!@%%@ @!E
[23:49:45]SAY: *no key*/(cyber horror) : [Secrete Lab]: G@#!$ H@!#%, H!@%%@ @!E
[23:49:52] Graceful shutdown
