[01:58:41] Server '' starting up on 26.166.93.76:62087
[01:58:43]GAME: planetarium loaded at (202,79,3)
[01:58:43]GAME: agrosphere loaded at (105,31,3)
[01:58:44]GAME: robostation loaded at (197,114,4)
[01:58:44]GAME: Secrete Lab loaded at (207,48,4)
[01:58:44]GAME: Tree Asteroid loaded at (93,142,4)
[01:58:44]GAME: syndicate_fighter loaded at (78,51,3)
[01:58:44]GAME: Space Toilet loaded at (45,49,4)
[01:58:56]ADMIN: fatfat/(FatFat) will begin the game as soon as possible.
[01:59:01]ADMIN: fatfat/(FatFat) will begin the game as normal.
[01:59:04]ADMIN: fatfat/(FatFat) has started the game.
[01:59:07]MODE: Current master mode is extended
[01:59:07]DEBUG: Next event of severity RoundStart in 0 minutes.
[01:59:07]DEBUG: Starting event 'Roundstart Nothing' of severity RoundStart.
[01:59:07]DEBUG: Next event of severity RoundStart in 0 minutes.
[01:59:07]GAME: RoundStart Event: Selected areas is nothing
[01:59:07]DEBUG: Starting event 'Break Light' of severity RoundStart.
[01:59:07]GAME: ANTAG LIST:
no antagonists this moment
[01:59:07]DEBUG: Event 'Roundstart Nothing' has completed at 12:00.
[01:59:07]DEBUG: Event 'Break Light' has completed at 12:00.
[01:59:07]DEBUG: Next event of severity Mundane in 17.238 minutes.
[01:59:07]DEBUG: Next event of severity Moderate in 38.71 minutes.
[01:59:07]DEBUG: Next event of severity Major in 68.3617 minutes.
[01:59:42]SAY: *no key*/(cyber horror) : [Secrete Lab]: H@!#$$P M@!$#
[02:00:06]SAY: *no key*/(cyber horror) : [Secrete Lab]: GHAA!@@#
[02:00:18]ADMIN: fatfat/(Ian Patterson) teleported @fatfat/(Ian Patterson)
[02:00:22]SAY: *no key*/(cyber horror) : [Secrete Lab]: GHAA!@@#
[02:00:32]SAY: *no key*/(cyber horror) : [Secrete Lab]: K!@@##L!@@ %!@#E
[02:00:46]SAY: *no key*/(cyber horror) : [Secrete Lab]: GHAA!@@#
[02:00:48]SAY: *no key*/(cyber horror) : [Secrete Lab]: H@!#$$P M@!$#
[02:00:55] Graceful shutdown
