Path: /datum/tgui_modal
	qdel() Count: 2
	Destroy() Cost: 59.3615ms
Path: /obj/effect/landmark/start
	qdel() Count: 129
	Destroy() Cost: 36.7638ms
Path: /obj/effect/effect/sparks
	qdel() Count: 188
	Destroy() Cost: 34.0844ms
Path: /datum/timedevent
	qdel() Count: 2321
	Destroy() Cost: 29.869ms
Path: /obj/item/weapon/flora/random
	qdel() Count: 83
	Destroy() Cost: 21.8733ms
Path: /datum/light_source
	qdel() Count: 214
	Destroy() Cost: 17.5449ms
Path: /datum/component/clickplace
	qdel() Count: 130
	Destroy() Cost: 12.8ms
Path: /obj/item/projectile/test
	qdel() Count: 109
	Destroy() Cost: 8.2957ms
Path: /datum/component/mechanic_desc
	qdel() Count: 218
	Destroy() Cost: 5.83538ms
Path: /obj/item/stack/cable_coil/random
	qdel() Count: 90
	Destroy() Cost: 5.5241ms
Path: /obj/effect/spawner/lootdrop/maintenance
	qdel() Count: 52
	Destroy() Cost: 3.2507ms
Path: /obj/effect/landmark
	qdel() Count: 69
	Destroy() Cost: 3.10209ms
Path: /mob/dead/observer
	qdel() Count: 4
	Destroy() Cost: 3.0937ms
Path: /datum/hud
	qdel() Count: 4
	Destroy() Cost: 2.45121ms
Path: /obj/item/weapon/reagent_containers/spray/cleaner
	qdel() Count: 26
	Destroy() Cost: 2.2245ms
Path: /obj/random/foods/donuts
	qdel() Count: 84
	Destroy() Cost: 2.18331ms
Path: /obj/effect/spawner/lootdrop/maintenance/two
	qdel() Count: 33
	Destroy() Cost: 2.17471ms
Path: /datum/component/tactical
	qdel() Count: 83
	Destroy() Cost: 1.95259ms
Path: /obj/random/scrap/safe_even
	qdel() Count: 36
	Destroy() Cost: 1.82631ms
Path: /datum/component/twohanded
	qdel() Count: 83
	Destroy() Cost: 1.75281ms
Path: /datum/hud/ghost
	qdel() Count: 3
	Destroy() Cost: 1.72721ms
Path: /obj/random/tools/tech_supply
	qdel() Count: 23
	Destroy() Cost: 1.59809ms
Path: /obj/random/vending/snack
	qdel() Count: 26
	Destroy() Cost: 1.58019ms
Path: /obj/random/vending/cola
	qdel() Count: 23
	Destroy() Cost: 1.32079ms
Path: /obj/item/organ/external/chest
	qdel() Count: 5
	Destroy() Cost: 1.1147ms
Path: /obj/effect/decal/cleanable/greenglow
	qdel() Count: 2
	Destroy() Cost: 1.1053ms
Path: /obj/effect/spawner/lootdrop/maintenance/four
	qdel() Count: 15
	Destroy() Cost: 1.0769ms
Path: /obj/random/foods/food_trash
	qdel() Count: 18
	Destroy() Cost: 0.926605ms
Path: /datum/reagent/aqueous_foam
	qdel() Count: 127
	Destroy() Cost: 0.924215ms
Path: /obj/effect/spawner/lootdrop/maintenance/three
	qdel() Count: 15
	Destroy() Cost: 0.843093ms
Path: /obj/random/scrap/sparse_weighted
	qdel() Count: 25
	Destroy() Cost: 0.818594ms
Path: /datum/reagents
	qdel() Count: 26
	Destroy() Cost: 0.8125ms
Path: /datum/component/rite/spawn_item
	qdel() Count: 11
	Destroy() Cost: 0.789999ms
Path: /obj/structure/sign/poster/contraband/random
	qdel() Count: 14
	Destroy() Cost: 0.786201ms
Path: /mob/dead/new_player
	qdel() Count: 1
	Destroy() Cost: 0.735599ms
Path: /datum/mechanic_tip/clickplace
	qdel() Count: 130
	Destroy() Cost: 0.62461ms
Path: /obj/random/scrap/moderate_weighted
	qdel() Count: 34
	Destroy() Cost: 0.607802ms
Path: /obj/machinery/door/window/eastright
	qdel() Count: 2
	Destroy() Cost: 0.6049ms
Path: /datum/beam
	qdel() Count: 4
	Destroy() Cost: 0.5877ms
Path: /obj/item/organ/external/head
	qdel() Count: 5
	Destroy() Cost: 0.572703ms
Path: /obj/random/melee
	qdel() Count: 21
	Destroy() Cost: 0.557801ms
Path: /obj/machinery/door/window
	qdel() Count: 3
	Destroy() Cost: 0.541598ms
Path: /datum/status_effect/incapacitating/sleeping
	qdel() Count: 1
	Destroy() Cost: 0.5371ms
Path: /datum/component/swiping
	qdel() Count: 5
	Destroy() Cost: 0.519898ms
Path: /obj/effect/landmark/corpse/unathisoldier
	qdel() Count: 4
	Destroy() Cost: 0.486901ms
Path: /obj/effect/decal/cleanable/blood/splatter
	qdel() Count: 7
	Destroy() Cost: 0.480469ms
Path: /obj/random/scrap/dense_weighted
	qdel() Count: 13
	Destroy() Cost: 0.462699ms
Path: /obj/random/cloth/armor
	qdel() Count: 16
	Destroy() Cost: 0.419498ms
Path: /obj/machinery/door/window/northleft
	qdel() Count: 1
	Destroy() Cost: 0.401404ms
Path: /obj/random/cloth/helmet
	qdel() Count: 12
	Destroy() Cost: 0.377303ms
Path: /obj/effect/ebeam
	qdel() Count: 16
	Destroy() Cost: 0.3465ms
Path: /obj/effect/landmark/cops_spawn
	qdel() Count: 12
	Destroy() Cost: 0.332001ms
Path: /obj/random/tools/tool
	qdel() Count: 7
	Destroy() Cost: 0.324199ms
Path: /obj/effect/landmark/latejoin
	qdel() Count: 10
	Destroy() Cost: 0.310997ms
Path: /datum/mechanic_tip/twohanded/required
	qdel() Count: 83
	Destroy() Cost: 0.305905ms
Path: /datum/browser
	qdel() Count: 3
	Destroy() Cost: 0.2674ms
Path: /datum/signal
	qdel() Count: 35
	Destroy() Cost: 0.260397ms
Path: /obj/effect/landmark/dealer_spawn
	qdel() Count: 4
	Destroy() Cost: 0.259099ms
Path: /obj/item/organ/external/groin
	qdel() Count: 5
	Destroy() Cost: 0.258299ms
Path: /obj/item/organ/external/l_arm
	qdel() Count: 5
	Destroy() Cost: 0.240901ms
Path: /obj/item/organ/external/r_arm
	qdel() Count: 5
	Destroy() Cost: 0.239996ms
Path: /obj/item/organ/external/r_leg
	qdel() Count: 5
	Destroy() Cost: 0.238698ms
Path: /obj/item/organ/external/l_leg
	qdel() Count: 5
	Destroy() Cost: 0.2279ms
Path: /obj/effect/spawner/lootdrop/glowstick
	qdel() Count: 4
	Destroy() Cost: 0.222799ms
Path: /obj/effect/gibspawner/human
	qdel() Count: 2
	Destroy() Cost: 0.200001ms
Path: /obj/item/organ/internal/heart
	qdel() Count: 5
	Destroy() Cost: 0.199902ms
Path: /obj/structure/sign/poster/official/random
	qdel() Count: 4
	Destroy() Cost: 0.191803ms
Path: /obj/effect/overlay/blurb
	qdel() Count: 2
	Destroy() Cost: 0.1826ms
Path: /obj/structure/sign/poster/random
	qdel() Count: 2
	Destroy() Cost: 0.179102ms
Path: /obj/random/guns/energy_weapon
	qdel() Count: 6
	Destroy() Cost: 0.1739ms
Path: /datum/runechat
	qdel() Count: 4
	Destroy() Cost: 0.1723ms
Path: /datum/component/rite/consent
	qdel() Count: 5
	Destroy() Cost: 0.1717ms
Path: /obj/effect/landmark/abductor/console
	qdel() Count: 4
	Destroy() Cost: 0.167701ms
Path: /obj/machinery/door/window/brigdoor
	qdel() Count: 1
	Destroy() Cost: 0.160699ms
Path: /atom/movable/screen/alert/status_effect/asleep
	qdel() Count: 1
	Destroy() Cost: 0.1519ms
Path: /obj/effect/proc_holder/spell/targeted/trigger/blind
	qdel() Count: 1
	Destroy() Cost: 0.148602ms
Path: /datum/religion_rites/standing/spawn_item/talisman
	qdel() Count: 1
	Destroy() Cost: 0.1472ms
Path: /obj/random/misc/all
	qdel() Count: 2
	Destroy() Cost: 0.1456ms
Path: /obj/effect/spawner/lootdrop/gloves
	qdel() Count: 3
	Destroy() Cost: 0.142598ms
Path: /datum/bodypart_controller
	qdel() Count: 35
	Destroy() Cost: 0.142098ms
Path: /atom/movable/screen/plane_master/floor
	qdel() Count: 7
	Destroy() Cost: 0.141901ms
Path: /datum/reagent/space_cleaner
	qdel() Count: 26
	Destroy() Cost: 0.134396ms
Path: /datum/recipe/microwave/human
	qdel() Count: 22
	Destroy() Cost: 0.132792ms
Path: /obj/machinery/blackbox_recorder
	qdel() Count: 1
	Destroy() Cost: 0.1321ms
Path: /obj/structure/lattice
	qdel() Count: 2
	Destroy() Cost: 0.131302ms
Path: /obj/item/organ/internal/brain
	qdel() Count: 5
	Destroy() Cost: 0.128096ms
Path: /obj/effect/proc_holder/spell/targeted/transfer_plasma
	qdel() Count: 1
	Destroy() Cost: 0.128ms
Path: /obj/effect/gibspawner/robot
	qdel() Count: 1
	Destroy() Cost: 0.126301ms
Path: /atom/movable/screen/mood
	qdel() Count: 3
	Destroy() Cost: 0.123103ms
Path: /datum/religion_rites/instant/spawn_item/cult/talisman
	qdel() Count: 1
	Destroy() Cost: 0.1186ms
Path: /atom/movable/screen/plane_master/fullscreen
	qdel() Count: 7
	Destroy() Cost: 0.114995ms
Path: /obj/effect/spawner/lootdrop/maintenance/six
	qdel() Count: 1
	Destroy() Cost: 0.1078ms
Path: /atom/movable/screen/plane_master/game_world
	qdel() Count: 7
	Destroy() Cost: 0.105502ms
Path: /obj/item/organ/internal/lungs
	qdel() Count: 5
	Destroy() Cost: 0.100595ms
Path: /datum/religion_rites/standing/spawn_item/call_animal
	qdel() Count: 1
	Destroy() Cost: 0.100099ms
Path: /atom/movable/screen/fullscreen/blind
	qdel() Count: 1
	Destroy() Cost: 0.0981999ms
Path: /obj/item/organ/internal/liver
	qdel() Count: 5
	Destroy() Cost: 0.0939999ms
Path: /obj/effect/landmark/corpse/unathicommander
	qdel() Count: 1
	Destroy() Cost: 0.0919991ms
Path: /atom/movable/screen/plane_master/singularity
	qdel() Count: 7
	Destroy() Cost: 0.0916992ms
Path: /atom/movable/screen/plane_master/above_lighting
	qdel() Count: 7
	Destroy() Cost: 0.0913025ms
Path: /obj/item/organ/internal/kidneys
	qdel() Count: 5
	Destroy() Cost: 0.0910997ms
Path: /datum/religion_rites/instant/spawn_item/cult/soulstone
	qdel() Count: 1
	Destroy() Cost: 0.0908005ms
Path: /atom/movable/screen/plane_master/ghost_illusion
	qdel() Count: 7
	Destroy() Cost: 0.0904007ms
Path: /obj/item/organ/internal/eyes
	qdel() Count: 5
	Destroy() Cost: 0.090004ms
Path: /datum/religion_rites/instant/spawn_item/cult/constructshell
	qdel() Count: 1
	Destroy() Cost: 0.0899994ms
Path: /obj/machinery/door/firedoor
	qdel() Count: 1
	Destroy() Cost: 0.0897999ms
Path: /obj/random/foods/drink_can
	qdel() Count: 2
	Destroy() Cost: 0.0893001ms
Path: /datum/religion_rites/standing/spawn_item/banana
	qdel() Count: 1
	Destroy() Cost: 0.0882996ms
Path: /atom/movable/screen/plane_master/rendering_plate/master
	qdel() Count: 7
	Destroy() Cost: 0.088002ms
Path: /datum/religion_rites/standing/spawn_item
	qdel() Count: 1
	Destroy() Cost: 0.0878006ms
Path: /datum/religion_rites/instant/spawn_item
	qdel() Count: 1
	Destroy() Cost: 0.0876999ms
Path: /datum/religion_rites/standing/spawn_item/banana_ore
	qdel() Count: 1
	Destroy() Cost: 0.0867996ms
Path: /datum/religion_rites/instant/spawn_item/cult
	qdel() Count: 1
	Destroy() Cost: 0.0865997ms
Path: /atom/movable/screen/plane_master/blackness
	qdel() Count: 7
	Destroy() Cost: 0.084996ms
Path: /datum/religion_rites/standing/spawn_item/create_sword
	qdel() Count: 1
	Destroy() Cost: 0.0817001ms
Path: /atom/movable/plane_master_controller/game
	qdel() Count: 7
	Destroy() Cost: 0.0817001ms
Path: /atom/movable/screen/plane_master/point
	qdel() Count: 7
	Destroy() Cost: 0.0813049ms
Path: /obj/effect/proc_holder/spell/targeted
	qdel() Count: 1
	Destroy() Cost: 0.0786987ms
Path: /atom/movable/screen/plane_master/rendering_plate/non_game
	qdel() Count: 7
	Destroy() Cost: 0.0785934ms
Path: /atom/movable/screen/plane_master/parallax
	qdel() Count: 7
	Destroy() Cost: 0.0774979ms
Path: /atom/movable/screen/plane_master/rendering_plate/game_world
	qdel() Count: 7
	Destroy() Cost: 0.0774948ms
Path: /atom/movable/screen/plane_master/rendering_plate
	qdel() Count: 7
	Destroy() Cost: 0.0761993ms
Path: /atom/movable/screen/plane_master/ghost
	qdel() Count: 7
	Destroy() Cost: 0.0749985ms
Path: /atom/movable/screen/plane_master/lighting
	qdel() Count: 7
	Destroy() Cost: 0.0740921ms
Path: /atom/movable/screen/plane_master/parallax_white
	qdel() Count: 7
	Destroy() Cost: 0.0740921ms
Path: /obj/effect/proc_holder/spell/targeted/inflict_handler/blind
	qdel() Count: 2
	Destroy() Cost: 0.0725037ms
Path: /obj/random/guns/projectile_assault
	qdel() Count: 2
	Destroy() Cost: 0.0693971ms
Path: /datum/callback
	qdel() Count: 12
	Destroy() Cost: 0.0692001ms
Path: /atom/movable/screen/plane_master/rendering_plate/above_game_world
	qdel() Count: 7
	Destroy() Cost: 0.0668945ms
Path: /atom/movable/screen/plane_master/gravpulse
	qdel() Count: 7
	Destroy() Cost: 0.0668045ms
Path: /obj/random/tools/powercell
	qdel() Count: 2
	Destroy() Cost: 0.0656996ms
Path: /obj/effect/proc_holder/spell/targeted/heal
	qdel() Count: 1
	Destroy() Cost: 0.0652985ms
Path: /datum/religion_rites/standing/consent/synthconversion
	qdel() Count: 1
	Destroy() Cost: 0.0640991ms
Path: /atom/movable/screen/plane_master/area
	qdel() Count: 7
	Destroy() Cost: 0.0640976ms
Path: /obj/effect/proc_holder/spell/targeted/genetic/blind
	qdel() Count: 2
	Destroy() Cost: 0.0605011ms
Path: /obj/random/guns/projectile_security
	qdel() Count: 2
	Destroy() Cost: 0.059ms
Path: /obj/effect/spawner/lootdrop/maintenance/five
	qdel() Count: 1
	Destroy() Cost: 0.0585022ms
Path: /datum/atom_hud/alternate_appearance/basic/ghost_buster
	qdel() Count: 3
	Destroy() Cost: 0.0581085ms
Path: /obj/effect/proc_holder/spell/no_target/food
	qdel() Count: 1
	Destroy() Cost: 0.057898ms
Path: /datum/religion_rites/standing/consent/sacrifice
	qdel() Count: 1
	Destroy() Cost: 0.0559998ms
Path: /obj/effect/proc_holder/spell/targeted/area_teleport/teleport
	qdel() Count: 1
	Destroy() Cost: 0.0556ms
Path: /datum/religion_rites/standing/consent
	qdel() Count: 1
	Destroy() Cost: 0.0537003ms
Path: /datum/religion_rites/standing/consent/clownconversion
	qdel() Count: 1
	Destroy() Cost: 0.0529999ms
Path: /datum/religion_rites/standing/consent/invite
	qdel() Count: 1
	Destroy() Cost: 0.0529999ms
Path: /obj/effect/proc_holder/spell/targeted/spacetime_dist
	qdel() Count: 1
	Destroy() Cost: 0.0525024ms
Path: /obj/random/tools/bomb_supply
	qdel() Count: 1
	Destroy() Cost: 0.0521984ms
Path: /obj/random/foods/food_snack
	qdel() Count: 2
	Destroy() Cost: 0.0491009ms
Path: /obj/random/guns/projectile_shotgun
	qdel() Count: 2
	Destroy() Cost: 0.0487003ms
Path: /obj/random/guns/projectile_handgun
	qdel() Count: 1
	Destroy() Cost: 0.046999ms
Path: /obj/effect/proc_holder/spell/targeted/screech
	qdel() Count: 1
	Destroy() Cost: 0.0451996ms
Path: /obj/effect/proc_holder/spell/targeted/communicate/fastener
	qdel() Count: 1
	Destroy() Cost: 0.0449005ms
Path: /obj/random/meds/chemical_bottle
	qdel() Count: 1
	Destroy() Cost: 0.0407009ms
Path: /obj/effect/landmark/start/new_player
	qdel() Count: 1
	Destroy() Cost: 0.0402999ms
Path: /obj/effect/proc_holder/spell/aoe_turf/HulkHONK
	qdel() Count: 1
	Destroy() Cost: 0.039798ms
Path: /obj/effect/proc_holder/spell/targeted/xeno_whisp
	qdel() Count: 1
	Destroy() Cost: 0.0397003ms
Path: /obj/effect/proc_holder/spell/no_target/grease
	qdel() Count: 1
	Destroy() Cost: 0.0389008ms
Path: /datum/modval_modifier
	qdel() Count: 6
	Destroy() Cost: 0.0383982ms
Path: /obj/effect/proc_holder/spell/aoe_turf
	qdel() Count: 1
	Destroy() Cost: 0.0377991ms
Path: /obj/effect/proc_holder/spell/aoe_turf/glacial_blast
	qdel() Count: 1
	Destroy() Cost: 0.0375ms
Path: /obj/effect/proc_holder/spell/aoe_turf/conjure/timestop
	qdel() Count: 1
	Destroy() Cost: 0.0373993ms
Path: /obj/effect/proc_holder/spell/targeted/summonitem
	qdel() Count: 1
	Destroy() Cost: 0.0369995ms
Path: /obj/effect/proc_holder/spell/aoe_turf/hulk_gas
	qdel() Count: 1
	Destroy() Cost: 0.0369995ms
Path: /obj/effect/proc_holder/spell/targeted/emplosion/disable_tech
	qdel() Count: 1
	Destroy() Cost: 0.0358002ms
Path: /obj/effect/proc_holder/spell/aoe_turf/conjure/the_traps
	qdel() Count: 1
	Destroy() Cost: 0.0356995ms
Path: /obj/effect/proc_holder/spell/aoe_turf/conjure/summonEdSwarm
	qdel() Count: 1
	Destroy() Cost: 0.0347015ms
Path: /obj/effect/proc_holder/spell/no_target/charge/religion
	qdel() Count: 1
	Destroy() Cost: 0.0346008ms
Path: /obj/effect/proc_holder/spell/aoe_turf/hulk_mill
	qdel() Count: 1
	Destroy() Cost: 0.0341003ms
Path: /obj/effect/proc_holder/spell/targeted/inflict_handler/magic_missile
	qdel() Count: 1
	Destroy() Cost: 0.0338989ms
Path: /obj/effect/proc_holder/spell/targeted/area_teleport
	qdel() Count: 1
	Destroy() Cost: 0.0337006ms
Path: /obj/effect/proc_holder/spell/targeted/forcewall/mimewall
	qdel() Count: 1
	Destroy() Cost: 0.0337006ms
Path: /obj/effect/proc_holder/spell/aoe_turf/hulk_smash
	qdel() Count: 1
	Destroy() Cost: 0.0337006ms
Path: /obj/effect/proc_holder/spell/aoe_turf/knock
	qdel() Count: 1
	Destroy() Cost: 0.0334015ms
Path: /obj/effect/proc_holder/spell/targeted/shadowling_hivemind_ascendant
	qdel() Count: 1
	Destroy() Cost: 0.0333008ms
Path: /obj/effect/proc_holder/spell/targeted/ethereal_jaunt/phaseshift
	qdel() Count: 1
	Destroy() Cost: 0.0329987ms
Path: /obj/effect/proc_holder/spell/targeted/ethereal_jaunt/shadow_walk
	qdel() Count: 1
	Destroy() Cost: 0.0329987ms
Path: /obj/effect/proc_holder/spell/aoe_turf/repulse
	qdel() Count: 1
	Destroy() Cost: 0.0329987ms
Path: /obj/effect/proc_holder/spell/targeted/ethereal_jaunt
	qdel() Count: 1
	Destroy() Cost: 0.032901ms
Path: /obj/effect/proc_holder/spell/targeted/emplosion
	qdel() Count: 1
	Destroy() Cost: 0.0328003ms
Path: /obj/effect/proc_holder/spell/aoe_turf/unearthly_screech
	qdel() Count: 1
	Destroy() Cost: 0.0328003ms
Path: /obj/effect/proc_holder/spell/targeted/ethereal_jaunt/wizard
	qdel() Count: 1
	Destroy() Cost: 0.0325989ms
Path: /obj/effect/proc_holder/spell/aoe_turf/clown_joke
	qdel() Count: 1
	Destroy() Cost: 0.0321014ms
Path: /obj/effect/proc_holder/spell/targeted/reviveThrall
	qdel() Count: 1
	Destroy() Cost: 0.0320984ms
Path: /obj/effect/proc_holder/spell/aoe_turf/conjure/spawn_animal
	qdel() Count: 1
	Destroy() Cost: 0.0320007ms
Path: /obj/effect/proc_holder/spell/targeted/inflict_handler/fireball
	qdel() Count: 1
	Destroy() Cost: 0.0319ms
Path: /obj/effect/proc_holder/spell/targeted/inflict_handler
	qdel() Count: 1
	Destroy() Cost: 0.0319ms
Path: /obj/effect/proc_holder/spell/targeted/trigger
	qdel() Count: 1
	Destroy() Cost: 0.0319ms
Path: /obj/effect/proc_holder/spell/targeted/inflict_handler/disintegrate
	qdel() Count: 1
	Destroy() Cost: 0.0317993ms
Path: /obj/effect/proc_holder/spell/targeted/lighting_shock
	qdel() Count: 1
	Destroy() Cost: 0.0317993ms
Path: /obj/effect/proc_holder/spell/aoe_turf/conjure/smoke
	qdel() Count: 1
	Destroy() Cost: 0.031601ms
Path: /obj/effect/proc_holder/spell/aoe_turf/hulk_eat
	qdel() Count: 1
	Destroy() Cost: 0.0315979ms
Path: /obj/effect/proc_holder/spell/targeted/barnyardcurse
	qdel() Count: 1
	Destroy() Cost: 0.0313995ms
Path: /obj/effect/proc_holder/spell/aoe_turf/conjure/construct/lesser
	qdel() Count: 1
	Destroy() Cost: 0.0313995ms
Path: /obj/effect/proc_holder/spell/targeted/turf_teleport/blink
	qdel() Count: 1
	Destroy() Cost: 0.0309998ms
Path: /obj/effect/proc_holder/spell/aoe_turf/conjure/lesserforcewall
	qdel() Count: 1
	Destroy() Cost: 0.0309998ms
Path: /obj/effect/proc_holder/spell/aoe_turf/conjure/soulstone
	qdel() Count: 1
	Destroy() Cost: 0.030899ms
Path: /obj/effect/proc_holder/spell/targeted/shadowling_hivemind
	qdel() Count: 1
	Destroy() Cost: 0.0307007ms
Path: /obj/effect/proc_holder/spell/aoe_turf/conjure/wall
	qdel() Count: 1
	Destroy() Cost: 0.0305023ms
Path: /obj/effect/proc_holder/spell/targeted/forcewall
	qdel() Count: 1
	Destroy() Cost: 0.0303986ms
Path: /obj/effect/proc_holder/spell/aoe_turf/hulk_jump
	qdel() Count: 1
	Destroy() Cost: 0.0302979ms
Path: /obj/effect/proc_holder/spell/targeted/genetic/mutate
	qdel() Count: 1
	Destroy() Cost: 0.0300995ms
Path: /obj/effect/proc_holder/spell/targeted/mind_transfer
	qdel() Count: 1
	Destroy() Cost: 0.0300995ms
Path: /obj/effect/proc_holder/spell/targeted/explosion/fireball
	qdel() Count: 1
	Destroy() Cost: 0.0299988ms
Path: /obj/effect/proc_holder/spell/targeted/smoke
	qdel() Count: 1
	Destroy() Cost: 0.0296997ms
Path: /obj/effect/proc_holder/spell/aoe_turf/conjure/construct
	qdel() Count: 1
	Destroy() Cost: 0.0296997ms
Path: /obj/effect/proc_holder/spell/aoe_turf/hulk_spit
	qdel() Count: 1
	Destroy() Cost: 0.0296997ms
Path: /obj/effect/proc_holder/spell/targeted/communicate
	qdel() Count: 1
	Destroy() Cost: 0.0295013ms
Path: /obj/effect/proc_holder/spell/aoe_turf/hulk_lazor
	qdel() Count: 1
	Destroy() Cost: 0.0295013ms
Path: /obj/effect/proc_holder/spell/targeted/collective_mind
	qdel() Count: 1
	Destroy() Cost: 0.0294006ms
Path: /obj/effect/proc_holder/spell/targeted/shadowling_phase_shift
	qdel() Count: 1
	Destroy() Cost: 0.0292999ms
Path: /obj/effect/proc_holder/spell/aoe_turf/veil
	qdel() Count: 1
	Destroy() Cost: 0.0292999ms
Path: /obj/effect/proc_holder/spell/targeted/projectile/magic_missile
	qdel() Count: 1
	Destroy() Cost: 0.0291016ms
Path: /obj/effect/proc_holder/spell/no_target/charge
	qdel() Count: 1
	Destroy() Cost: 0.0291016ms
Path: /obj/effect/proc_holder/spell/targeted/heal/damage
	qdel() Count: 1
	Destroy() Cost: 0.0290985ms
Path: /obj/effect/proc_holder/spell/aoe_turf/conjure/carp
	qdel() Count: 1
	Destroy() Cost: 0.0290985ms
Path: /obj/effect/proc_holder/spell/targeted/projectile
	qdel() Count: 1
	Destroy() Cost: 0.0289001ms
Path: /obj/effect/proc_holder/spell/targeted/turf_teleport
	qdel() Count: 1
	Destroy() Cost: 0.0289001ms
Path: /obj/effect/proc_holder/spell/targeted/zombie_findbrains
	qdel() Count: 1
	Destroy() Cost: 0.0289001ms
Path: /obj/effect/proc_holder/spell/aoe_turf/conjure/creature
	qdel() Count: 1
	Destroy() Cost: 0.0289001ms
Path: /obj/effect/proc_holder/spell/aoe_turf/flashfreeze
	qdel() Count: 1
	Destroy() Cost: 0.0287994ms
Path: /obj/effect/proc_holder/spell/aoe_turf/conjure
	qdel() Count: 1
	Destroy() Cost: 0.0286011ms
Path: /obj/effect/proc_holder/spell/targeted/genetic
	qdel() Count: 1
	Destroy() Cost: 0.028598ms
Path: /obj/effect/proc_holder/spell/targeted/enthrall
	qdel() Count: 1
	Destroy() Cost: 0.028598ms
Path: /obj/effect/proc_holder/spell/targeted/explosion
	qdel() Count: 1
	Destroy() Cost: 0.0285004ms
Path: /obj/effect/proc_holder/spell/targeted/glare
	qdel() Count: 1
	Destroy() Cost: 0.0285004ms
Path: /obj/effect/proc_holder/spell/targeted/shadowling_regenarmor
	qdel() Count: 1
	Destroy() Cost: 0.0283997ms
Path: /obj/effect/proc_holder/spell/targeted/hypnosis
	qdel() Count: 1
	Destroy() Cost: 0.0283997ms
Path: /obj/effect/proc_holder/spell/aoe_turf/hulk_dash
	qdel() Count: 1
	Destroy() Cost: 0.0283997ms
Path: /atom/movable/screen/alert/blind
	qdel() Count: 1
	Destroy() Cost: 0.0283ms
Path: /obj/effect/proc_holder/spell/aoe_turf/conjure/floor
	qdel() Count: 1
	Destroy() Cost: 0.0282989ms
Path: /obj/effect/proc_holder/spell/targeted/annihilate
	qdel() Count: 1
	Destroy() Cost: 0.0282013ms
Path: /obj/effect/proc_holder/spell/no_target/spawn_bible
	qdel() Count: 1
	Destroy() Cost: 0.0282013ms
Path: /obj/effect/proc_holder/spell/targeted/shadowlingAscendantTransmit
	qdel() Count: 1
	Destroy() Cost: 0.0281982ms
Path: /obj/effect/proc_holder/spell/targeted/blindness_smoke
	qdel() Count: 1
	Destroy() Cost: 0.0281006ms
Path: /obj/effect/proc_holder/spell/aoe_turf/drainLife
	qdel() Count: 1
	Destroy() Cost: 0.0278992ms
Path: /obj/effect/proc_holder/spell/no_target/mime_speak
	qdel() Count: 1
	Destroy() Cost: 0.0278992ms
Path: /obj/effect/proc_holder/spell/targeted/gnomecurse
	qdel() Count: 1
	Destroy() Cost: 0.0278015ms
Path: /obj/random/guns/handgun_security
	qdel() Count: 1
	Destroy() Cost: 0.0276003ms
Path: /datum/mechanic_tip/swiping
	qdel() Count: 5
	Destroy() Cost: 0.0275998ms
Path: /obj/effect/proc_holder/spell/in_hand/res_touch
	qdel() Count: 1
	Destroy() Cost: 0.0257019ms
Path: /atom/movable/screen/fullscreen/blind/ring
	qdel() Count: 1
	Destroy() Cost: 0.0246ms
Path: /obj/random/tools/toolbox
	qdel() Count: 1
	Destroy() Cost: 0.0219002ms
Path: /datum/tgui
	qdel() Count: 2
	Destroy() Cost: 0.0212997ms
Path: /datum/quirk/blindness
	qdel() Count: 1
	Destroy() Cost: 0.0209999ms
Path: /obj/random/foods/food_without_garbage
	qdel() Count: 1
	Destroy() Cost: 0.0188999ms
Path: /obj/effect/proc_holder/spell/no_target/resin
	qdel() Count: 1
	Destroy() Cost: 0.0187012ms
Path: /obj/effect/proc_holder/spell/no_target/hide
	qdel() Count: 1
	Destroy() Cost: 0.0183014ms
Path: /obj/effect/proc_holder/spell/no_target/scribe_rune
	qdel() Count: 1
	Destroy() Cost: 0.0179993ms
Path: /obj/effect/proc_holder/spell/in_hand/tesla
	qdel() Count: 1
	Destroy() Cost: 0.0179993ms
Path: /obj/effect/proc_holder/spell/in_hand/fireball
	qdel() Count: 1
	Destroy() Cost: 0.0177979ms
Path: /obj/effect/proc_holder/spell/no_target/weeds
	qdel() Count: 1
	Destroy() Cost: 0.0174988ms
Path: /datum/reagent/water
	qdel() Count: 2
	Destroy() Cost: 0.0174217ms
Path: /obj/random/foods/food_with_garbage
	qdel() Count: 1
	Destroy() Cost: 0.0169997ms
Path: /obj/effect/proc_holder/spell/no_target/evolve_to_queen
	qdel() Count: 1
	Destroy() Cost: 0.0169006ms
Path: /obj/effect/proc_holder/spell/in_hand/arcane_barrage
	qdel() Count: 1
	Destroy() Cost: 0.0165985ms
Path: /obj/effect/proc_holder/spell/no_target/lay_egg
	qdel() Count: 1
	Destroy() Cost: 0.0164001ms
Path: /obj/effect/proc_holder/spell/no_target/infection/obcurse
	qdel() Count: 1
	Destroy() Cost: 0.0161987ms
Path: /obj/effect/proc_holder/spell/turf/fireball
	qdel() Count: 1
	Destroy() Cost: 0.0161987ms
Path: /datum/aspect/lightbending/darkness
	qdel() Count: 1
	Destroy() Cost: 0.0161011ms
Path: /obj/effect/proc_holder/spell/no_target/air_plant
	qdel() Count: 1
	Destroy() Cost: 0.0161011ms
Path: /obj/effect/proc_holder/spell/dumbfire/fireball
	qdel() Count: 1
	Destroy() Cost: 0.0161011ms
Path: /obj/effect/proc_holder/spell/no_target
	qdel() Count: 1
	Destroy() Cost: 0.016098ms
Path: /obj/effect/proc_holder/spell/no_target/memorize_rune
	qdel() Count: 1
	Destroy() Cost: 0.0160004ms
Path: /obj/effect/proc_holder/spell/no_target/larva_evolve
	qdel() Count: 1
	Destroy() Cost: 0.0160004ms
Path: /obj/effect/proc_holder/spell/dumbfire
	qdel() Count: 1
	Destroy() Cost: 0.0160004ms
Path: /obj/effect/proc_holder/spell/in_hand/heal
	qdel() Count: 1
	Destroy() Cost: 0.0160004ms
Path: /obj/effect/proc_holder/spell/blessing
	qdel() Count: 1
	Destroy() Cost: 0.0160004ms
Path: /obj/effect/proc_holder/spell/no_target/infection
	qdel() Count: 1
	Destroy() Cost: 0.0159027ms
Path: /obj/effect/proc_holder/spell/no_target/syndi_drone/smoke
	qdel() Count: 1
	Destroy() Cost: 0.0158997ms
Path: /obj/effect/proc_holder/spell/in_hand
	qdel() Count: 1
	Destroy() Cost: 0.015802ms
Path: /obj/effect/proc_holder/spell/no_target/syndi_drone
	qdel() Count: 1
	Destroy() Cost: 0.015799ms
Path: /obj/effect/proc_holder/spell/no_target/rot
	qdel() Count: 1
	Destroy() Cost: 0.0156982ms
Path: /obj/effect/proc_holder/spell/no_target/syndi_drone/boost
	qdel() Count: 1
	Destroy() Cost: 0.0156982ms
Path: /obj/effect/proc_holder/spell/turf
	qdel() Count: 1
	Destroy() Cost: 0.0156006ms
Path: /datum/quirk/no_taste
	qdel() Count: 1
	Destroy() Cost: 0.0153008ms
Path: /datum/quirk/light_step
	qdel() Count: 1
	Destroy() Cost: 0.0151997ms
Path: /datum/reagent/nanites2
	qdel() Count: 3
	Destroy() Cost: 0.0146999ms
Path: /datum/aspect/death
	qdel() Count: 1
	Destroy() Cost: 0.0143005ms
Path: /datum/quirk/cough
	qdel() Count: 1
	Destroy() Cost: 0.0132999ms
Path: /datum/quirk/child_of_nature
	qdel() Count: 1
	Destroy() Cost: 0.0128012ms
Path: /datum/recipe/grill/human
	qdel() Count: 2
	Destroy() Cost: 0.0127182ms
Path: /datum/religion_rites/instant/chaplain/death_alarm
	qdel() Count: 1
	Destroy() Cost: 0.0125992ms
Path: /datum/religion_rites/pedestals/cult/narsie
	qdel() Count: 1
	Destroy() Cost: 0.0123001ms
Path: /datum/map_config
	qdel() Count: 1
	Destroy() Cost: 0.0113001ms
Path: /datum/stat/leave_stat
	qdel() Count: 1
	Destroy() Cost: 0.0110016ms
Path: /datum/quirk/nervous
	qdel() Count: 1
	Destroy() Cost: 0.0102005ms
Path: /datum/aspect/science
	qdel() Count: 1
	Destroy() Cost: 0.00930176ms
Path: /datum/aspect/food
	qdel() Count: 1
	Destroy() Cost: 0.00829773ms
Path: /datum/aspect/weapon
	qdel() Count: 1
	Destroy() Cost: 0.00820007ms
Path: /datum/aspect/rescue
	qdel() Count: 1
	Destroy() Cost: 0.00799866ms
Path: /datum/aspect/conjure
	qdel() Count: 1
	Destroy() Cost: 0.007901ms
Path: /datum/aspect/chaos
	qdel() Count: 1
	Destroy() Cost: 0.00780029ms
Path: /datum/aspect/resources
	qdel() Count: 1
	Destroy() Cost: 0.00769959ms
Path: /datum/aspect/flagellation
	qdel() Count: 1
	Destroy() Cost: 0.00759888ms
Path: /datum/aspect/technology
	qdel() Count: 1
	Destroy() Cost: 0.00759888ms
Path: /datum/aspect/mystic
	qdel() Count: 1
	Destroy() Cost: 0.00749817ms
Path: /datum/aspect/wacky
	qdel() Count: 1
	Destroy() Cost: 0.00720215ms
Path: /datum/religion_rites/standing/legacy/charge
	qdel() Count: 1
	Destroy() Cost: 0.00699921ms
Path: /datum/religion_rites/standing/illuminate
	qdel() Count: 1
	Destroy() Cost: 0.00699921ms
Path: /datum/radio_frequency
	qdel() Count: 1
	Destroy() Cost: 0.00690079ms
Path: /datum/religion_rites/instant/cult/summon_acolyt
	qdel() Count: 1
	Destroy() Cost: 0.00679932ms
Path: /datum/religion_sect/custom/chaplain
	qdel() Count: 1
	Destroy() Cost: 0.00679932ms
Path: /datum/religion_rites/instant
	qdel() Count: 1
	Destroy() Cost: 0.00670013ms
Path: /datum/religion_sect/preset/chaplain/puritanism
	qdel() Count: 1
	Destroy() Cost: 0.00670013ms
Path: /datum/religion_rites/instant/chaplain
	qdel() Count: 1
	Destroy() Cost: 0.00659943ms
Path: /datum/religion_rites/instant/cult/upgrade_tome
	qdel() Count: 1
	Destroy() Cost: 0.00659943ms
Path: /datum/religion_rites/instant/cult/brainswap
	qdel() Count: 1
	Destroy() Cost: 0.00650024ms
Path: /datum/religion_rites/standing/swap/devaluation
	qdel() Count: 1
	Destroy() Cost: 0.00649872ms
Path: /datum/quirk/epileptic
	qdel() Count: 1
	Destroy() Cost: 0.00649834ms
Path: /datum/quirk/light_drinker
	qdel() Count: 1
	Destroy() Cost: 0.00640106ms
Path: /datum/religion_rites/instant/impose_blind
	qdel() Count: 1
	Destroy() Cost: 0.00640106ms
Path: /datum/religion_rites/instant/cult/give_forcearmor
	qdel() Count: 1
	Destroy() Cost: 0.00639954ms
Path: /datum/aspect/greed
	qdel() Count: 1
	Destroy() Cost: 0.00639954ms
Path: /datum/religion_rites/instant/impose_deaf
	qdel() Count: 1
	Destroy() Cost: 0.00630035ms
Path: /datum/quirk/alcohol_tolerance
	qdel() Count: 1
	Destroy() Cost: 0.00620079ms
Path: /datum/religion_rites/instant/cult
	qdel() Count: 1
	Destroy() Cost: 0.00619965ms
Path: /datum/religion_rites/standing/food
	qdel() Count: 1
	Destroy() Cost: 0.00599976ms
Path: /datum/aspect/lightbending/light
	qdel() Count: 1
	Destroy() Cost: 0.00599976ms
Path: /datum/aspect/lightbending
	qdel() Count: 1
	Destroy() Cost: 0.00599976ms
Path: /datum/quirk/nyctophobia
	qdel() Count: 1
	Destroy() Cost: 0.00589943ms
Path: /datum/religion_rites/instant/cult/sacrifice
	qdel() Count: 1
	Destroy() Cost: 0.00589905ms
Path: /datum/aspect/herd
	qdel() Count: 1
	Destroy() Cost: 0.00589905ms
Path: /datum/aspect/absence
	qdel() Count: 1
	Destroy() Cost: 0.00580139ms
Path: /datum/religion_rites/instant/communicate
	qdel() Count: 1
	Destroy() Cost: 0.00579987ms
Path: /datum/reagent/nicotine
	qdel() Count: 1
	Destroy() Cost: 0.00579977ms
Path: /datum/religion_rites/standing/legacy
	qdel() Count: 1
	Destroy() Cost: 0.00570068ms
Path: /datum/religion_rites/instant/impose_stun
	qdel() Count: 1
	Destroy() Cost: 0.00559998ms
Path: /datum/religion_rites/standing/pray
	qdel() Count: 1
	Destroy() Cost: 0.00550079ms
Path: /datum/religion_rites/pedestals/cult/cult_portal
	qdel() Count: 1
	Destroy() Cost: 0.00549927ms
Path: /datum/quirk/strong_mind
	qdel() Count: 1
	Destroy() Cost: 0.00549889ms
Path: /datum/religion_rites/standing/swap/upgrade
	qdel() Count: 1
	Destroy() Cost: 0.00540009ms
Path: /datum/religion_rites/standing/swap
	qdel() Count: 1
	Destroy() Cost: 0.00540009ms
Path: /datum/religion_rites/standing
	qdel() Count: 1
	Destroy() Cost: 0.00540009ms
Path: /datum/quirk/daltonism
	qdel() Count: 1
	Destroy() Cost: 0.0053997ms
Path: /datum/quirk/fatness
	qdel() Count: 1
	Destroy() Cost: 0.00530052ms
Path: /datum/religion_rites/pedestals
	qdel() Count: 1
	Destroy() Cost: 0.00529938ms
Path: /datum/religion_rites/standing/honk
	qdel() Count: 1
	Destroy() Cost: 0.00529938ms
Path: /datum/quirk/multitasking
	qdel() Count: 1
	Destroy() Cost: 0.00520134ms
Path: /datum/religion_rites/standing/animation
	qdel() Count: 1
	Destroy() Cost: 0.0052002ms
Path: /datum/religion_sect/preset/chaplain/bloodgods
	qdel() Count: 1
	Destroy() Cost: 0.0052002ms
Path: /datum/religion_rites/instant/cult/emp
	qdel() Count: 1
	Destroy() Cost: 0.00519867ms
Path: /datum/religion_rites/instant/cult/create_slave
	qdel() Count: 1
	Destroy() Cost: 0.00510101ms
Path: /datum/religion_rites/standing/spook
	qdel() Count: 1
	Destroy() Cost: 0.00510101ms
Path: /datum/quirk/high_pain_threshold
	qdel() Count: 1
	Destroy() Cost: 0.00510025ms
Path: /datum/religion_rites/instant/cult/convert
	qdel() Count: 1
	Destroy() Cost: 0.00509949ms
Path: /datum/religion_rites/pedestals/cult/make_skeleton
	qdel() Count: 1
	Destroy() Cost: 0.00509949ms
Path: /datum/religion_rites/pedestals/cult
	qdel() Count: 1
	Destroy() Cost: 0.00509949ms
Path: /datum/religion_sect/preset/chaplain/technophile
	qdel() Count: 1
	Destroy() Cost: 0.00500031ms
Path: /datum/religion_sect/preset/chaplain/clown
	qdel() Count: 1
	Destroy() Cost: 0.00500031ms
Path: /datum/religion_rites/standing/revive_animal
	qdel() Count: 1
	Destroy() Cost: 0.00499878ms
Path: /datum/quirk/fast_equip
	qdel() Count: 1
	Destroy() Cost: 0.00489998ms
Path: /datum/quirk/tourette
	qdel() Count: 1
	Destroy() Cost: 0.00489998ms
Path: /datum/quirk/genetic_degradation
	qdel() Count: 1
	Destroy() Cost: 0.0048008ms
Path: /datum/quirk/low_pain_threshold
	qdel() Count: 1
	Destroy() Cost: 0.00479889ms
Path: /datum/religion_rites/instant/cult/drain_torture
	qdel() Count: 1
	Destroy() Cost: 0.00479889ms
Path: /datum/quirk/stress_eater
	qdel() Count: 1
	Destroy() Cost: 0.00469971ms
Path: /datum/religion_rites/instant/cult/raise_torture
	qdel() Count: 1
	Destroy() Cost: 0.00469971ms
Path: /datum/quirk/freerunning
	qdel() Count: 1
	Destroy() Cost: 0.00460052ms
Path: /datum/quirk/deafness
	qdel() Count: 1
	Destroy() Cost: 0.00460052ms
Path: /datum/quirk/mute
	qdel() Count: 1
	Destroy() Cost: 0.00450134ms
Path: /datum/reagent/lube
	qdel() Count: 1
	Destroy() Cost: 0.00440025ms
Path: /datum/quirk/nearsighted
	qdel() Count: 1
	Destroy() Cost: 0.00419998ms
Path: /datum/reagent/kyphotorin
	qdel() Count: 1
	Destroy() Cost: 0.00419998ms
Path: /datum
	qdel() Count: 1
	Destroy() Cost: 0ms
