Path: /datum/timedevent
	qdel() Count: 337
	Destroy() Cost: 9.2981ms
Path: /obj/item/projectile/test
	qdel() Count: 20
	Destroy() Cost: 1.6434ms
Path: /datum/hud
	qdel() Count: 2
	Destroy() Cost: 1.12243ms
Path: /datum/component/rite/spawn_item
	qdel() Count: 11
	Destroy() Cost: 1.0186ms
Path: /obj/item/organ/external/chest
	qdel() Count: 5
	Destroy() Cost: 0.823ms
Path: /obj/item/weapon/flora/random
	qdel() Count: 4
	Destroy() Cost: 0.727896ms
Path: /mob/dead/new_player
	qdel() Count: 1
	Destroy() Cost: 0.638477ms
Path: /obj/item/organ/external/head
	qdel() Count: 5
	Destroy() Cost: 0.424699ms
Path: /datum/component/clickplace
	qdel() Count: 5
	Destroy() Cost: 0.384903ms
Path: /obj/effect/landmark/corpse/unathisoldier
	qdel() Count: 4
	Destroy() Cost: 0.372801ms
Path: /atom/movable/screen
	qdel() Count: 4
	Destroy() Cost: 0.293002ms
Path: /obj/item/weapon/storage/backpack
	qdel() Count: 2
	Destroy() Cost: 0.267798ms
Path: /obj/item/device/pda
	qdel() Count: 2
	Destroy() Cost: 0.267792ms
Path: /datum/religion_rites/instant/spawn_item/cult/soulstone
	qdel() Count: 1
	Destroy() Cost: 0.2174ms
Path: /datum/component/mechanic_desc
	qdel() Count: 9
	Destroy() Cost: 0.216002ms
Path: /datum/component/rite/consent
	qdel() Count: 5
	Destroy() Cost: 0.208701ms
Path: /obj/item/organ/external/r_arm
	qdel() Count: 5
	Destroy() Cost: 0.174098ms
Path: /obj/effect/overlay/blurb
	qdel() Count: 1
	Destroy() Cost: 0.1674ms
Path: /obj/item/organ/external/l_arm
	qdel() Count: 5
	Destroy() Cost: 0.1623ms
Path: /obj/item/organ/external/r_leg
	qdel() Count: 5
	Destroy() Cost: 0.162001ms
Path: /obj/item/organ/external/groin
	qdel() Count: 5
	Destroy() Cost: 0.154003ms
Path: /datum/bodypart_controller
	qdel() Count: 35
	Destroy() Cost: 0.148603ms
Path: /obj/item/organ/external/l_leg
	qdel() Count: 5
	Destroy() Cost: 0.1423ms
Path: /datum/religion_rites/instant/spawn_item/cult/talisman
	qdel() Count: 1
	Destroy() Cost: 0.1402ms
Path: /obj/item/organ/internal/heart
	qdel() Count: 5
	Destroy() Cost: 0.134299ms
Path: /datum/religion_rites/standing/spawn_item/banana
	qdel() Count: 1
	Destroy() Cost: 0.1336ms
Path: /obj/effect/spawner/lootdrop/maintenance
	qdel() Count: 5
	Destroy() Cost: 0.129696ms
Path: /datum/religion_rites/standing/spawn_item/call_animal
	qdel() Count: 1
	Destroy() Cost: 0.129399ms
Path: /obj/effect/proc_holder/spell/targeted/trigger/blind
	qdel() Count: 1
	Destroy() Cost: 0.128ms
Path: /obj/random/foods/donuts
	qdel() Count: 6
	Destroy() Cost: 0.1264ms
Path: /datum/status_effect/incapacitating/sleeping
	qdel() Count: 1
	Destroy() Cost: 0.1247ms
Path: /obj/item/stack/cable_coil/random
	qdel() Count: 4
	Destroy() Cost: 0.116985ms
Path: /datum/religion_rites/standing/spawn_item/create_sword
	qdel() Count: 1
	Destroy() Cost: 0.103101ms
Path: /datum/religion_rites/instant/spawn_item/cult/constructshell
	qdel() Count: 1
	Destroy() Cost: 0.1027ms
Path: /datum/religion_rites/standing/spawn_item/talisman
	qdel() Count: 1
	Destroy() Cost: 0.102399ms
Path: /datum/religion_rites/standing/spawn_item/banana_ore
	qdel() Count: 1
	Destroy() Cost: 0.1009ms
Path: /datum/religion_rites/instant/spawn_item/cult
	qdel() Count: 1
	Destroy() Cost: 0.0976997ms
Path: /datum/religion_rites/standing/spawn_item
	qdel() Count: 1
	Destroy() Cost: 0.0973999ms
Path: /obj/item/organ/internal/brain
	qdel() Count: 5
	Destroy() Cost: 0.0964966ms
Path: /obj/item/clothing/shoes/black
	qdel() Count: 1
	Destroy() Cost: 0.0947266ms
Path: /obj/item/clothing/under/color/black
	qdel() Count: 1
	Destroy() Cost: 0.0915039ms
Path: /obj/item/organ/internal/lungs
	qdel() Count: 5
	Destroy() Cost: 0.0903988ms
Path: /datum/religion_rites/instant/spawn_item
	qdel() Count: 1
	Destroy() Cost: 0.0899002ms
Path: /datum/callback
	qdel() Count: 12
	Destroy() Cost: 0.0880989ms
Path: /obj/item/organ/internal/kidneys
	qdel() Count: 5
	Destroy() Cost: 0.0879021ms
Path: /datum/component/tactical
	qdel() Count: 4
	Destroy() Cost: 0.0855951ms
Path: /datum/component/twohanded
	qdel() Count: 4
	Destroy() Cost: 0.0833988ms
Path: /obj/item/organ/internal/liver
	qdel() Count: 5
	Destroy() Cost: 0.0827007ms
Path: /datum/modval_modifier
	qdel() Count: 17
	Destroy() Cost: 0.0787992ms
Path: /datum/religion_rites/standing/consent/synthconversion
	qdel() Count: 1
	Destroy() Cost: 0.0755997ms
Path: /obj/item/organ/internal/eyes
	qdel() Count: 5
	Destroy() Cost: 0.0746012ms
Path: /datum/religion_rites/standing/consent/clownconversion
	qdel() Count: 1
	Destroy() Cost: 0.0683998ms
Path: /datum/religion_rites/standing/consent/sacrifice
	qdel() Count: 1
	Destroy() Cost: 0.0657997ms
Path: /datum/religion_rites/standing/consent
	qdel() Count: 1
	Destroy() Cost: 0.0652ms
Path: /datum/religion_rites/standing/consent/invite
	qdel() Count: 1
	Destroy() Cost: 0.0638001ms
Path: /atom/movable/screen/fullscreen/blind
	qdel() Count: 1
	Destroy() Cost: 0.0627ms
Path: /obj/effect/proc_holder/spell/targeted/inflict_handler/blind
	qdel() Count: 2
	Destroy() Cost: 0.0604004ms
Path: /obj/effect/proc_holder/spell/targeted/genetic/blind
	qdel() Count: 2
	Destroy() Cost: 0.0575989ms
Path: /obj/effect/proc_holder/spell/targeted/area_teleport/teleport
	qdel() Count: 1
	Destroy() Cost: 0.0514999ms
Path: /obj/random/vending/snack
	qdel() Count: 2
	Destroy() Cost: 0.0499992ms
Path: /obj/item/weapon/pen
	qdel() Count: 2
	Destroy() Cost: 0.046991ms
Path: /atom/movable/screen/mood
	qdel() Count: 1
	Destroy() Cost: 0.0405029ms
Path: /obj/effect/landmark/corpse/engineer/rig
	qdel() Count: 1
	Destroy() Cost: 0.0393ms
Path: /obj/effect/landmark/latejoin
	qdel() Count: 1
	Destroy() Cost: 0.0391998ms
Path: /datum/browser
	qdel() Count: 2
	Destroy() Cost: 0.0359985ms
Path: /obj/effect/proc_holder/spell/targeted/area_teleport
	qdel() Count: 1
	Destroy() Cost: 0.035199ms
Path: /obj/effect/landmark/corpse/unathicommander
	qdel() Count: 1
	Destroy() Cost: 0.0346012ms
Path: /datum/reagent/aqueous_foam
	qdel() Count: 5
	Destroy() Cost: 0.0325672ms
Path: /atom/movable/screen/plane_master/floor
	qdel() Count: 2
	Destroy() Cost: 0.0306946ms
Path: /obj/effect/proc_holder/spell/targeted/barnyardcurse
	qdel() Count: 1
	Destroy() Cost: 0.0300995ms
Path: /obj/effect/proc_holder/spell/targeted/ethereal_jaunt/shadow_walk
	qdel() Count: 1
	Destroy() Cost: 0.0296997ms
Path: /obj/effect/proc_holder/spell/targeted/emplosion/disable_tech
	qdel() Count: 1
	Destroy() Cost: 0.0296005ms
Path: /obj/effect/proc_holder/spell/targeted/ethereal_jaunt/phaseshift
	qdel() Count: 1
	Destroy() Cost: 0.029599ms
Path: /obj/effect/proc_holder/spell/no_target/resin
	qdel() Count: 1
	Destroy() Cost: 0.028302ms
Path: /obj/effect/proc_holder/spell/targeted/emplosion
	qdel() Count: 1
	Destroy() Cost: 0.0281998ms
Path: /obj/effect/proc_holder/spell/targeted/lighting_shock
	qdel() Count: 1
	Destroy() Cost: 0.0281006ms
Path: /obj/effect/proc_holder/spell/no_target/scribe_rune
	qdel() Count: 1
	Destroy() Cost: 0.0281006ms
Path: /obj/effect/proc_holder/spell/targeted/forcewall/mimewall
	qdel() Count: 1
	Destroy() Cost: 0.0279999ms
Path: /obj/effect/proc_holder/spell/no_target/spawn_bible
	qdel() Count: 1
	Destroy() Cost: 0.0279022ms
Path: /obj/effect/proc_holder/spell/no_target/weeds
	qdel() Count: 1
	Destroy() Cost: 0.0278015ms
Path: /obj/effect/proc_holder/spell/aoe_turf/conjure/creature
	qdel() Count: 1
	Destroy() Cost: 0.0278ms
Path: /obj/effect/proc_holder/spell/no_target/larva_evolve
	qdel() Count: 1
	Destroy() Cost: 0.0277008ms
Path: /obj/effect/proc_holder/spell/targeted/xeno_whisp
	qdel() Count: 1
	Destroy() Cost: 0.0276993ms
Path: /obj/effect/proc_holder/spell/no_target/air_plant
	qdel() Count: 1
	Destroy() Cost: 0.0276001ms
Path: /atom/movable/screen/alert/blind
	qdel() Count: 1
	Destroy() Cost: 0.0275ms
Path: /obj/effect/proc_holder/spell/targeted/projectile
	qdel() Count: 1
	Destroy() Cost: 0.0274994ms
Path: /obj/effect/proc_holder/spell/targeted/explosion/fireball
	qdel() Count: 1
	Destroy() Cost: 0.0274002ms
Path: /obj/effect/proc_holder/spell/targeted/gnomecurse
	qdel() Count: 1
	Destroy() Cost: 0.0274002ms
Path: /obj/effect/proc_holder/spell/targeted/heal
	qdel() Count: 1
	Destroy() Cost: 0.0274002ms
Path: /obj/effect/proc_holder/spell/no_target/hide
	qdel() Count: 1
	Destroy() Cost: 0.0273987ms
Path: /obj/effect/proc_holder/spell/targeted/genetic/mutate
	qdel() Count: 1
	Destroy() Cost: 0.027301ms
Path: /obj/effect/proc_holder/spell/aoe_turf/conjure/spawn_animal
	qdel() Count: 1
	Destroy() Cost: 0.027301ms
Path: /obj/effect/proc_holder/spell/aoe_turf/hulk_lazor
	qdel() Count: 1
	Destroy() Cost: 0.027301ms
Path: /obj/effect/proc_holder/spell/targeted/ethereal_jaunt/wizard
	qdel() Count: 1
	Destroy() Cost: 0.0272003ms
Path: /obj/effect/proc_holder/spell/targeted/heal/damage
	qdel() Count: 1
	Destroy() Cost: 0.0272003ms
Path: /obj/effect/proc_holder/spell/no_target/lay_egg
	qdel() Count: 1
	Destroy() Cost: 0.0271973ms
Path: /obj/effect/proc_holder/spell/targeted/ethereal_jaunt
	qdel() Count: 1
	Destroy() Cost: 0.0270996ms
Path: /obj/effect/proc_holder/spell/targeted/inflict_handler/magic_missile
	qdel() Count: 1
	Destroy() Cost: 0.0270996ms
Path: /obj/effect/proc_holder/spell/targeted/inflict_handler/disintegrate
	qdel() Count: 1
	Destroy() Cost: 0.0269989ms
Path: /obj/effect/proc_holder/spell/targeted/forcewall
	qdel() Count: 1
	Destroy() Cost: 0.0269989ms
Path: /obj/effect/proc_holder/spell/in_hand/res_touch
	qdel() Count: 1
	Destroy() Cost: 0.0269989ms
Path: /obj/effect/proc_holder/spell/aoe_turf/hulk_spit
	qdel() Count: 1
	Destroy() Cost: 0.0269012ms
Path: /obj/effect/proc_holder/spell/no_target/memorize_rune
	qdel() Count: 1
	Destroy() Cost: 0.0269012ms
Path: /obj/effect/proc_holder/spell/targeted/shadowling_phase_shift
	qdel() Count: 1
	Destroy() Cost: 0.0268997ms
Path: /obj/effect/proc_holder/spell/targeted/transfer_plasma
	qdel() Count: 1
	Destroy() Cost: 0.0268997ms
Path: /obj/effect/proc_holder/spell/targeted/reviveThrall
	qdel() Count: 1
	Destroy() Cost: 0.0268005ms
Path: /obj/effect/proc_holder/spell/no_target/infection
	qdel() Count: 1
	Destroy() Cost: 0.0268005ms
Path: /obj/effect/proc_holder/spell/targeted/genetic
	qdel() Count: 1
	Destroy() Cost: 0.026799ms
Path: /obj/effect/proc_holder/spell/targeted/explosion
	qdel() Count: 1
	Destroy() Cost: 0.0266998ms
Path: /obj/effect/proc_holder/spell/targeted
	qdel() Count: 1
	Destroy() Cost: 0.0266998ms
Path: /obj/effect/proc_holder/spell/dumbfire/fireball
	qdel() Count: 1
	Destroy() Cost: 0.0266022ms
Path: /obj/effect/proc_holder/spell/targeted/spacetime_dist
	qdel() Count: 1
	Destroy() Cost: 0.0266006ms
Path: /obj/effect/proc_holder/spell/targeted/trigger
	qdel() Count: 1
	Destroy() Cost: 0.0265991ms
Path: /obj/effect/proc_holder/spell/targeted/annihilate
	qdel() Count: 1
	Destroy() Cost: 0.0265991ms
Path: /obj/effect/proc_holder/spell/targeted/mind_transfer
	qdel() Count: 1
	Destroy() Cost: 0.0264999ms
Path: /obj/effect/proc_holder/spell/targeted/smoke
	qdel() Count: 1
	Destroy() Cost: 0.0264999ms
Path: /obj/effect/proc_holder/spell/targeted/shadowling_hivemind
	qdel() Count: 1
	Destroy() Cost: 0.0264999ms
Path: /obj/effect/proc_holder/spell/targeted/screech
	qdel() Count: 1
	Destroy() Cost: 0.0264999ms
Path: /obj/effect/proc_holder/spell/aoe_turf/knock
	qdel() Count: 1
	Destroy() Cost: 0.0264999ms
Path: /obj/effect/proc_holder/spell/aoe_turf/repulse
	qdel() Count: 1
	Destroy() Cost: 0.0264999ms
Path: /obj/effect/proc_holder/spell/no_target/rot
	qdel() Count: 1
	Destroy() Cost: 0.0264984ms
Path: /obj/effect/proc_holder/spell/targeted/projectile/magic_missile
	qdel() Count: 1
	Destroy() Cost: 0.0264008ms
Path: /obj/effect/proc_holder/spell/targeted/summonitem
	qdel() Count: 1
	Destroy() Cost: 0.0264008ms
Path: /obj/effect/proc_holder/spell/aoe_turf/conjure/construct
	qdel() Count: 1
	Destroy() Cost: 0.0264008ms
Path: /obj/effect/proc_holder/spell/aoe_turf/hulk_eat
	qdel() Count: 1
	Destroy() Cost: 0.0264008ms
Path: /obj/effect/proc_holder/spell/no_target/evolve_to_queen
	qdel() Count: 1
	Destroy() Cost: 0.0264008ms
Path: /atom/movable/screen/alert/status_effect/asleep
	qdel() Count: 1
	Destroy() Cost: 0.0264ms
Path: /obj/effect/proc_holder/spell/targeted/inflict_handler/fireball
	qdel() Count: 1
	Destroy() Cost: 0.0263992ms
Path: /obj/effect/proc_holder/spell/targeted/hypnosis
	qdel() Count: 1
	Destroy() Cost: 0.0263992ms
Path: /obj/effect/proc_holder/spell/aoe_turf/conjure/summonEdSwarm
	qdel() Count: 1
	Destroy() Cost: 0.0263992ms
Path: /obj/effect/proc_holder/spell/aoe_turf/conjure/the_traps
	qdel() Count: 1
	Destroy() Cost: 0.0263992ms
Path: /obj/effect/proc_holder/spell/targeted/shadowling_regenarmor
	qdel() Count: 1
	Destroy() Cost: 0.0263ms
Path: /obj/effect/proc_holder/spell/aoe_turf/veil
	qdel() Count: 1
	Destroy() Cost: 0.0263ms
Path: /obj/effect/proc_holder/spell/aoe_turf/clown_joke
	qdel() Count: 1
	Destroy() Cost: 0.0263ms
Path: /obj/effect/proc_holder/spell/targeted/communicate/fastener
	qdel() Count: 1
	Destroy() Cost: 0.0262009ms
Path: /datum/runechat
	qdel() Count: 1
	Destroy() Cost: 0.0262ms
Path: /obj/effect/proc_holder/spell/targeted/turf_teleport/blink
	qdel() Count: 1
	Destroy() Cost: 0.0261993ms
Path: /obj/effect/proc_holder/spell/targeted/communicate
	qdel() Count: 1
	Destroy() Cost: 0.0261993ms
Path: /obj/effect/proc_holder/spell/no_target/charge/religion
	qdel() Count: 1
	Destroy() Cost: 0.0261993ms
Path: /obj/effect/proc_holder/spell/no_target/food
	qdel() Count: 1
	Destroy() Cost: 0.0261993ms
Path: /obj/effect/proc_holder/spell/no_target/syndi_drone
	qdel() Count: 1
	Destroy() Cost: 0.0261993ms
Path: /obj/effect/proc_holder/spell/aoe_turf/hulk_dash
	qdel() Count: 1
	Destroy() Cost: 0.0261017ms
Path: /obj/effect/proc_holder/spell/no_target/charge
	qdel() Count: 1
	Destroy() Cost: 0.0261017ms
Path: /obj/effect/proc_holder/spell/no_target/mime_speak
	qdel() Count: 1
	Destroy() Cost: 0.0261017ms
Path: /obj/effect/proc_holder/spell/in_hand/heal
	qdel() Count: 1
	Destroy() Cost: 0.0261017ms
Path: /obj/effect/proc_holder/spell/targeted/collective_mind
	qdel() Count: 1
	Destroy() Cost: 0.0261002ms
Path: /obj/effect/proc_holder/spell/aoe_turf/unearthly_screech
	qdel() Count: 1
	Destroy() Cost: 0.026001ms
Path: /obj/effect/proc_holder/spell/aoe_turf/hulk_mill
	qdel() Count: 1
	Destroy() Cost: 0.026001ms
Path: /obj/effect/proc_holder/spell/in_hand
	qdel() Count: 1
	Destroy() Cost: 0.026001ms
Path: /obj/effect/proc_holder/spell/blessing
	qdel() Count: 1
	Destroy() Cost: 0.026001ms
Path: /obj/effect/proc_holder/spell/targeted/inflict_handler
	qdel() Count: 1
	Destroy() Cost: 0.0259995ms
Path: /obj/effect/proc_holder/spell/targeted/glare
	qdel() Count: 1
	Destroy() Cost: 0.0259995ms
Path: /obj/effect/proc_holder/spell/aoe_turf/drainLife
	qdel() Count: 1
	Destroy() Cost: 0.0259995ms
Path: /obj/effect/proc_holder/spell/aoe_turf
	qdel() Count: 1
	Destroy() Cost: 0.0259979ms
Path: /obj/effect/proc_holder/spell/no_target/syndi_drone/smoke
	qdel() Count: 1
	Destroy() Cost: 0.0259979ms
Path: /obj/effect/proc_holder/spell/no_target
	qdel() Count: 1
	Destroy() Cost: 0.0259979ms
Path: /datum/mechanic_tip/clickplace
	qdel() Count: 5
	Destroy() Cost: 0.0259037ms
Path: /obj/effect/proc_holder/spell/targeted/blindness_smoke
	qdel() Count: 1
	Destroy() Cost: 0.0259003ms
Path: /obj/effect/proc_holder/spell/aoe_turf/conjure/smoke
	qdel() Count: 1
	Destroy() Cost: 0.0259003ms
Path: /obj/effect/proc_holder/spell/aoe_turf/flashfreeze
	qdel() Count: 1
	Destroy() Cost: 0.0259003ms
Path: /obj/effect/proc_holder/spell/no_target/grease
	qdel() Count: 1
	Destroy() Cost: 0.0259003ms
Path: /obj/effect/proc_holder/spell/no_target/syndi_drone/boost
	qdel() Count: 1
	Destroy() Cost: 0.0259003ms
Path: /obj/effect/proc_holder/spell/dumbfire
	qdel() Count: 1
	Destroy() Cost: 0.0259003ms
Path: /obj/effect/proc_holder/spell/in_hand/fireball
	qdel() Count: 1
	Destroy() Cost: 0.0259003ms
Path: /obj/effect/proc_holder/spell/targeted/zombie_findbrains
	qdel() Count: 1
	Destroy() Cost: 0.0258987ms
Path: /obj/effect/proc_holder/spell/targeted/turf_teleport
	qdel() Count: 1
	Destroy() Cost: 0.0258011ms
Path: /obj/effect/proc_holder/spell/aoe_turf/conjure/timestop
	qdel() Count: 1
	Destroy() Cost: 0.0257996ms
Path: /obj/effect/proc_holder/spell/aoe_turf/hulk_gas
	qdel() Count: 1
	Destroy() Cost: 0.0257996ms
Path: /obj/effect/proc_holder/spell/in_hand/tesla
	qdel() Count: 1
	Destroy() Cost: 0.0257996ms
Path: /obj/effect/proc_holder/spell/turf/fireball
	qdel() Count: 1
	Destroy() Cost: 0.0257019ms
Path: /obj/effect/proc_holder/spell/aoe_turf/conjure/soulstone
	qdel() Count: 1
	Destroy() Cost: 0.0257004ms
Path: /obj/effect/proc_holder/spell/targeted/shadowling_hivemind_ascendant
	qdel() Count: 1
	Destroy() Cost: 0.0256989ms
Path: /obj/effect/proc_holder/spell/aoe_turf/hulk_smash
	qdel() Count: 1
	Destroy() Cost: 0.0256989ms
Path: /obj/effect/proc_holder/spell/no_target/infection/obcurse
	qdel() Count: 1
	Destroy() Cost: 0.0256989ms
Path: /obj/effect/proc_holder/spell/targeted/enthrall
	qdel() Count: 1
	Destroy() Cost: 0.0256012ms
Path: /obj/effect/proc_holder/spell/targeted/shadowlingAscendantTransmit
	qdel() Count: 1
	Destroy() Cost: 0.0255997ms
Path: /obj/effect/proc_holder/spell/aoe_turf/conjure/wall
	qdel() Count: 1
	Destroy() Cost: 0.0255997ms
Path: /obj/effect/proc_holder/spell/aoe_turf/conjure/lesserforcewall
	qdel() Count: 1
	Destroy() Cost: 0.0255997ms
Path: /obj/effect/proc_holder/spell/in_hand/arcane_barrage
	qdel() Count: 1
	Destroy() Cost: 0.0255981ms
Path: /obj/effect/proc_holder/spell/turf
	qdel() Count: 1
	Destroy() Cost: 0.0255981ms
Path: /obj/effect/proc_holder/spell/aoe_turf/glacial_blast
	qdel() Count: 1
	Destroy() Cost: 0.0255005ms
Path: /obj/effect/proc_holder/spell/aoe_turf/hulk_jump
	qdel() Count: 1
	Destroy() Cost: 0.0255005ms
Path: /obj/effect/proc_holder/spell/aoe_turf/conjure/carp
	qdel() Count: 1
	Destroy() Cost: 0.0253998ms
Path: /obj/effect/proc_holder/spell/aoe_turf/conjure/floor
	qdel() Count: 1
	Destroy() Cost: 0.0253998ms
Path: /obj/effect/proc_holder/spell/aoe_turf/conjure/construct/lesser
	qdel() Count: 1
	Destroy() Cost: 0.0252991ms
Path: /obj/effect/proc_holder/spell/aoe_turf/conjure
	qdel() Count: 1
	Destroy() Cost: 0.0252991ms
Path: /obj/effect/proc_holder/spell/aoe_turf/HulkHONK
	qdel() Count: 1
	Destroy() Cost: 0.0252014ms
Path: /atom/movable/screen/plane_master/game_world
	qdel() Count: 2
	Destroy() Cost: 0.0220398ms
Path: /atom/movable/screen/plane_master/fullscreen
	qdel() Count: 2
	Destroy() Cost: 0.0219299ms
Path: /datum/stat/leave_stat
	qdel() Count: 1
	Destroy() Cost: 0.0207001ms
Path: /atom/movable/screen/plane_master/rendering_plate/game_world
	qdel() Count: 2
	Destroy() Cost: 0.0206055ms
Path: /atom/movable/screen/fullscreen/blind/ring
	qdel() Count: 1
	Destroy() Cost: 0.0204ms
Path: /datum/reagent/toxin/mindbreaker
	qdel() Count: 4
	Destroy() Cost: 0.0201988ms
Path: /atom/movable/screen/plane_master/game_world_above
	qdel() Count: 2
	Destroy() Cost: 0.020105ms
Path: /atom/movable/screen/plane_master/above_lighting
	qdel() Count: 2
	Destroy() Cost: 0.0193909ms
Path: /atom/movable/screen/plane_master/ghost_illusion
	qdel() Count: 2
	Destroy() Cost: 0.0190247ms
Path: /atom/movable/plane_master_controller/game
	qdel() Count: 2
	Destroy() Cost: 0.0190186ms
Path: /atom/movable/screen/plane_master/rendering_plate/master
	qdel() Count: 2
	Destroy() Cost: 0.0188599ms
Path: /atom/movable/screen/plane_master/lighting
	qdel() Count: 2
	Destroy() Cost: 0.0187805ms
Path: /atom/movable/screen/plane_master/ghost
	qdel() Count: 2
	Destroy() Cost: 0.0187744ms
Path: /datum/religion_rites/instant/chaplain/death_alarm
	qdel() Count: 1
	Destroy() Cost: 0.0187004ms
Path: /atom/movable/screen/plane_master/point
	qdel() Count: 2
	Destroy() Cost: 0.0186157ms
Path: /atom/movable/screen/plane_master/blackness
	qdel() Count: 2
	Destroy() Cost: 0.0184265ms
Path: /atom/movable/screen/plane_master/parallax_white
	qdel() Count: 2
	Destroy() Cost: 0.0182312ms
Path: /atom/movable/screen/plane_master/rendering_plate/above_game_world
	qdel() Count: 2
	Destroy() Cost: 0.0181824ms
Path: /atom/movable/screen/plane_master/singularity
	qdel() Count: 2
	Destroy() Cost: 0.0178833ms
Path: /atom/movable/screen/plane_master/gravpulse
	qdel() Count: 2
	Destroy() Cost: 0.0178284ms
Path: /atom/movable/screen/plane_master/area
	qdel() Count: 2
	Destroy() Cost: 0.0175964ms
Path: /atom/movable/screen/plane_master/camera_static
	qdel() Count: 2
	Destroy() Cost: 0.0174377ms
Path: /atom/movable/screen/plane_master/parallax
	qdel() Count: 2
	Destroy() Cost: 0.0171875ms
Path: /atom/movable/screen/plane_master/rendering_plate/non_game
	qdel() Count: 2
	Destroy() Cost: 0.0169922ms
Path: /atom/movable/screen/plane_master/rendering_plate
	qdel() Count: 2
	Destroy() Cost: 0.0168945ms
Path: /datum/recipe/microwave/human
	qdel() Count: 3
	Destroy() Cost: 0.0156975ms
Path: /datum/aspect/science
	qdel() Count: 1
	Destroy() Cost: 0.0145004ms
Path: /datum/mechanic_tip/twohanded/required
	qdel() Count: 4
	Destroy() Cost: 0.0143013ms
Path: /datum/quirk/child_of_nature
	qdel() Count: 1
	Destroy() Cost: 0.0121994ms
Path: /datum/religion_rites/standing/swap/devaluation
	qdel() Count: 1
	Destroy() Cost: 0.0115005ms
Path: /datum/religion_rites/standing/illuminate
	qdel() Count: 1
	Destroy() Cost: 0.0106995ms
Path: /datum/aspect/death
	qdel() Count: 1
	Destroy() Cost: 0.0102997ms
Path: /datum/map_config
	qdel() Count: 1
	Destroy() Cost: 0.0100002ms
Path: /datum/religion_sect/preset/chaplain/puritanism
	qdel() Count: 1
	Destroy() Cost: 0.0098999ms
Path: /datum/aspect/food
	qdel() Count: 1
	Destroy() Cost: 0.00919952ms
Path: /datum/religion_rites/standing/spook
	qdel() Count: 1
	Destroy() Cost: 0.00899963ms
Path: /datum/quirk/light_step
	qdel() Count: 1
	Destroy() Cost: 0.00830078ms
Path: /datum/reagent/water
	qdel() Count: 1
	Destroy() Cost: 0.00805664ms
Path: /datum/religion_rites/standing/legacy/charge
	qdel() Count: 1
	Destroy() Cost: 0.00779953ms
Path: /datum/religion_rites/instant/chaplain
	qdel() Count: 1
	Destroy() Cost: 0.00770035ms
Path: /datum/aspect/greed
	qdel() Count: 1
	Destroy() Cost: 0.00740051ms
Path: /datum/religion_rites/standing
	qdel() Count: 1
	Destroy() Cost: 0.0072998ms
Path: /datum/aspect/lightbending/darkness
	qdel() Count: 1
	Destroy() Cost: 0.0072998ms
Path: /datum/quirk/multitasking
	qdel() Count: 1
	Destroy() Cost: 0.00729752ms
Path: /datum/religion_rites/standing/pray
	qdel() Count: 1
	Destroy() Cost: 0.00720062ms
Path: /datum/aspect/weapon
	qdel() Count: 1
	Destroy() Cost: 0.00720062ms
Path: /datum/quality/negativeish
	qdel() Count: 1
	Destroy() Cost: 0.00720024ms
Path: /datum/aspect/lightbending
	qdel() Count: 1
	Destroy() Cost: 0.0071991ms
Path: /datum/quirk/nyctophobia
	qdel() Count: 1
	Destroy() Cost: 0.00719833ms
Path: /datum/quirk/strong_mind
	qdel() Count: 1
	Destroy() Cost: 0.00709915ms
Path: /datum/quirk/alcohol_tolerance
	qdel() Count: 1
	Destroy() Cost: 0.00709915ms
Path: /datum/aspect/lightbending/light
	qdel() Count: 1
	Destroy() Cost: 0.00699921ms
Path: /datum/aspect/conjure
	qdel() Count: 1
	Destroy() Cost: 0.00690002ms
Path: /datum/quirk/fast_equip
	qdel() Count: 1
	Destroy() Cost: 0.00680161ms
Path: /datum/quirk/light_drinker
	qdel() Count: 1
	Destroy() Cost: 0.00680161ms
Path: /datum/quirk/high_pain_threshold
	qdel() Count: 1
	Destroy() Cost: 0.00680161ms
Path: /datum/quirk/daltonism
	qdel() Count: 1
	Destroy() Cost: 0.00680161ms
Path: /datum/aspect/resources
	qdel() Count: 1
	Destroy() Cost: 0.00679932ms
Path: /datum/quirk/stress_eater
	qdel() Count: 1
	Destroy() Cost: 0.00669861ms
Path: /datum/quirk/tourette
	qdel() Count: 1
	Destroy() Cost: 0.00669861ms
Path: /datum/aspect/mystic
	qdel() Count: 1
	Destroy() Cost: 0.00660095ms
Path: /datum/quirk/blindness
	qdel() Count: 1
	Destroy() Cost: 0.00659943ms
Path: /datum/recipe/grill/human
	qdel() Count: 1
	Destroy() Cost: 0.00659943ms
Path: /datum/quirk/fatness
	qdel() Count: 1
	Destroy() Cost: 0.00650024ms
Path: /datum/aspect/rescue
	qdel() Count: 1
	Destroy() Cost: 0.00650024ms
Path: /datum/aspect/technology
	qdel() Count: 1
	Destroy() Cost: 0.00650024ms
Path: /datum/religion_rites/pedestals/cult/narsie
	qdel() Count: 1
	Destroy() Cost: 0.00649948ms
Path: /datum/religion_rites/standing/food
	qdel() Count: 1
	Destroy() Cost: 0.00649872ms
Path: /datum/religion_rites/standing/swap/upgrade
	qdel() Count: 1
	Destroy() Cost: 0.00649872ms
Path: /datum/quirk/freerunning
	qdel() Count: 1
	Destroy() Cost: 0.00640106ms
Path: /datum/quirk/deafness
	qdel() Count: 1
	Destroy() Cost: 0.00640106ms
Path: /datum/aspect/wacky
	qdel() Count: 1
	Destroy() Cost: 0.00640106ms
Path: /datum/religion_rites/instant/cult/emp
	qdel() Count: 1
	Destroy() Cost: 0.0064003ms
Path: /datum/religion_rites/pedestals/cult/make_skeleton
	qdel() Count: 1
	Destroy() Cost: 0.00639954ms
Path: /datum/aspect/chaos
	qdel() Count: 1
	Destroy() Cost: 0.00639954ms
Path: /datum/quirk/mute
	qdel() Count: 1
	Destroy() Cost: 0.00630188ms
Path: /datum/quirk/epileptic
	qdel() Count: 1
	Destroy() Cost: 0.00630188ms
Path: /datum/religion_rites/instant/cult/sacrifice
	qdel() Count: 1
	Destroy() Cost: 0.00629959ms
Path: /datum/religion_rites/instant
	qdel() Count: 1
	Destroy() Cost: 0.00629959ms
Path: /datum/quirk/nervous
	qdel() Count: 1
	Destroy() Cost: 0.00629807ms
Path: /datum/quirk/no_taste
	qdel() Count: 1
	Destroy() Cost: 0.00629807ms
Path: /datum/quirk/low_pain_threshold
	qdel() Count: 1
	Destroy() Cost: 0.00629807ms
Path: /datum/quirk/nearsighted
	qdel() Count: 1
	Destroy() Cost: 0.0062027ms
Path: /datum/religion_rites/instant/cult/upgrade_tome
	qdel() Count: 1
	Destroy() Cost: 0.00620041ms
Path: /datum/religion_rites/pedestals/cult/cult_portal
	qdel() Count: 1
	Destroy() Cost: 0.00620041ms
Path: /datum/religion_rites/standing/swap
	qdel() Count: 1
	Destroy() Cost: 0.00610046ms
Path: /datum/quirk/genetic_degradation
	qdel() Count: 1
	Destroy() Cost: 0.0060997ms
Path: /datum/quirk/cough
	qdel() Count: 1
	Destroy() Cost: 0.00600052ms
Path: /datum/religion_rites/instant/cult/summon_acolyt
	qdel() Count: 1
	Destroy() Cost: 0.00599976ms
Path: /datum/religion_rites/instant/impose_blind
	qdel() Count: 1
	Destroy() Cost: 0.00599976ms
Path: /datum/religion_sect/preset/chaplain/bloodgods
	qdel() Count: 1
	Destroy() Cost: 0.00590057ms
Path: /datum/religion_rites/instant/cult/convert
	qdel() Count: 1
	Destroy() Cost: 0.00589981ms
Path: /datum/religion_rites/standing/legacy
	qdel() Count: 1
	Destroy() Cost: 0.00589905ms
Path: /datum/religion_rites/instant/cult/drain_torture
	qdel() Count: 1
	Destroy() Cost: 0.00579987ms
Path: /datum/religion_sect/custom/chaplain
	qdel() Count: 1
	Destroy() Cost: 0.00579987ms
Path: /datum/religion_rites/standing/revive_animal
	qdel() Count: 1
	Destroy() Cost: 0.00570068ms
Path: /datum/religion_rites/pedestals/cult
	qdel() Count: 1
	Destroy() Cost: 0.00569992ms
Path: /datum/religion_sect/preset/chaplain/technophile
	qdel() Count: 1
	Destroy() Cost: 0.00569916ms
Path: /datum/religion_rites/instant/cult/raise_torture
	qdel() Count: 1
	Destroy() Cost: 0.00559998ms
Path: /datum/religion_rites/instant/cult/create_slave
	qdel() Count: 1
	Destroy() Cost: 0.00559998ms
Path: /datum/religion_rites/standing/honk
	qdel() Count: 1
	Destroy() Cost: 0.00559998ms
Path: /datum/religion_rites/instant/cult/brainswap
	qdel() Count: 1
	Destroy() Cost: 0.00550003ms
Path: /datum/religion_rites/instant/impose_deaf
	qdel() Count: 1
	Destroy() Cost: 0.00550003ms
Path: /datum/religion_rites/instant/cult/give_forcearmor
	qdel() Count: 1
	Destroy() Cost: 0.00540009ms
Path: /datum/religion_rites/instant/impose_stun
	qdel() Count: 1
	Destroy() Cost: 0.00540009ms
Path: /datum/religion_sect/preset/chaplain/clown
	qdel() Count: 1
	Destroy() Cost: 0.00539856ms
Path: /datum/religion_rites/instant/cult
	qdel() Count: 1
	Destroy() Cost: 0.00530014ms
Path: /datum/religion_rites/pedestals
	qdel() Count: 1
	Destroy() Cost: 0.00530014ms
Path: /datum/religion_rites/standing/animation
	qdel() Count: 1
	Destroy() Cost: 0.00529938ms
Path: /datum/religion_rites/instant/communicate
	qdel() Count: 1
	Destroy() Cost: 0.00510025ms
Path: /datum/quality/positiveish
	qdel() Count: 1
	Destroy() Cost: 0.00390053ms
Path: /datum/quality/clumsy
	qdel() Count: 1
	Destroy() Cost: 0.00379944ms
Path: /datum/quality/quirkieish
	qdel() Count: 1
	Destroy() Cost: 0.00370026ms
Path: /datum
	qdel() Count: 1
	Destroy() Cost: 0ms
