[18:25:20] Server '' starting up on 26.166.93.76:51495
[18:25:23]GAME: Broken Breacher loaded at (44,80,3)
[18:25:23]GAME: iss loaded at (58,203,4)
[18:25:23]GAME: planetarium loaded at (175,208,4)
[18:25:23]GAME: agrosphere loaded at (27,71,4)
[18:25:23]GAME: delivery_shuttle loaded at (219,224,4)
[18:25:24]GAME: ghost_ship_2 loaded at (142,129,4)
[18:25:24]GAME: cloning_lab loaded at (191,174,4)
[18:25:57]ADMIN: fatfat/(FatFat) has started the game.
[18:26:01]MODE: Current master mode is extended
[18:26:01]DEBUG: Next event of severity RoundStart in 0 minutes.
[18:26:01]GAME: RoundStart Event: Selected areas is nothing
[18:26:01]DEBUG: Starting event 'Break Light' of severity RoundStart.
[18:26:01]DEBUG: Next event of severity RoundStart in 0 minutes.
[18:26:01]DEBUG: Starting event 'Roundstart Nothing' of severity RoundStart.
[18:26:01]GAME: ANTAG LIST:
no antagonists this moment
[18:26:02]DEBUG: Event 'Break Light' has completed at 12:00.
[18:26:02]DEBUG: Event 'Roundstart Nothing' has completed at 12:00.
[18:26:02]DEBUG: Next event of severity Mundane in 17.892 minutes.
[18:26:02]DEBUG: Next event of severity Moderate in 40.028 minutes.
[18:26:02]DEBUG: Next event of severity Major in 68.46 minutes.
[18:26:56]SAY: fatfat/(Godwin Miller) : [Space]: Еба.
[18:29:25] Graceful shutdown
