Path: /obj/item/weapon/flora/random
	qdel() Count: 84
	Destroy() Cost: 32.4175ms
Path: /datum/component/clickplace
	qdel() Count: 159
	Destroy() Cost: 25.7017ms
Path: /datum/timedevent
	qdel() Count: 1650
	Destroy() Cost: 17.1253ms
Path: /datum/component/mechanic_desc
	qdel() Count: 248
	Destroy() Cost: 9.39879ms
Path: /obj/item/stack/cable_coil/random
	qdel() Count: 91
	Destroy() Cost: 8.08266ms
Path: /obj/random/foods/donuts
	qdel() Count: 78
	Destroy() Cost: 4.19961ms
Path: /datum/light_source
	qdel() Count: 41
	Destroy() Cost: 3.4184ms
Path: /obj/effect/landmark
	qdel() Count: 69
	Destroy() Cost: 3.3727ms
Path: /obj/effect/spawner/lootdrop/maintenance
	qdel() Count: 52
	Destroy() Cost: 3.3388ms
Path: /datum/tgui_modal
	qdel() Count: 1
	Destroy() Cost: 2.9881ms
Path: /obj/effect/spawner/lootdrop/maintenance/two
	qdel() Count: 33
	Destroy() Cost: 2.58289ms
Path: /datum/component/tactical
	qdel() Count: 84
	Destroy() Cost: 2.48152ms
Path: /obj/item/organ/external/chest
	qdel() Count: 5
	Destroy() Cost: 2.1225ms
Path: /datum/component/twohanded
	qdel() Count: 84
	Destroy() Cost: 2.11811ms
Path: /obj/random/scrap/safe_even
	qdel() Count: 36
	Destroy() Cost: 1.955ms
Path: /obj/effect/landmark/corpse/clown
	qdel() Count: 7
	Destroy() Cost: 1.644ms
Path: /obj/random/foods/food_without_garbage
	qdel() Count: 1
	Destroy() Cost: 1.6373ms
Path: /datum/hud/ghost
	qdel() Count: 1
	Destroy() Cost: 1.6342ms
Path: /obj/random/vending/cola
	qdel() Count: 23
	Destroy() Cost: 1.3918ms
Path: /datum/component/swiping
	qdel() Count: 5
	Destroy() Cost: 1.3603ms
Path: /obj/random/scrap/sparse_weighted
	qdel() Count: 24
	Destroy() Cost: 1.226ms
Path: /mob/dead/new_player
	qdel() Count: 1
	Destroy() Cost: 1.1103ms
Path: /datum/reagent/aqueous_foam
	qdel() Count: 129
	Destroy() Cost: 1.10625ms
Path: /obj/structure/sign/poster/contraband/random
	qdel() Count: 14
	Destroy() Cost: 1.0742ms
Path: /obj/random/foods/food_trash
	qdel() Count: 18
	Destroy() Cost: 1.062ms
Path: /datum/mechanic_tip/clickplace
	qdel() Count: 159
	Destroy() Cost: 1.05166ms
Path: /obj/random/vending/snack
	qdel() Count: 24
	Destroy() Cost: 1.04699ms
Path: /datum/hud
	qdel() Count: 1
	Destroy() Cost: 1.0415ms
Path: /obj/random/tools/tech_supply
	qdel() Count: 23
	Destroy() Cost: 1.01761ms
Path: /obj/effect/spawner/lootdrop/maintenance/three
	qdel() Count: 15
	Destroy() Cost: 0.971305ms
Path: /obj/effect/spawner/lootdrop/maintenance/four
	qdel() Count: 15
	Destroy() Cost: 0.857605ms
Path: /obj/effect/effect/sparks
	qdel() Count: 2
	Destroy() Cost: 0.816402ms
Path: /obj/structure/sign/poster/random
	qdel() Count: 7
	Destroy() Cost: 0.7584ms
Path: /obj/random/melee
	qdel() Count: 21
	Destroy() Cost: 0.7198ms
Path: /obj/structure/sign/poster/official/random
	qdel() Count: 4
	Destroy() Cost: 0.641203ms
Path: /obj/random/scrap/moderate_weighted
	qdel() Count: 34
	Destroy() Cost: 0.638403ms
Path: /obj/item/organ/external/head
	qdel() Count: 5
	Destroy() Cost: 0.601799ms
Path: /obj/random/scrap/dense_weighted
	qdel() Count: 14
	Destroy() Cost: 0.578903ms
Path: /obj/random/cloth/armor
	qdel() Count: 16
	Destroy() Cost: 0.571594ms
Path: /obj/random/cloth/helmet
	qdel() Count: 12
	Destroy() Cost: 0.538801ms
Path: /obj/item/organ/internal/heart
	qdel() Count: 5
	Destroy() Cost: 0.527699ms
Path: /obj/effect/decal/cleanable/blood/splatter
	qdel() Count: 6
	Destroy() Cost: 0.499481ms
Path: /obj/effect/landmark/latejoin
	qdel() Count: 10
	Destroy() Cost: 0.464798ms
Path: /obj/effect/landmark/cops_spawn
	qdel() Count: 12
	Destroy() Cost: 0.446798ms
Path: /datum/mechanic_tip/twohanded/required
	qdel() Count: 84
	Destroy() Cost: 0.442105ms
Path: /obj/effect/landmark/corpse/unathisoldier
	qdel() Count: 4
	Destroy() Cost: 0.417793ms
Path: /obj/random/foods/food_snack
	qdel() Count: 2
	Destroy() Cost: 0.3906ms
Path: /datum/orbit
	qdel() Count: 7
	Destroy() Cost: 0.3711ms
Path: /obj/effect/landmark/start
	qdel() Count: 6
	Destroy() Cost: 0.351002ms
Path: /obj/effect/landmark/dealer_spawn
	qdel() Count: 4
	Destroy() Cost: 0.319898ms
Path: /obj/item/organ/external/groin
	qdel() Count: 5
	Destroy() Cost: 0.314501ms
Path: /obj/effect/landmark/start/new_player
	qdel() Count: 1
	Destroy() Cost: 0.302902ms
Path: /obj/item/organ/external/l_arm
	qdel() Count: 5
	Destroy() Cost: 0.294099ms
Path: /obj/item/organ/external/r_arm
	qdel() Count: 5
	Destroy() Cost: 0.247299ms
Path: /obj/item/organ/external/l_leg
	qdel() Count: 5
	Destroy() Cost: 0.2404ms
Path: /obj/random/guns/energy_weapon
	qdel() Count: 6
	Destroy() Cost: 0.234599ms
Path: /obj/item/organ/external/r_leg
	qdel() Count: 5
	Destroy() Cost: 0.232604ms
Path: /obj/effect/landmark/abductor/console
	qdel() Count: 4
	Destroy() Cost: 0.212601ms
Path: /obj/effect/spawner/lootdrop/glowstick
	qdel() Count: 2
	Destroy() Cost: 0.190601ms
Path: /datum/recipe/microwave/human
	qdel() Count: 22
	Destroy() Cost: 0.17774ms
Path: /obj/structure/lattice
	qdel() Count: 2
	Destroy() Cost: 0.148002ms
Path: /obj/effect/landmark/corpse/doctor
	qdel() Count: 2
	Destroy() Cost: 0.146003ms
Path: /datum/bodypart_controller
	qdel() Count: 35
	Destroy() Cost: 0.14269ms
Path: /obj/random/tools/tool
	qdel() Count: 5
	Destroy() Cost: 0.136698ms
Path: /obj/item/organ/internal/liver
	qdel() Count: 5
	Destroy() Cost: 0.1361ms
Path: /obj/effect/gibspawner/human
	qdel() Count: 2
	Destroy() Cost: 0.1355ms
Path: /obj/item/organ/internal/lungs
	qdel() Count: 5
	Destroy() Cost: 0.133604ms
Path: /obj/effect/landmark/corpse/unathicommander
	qdel() Count: 1
	Destroy() Cost: 0.122799ms
Path: /obj/item/organ/internal/kidneys
	qdel() Count: 5
	Destroy() Cost: 0.120599ms
Path: /obj/effect/spawner/lootdrop/gloves
	qdel() Count: 2
	Destroy() Cost: 0.119698ms
Path: /obj/item/organ/internal/brain
	qdel() Count: 5
	Destroy() Cost: 0.117299ms
Path: /obj/random/foods/drink_can
	qdel() Count: 2
	Destroy() Cost: 0.1127ms
Path: /datum/modval_modifier
	qdel() Count: 15
	Destroy() Cost: 0.106895ms
Path: /obj/random/guns/handgun_security
	qdel() Count: 1
	Destroy() Cost: 0.1037ms
Path: /obj/random/guns/projectile_assault
	qdel() Count: 2
	Destroy() Cost: 0.097599ms
Path: /obj/item/organ/internal/eyes
	qdel() Count: 5
	Destroy() Cost: 0.0967989ms
Path: /obj/effect/landmark/corpse/scientist
	qdel() Count: 1
	Destroy() Cost: 0.0962982ms
Path: /obj/machinery/door/firedoor
	qdel() Count: 1
	Destroy() Cost: 0.0869999ms
Path: /obj/random/misc/all
	qdel() Count: 2
	Destroy() Cost: 0.0828018ms
Path: /obj/random/cloth/masks
	qdel() Count: 1
	Destroy() Cost: 0.0807991ms
Path: /datum
	qdel() Count: 1
	Destroy() Cost: 0.0625ms
Path: /atom/movable/screen/plane_master/floor
	qdel() Count: 2
	Destroy() Cost: 0.0613005ms
Path: /obj/random/tools/toolbox
	qdel() Count: 1
	Destroy() Cost: 0.0612001ms
Path: /obj/effect/spawner/lootdrop/maintenance/six
	qdel() Count: 1
	Destroy() Cost: 0.0602002ms
Path: /datum/mechanic_tip/swiping
	qdel() Count: 5
	Destroy() Cost: 0.0542011ms
Path: /obj/random/guns/projectile_security
	qdel() Count: 2
	Destroy() Cost: 0.0536003ms
Path: /obj/random/guns/projectile_shotgun
	qdel() Count: 2
	Destroy() Cost: 0.0534ms
Path: /obj/effect/gibspawner/robot
	qdel() Count: 1
	Destroy() Cost: 0.0513ms
Path: /obj/random/cloth/random_cloth
	qdel() Count: 1
	Destroy() Cost: 0.0480003ms
Path: /obj/random/tools/technology_scanner
	qdel() Count: 1
	Destroy() Cost: 0.0471001ms
Path: /datum/browser
	qdel() Count: 1
	Destroy() Cost: 0.0460999ms
Path: /obj/effect/spawner/lootdrop/maintenance/five
	qdel() Count: 1
	Destroy() Cost: 0.0457993ms
Path: /atom/movable/screen/plane_master/game_world
	qdel() Count: 2
	Destroy() Cost: 0.0397989ms
Path: /atom/movable/screen/plane_master/blackness
	qdel() Count: 2
	Destroy() Cost: 0.037999ms
Path: /atom/movable/screen/plane_master/singularity
	qdel() Count: 2
	Destroy() Cost: 0.0360018ms
Path: /obj/random/meds/chemical_bottle
	qdel() Count: 1
	Destroy() Cost: 0.0359993ms
Path: /datum/reagent/water
	qdel() Count: 4
	Destroy() Cost: 0.0359657ms
Path: /atom/movable/screen/plane_master/rendering_plate
	qdel() Count: 2
	Destroy() Cost: 0.0356993ms
Path: /obj/random/guns/projectile_handgun
	qdel() Count: 1
	Destroy() Cost: 0.0352993ms
Path: /atom/movable/screen/plane_master/ghost
	qdel() Count: 2
	Destroy() Cost: 0.0327002ms
Path: /atom/movable/screen/plane_master/rendering_plate/master
	qdel() Count: 2
	Destroy() Cost: 0.0316988ms
Path: /atom/movable/screen/plane_master/parallax_white
	qdel() Count: 2
	Destroy() Cost: 0.0308014ms
Path: /atom/movable/screen/plane_master/lighting
	qdel() Count: 2
	Destroy() Cost: 0.0301003ms
Path: /atom/movable/screen/plane_master/rendering_plate/game_world
	qdel() Count: 2
	Destroy() Cost: 0.0299986ms
Path: /atom/movable/plane_master_controller/game
	qdel() Count: 2
	Destroy() Cost: 0.0294989ms
Path: /atom/movable/screen/plane_master/rendering_plate/non_game
	qdel() Count: 2
	Destroy() Cost: 0.0291985ms
Path: /atom/movable/screen/plane_master/gravpulse
	qdel() Count: 2
	Destroy() Cost: 0.0290009ms
Path: /atom/movable/screen/plane_master/ghost_illusion
	qdel() Count: 2
	Destroy() Cost: 0.0289009ms
Path: /atom/movable/screen/plane_master/above_lighting
	qdel() Count: 2
	Destroy() Cost: 0.0287994ms
Path: /atom/movable/screen/plane_master/point
	qdel() Count: 2
	Destroy() Cost: 0.0280975ms
Path: /atom/movable/screen/plane_master/fullscreen
	qdel() Count: 2
	Destroy() Cost: 0.0277004ms
Path: /atom/movable/screen/plane_master/area
	qdel() Count: 2
	Destroy() Cost: 0.0274994ms
Path: /atom/movable/screen/plane_master/rendering_plate/above_game_world
	qdel() Count: 2
	Destroy() Cost: 0.0274014ms
Path: /atom/movable/screen/plane_master/parallax
	qdel() Count: 2
	Destroy() Cost: 0.0271004ms
Path: /obj/random/tools/bomb_supply
	qdel() Count: 1
	Destroy() Cost: 0.0228996ms
Path: /obj/random/foods/food_with_garbage
	qdel() Count: 1
	Destroy() Cost: 0.0213003ms
Path: /datum/recipe/grill/human
	qdel() Count: 2
	Destroy() Cost: 0.013382ms
Path: /datum/quirk/child_of_nature
	qdel() Count: 1
	Destroy() Cost: 0.012001ms
Path: /datum/map_config
	qdel() Count: 1
	Destroy() Cost: 0.00989914ms
Path: /datum/tgui
	qdel() Count: 1
	Destroy() Cost: 0.00930023ms
Path: /datum/radio_frequency
	qdel() Count: 1
	Destroy() Cost: 0.00799942ms
Path: /datum/quirk/light_step
	qdel() Count: 1
	Destroy() Cost: 0.00720215ms
Path: /datum/quirk/strong_mind
	qdel() Count: 1
	Destroy() Cost: 0.0060997ms
Path: /datum/quirk/alcohol_tolerance
	qdel() Count: 1
	Destroy() Cost: 0.00589752ms
Path: /datum/quirk/fast_equip
	qdel() Count: 1
	Destroy() Cost: 0.00579834ms
Path: /datum/quirk/multitasking
	qdel() Count: 1
	Destroy() Cost: 0.00569916ms
Path: /datum/quirk/stress_eater
	qdel() Count: 1
	Destroy() Cost: 0.00559998ms
Path: /datum/quirk/light_drinker
	qdel() Count: 1
	Destroy() Cost: 0.00550079ms
Path: /datum/quirk/daltonism
	qdel() Count: 1
	Destroy() Cost: 0.00550079ms
Path: /datum/quirk/nearsighted
	qdel() Count: 1
	Destroy() Cost: 0.00540161ms
Path: /datum/quirk/nyctophobia
	qdel() Count: 1
	Destroy() Cost: 0.0053978ms
Path: /datum/quirk/blindness
	qdel() Count: 1
	Destroy() Cost: 0.00530243ms
Path: /datum/quirk/high_pain_threshold
	qdel() Count: 1
	Destroy() Cost: 0.00530243ms
Path: /datum/quirk/freerunning
	qdel() Count: 1
	Destroy() Cost: 0.00529861ms
Path: /datum/quirk/deafness
	qdel() Count: 1
	Destroy() Cost: 0.00529861ms
Path: /datum/quirk/cough
	qdel() Count: 1
	Destroy() Cost: 0.00519943ms
Path: /datum/quirk/mute
	qdel() Count: 1
	Destroy() Cost: 0.00519943ms
Path: /datum/quirk/nervous
	qdel() Count: 1
	Destroy() Cost: 0.00519943ms
Path: /datum/quirk/fatness
	qdel() Count: 1
	Destroy() Cost: 0.00519943ms
Path: /datum/quirk/tourette
	qdel() Count: 1
	Destroy() Cost: 0.00519943ms
Path: /datum/quirk/no_taste
	qdel() Count: 1
	Destroy() Cost: 0.00519943ms
Path: /datum/quirk/epileptic
	qdel() Count: 1
	Destroy() Cost: 0.00510025ms
Path: /datum/quirk/low_pain_threshold
	qdel() Count: 1
	Destroy() Cost: 0.00500107ms
Path: /datum/quirk/genetic_degradation
	qdel() Count: 1
	Destroy() Cost: 0.00499725ms
