[01:01:14] Server '' starting up on 26.166.93.76:64590
[01:01:16]GAME: cloning_lab loaded at (162,217,3)
[01:01:17]GAME: Abandoned Ship loaded at (156,128,3)
[01:01:17]GAME: Tree Asteroid loaded at (150,102,4)
[01:01:17]GAME: Derelict Teleporter loaded at (155,72,4)
[01:01:17]GAME: Broken Breacher loaded at (37,136,3)
[01:01:17]GAME: escape_pod loaded at (14,84,3)
[01:01:17]GAME: planetarium loaded at (73,29,3)
[01:01:34]ADMIN: fatfat/(FatFat) will begin the game as soon as possible.
[01:01:36]ADMIN: fatfat/(FatFat) has started the game.
[01:01:39]MODE: Current master mode is extended
[01:01:40]DEBUG: Next event of severity RoundStart in 0 minutes.
[01:01:40]DEBUG: Starting event 'Roundstart Nothing' of severity RoundStart.
[01:01:40]DEBUG: Next event of severity RoundStart in 0 minutes.
[01:01:40]DEBUG: Starting event 'Chiefs Animals' of severity RoundStart.
[01:01:40]DEBUG: Next event of severity RoundStart in 0 minutes.
[01:01:40]DEBUG: Starting event 'Engine Mess' of severity RoundStart.
[01:01:40]GAME: ANTAG LIST:
no antagonists this moment
[01:01:40]DEBUG: Event 'Roundstart Nothing' has completed at 12:00.
[01:01:40]DEBUG: Event 'Chiefs Animals' has completed at 12:00.
[01:01:40]GAME: RoundStart Event: EM Acceleration Chamber was moved from (0,0,0) to (0,0,0)
[01:01:40]GAME: RoundStart Event: EM Containment Grid was moved from (0,0,0) to (0,0,0)
[01:01:40]GAME: RoundStart Event: EM Containment Grid was moved from (0,0,0) to (0,0,0)
[01:01:40]GAME: RoundStart Event: EM Containment Grid was moved from (0,0,0) to (0,0,0)
[01:01:40]GAME: RoundStart Event: Particle Focusing EM Lens was moved from (0,0,0) to (0,0,0)
[01:01:40]GAME: RoundStart Event: Alpha Particle Generation Array was moved from (0,0,0) to (0,0,0)
[01:01:40]DEBUG: Event 'Engine Mess' has completed at 12:00.
[01:01:40]DEBUG: Next event of severity Mundane in 17.628 minutes.
[01:01:40]DEBUG: Next event of severity Moderate in 53.092 minutes.
[01:01:40]DEBUG: Next event of severity Major in 56.0583 minutes.
[01:02:04] Graceful shutdown
