[17:45:00]ASSET: Sending asset error_handler.js to client FatFat
[17:45:00]ASSET: Sending asset common.css to client FatFat
[17:45:00]ASSET: Sending asset FixedsysExcelsior3.01Regular.ttf to client FatFat
[17:45:01]ASSET: Sending asset jquery.min.js to client FatFat
[17:45:01]ASSET: Sending asset tgui-panel.bundle.js to client FatFat
[17:45:01]ASSET: Sending asset tgui-panel.bundle.css to client FatFat
[17:45:04]ASSET: Sending asset fa-regular-400.eot to client FatFat
[17:45:04]ASSET: Sending asset fa-regular-400.woff to client FatFat
[17:45:04]ASSET: Sending asset fa-solid-900.eot to client FatFat
[17:45:04]ASSET: Sending asset fa-solid-900.woff to client FatFat
[17:45:04]ASSET: Sending asset v4shim.css to client FatFat
[17:45:04]ASSET: Sending asset font-awesome.css to client FatFat
[17:52:12]ASSET: Sending asset FixedsysExcelsior3.01Regular.ttf to client FatFat
[17:52:12]ASSET: Sending asset jquery.min.js to client FatFat
[17:52:12]ASSET: Sending asset tgui-panel.bundle.js to client FatFat
[17:52:12]ASSET: Sending asset tgui-panel.bundle.css to client FatFat
[17:52:15]ASSET: Sending asset fa-regular-400.eot to client FatFat
[17:52:15]ASSET: Sending asset fa-regular-400.woff to client FatFat
[17:52:15]ASSET: Sending asset fa-solid-900.eot to client FatFat
[17:52:15]ASSET: Sending asset fa-solid-900.woff to client FatFat
[17:52:15]ASSET: Sending asset v4shim.css to client FatFat
[17:52:15]ASSET: Sending asset font-awesome.css to client FatFat
