Path: /obj/item/stack/cable_coil/random
	qdel() Count: 94
	Destroy() Cost: 24.5782ms
Path: /obj/item/weapon/flora/random
	qdel() Count: 80
	Destroy() Cost: 23.9938ms
Path: /datum/component/clickplace
	qdel() Count: 130
	Destroy() Cost: 14.8723ms
Path: /datum/timedevent
	qdel() Count: 1452
	Destroy() Cost: 9.43963ms
Path: /datum/component/mechanic_desc
	qdel() Count: 215
	Destroy() Cost: 5.60812ms
Path: /obj/effect/landmark
	qdel() Count: 69
	Destroy() Cost: 3.92371ms
Path: /obj/effect/spawner/lootdrop/maintenance
	qdel() Count: 47
	Destroy() Cost: 3.41041ms
Path: /mob/dead/new_player
	qdel() Count: 2
	Destroy() Cost: 3.12346ms
Path: /obj/effect/spawner/lootdrop/maintenance/two
	qdel() Count: 33
	Destroy() Cost: 2.6886ms
Path: /datum/hud
	qdel() Count: 2
	Destroy() Cost: 2.61759ms
Path: /obj/random/vending/snack
	qdel() Count: 24
	Destroy() Cost: 2.1532ms
Path: /obj/random/foods/donuts
	qdel() Count: 78
	Destroy() Cost: 2.1013ms
Path: /datum/light_source
	qdel() Count: 41
	Destroy() Cost: 2.06205ms
Path: /obj/random/scrap/safe_even
	qdel() Count: 36
	Destroy() Cost: 2.04721ms
Path: /datum/component/tactical
	qdel() Count: 80
	Destroy() Cost: 1.92289ms
Path: /obj/random/vending/cola
	qdel() Count: 23
	Destroy() Cost: 1.9214ms
Path: /datum/component/twohanded
	qdel() Count: 80
	Destroy() Cost: 1.77479ms
Path: /obj/effect/spawner/lootdrop/maintenance/four
	qdel() Count: 15
	Destroy() Cost: 1.5061ms
Path: /obj/random/scrap/sparse_weighted
	qdel() Count: 25
	Destroy() Cost: 1.32741ms
Path: /obj/random/foods/food_trash
	qdel() Count: 17
	Destroy() Cost: 1.13839ms
Path: /obj/effect/spawner/lootdrop/maintenance/three
	qdel() Count: 15
	Destroy() Cost: 1.1221ms
Path: /atom/movable/plane_master_controller/game
	qdel() Count: 2
	Destroy() Cost: 1.09615ms
Path: /datum/reagent/aqueous_foam
	qdel() Count: 128
	Destroy() Cost: 1.06451ms
Path: /datum/mechanic_tip/clickplace
	qdel() Count: 130
	Destroy() Cost: 0.816719ms
Path: /obj/structure/sign/poster/contraband/random
	qdel() Count: 15
	Destroy() Cost: 0.8024ms
Path: /obj/random/cloth/armor
	qdel() Count: 16
	Destroy() Cost: 0.676101ms
Path: /obj/random/melee
	qdel() Count: 21
	Destroy() Cost: 0.6261ms
Path: /obj/effect/decal/cleanable/blood/splatter
	qdel() Count: 10
	Destroy() Cost: 0.601227ms
Path: /obj/random/scrap/moderate_weighted
	qdel() Count: 34
	Destroy() Cost: 0.592805ms
Path: /obj/random/scrap/dense_weighted
	qdel() Count: 13
	Destroy() Cost: 0.537597ms
Path: /datum/component/swiping
	qdel() Count: 5
	Destroy() Cost: 0.522297ms
Path: /obj/random/tools/tech_supply
	qdel() Count: 23
	Destroy() Cost: 0.4434ms
Path: /obj/effect/landmark/cops_spawn
	qdel() Count: 12
	Destroy() Cost: 0.421896ms
Path: /obj/random/cloth/helmet
	qdel() Count: 12
	Destroy() Cost: 0.38991ms
Path: /obj/effect/landmark/dealer_spawn
	qdel() Count: 4
	Destroy() Cost: 0.358997ms
Path: /obj/effect/landmark/latejoin
	qdel() Count: 10
	Destroy() Cost: 0.349392ms
Path: /datum/mechanic_tip/twohanded/required
	qdel() Count: 80
	Destroy() Cost: 0.311801ms
Path: /obj/effect/spawner/lootdrop/glowstick
	qdel() Count: 4
	Destroy() Cost: 0.291294ms
Path: /obj/structure/sign/poster/official/random
	qdel() Count: 4
	Destroy() Cost: 0.281ms
Path: /obj/structure/sign/poster/random
	qdel() Count: 3
	Destroy() Cost: 0.2796ms
Path: /obj/effect/effect/sparks
	qdel() Count: 2
	Destroy() Cost: 0.2731ms
Path: /obj/effect/landmark/corpse/bridgeofficer
	qdel() Count: 4
	Destroy() Cost: 0.258204ms
Path: /obj/random/tools/tool
	qdel() Count: 7
	Destroy() Cost: 0.2161ms
Path: /obj/effect/spawner/lootdrop/maintenance/six
	qdel() Count: 1
	Destroy() Cost: 0.214601ms
Path: /obj/structure/lattice
	qdel() Count: 2
	Destroy() Cost: 0.208099ms
Path: /obj/effect/landmark/start
	qdel() Count: 6
	Destroy() Cost: 0.202298ms
Path: /obj/random/guns/energy_weapon
	qdel() Count: 6
	Destroy() Cost: 0.1716ms
Path: /obj/random/foods/drink_can
	qdel() Count: 3
	Destroy() Cost: 0.16ms
Path: /obj/effect/landmark/abductor/console
	qdel() Count: 4
	Destroy() Cost: 0.149902ms
Path: /obj/effect/spawner/lootdrop/maintenance/five
	qdel() Count: 1
	Destroy() Cost: 0.140499ms
Path: /datum/recipe/microwave/human
	qdel() Count: 21
	Destroy() Cost: 0.131119ms
Path: /obj/effect/landmark/corpse/commander
	qdel() Count: 1
	Destroy() Cost: 0.110001ms
Path: /obj/random/misc/all
	qdel() Count: 2
	Destroy() Cost: 0.0998001ms
Path: /obj/effect/landmark/corpse/engineer
	qdel() Count: 1
	Destroy() Cost: 0.0963993ms
Path: /obj/machinery/door/firedoor
	qdel() Count: 1
	Destroy() Cost: 0.0891991ms
Path: /obj/random/foods/food_snack
	qdel() Count: 2
	Destroy() Cost: 0.0843029ms
Path: /obj/effect/gibspawner/human
	qdel() Count: 2
	Destroy() Cost: 0.0795975ms
Path: /obj/machinery/blackbox_recorder
	qdel() Count: 2
	Destroy() Cost: 0.0736008ms
Path: /obj/random/guns/projectile_shotgun
	qdel() Count: 2
	Destroy() Cost: 0.0663986ms
Path: /atom/movable/screen/plane_master/floor
	qdel() Count: 2
	Destroy() Cost: 0.0648224ms
Path: /obj/effect/landmark/corpse/engineer/rig
	qdel() Count: 1
	Destroy() Cost: 0.0610962ms
Path: /obj/item/mecha_parts/mecha_tracking
	qdel() Count: 1
	Destroy() Cost: 0.0562134ms
Path: /datum/modval_modifier
	qdel() Count: 8
	Destroy() Cost: 0.0541973ms
Path: /obj/random/guns/handgun_security
	qdel() Count: 1
	Destroy() Cost: 0.0540009ms
Path: /obj/random/guns/projectile_handgun
	qdel() Count: 1
	Destroy() Cost: 0.0523ms
Path: /obj/random/guns/projectile_security
	qdel() Count: 2
	Destroy() Cost: 0.0507002ms
Path: /obj/random/guns/projectile_assault
	qdel() Count: 2
	Destroy() Cost: 0.0480976ms
Path: /obj/random/tools/technology_scanner
	qdel() Count: 2
	Destroy() Cost: 0.047699ms
Path: /obj/effect/landmark/corpse/syndicatesoldier
	qdel() Count: 1
	Destroy() Cost: 0.0446014ms
Path: /obj/effect/landmark/espionage_start
	qdel() Count: 1
	Destroy() Cost: 0.0443993ms
Path: /atom/movable/screen/plane_master/game_world
	qdel() Count: 2
	Destroy() Cost: 0.043158ms
Path: /obj/random/meds/chemical_bottle
	qdel() Count: 1
	Destroy() Cost: 0.0418997ms
Path: /obj/effect/landmark/start/new_player
	qdel() Count: 1
	Destroy() Cost: 0.0387993ms
Path: /atom/movable/screen/plane_master/ghost_illusion
	qdel() Count: 2
	Destroy() Cost: 0.0387329ms
Path: /atom/movable/screen/plane_master/ghost
	qdel() Count: 2
	Destroy() Cost: 0.0363617ms
Path: /datum/quirk/child_of_nature
	qdel() Count: 1
	Destroy() Cost: 0.0312004ms
Path: /obj/effect/gibspawner/robot
	qdel() Count: 1
	Destroy() Cost: 0.0280991ms
Path: /atom/movable/screen/plane_master/blackness
	qdel() Count: 2
	Destroy() Cost: 0.0278107ms
Path: /datum/mechanic_tip/swiping
	qdel() Count: 5
	Destroy() Cost: 0.0277972ms
Path: /atom/movable/screen/plane_master/rendering_plate/game_world
	qdel() Count: 2
	Destroy() Cost: 0.0270477ms
Path: /datum/browser
	qdel() Count: 1
	Destroy() Cost: 0.0269775ms
Path: /atom/movable/screen/plane_master/rendering_plate/non_game
	qdel() Count: 2
	Destroy() Cost: 0.0240509ms
Path: /atom/movable/screen/plane_master/lighting
	qdel() Count: 2
	Destroy() Cost: 0.0228516ms
Path: /atom/movable/screen/plane_master/rendering_plate/above_game_world
	qdel() Count: 2
	Destroy() Cost: 0.0227966ms
Path: /atom/movable/screen/plane_master/point
	qdel() Count: 2
	Destroy() Cost: 0.0223846ms
Path: /atom/movable/screen/plane_master/rendering_plate
	qdel() Count: 2
	Destroy() Cost: 0.0211731ms
Path: /atom/movable/screen/plane_master/parallax_white
	qdel() Count: 2
	Destroy() Cost: 0.021167ms
Path: /atom/movable/screen/plane_master/rendering_plate/master
	qdel() Count: 2
	Destroy() Cost: 0.0202667ms
Path: /obj/random/tools/powercell
	qdel() Count: 1
	Destroy() Cost: 0.0202ms
Path: /atom/movable/screen/plane_master/parallax
	qdel() Count: 2
	Destroy() Cost: 0.0200653ms
Path: /obj/random/foods/food_without_garbage
	qdel() Count: 1
	Destroy() Cost: 0.0200005ms
Path: /atom/movable/screen/plane_master/above_lighting
	qdel() Count: 2
	Destroy() Cost: 0.0199005ms
Path: /atom/movable/screen/plane_master/singularity
	qdel() Count: 2
	Destroy() Cost: 0.0195892ms
Path: /atom/movable/screen/plane_master/area
	qdel() Count: 2
	Destroy() Cost: 0.0195557ms
Path: /atom/movable/screen/plane_master/gravpulse
	qdel() Count: 2
	Destroy() Cost: 0.0192139ms
Path: /obj/random/foods/food_with_garbage
	qdel() Count: 1
	Destroy() Cost: 0.019001ms
Path: /atom/movable/screen/plane_master/fullscreen
	qdel() Count: 2
	Destroy() Cost: 0.0189239ms
Path: /obj/random/tools/bomb_supply
	qdel() Count: 1
	Destroy() Cost: 0.0184002ms
Path: /datum/reagent/water
	qdel() Count: 2
	Destroy() Cost: 0.0183525ms
Path: /datum/map_config
	qdel() Count: 1
	Destroy() Cost: 0.0153008ms
Path: /datum/quirk/light_step
	qdel() Count: 1
	Destroy() Cost: 0.0125008ms
Path: /datum/quirk/strong_mind
	qdel() Count: 1
	Destroy() Cost: 0.0105019ms
Path: /datum/quirk/multitasking
	qdel() Count: 1
	Destroy() Cost: 0.0102997ms
Path: /datum/quirk/alcohol_tolerance
	qdel() Count: 1
	Destroy() Cost: 0.0102997ms
Path: /datum/quirk/fast_equip
	qdel() Count: 1
	Destroy() Cost: 0.0100021ms
Path: /datum/quirk/light_drinker
	qdel() Count: 1
	Destroy() Cost: 0.00970078ms
Path: /datum/quirk/nyctophobia
	qdel() Count: 1
	Destroy() Cost: 0.00970078ms
Path: /datum/quirk/daltonism
	qdel() Count: 1
	Destroy() Cost: 0.00950241ms
Path: /datum/quirk/mute
	qdel() Count: 1
	Destroy() Cost: 0.0094986ms
Path: /datum/quirk/freerunning
	qdel() Count: 1
	Destroy() Cost: 0.00930023ms
Path: /datum/quirk/stress_eater
	qdel() Count: 1
	Destroy() Cost: 0.00930023ms
Path: /datum/quirk/fatness
	qdel() Count: 1
	Destroy() Cost: 0.00930023ms
Path: /datum/quirk/high_pain_threshold
	qdel() Count: 1
	Destroy() Cost: 0.00919724ms
Path: /datum/quirk/blindness
	qdel() Count: 1
	Destroy() Cost: 0.00910187ms
Path: /datum/quirk/no_taste
	qdel() Count: 1
	Destroy() Cost: 0.00910187ms
Path: /datum/quirk/cough
	qdel() Count: 1
	Destroy() Cost: 0.00909805ms
Path: /datum/quirk/genetic_degradation
	qdel() Count: 1
	Destroy() Cost: 0.00899887ms
Path: /datum/quirk/deafness
	qdel() Count: 1
	Destroy() Cost: 0.00899887ms
Path: /datum/quirk/nervous
	qdel() Count: 1
	Destroy() Cost: 0.00899887ms
Path: /datum/reagent/slimetoxin
	qdel() Count: 1
	Destroy() Cost: 0.00880003ms
Path: /datum/quirk/nearsighted
	qdel() Count: 1
	Destroy() Cost: 0.00879669ms
Path: /datum/quirk/epileptic
	qdel() Count: 1
	Destroy() Cost: 0.00879669ms
Path: /datum/quirk/low_pain_threshold
	qdel() Count: 1
	Destroy() Cost: 0.00860214ms
Path: /datum/quirk/tourette
	qdel() Count: 1
	Destroy() Cost: 0.00859833ms
Path: /datum/recipe/grill/human
	qdel() Count: 1
	Destroy() Cost: 0.00750732ms
Path: /datum/radio_frequency
	qdel() Count: 1
	Destroy() Cost: 0.00739992ms
Path: /datum/reagent/lube
	qdel() Count: 1
	Destroy() Cost: 0.00589752ms
Path: /datum/reagent/nanobots
	qdel() Count: 1
	Destroy() Cost: 0.00479889ms
Path: /datum
	qdel() Count: 1
	Destroy() Cost: 0ms
