Path: /obj/item/organ/external/chest
	qdel() Count: 5
	Destroy() Cost: 0.871602ms
Path: /obj/item/weapon/flora/random
	qdel() Count: 4
	Destroy() Cost: 0.6733ms
Path: /obj/item/organ/external/head
	qdel() Count: 5
	Destroy() Cost: 0.401002ms
Path: /obj/item/stack/cable_coil/random
	qdel() Count: 7
	Destroy() Cost: 0.342159ms
Path: /obj/structure/sign/poster/random
	qdel() Count: 5
	Destroy() Cost: 0.167002ms
Path: /obj/item/organ/external/groin
	qdel() Count: 5
	Destroy() Cost: 0.152099ms
Path: /obj/item/organ/internal/heart
	qdel() Count: 5
	Destroy() Cost: 0.1511ms
Path: /obj/item/organ/external/l_leg
	qdel() Count: 5
	Destroy() Cost: 0.150594ms
Path: /obj/item/organ/external/r_leg
	qdel() Count: 5
	Destroy() Cost: 0.149299ms
Path: /obj/effect/landmark/corpse/unathisoldier
	qdel() Count: 4
	Destroy() Cost: 0.143199ms
Path: /obj/item/organ/external/l_arm
	qdel() Count: 5
	Destroy() Cost: 0.140801ms
Path: /datum/bodypart_controller
	qdel() Count: 35
	Destroy() Cost: 0.137107ms
Path: /obj/effect/spawner/lootdrop/maintenance
	qdel() Count: 5
	Destroy() Cost: 0.136899ms
Path: /obj/effect/landmark/corpse/clown
	qdel() Count: 4
	Destroy() Cost: 0.1355ms
Path: /obj/item/organ/external/r_arm
	qdel() Count: 5
	Destroy() Cost: 0.132104ms
Path: /datum/component/mechanic_desc
	qdel() Count: 4
	Destroy() Cost: 0.116499ms
Path: /obj/random/foods/donuts
	qdel() Count: 6
	Destroy() Cost: 0.111305ms
Path: /datum/modval_modifier
	qdel() Count: 23
	Destroy() Cost: 0.109499ms
Path: /obj/item/organ/internal/lungs
	qdel() Count: 5
	Destroy() Cost: 0.0978017ms
Path: /obj/item/organ/internal/liver
	qdel() Count: 5
	Destroy() Cost: 0.0906038ms
Path: /obj/item/organ/internal/brain
	qdel() Count: 5
	Destroy() Cost: 0.0849009ms
Path: /datum/component/tactical
	qdel() Count: 4
	Destroy() Cost: 0.0837965ms
Path: /datum/component/twohanded
	qdel() Count: 4
	Destroy() Cost: 0.0781012ms
Path: /obj/item/organ/internal/kidneys
	qdel() Count: 5
	Destroy() Cost: 0.0781007ms
Path: /obj/effect/landmark/latejoin
	qdel() Count: 3
	Destroy() Cost: 0.0761032ms
Path: /obj/item/organ/internal/eyes
	qdel() Count: 5
	Destroy() Cost: 0.0747008ms
Path: /obj/effect/landmark/corpse/unathicommander
	qdel() Count: 1
	Destroy() Cost: 0.0333023ms
Path: /datum/reagent/aqueous_foam
	qdel() Count: 5
	Destroy() Cost: 0.0302258ms
Path: /datum/quirk/child_of_nature
	qdel() Count: 1
	Destroy() Cost: 0.0229988ms
Path: /obj/random/vending/snack
	qdel() Count: 1
	Destroy() Cost: 0.0205002ms
Path: /datum/map_config
	qdel() Count: 1
	Destroy() Cost: 0.0181999ms
Path: /datum/reagent/water
	qdel() Count: 1
	Destroy() Cost: 0.0169678ms
Path: /datum/quirk/light_step
	qdel() Count: 1
	Destroy() Cost: 0.0144005ms
Path: /datum/mechanic_tip/twohanded/required
	qdel() Count: 4
	Destroy() Cost: 0.0139017ms
Path: /datum/quirk/multitasking
	qdel() Count: 1
	Destroy() Cost: 0.0137024ms
Path: /datum/recipe/microwave/human
	qdel() Count: 3
	Destroy() Cost: 0.0133972ms
Path: /datum/quirk/strong_mind
	qdel() Count: 1
	Destroy() Cost: 0.0125008ms
Path: /datum/quirk/alcohol_tolerance
	qdel() Count: 1
	Destroy() Cost: 0.0121994ms
Path: /datum/quirk/light_drinker
	qdel() Count: 1
	Destroy() Cost: 0.0116997ms
Path: /datum/quirk/fast_equip
	qdel() Count: 1
	Destroy() Cost: 0.0116005ms
Path: /datum/quirk/nyctophobia
	qdel() Count: 1
	Destroy() Cost: 0.0115013ms
Path: /datum/quirk/freerunning
	qdel() Count: 1
	Destroy() Cost: 0.0112ms
Path: /datum/quirk/stress_eater
	qdel() Count: 1
	Destroy() Cost: 0.0112ms
Path: /datum/quirk/fatness
	qdel() Count: 1
	Destroy() Cost: 0.0112ms
Path: /datum/quirk/high_pain_threshold
	qdel() Count: 1
	Destroy() Cost: 0.0112ms
Path: /datum/quirk/daltonism
	qdel() Count: 1
	Destroy() Cost: 0.0112ms
Path: /datum/quirk/mute
	qdel() Count: 1
	Destroy() Cost: 0.0110016ms
Path: /datum/quirk/nearsighted
	qdel() Count: 1
	Destroy() Cost: 0.0109978ms
Path: /datum/quirk/low_pain_threshold
	qdel() Count: 1
	Destroy() Cost: 0.0109978ms
Path: /datum/quirk/no_taste
	qdel() Count: 1
	Destroy() Cost: 0.0109024ms
Path: /datum/quirk/deafness
	qdel() Count: 1
	Destroy() Cost: 0.0108986ms
Path: /datum/quirk/tourette
	qdel() Count: 1
	Destroy() Cost: 0.0108032ms
Path: /datum/quirk/cough
	qdel() Count: 1
	Destroy() Cost: 0.0107994ms
Path: /datum/quirk/blindness
	qdel() Count: 1
	Destroy() Cost: 0.0107994ms
Path: /datum/quirk/genetic_degradation
	qdel() Count: 1
	Destroy() Cost: 0.010601ms
Path: /datum/quirk/epileptic
	qdel() Count: 1
	Destroy() Cost: 0.0105019ms
Path: /datum/quirk/nervous
	qdel() Count: 1
	Destroy() Cost: 0.0102997ms
Path: /datum
	qdel() Count: 1
	Destroy() Cost: 0.0078125ms
Path: /datum/recipe/grill/human
	qdel() Count: 1
	Destroy() Cost: 0.00680161ms
Path: /datum/quality/negativeish
	qdel() Count: 1
	Destroy() Cost: 0.0060997ms
Path: /datum/quality/positiveish
	qdel() Count: 1
	Destroy() Cost: 0.00400162ms
Path: /datum/quality/clumsy
	qdel() Count: 1
	Destroy() Cost: 0.00370026ms
Path: /datum/quality/quirkieish
	qdel() Count: 1
	Destroy() Cost: 0.00329971ms
