[21:59:26] Server '' starting up on 26.166.93.76:50762
[21:59:29]GAME: agrosphere loaded at (48,64,3)
[21:59:29]GAME: Broken Breacher loaded at (83,203,4)
[21:59:29]GAME: Tree Asteroid loaded at (168,181,4)
[21:59:29]GAME: teleporter loaded at (39,188,3)
[21:59:29]GAME: delivery_shuttle loaded at (159,96,3)
[21:59:29]GAME: cloning_lab loaded at (178,20,4)
[21:59:30]GAME: listening_post loaded at (106,63,4)
[22:00:08]ADMIN: fatfat/(FatFat) has started the game.
[22:00:10]MODE: Current master mode is extended
[22:00:11]DEBUG: Next event of severity RoundStart in 0 minutes.
[22:00:11]DEBUG: Starting event 'Roundstart Nothing' of severity RoundStart.
[22:00:11]DEBUG: Next event of severity RoundStart in 0 minutes.
[22:00:11]DEBUG: Starting event 'Forgotten Survival Box' of severity RoundStart.
[22:00:11]DEBUG: Next event of severity RoundStart in 0 minutes.
[22:00:11]GAME: RoundStart Event: Selected areas is nothing
[22:00:11]DEBUG: Starting event 'Anti meat' of severity RoundStart.
[22:00:11]GAME: ANTAG LIST:
no antagonists this moment
[22:00:11]DEBUG: Event 'Roundstart Nothing' has completed at 12:00.
[22:00:11]DEBUG: Event 'Forgotten Survival Box' has completed at 12:00.
[22:00:11]DEBUG: Event 'Anti meat' has completed at 12:00.
[22:00:11]DEBUG: Next event of severity Mundane in 13.604 minutes.
[22:00:11]DEBUG: Next event of severity Moderate in 47.158 minutes.
[22:00:11]DEBUG: Next event of severity Major in 59.31 minutes.
[22:00:20]ADMIN: fatfat/(Lucas Ryals) jumped to (5,19,1) in Space
[22:00:28]ADMIN: fatfat/(Lucas Ryals) jumped to (4,19,1) in Space
[22:00:49]ADMIN: fatfat/(Lucas Ryals) healed / revived fatfat/(Lucas Ryals)
[22:01:08]ADMIN: fatfat/(Lucas Ryals) jumped to (5,19,1) in Space
[22:01:51]ADMIN: fatfat/(Lucas Ryals) jumped to (4,19,1) in Space
[22:02:14]ADMIN: fatfat/(Lucas Ryals) healed / revived fatfat/(Lucas Ryals)
[22:02:22]ADMIN: fatfat/(Lucas Ryals) healed / revived fatfat/(Lucas Ryals)
[22:02:53]ADMIN: fatfat/(Lucas Ryals) modified READ ME!!'s layer to 11
[22:02:56] Graceful shutdown
