[22:21:21] Server '' starting up on 192.168.0.4:65138
[22:22:01]GAME: delivery_shuttle loaded at (58,171,3)
[22:22:02]GAME: iss loaded at (103,111,4)
[22:22:02]GAME: Abandoned Ship loaded at (156,191,3)
[22:22:02]GAME: NT Ships Squad loaded at (47,45,4)
[22:22:03]GAME: escape_pod loaded at (224,143,3)
[22:22:03]GAME: agrosphere loaded at (178,111,3)
[22:22:03]GAME: NASA satellite loaded at (193,82,4)
[22:23:17]ADMIN: fatfat/(Tyson Donkin) has started the game.
[22:23:20]MODE: Current master mode is extended
[22:23:20]DEBUG: Next event of severity RoundStart in 0 minutes.
[22:23:20]DEBUG: Starting event 'Roundstart Nothing' of severity RoundStart.
[22:23:20]GAME: ANTAG LIST:
no antagonists this moment
[22:23:21]DEBUG: Event 'Roundstart Nothing' has completed at 12:01.
[22:23:21]DEBUG: Next event of severity Mundane in 13.562 minutes.
[22:23:21]DEBUG: Next event of severity Moderate in 39.5 minutes.
[22:23:21]DEBUG: Next event of severity Major in 54.4867 minutes.
[22:23:21]SAY: *no key*/(Боевой дрон) : [Mine]: Перевод под-под-подсистемы в боевой режим. Тревога аль-ф-фа.
[22:23:23]SAY: *no key*/(Experiment 69T) : [Wizard's Den]: Rong a&#39;hu dong&#39;a sik?
[22:23:26]SAY: *no key*/(Experiment 69T) : [Wizard's Den]: Ahi set mep&#39;a teth.
[22:23:28]SAY: *no key*/(Tom (199)) : [Vault]: Squeek?
[22:23:28]SAY: *no key*/(Experiment 69T) : [Wizard's Den]: Ahi set mep&#39;a teth.
[22:23:38]SAY: *no key*/(Боевой дрон) : [Mine]: Обнар-р-р-ружены вражде-б-б-бные существа.
[22:23:46]SAY: *no key*/(Боевой дрон) : [Mine]: ТРЕВОГА!
[22:23:48]SAY: *no key*/(Боевой дрон) : [Mine]: ТРЕВОГА!
[22:23:48]SAY: *no key*/(Dusty) : [Chief Medical Officer's office]: Meow!
[22:24:04]SAY: *no key*/(Боевой дрон) : [Mine]: Перевод под-под-подсистемы в боевой режим. Тревога аль-ф-фа.
[22:24:05]ADMIN: fatfat/(Tyson Donkin) created a /turf/simulated/wall/mineral/uranium
[22:24:12]SAY: *no key*/(DET5) : [Research Director's Office]: ...this is a joke
[22:24:12]SAY: *no key*/(mouse (844)) : [Incinerator]: SQUEEK!
[22:24:14]SAY: *no key*/(DET5) : [Research Director's Office]: Director, where are researches?
[22:24:16]ADMIN: fatfat/(Tyson Donkin) deleted the shuttle wall at (84,43,1)
[22:24:18]ADMIN: fatfat/(Tyson Donkin) deleted the shuttle wall at (84,44,1)
[22:24:20]ADMIN: fatfat/(Tyson Donkin) created a /turf/simulated/wall/mineral/uranium
[22:24:20]SAY: *no key*/(Боевой дрон) : [Mine]: Установлены па-раметр-рр-ры потенциальной уг-г-грозыы.
[22:24:20]SAY: *no key*/(mouse (477)) : [Engineering Maintenance]: Squeek!
[22:24:28]SAY: *no key*/(Poly) : [Chief Engineer's office]: Poly wanna cracker!
[22:24:29]ADMIN: fatfat/(Tyson Donkin) admin-called the emergency shuttle.
[22:24:30]SAY: *no key*/(Poly) : [Chief Engineer's office]: Check the singlo, you chucklefucks!
[22:24:32]SAY: *no key*/(Wall-E) : [Quartermaster's Office]: Buzz.
[22:24:40]SAY: *no key*/(Боевой дрон) : [Mine]: Перевод под-под-подсистемы в боевой режим. Тревога аль-ф-фа.
[22:24:40]EMOTE: *no key*/(Ian) : <span class='emote'><B>Ian</B> chases its tail</span>
[22:24:52]ADMIN: fatfat/(Tyson Donkin) used secret spawncompletesandwich
[22:25:04]SAY: *no key*/(Poly) : [Chief Engineer's office]: Poly wanna cracker!
[22:25:18]SAY: *no key*/(Experiment 69T) : [Wizard's Den]: Rong a&#39;hu dong&#39;a sik?
[22:25:22]SAY: *no key*/(grey baby slime (855)) : [Xenobiology Lab]: Lonely...
[22:25:24]SAY: *no key*/(Experiment 69T) : [Wizard's Den]: Ohen nek&#39;ti ep esi.
[22:25:30]SAY: *no key*/(Боевой дрон) : [Mine]: Перевод под-под-подсистемы в боевой режим. Тревога аль-ф-фа.
[22:25:34]SAY: *no key*/(DET5) : [Research Director's Office]: Science time
[22:25:34]SAY: *no key*/(Poly) : [Chief Engineer's office]: WHO TOOK THE DAMN HARDSUITS?
[22:25:42]SAY: *no key*/(Боевой дрон) : [Mine]: Установлены па-раметр-рр-ры потенциальной уг-г-грозыы.
[22:25:42]SAY: *no key*/(DET5) : [Research Director's Office]: One...two...three...more...
[22:25:52]SAY: *no key*/(DET5) : [Research Director's Office]: Analyzing...
[22:25:54]SAY: *no key*/(Боевой дрон) : [Mine]: Установлены па-раметр-рр-ры потенциальной уг-г-грозыы.
[22:25:54]SAY: *no key*/(Experiment 69T) : [Wizard's Den]: Ohen nek&#39;ti ep esi.
[22:25:58]SAY: *no key*/(Боевой дрон) : [Mine]: Перевод под-под-подсистемы в боевой режим. Тревога аль-ф-фа.
[22:26:02]SAY: *no key*/(Poly) : [Chief Engineer's office]: Wire the solars, you lazy bums!
[22:26:04]EMOTE: *no key*/(Ian) : <span class='emote'><B>Ian</B> dances around</span>
[22:26:04]SAY: *no key*/(Experiment 69T) : [Wizard's Den]: Ohen nek&#39;ti ep esi.
[22:26:10]SAY: *no key*/(DET5) : [Research Director's Office]: Boom...
[22:26:34]SAY: *no key*/(Poly) : [Chief Engineer's office]: Wire the solars, you lazy bums!
[22:26:42]ADMIN: fatfat/(Tyson Donkin) checked antagonists.
[22:26:44]ADMIN: fatfat/(Tyson Donkin) edited the Emergency Shuttle's timeleft to 1
[22:26:54] Graceful shutdown
