[23:52:07] Server '' starting up on 26.166.93.76:52401
[23:52:10]GAME: NT Ships Squad loaded at (141,48,4)
[23:52:10]GAME: teleporter loaded at (104,105,3)
[23:52:11]GAME: listening_post loaded at (32,199,3)
[23:52:11]GAME: Derelict Station loaded at (25,62,4)
[23:52:11]GAME: DJ Station loaded at (214,141,4)
[23:52:11]GAME: Tree Asteroid loaded at (43,213,4)
[23:52:11]GAME: ghost_ship_2 loaded at (162,211,4)
[23:54:00]ADMIN: fatfat/(FatFat) has started the game.
[23:54:04]MODE: Current master mode is extended
[23:54:04]DEBUG: Next event of severity RoundStart in 0 minutes.
[23:54:04]DEBUG: Starting event 'Roundstart Nothing' of severity RoundStart.
[23:54:04]DEBUG: Next event of severity RoundStart in 0 minutes.
[23:54:04]GAME: RoundStart Event: Selected areas is nothing
[23:54:04]DEBUG: Starting event 'Old Morgue' of severity RoundStart.
[23:54:04]GAME: ANTAG LIST:
no antagonists this moment
[23:54:05]DEBUG: Event 'Roundstart Nothing' has completed at 12:00.
[23:54:05]DEBUG: Event 'Old Morgue' has completed at 12:00.
[23:54:05]DEBUG: Next event of severity Mundane in 17.362 minutes.
[23:54:05]DEBUG: Next event of severity Moderate in 53.124 minutes.
[23:54:05]DEBUG: Next event of severity Major in 61.1567 minutes.
[23:54:16]ADMIN: fatfat/(Jake Trovato) created a /turf/unsimulated/floor/cult/lava
[23:54:18]ADMIN: fatfat/(Jake Trovato) created a /turf/simulated/floor/engine/cult/lava
[23:54:46]ADMIN: fatfat/(Jake Trovato) created a /turf/simulated/floor/bluegrid
[23:54:50]ADMIN: fatfat/(Jake Trovato) created a /turf/simulated/floor/beach/coastline
[23:54:51]ADMIN: fatfat/(Jake Trovato) created a /turf/simulated/floor/beach/water/waterpool
[23:55:09]ADMIN: fatfat/(Jake Trovato) created a /turf/simulated/floor/holofloor/desert
[00:05:04] Graceful shutdown
