[14:05:57] Server '' starting up on 26.166.93.76:56140
[14:05:59]GAME: Tree Asteroid loaded at (154,47,4)
[14:05:59]GAME: DJ Station loaded at (43,87,4)
[14:05:59]GAME: teleporter loaded at (148,229,4)
[14:05:59]GAME: Abandoned Cargo Shuttle loaded at (158,123,4)
[14:06:00]GAME: NT Ships Squad loaded at (108,209,4)
[14:06:00]GAME: Derelict Teleporter loaded at (201,105,3)
[14:06:00]GAME: Secrete Lab loaded at (87,37,4)
[14:06:16]ADMIN: fatfat/(FatFat) will begin the game as soon as possible.
[14:06:20]ADMIN: fatfat/(FatFat) will begin the game as normal.
[14:06:22]ADMIN: fatfat/(FatFat) will begin the game as soon as possible.
[14:06:26]MODE: Current master mode is extended
[14:06:27]DEBUG: Next event of severity RoundStart in 0 minutes.
[14:06:27]DEBUG: Starting event 'Roundstart Nothing' of severity RoundStart.
[14:06:27]GAME: ANTAG LIST:
no antagonists this moment
[14:06:27]DEBUG: Event 'Roundstart Nothing' has completed at 12:00.
[14:06:27]DEBUG: Next event of severity Mundane in 12.742 minutes.
[14:06:27]DEBUG: Next event of severity Moderate in 47.634 minutes.
[14:06:27]DEBUG: Next event of severity Major in 55.1417 minutes.
[14:06:32]EMOTE: fatfat/(Amir Vasilyev) : <b>Amir Vasilyev</b> <i>gasps!</i>
[14:06:32]SAY: *no key*/(cyber horror) : [Secrete Lab]: H@!#$$P M@!$#
[14:06:44]EMOTE: fatfat/(Amir Vasilyev) : <b>Amir Vasilyev</b> <i>gasps!</i>
[14:06:46]EMOTE: fatfat/(Amir Vasilyev) : <b>Amir Vasilyev</b> <i>gasps!</i>
[14:06:54]SAY: *no key*/(cyber horror) : [Secrete Lab]: G@#!$ H@!#%, H!@%%@ @!E
[14:07:00]EMOTE: fatfat/(Amir Vasilyev) : <b>Amir Vasilyev</b> <i>gasps!</i>
[14:07:04]EMOTE: fatfat/(Amir Vasilyev) : <b>Amir Vasilyev</b> <i>gasps!</i>
[14:07:06]EMOTE: fatfat/(Amir Vasilyev) : <b>Amir Vasilyev</b> <i>gasps!</i>
[14:07:06]SAY: *no key*/(cyber horror) : [Secrete Lab]: G@#!$ H@!#%, H!@%%@ @!E
[14:07:10] Graceful shutdown
