Path: /obj/structure/cable
	qdel() Count: 3
	Destroy() Cost: 318.082ms
Path: /obj/machinery/atmospherics/pipe/simple/hidden/supply
	qdel() Count: 3
	Destroy() Cost: 249.258ms
Path: /datum/pipeline
	qdel() Count: 8
	Destroy() Cost: 152.688ms
Path: /datum/tgui_modal
	qdel() Count: 4
	Destroy() Cost: 101.477ms
Path: /obj/machinery/atmospherics/pipe/simple/hidden/scrubbers
	qdel() Count: 2
	Destroy() Cost: 87.548ms
Path: /obj/effect/effect/sparks
	qdel() Count: 238
	Destroy() Cost: 50.2998ms
Path: /obj/machinery/atmospherics/pipe/manifold/hidden/scrubbers
	qdel() Count: 1
	Destroy() Cost: 45.5868ms
Path: /datum/light_source
	qdel() Count: 301
	Destroy() Cost: 31.1038ms
Path: /datum/timedevent
	qdel() Count: 2295
	Destroy() Cost: 30.6279ms
Path: /obj/item/weapon/flora/random
	qdel() Count: 79
	Destroy() Cost: 22.9775ms
Path: /datum/component/clickplace
	qdel() Count: 135
	Destroy() Cost: 16.6963ms
Path: /obj/effect/projectile/bullet/muzzle
	qdel() Count: 13
	Destroy() Cost: 6.6209ms
Path: /datum/component/mechanic_desc
	qdel() Count: 220
	Destroy() Cost: 5.97698ms
Path: /obj/item/stack/cable_coil/random
	qdel() Count: 92
	Destroy() Cost: 5.71568ms
Path: /obj/effect/decal/cleanable/blood/splatter
	qdel() Count: 10
	Destroy() Cost: 4.38934ms
Path: /obj/effect/spawner/lootdrop/maintenance
	qdel() Count: 47
	Destroy() Cost: 3.3955ms
Path: /obj/effect/landmark/start
	qdel() Count: 129
	Destroy() Cost: 3.36095ms
Path: /obj/effect/landmark
	qdel() Count: 69
	Destroy() Cost: 3.346ms
Path: /obj/effect/spawner/lootdrop/maintenance/two
	qdel() Count: 33
	Destroy() Cost: 3.19211ms
Path: /datum/beam
	qdel() Count: 15
	Destroy() Cost: 2.8685ms
Path: /obj/random/scrap/safe_even
	qdel() Count: 36
	Destroy() Cost: 2.1833ms
Path: /datum/component/tactical
	qdel() Count: 79
	Destroy() Cost: 2.05159ms
Path: /obj/machinery/atmospherics/components/unary/vent_pump/on
	qdel() Count: 1
	Destroy() Cost: 1.974ms
Path: /obj/random/foods/donuts
	qdel() Count: 72
	Destroy() Cost: 1.87891ms
Path: /obj/effect/ebeam
	qdel() Count: 66
	Destroy() Cost: 1.6972ms
Path: /datum/component/twohanded
	qdel() Count: 79
	Destroy() Cost: 1.6018ms
Path: /obj/item/weapon/offhand
	qdel() Count: 5
	Destroy() Cost: 1.5161ms
Path: /obj/random/vending/cola
	qdel() Count: 23
	Destroy() Cost: 1.3947ms
Path: /obj/item/projectile/bullet/a762
	qdel() Count: 13
	Destroy() Cost: 1.3846ms
Path: /obj/random/vending/snack
	qdel() Count: 23
	Destroy() Cost: 1.3404ms
Path: /obj/random/tools/tech_supply
	qdel() Count: 23
	Destroy() Cost: 1.2034ms
Path: /obj/effect/spawner/lootdrop/maintenance/four
	qdel() Count: 15
	Destroy() Cost: 1.1959ms
Path: /obj/random/scrap/sparse_weighted
	qdel() Count: 26
	Destroy() Cost: 1.05231ms
Path: /mob/dead/new_player
	qdel() Count: 1
	Destroy() Cost: 0.982202ms
Path: /datum/reagent/aqueous_foam
	qdel() Count: 127
	Destroy() Cost: 0.909484ms
Path: /obj/random/foods/food_trash
	qdel() Count: 18
	Destroy() Cost: 0.886202ms
Path: /obj/effect/spawner/lootdrop/maintenance/three
	qdel() Count: 15
	Destroy() Cost: 0.844303ms
Path: /obj/structure/sign/poster/contraband/random
	qdel() Count: 14
	Destroy() Cost: 0.835596ms
Path: /mob/dead/observer
	qdel() Count: 2
	Destroy() Cost: 0.8004ms
Path: /obj/random/scrap/moderate_weighted
	qdel() Count: 39
	Destroy() Cost: 0.784394ms
Path: /datum/mechanic_tip/clickplace
	qdel() Count: 135
	Destroy() Cost: 0.752095ms
Path: /datum/hud
	qdel() Count: 1
	Destroy() Cost: 0.6909ms
Path: /datum/component/swiping
	qdel() Count: 6
	Destroy() Cost: 0.667003ms
Path: /obj/random/melee
	qdel() Count: 21
	Destroy() Cost: 0.641008ms
Path: /obj/effect/decal/cleanable/greenglow
	qdel() Count: 2
	Destroy() Cost: 0.5637ms
Path: /obj/random/scrap/dense_weighted
	qdel() Count: 17
	Destroy() Cost: 0.555304ms
Path: /obj/structure/disposalpipe/segment
	qdel() Count: 7
	Destroy() Cost: 0.524ms
Path: /obj/effect/landmark/corpse/clown
	qdel() Count: 3
	Destroy() Cost: 0.489201ms
Path: /datum/hud/ghost
	qdel() Count: 1
	Destroy() Cost: 0.479401ms
Path: /datum/component/rite/spawn_item
	qdel() Count: 11
	Destroy() Cost: 0.476201ms
Path: /obj/effect/landmark/dealer_spawn
	qdel() Count: 4
	Destroy() Cost: 0.467502ms
Path: /obj/random/cloth/armor
	qdel() Count: 16
	Destroy() Cost: 0.452895ms
Path: /obj/random/cloth/helmet
	qdel() Count: 12
	Destroy() Cost: 0.436504ms
Path: /obj/effect/landmark/latejoin
	qdel() Count: 10
	Destroy() Cost: 0.399301ms
Path: /obj/effect/landmark/corpse/bridgeofficer
	qdel() Count: 4
	Destroy() Cost: 0.396799ms
Path: /obj/effect/landmark/cops_spawn
	qdel() Count: 12
	Destroy() Cost: 0.350294ms
Path: /datum/mechanic_tip/twohanded/required
	qdel() Count: 79
	Destroy() Cost: 0.336982ms
Path: /obj/random/tools/tool
	qdel() Count: 5
	Destroy() Cost: 0.317703ms
Path: /obj/effect/landmark/corpse/engineer/rig
	qdel() Count: 2
	Destroy() Cost: 0.271102ms
Path: /obj/effect/gibspawner/human
	qdel() Count: 2
	Destroy() Cost: 0.242699ms
Path: /obj/machinery/door/firedoor
	qdel() Count: 2
	Destroy() Cost: 0.232801ms
Path: /obj/random/guns/energy_weapon
	qdel() Count: 6
	Destroy() Cost: 0.197196ms
Path: /obj/structure/extinguisher_cabinet
	qdel() Count: 1
	Destroy() Cost: 0.1937ms
Path: /obj/item/stack/sheet/metal
	qdel() Count: 4
	Destroy() Cost: 0.192ms
Path: /obj/structure/sign/poster/official/random
	qdel() Count: 4
	Destroy() Cost: 0.190999ms
Path: /obj/item/mecha_parts/mecha_tracking
	qdel() Count: 1
	Destroy() Cost: 0.187897ms
Path: /obj/structure/lattice
	qdel() Count: 2
	Destroy() Cost: 0.173401ms
Path: /obj/structure/sign/poster/random
	qdel() Count: 2
	Destroy() Cost: 0.172199ms
Path: /obj/effect/spawner/lootdrop/glowstick
	qdel() Count: 3
	Destroy() Cost: 0.161501ms
Path: /obj/item/projectile/missile
	qdel() Count: 1
	Destroy() Cost: 0.1606ms
Path: /atom/movable/screen/fullscreen/flash
	qdel() Count: 1
	Destroy() Cost: 0.1438ms
Path: /datum/recipe/microwave/human
	qdel() Count: 21
	Destroy() Cost: 0.142708ms
Path: /atom/movable/screen/alert/buckled
	qdel() Count: 4
	Destroy() Cost: 0.137399ms
Path: /obj/effect/landmark/abductor/console
	qdel() Count: 4
	Destroy() Cost: 0.1348ms
Path: /atom/movable/lighting_object
	qdel() Count: 5
	Destroy() Cost: 0.1249ms
Path: /obj/effect/landmark/corpse/commander
	qdel() Count: 1
	Destroy() Cost: 0.121401ms
Path: /datum/religion_rites/standing/spawn_item/call_animal
	qdel() Count: 1
	Destroy() Cost: 0.121001ms
Path: /obj/effect/landmark/corpse/engineer
	qdel() Count: 1
	Destroy() Cost: 0.117599ms
Path: /obj/effect/landmark/corpse/syndicatesoldier
	qdel() Count: 1
	Destroy() Cost: 0.115801ms
Path: /obj/random/foods/drink_can
	qdel() Count: 3
	Destroy() Cost: 0.114501ms
Path: /datum/component/rite/consent
	qdel() Count: 5
	Destroy() Cost: 0.110402ms
Path: /obj/item/weapon/reagent_containers/spray/extinguisher/station_spawned
	qdel() Count: 1
	Destroy() Cost: 0.1046ms
Path: /datum/modval_modifier
	qdel() Count: 12
	Destroy() Cost: 0.1043ms
Path: /obj/random/tools/technology_scanner
	qdel() Count: 1
	Destroy() Cost: 0.103104ms
Path: /obj/random/misc/all
	qdel() Count: 2
	Destroy() Cost: 0.101601ms
Path: /obj/effect/spawner/lootdrop/maintenance/six
	qdel() Count: 1
	Destroy() Cost: 0.100002ms
Path: /obj/random/tools/bomb_supply
	qdel() Count: 3
	Destroy() Cost: 0.0992012ms
Path: /obj/effect/proc_holder/spell/targeted/trigger/blind
	qdel() Count: 1
	Destroy() Cost: 0.0980988ms
Path: /obj/machinery/blackbox_recorder
	qdel() Count: 1
	Destroy() Cost: 0.0974007ms
Path: /obj/random/guns/projectile_handgun
	qdel() Count: 1
	Destroy() Cost: 0.0922999ms
Path: /obj/random/tools/toolbox
	qdel() Count: 2
	Destroy() Cost: 0.0795994ms
Path: /datum/religion_rites/instant/spawn_item/cult/talisman
	qdel() Count: 1
	Destroy() Cost: 0.0730988ms
Path: /datum/signal
	qdel() Count: 15
	Destroy() Cost: 0.0688019ms
Path: /datum/religion_rites/standing/spawn_item/banana
	qdel() Count: 1
	Destroy() Cost: 0.0651001ms
Path: /atom/movable/screen/alert/oxy
	qdel() Count: 2
	Destroy() Cost: 0.0640001ms
Path: /obj/item/ammo_casing/a762
	qdel() Count: 1
	Destroy() Cost: 0.063ms
Path: /obj/effect/proc_holder/spell/no_target/infection/obcurse
	qdel() Count: 1
	Destroy() Cost: 0.0622986ms
Path: /obj/effect/gibspawner/robot
	qdel() Count: 1
	Destroy() Cost: 0.0566006ms
Path: /obj/effect/proc_holder/spell/aoe_turf/hulk_gas
	qdel() Count: 1
	Destroy() Cost: 0.0559998ms
Path: /obj/random/guns/handgun_security
	qdel() Count: 1
	Destroy() Cost: 0.0552979ms
Path: /obj/random/tools/powercell
	qdel() Count: 2
	Destroy() Cost: 0.0530987ms
Path: /datum/religion_rites/instant/spawn_item/cult/soulstone
	qdel() Count: 1
	Destroy() Cost: 0.0509995ms
Path: /datum/religion_rites/instant/spawn_item/cult/constructshell
	qdel() Count: 1
	Destroy() Cost: 0.0498993ms
Path: /obj/effect/proc_holder/spell/targeted/inflict_handler/blind
	qdel() Count: 2
	Destroy() Cost: 0.0493988ms
Path: /datum/tgui
	qdel() Count: 4
	Destroy() Cost: 0.0493012ms
Path: /obj/random/guns/projectile_security
	qdel() Count: 2
	Destroy() Cost: 0.0489998ms
Path: /atom/movable/screen/fullscreen/oxy
	qdel() Count: 2
	Destroy() Cost: 0.0488ms
Path: /obj/random/guns/projectile_shotgun
	qdel() Count: 2
	Destroy() Cost: 0.0486984ms
Path: /obj/random/guns/projectile_assault
	qdel() Count: 2
	Destroy() Cost: 0.0484009ms
Path: /datum/religion_rites/instant/spawn_item/cult
	qdel() Count: 1
	Destroy() Cost: 0.0473999ms
Path: /datum/religion_rites/standing/spawn_item/banana_ore
	qdel() Count: 1
	Destroy() Cost: 0.0472992ms
Path: /obj/effect/proc_holder/spell/no_target/charge/religion
	qdel() Count: 1
	Destroy() Cost: 0.0469025ms
Path: /datum/religion_rites/instant/spawn_item
	qdel() Count: 1
	Destroy() Cost: 0.0468002ms
Path: /atom/movable/screen/plane_master/floor
	qdel() Count: 2
	Destroy() Cost: 0.0446014ms
Path: /atom/movable/screen/alert/lowpressure
	qdel() Count: 2
	Destroy() Cost: 0.0441ms
Path: /datum/religion_rites/standing/spawn_item/create_sword
	qdel() Count: 1
	Destroy() Cost: 0.0434006ms
Path: /datum/religion_rites/standing/spawn_item/talisman
	qdel() Count: 1
	Destroy() Cost: 0.0425995ms
Path: /obj/effect/proc_holder/spell/no_target/infection
	qdel() Count: 1
	Destroy() Cost: 0.0421997ms
Path: /obj/random/meds/chemical_bottle
	qdel() Count: 1
	Destroy() Cost: 0.042099ms
Path: /obj/effect/spawner/lootdrop/maintenance/five
	qdel() Count: 1
	Destroy() Cost: 0.0411005ms
Path: /obj/effect/landmark/start/new_player
	qdel() Count: 1
	Destroy() Cost: 0.0407982ms
Path: /datum/mechanic_tip/swiping
	qdel() Count: 6
	Destroy() Cost: 0.0405016ms
Path: /datum/religion_rites/standing/spawn_item
	qdel() Count: 1
	Destroy() Cost: 0.0403ms
Path: /datum/callback
	qdel() Count: 12
	Destroy() Cost: 0.0399048ms
Path: /obj/effect/proc_holder/spell/aoe_turf/drainLife
	qdel() Count: 1
	Destroy() Cost: 0.039801ms
Path: /obj/effect/proc_holder/spell/in_hand/arcane_barrage
	qdel() Count: 1
	Destroy() Cost: 0.0393982ms
Path: /obj/effect/proc_holder/spell/no_target/scribe_rune
	qdel() Count: 1
	Destroy() Cost: 0.0390015ms
Path: /obj/effect/proc_holder/spell/no_target/resin
	qdel() Count: 1
	Destroy() Cost: 0.0386017ms
Path: /datum/religion_rites/standing/consent/synthconversion
	qdel() Count: 1
	Destroy() Cost: 0.0386002ms
Path: /datum/religion_rites/standing/consent/invite
	qdel() Count: 1
	Destroy() Cost: 0.0386002ms
Path: /obj/effect/proc_holder/spell/targeted/reviveThrall
	qdel() Count: 1
	Destroy() Cost: 0.0372986ms
Path: /obj/effect/proc_holder/spell/no_target/larva_evolve
	qdel() Count: 1
	Destroy() Cost: 0.0360992ms
Path: /atom/movable/screen/plane_master/rendering_plate/master
	qdel() Count: 2
	Destroy() Cost: 0.0356018ms
Path: /datum/religion_rites/standing/consent
	qdel() Count: 1
	Destroy() Cost: 0.0350998ms
Path: /atom/movable/screen/plane_master/above_lighting
	qdel() Count: 2
	Destroy() Cost: 0.0342987ms
Path: /obj/effect/proc_holder/spell/targeted/area_teleport/teleport
	qdel() Count: 1
	Destroy() Cost: 0.0342011ms
Path: /datum/reagents
	qdel() Count: 1
	Destroy() Cost: 0.0341ms
Path: /obj/effect/spawner/lootdrop/gloves
	qdel() Count: 1
	Destroy() Cost: 0.0335999ms
Path: /datum/religion_rites/standing/consent/sacrifice
	qdel() Count: 1
	Destroy() Cost: 0.0335999ms
Path: /obj/effect/proc_holder/spell/no_target/lay_egg
	qdel() Count: 1
	Destroy() Cost: 0.0330994ms
Path: /obj/effect/proc_holder/spell/targeted/ethereal_jaunt/phaseshift
	qdel() Count: 1
	Destroy() Cost: 0.0328995ms
Path: /datum/religion_rites/standing/consent/clownconversion
	qdel() Count: 1
	Destroy() Cost: 0.0327988ms
Path: /obj/effect/proc_holder/spell/no_target/grease
	qdel() Count: 1
	Destroy() Cost: 0.0325989ms
Path: /atom/movable/screen/plane_master/fullscreen
	qdel() Count: 2
	Destroy() Cost: 0.032196ms
Path: /obj/effect/proc_holder/spell/aoe_turf/glacial_blast
	qdel() Count: 1
	Destroy() Cost: 0.0304993ms
Path: /obj/effect/proc_holder/spell/targeted/area_teleport
	qdel() Count: 1
	Destroy() Cost: 0.030101ms
Path: /obj/effect/proc_holder/spell/targeted/genetic/blind
	qdel() Count: 2
	Destroy() Cost: 0.0292023ms
Path: /atom/movable/screen/plane_master/singularity
	qdel() Count: 2
	Destroy() Cost: 0.028598ms
Path: /obj/effect/proc_holder/spell/no_target/charge
	qdel() Count: 1
	Destroy() Cost: 0.0285004ms
Path: /obj/effect/proc_holder/spell/no_target/weeds
	qdel() Count: 1
	Destroy() Cost: 0.0282989ms
Path: /obj/effect/proc_holder/spell/aoe_turf/hulk_eat
	qdel() Count: 1
	Destroy() Cost: 0.0278015ms
Path: /obj/effect/proc_holder/spell/no_target/rot
	qdel() Count: 1
	Destroy() Cost: 0.0276978ms
Path: /atom/movable/plane_master_controller/game
	qdel() Count: 2
	Destroy() Cost: 0.0269012ms
Path: /obj/effect/proc_holder/spell/no_target/memorize_rune
	qdel() Count: 1
	Destroy() Cost: 0.0268982ms
Path: /atom/movable/screen/plane_master/parallax_white
	qdel() Count: 2
	Destroy() Cost: 0.0268005ms
Path: /obj/effect/proc_holder/spell/turf/fireball
	qdel() Count: 1
	Destroy() Cost: 0.0268005ms
Path: /datum/religion_rites/instant/chaplain/death_alarm
	qdel() Count: 1
	Destroy() Cost: 0.0266998ms
Path: /obj/effect/proc_holder/spell/no_target/mime_speak
	qdel() Count: 1
	Destroy() Cost: 0.0265991ms
Path: /obj/effect/proc_holder/spell/targeted/collective_mind
	qdel() Count: 1
	Destroy() Cost: 0.0261017ms
Path: /obj/effect/proc_holder/spell/aoe_turf/flashfreeze
	qdel() Count: 1
	Destroy() Cost: 0.0260986ms
Path: /obj/effect/proc_holder/spell/no_target/evolve_to_queen
	qdel() Count: 1
	Destroy() Cost: 0.0259003ms
Path: /atom/movable/screen/plane_master/gravpulse
	qdel() Count: 2
	Destroy() Cost: 0.0259003ms
Path: /obj/effect/proc_holder/spell/no_target
	qdel() Count: 1
	Destroy() Cost: 0.0257019ms
Path: /atom/movable/screen/plane_master/point
	qdel() Count: 2
	Destroy() Cost: 0.0255005ms
Path: /atom/movable/screen/plane_master/area
	qdel() Count: 2
	Destroy() Cost: 0.0251007ms
Path: /atom/movable/screen/plane_master/game_world
	qdel() Count: 2
	Destroy() Cost: 0.0248993ms
Path: /atom/movable/screen/plane_master/rendering_plate/non_game
	qdel() Count: 2
	Destroy() Cost: 0.0248016ms
Path: /atom/movable/screen/plane_master/parallax
	qdel() Count: 2
	Destroy() Cost: 0.0245026ms
Path: /obj/effect/proc_holder/spell/no_target/syndi_drone
	qdel() Count: 1
	Destroy() Cost: 0.0237ms
Path: /obj/effect/proc_holder/spell/no_target/hide
	qdel() Count: 1
	Destroy() Cost: 0.0231018ms
Path: /datum/browser
	qdel() Count: 2
	Destroy() Cost: 0.0231003ms
Path: /atom/movable/screen/plane_master/rendering_plate/game_world
	qdel() Count: 2
	Destroy() Cost: 0.0230988ms
Path: /obj/effect/proc_holder/spell/no_target/spawn_bible
	qdel() Count: 1
	Destroy() Cost: 0.022699ms
Path: /obj/effect/proc_holder/spell/aoe_turf/clown_joke
	qdel() Count: 1
	Destroy() Cost: 0.0221008ms
Path: /datum/reagent/toxin/mindbreaker
	qdel() Count: 4
	Destroy() Cost: 0.0219002ms
Path: /obj/effect/proc_holder/spell/dumbfire/fireball
	qdel() Count: 1
	Destroy() Cost: 0.0217987ms
Path: /obj/effect/proc_holder/spell/aoe_turf
	qdel() Count: 1
	Destroy() Cost: 0.021698ms
Path: /obj/effect/proc_holder/spell/no_target/air_plant
	qdel() Count: 1
	Destroy() Cost: 0.0216003ms
Path: /obj/random/foods/food_snack
	qdel() Count: 1
	Destroy() Cost: 0.0214996ms
Path: /datum/aspect/death
	qdel() Count: 1
	Destroy() Cost: 0.0214996ms
Path: /atom/movable/screen/plane_master/ghost
	qdel() Count: 2
	Destroy() Cost: 0.021402ms
Path: /obj/effect/proc_holder/spell/aoe_turf/hulk_mill
	qdel() Count: 1
	Destroy() Cost: 0.0213989ms
Path: /atom/movable/screen/plane_master/rendering_plate/above_game_world
	qdel() Count: 2
	Destroy() Cost: 0.0213013ms
Path: /obj/random/foods/food_without_garbage
	qdel() Count: 1
	Destroy() Cost: 0.0212021ms
Path: /obj/effect/proc_holder/spell/no_target/food
	qdel() Count: 1
	Destroy() Cost: 0.0212006ms
Path: /atom/movable/screen/plane_master/ghost_illusion
	qdel() Count: 2
	Destroy() Cost: 0.0203003ms
Path: /obj/effect/proc_holder/spell/targeted/barnyardcurse
	qdel() Count: 1
	Destroy() Cost: 0.0203003ms
Path: /atom/movable/screen/plane_master/rendering_plate
	qdel() Count: 2
	Destroy() Cost: 0.0202026ms
Path: /datum/aspect/science
	qdel() Count: 1
	Destroy() Cost: 0.0197006ms
Path: /obj/effect/proc_holder/spell/no_target/syndi_drone/boost
	qdel() Count: 1
	Destroy() Cost: 0.0196014ms
Path: /obj/random/foods/food_with_garbage
	qdel() Count: 1
	Destroy() Cost: 0.0192995ms
Path: /atom/movable/screen/plane_master/blackness
	qdel() Count: 2
	Destroy() Cost: 0.0192993ms
Path: /obj/effect/proc_holder/spell/aoe_turf/hulk_jump
	qdel() Count: 1
	Destroy() Cost: 0.0191986ms
Path: /obj/effect/proc_holder/spell/aoe_turf/hulk_smash
	qdel() Count: 1
	Destroy() Cost: 0.0190002ms
Path: /obj/effect/proc_holder/spell/aoe_turf/hulk_dash
	qdel() Count: 1
	Destroy() Cost: 0.0188019ms
Path: /obj/effect/proc_holder/spell/targeted/emplosion/disable_tech
	qdel() Count: 1
	Destroy() Cost: 0.0184998ms
Path: /obj/effect/proc_holder/spell/aoe_turf/hulk_spit
	qdel() Count: 1
	Destroy() Cost: 0.0183014ms
Path: /atom/movable/screen/plane_master/lighting
	qdel() Count: 2
	Destroy() Cost: 0.0182983ms
Path: /obj/effect/proc_holder/spell/aoe_turf/hulk_lazor
	qdel() Count: 1
	Destroy() Cost: 0.0182007ms
Path: /datum/powernet
	qdel() Count: 1
	Destroy() Cost: 0.018103ms
Path: /obj/effect/proc_holder/spell/in_hand/fireball
	qdel() Count: 1
	Destroy() Cost: 0.0180023ms
Path: /obj/effect/proc_holder/spell/targeted/emplosion
	qdel() Count: 1
	Destroy() Cost: 0.0177002ms
Path: /obj/effect/proc_holder/spell/in_hand/res_touch
	qdel() Count: 1
	Destroy() Cost: 0.0177002ms
Path: /datum/reagent/water
	qdel() Count: 2
	Destroy() Cost: 0.0175896ms
Path: /obj/effect/proc_holder/spell/no_target/syndi_drone/smoke
	qdel() Count: 1
	Destroy() Cost: 0.0172974ms
Path: /obj/effect/proc_holder/spell/targeted/spacetime_dist
	qdel() Count: 1
	Destroy() Cost: 0.0171997ms
Path: /obj/effect/proc_holder/spell/dumbfire
	qdel() Count: 1
	Destroy() Cost: 0.0171997ms
Path: /obj/effect/proc_holder/spell/targeted/summonitem
	qdel() Count: 1
	Destroy() Cost: 0.017099ms
Path: /obj/effect/proc_holder/spell/in_hand/heal
	qdel() Count: 1
	Destroy() Cost: 0.0169006ms
Path: /obj/effect/proc_holder/spell/blessing
	qdel() Count: 1
	Destroy() Cost: 0.0168976ms
Path: /obj/effect/proc_holder/spell/targeted/annihilate
	qdel() Count: 1
	Destroy() Cost: 0.0167999ms
Path: /obj/effect/proc_holder/spell/in_hand/tesla
	qdel() Count: 1
	Destroy() Cost: 0.0167999ms
Path: /obj/effect/proc_holder/spell/in_hand
	qdel() Count: 1
	Destroy() Cost: 0.0167999ms
Path: /obj/effect/proc_holder/spell/targeted/ethereal_jaunt/shadow_walk
	qdel() Count: 1
	Destroy() Cost: 0.0164993ms
Path: /obj/effect/proc_holder/spell/targeted/explosion/fireball
	qdel() Count: 1
	Destroy() Cost: 0.0164993ms
Path: /datum/atom_hud/alternate_appearance/basic/ghost_buster
	qdel() Count: 1
	Destroy() Cost: 0.0164978ms
Path: /obj/effect/proc_holder/spell/targeted/blindness_smoke
	qdel() Count: 1
	Destroy() Cost: 0.0164001ms
Path: /obj/effect/proc_holder/spell/targeted/ethereal_jaunt/wizard
	qdel() Count: 1
	Destroy() Cost: 0.0160995ms
Path: /obj/effect/proc_holder/spell/aoe_turf/repulse
	qdel() Count: 1
	Destroy() Cost: 0.016098ms
Path: /datum/quirk/light_step
	qdel() Count: 1
	Destroy() Cost: 0.0160007ms
Path: /obj/effect/proc_holder/spell/targeted/mind_transfer
	qdel() Count: 1
	Destroy() Cost: 0.0160004ms
Path: /obj/effect/proc_holder/spell/targeted/trigger
	qdel() Count: 1
	Destroy() Cost: 0.0160004ms
Path: /obj/effect/proc_holder/spell/targeted/turf_teleport/blink
	qdel() Count: 1
	Destroy() Cost: 0.0160004ms
Path: /obj/effect/proc_holder/spell/aoe_turf/HulkHONK
	qdel() Count: 1
	Destroy() Cost: 0.0160004ms
Path: /obj/effect/proc_holder/spell/targeted/genetic/mutate
	qdel() Count: 1
	Destroy() Cost: 0.0158997ms
Path: /obj/effect/proc_holder/spell/aoe_turf/unearthly_screech
	qdel() Count: 1
	Destroy() Cost: 0.015802ms
Path: /obj/effect/proc_holder/spell/targeted/inflict_handler/magic_missile
	qdel() Count: 1
	Destroy() Cost: 0.0158005ms
Path: /obj/effect/proc_holder/spell/targeted/forcewall/mimewall
	qdel() Count: 1
	Destroy() Cost: 0.0158005ms
Path: /obj/effect/proc_holder/spell/targeted/smoke
	qdel() Count: 1
	Destroy() Cost: 0.015799ms
Path: /obj/effect/proc_holder/spell/targeted
	qdel() Count: 1
	Destroy() Cost: 0.015799ms
Path: /obj/effect/proc_holder/spell/targeted/explosion
	qdel() Count: 1
	Destroy() Cost: 0.0156998ms
Path: /obj/effect/proc_holder/spell/targeted/shadowlingAscendantTransmit
	qdel() Count: 1
	Destroy() Cost: 0.0156982ms
Path: /obj/effect/proc_holder/spell/targeted/xeno_whisp
	qdel() Count: 1
	Destroy() Cost: 0.0156982ms
Path: /obj/effect/proc_holder/spell/aoe_turf/conjure/summonEdSwarm
	qdel() Count: 1
	Destroy() Cost: 0.0156982ms
Path: /obj/effect/proc_holder/spell/targeted/projectile
	qdel() Count: 1
	Destroy() Cost: 0.0156006ms
Path: /obj/effect/proc_holder/spell/targeted/zombie_findbrains
	qdel() Count: 1
	Destroy() Cost: 0.0156006ms
Path: /obj/effect/proc_holder/spell/aoe_turf/conjure/spawn_animal
	qdel() Count: 1
	Destroy() Cost: 0.0156006ms
Path: /obj/effect/proc_holder/spell/targeted/lighting_shock
	qdel() Count: 1
	Destroy() Cost: 0.0155991ms
Path: /obj/effect/proc_holder/spell/targeted/glare
	qdel() Count: 1
	Destroy() Cost: 0.0155975ms
Path: /obj/effect/proc_holder/spell/targeted/screech
	qdel() Count: 1
	Destroy() Cost: 0.0154999ms
Path: /obj/effect/proc_holder/spell/targeted/shadowling_regenarmor
	qdel() Count: 1
	Destroy() Cost: 0.0154022ms
Path: /obj/effect/proc_holder/spell/targeted/projectile/magic_missile
	qdel() Count: 1
	Destroy() Cost: 0.0154007ms
Path: /obj/effect/proc_holder/spell/targeted/heal/damage
	qdel() Count: 1
	Destroy() Cost: 0.0154007ms
Path: /obj/effect/proc_holder/spell/targeted/ethereal_jaunt
	qdel() Count: 1
	Destroy() Cost: 0.0153992ms
Path: /obj/effect/proc_holder/spell/targeted/shadowling_phase_shift
	qdel() Count: 1
	Destroy() Cost: 0.0153992ms
Path: /obj/effect/proc_holder/spell/targeted/enthrall
	qdel() Count: 1
	Destroy() Cost: 0.0153015ms
Path: /obj/effect/proc_holder/spell/targeted/genetic
	qdel() Count: 1
	Destroy() Cost: 0.0153ms
Path: /obj/effect/proc_holder/spell/targeted/inflict_handler/disintegrate
	qdel() Count: 1
	Destroy() Cost: 0.0153ms
Path: /obj/effect/proc_holder/spell/targeted/forcewall
	qdel() Count: 1
	Destroy() Cost: 0.0153ms
Path: /obj/effect/proc_holder/spell/aoe_turf/veil
	qdel() Count: 1
	Destroy() Cost: 0.0152985ms
Path: /obj/effect/proc_holder/spell/targeted/inflict_handler/fireball
	qdel() Count: 1
	Destroy() Cost: 0.0152008ms
Path: /obj/effect/proc_holder/spell/targeted/inflict_handler
	qdel() Count: 1
	Destroy() Cost: 0.0152008ms
Path: /obj/effect/proc_holder/spell/targeted/turf_teleport
	qdel() Count: 1
	Destroy() Cost: 0.0152008ms
Path: /obj/effect/proc_holder/spell/targeted/shadowling_hivemind_ascendant
	qdel() Count: 1
	Destroy() Cost: 0.0152008ms
Path: /obj/effect/proc_holder/spell/aoe_turf/conjure/the_traps
	qdel() Count: 1
	Destroy() Cost: 0.0152008ms
Path: /obj/effect/proc_holder/spell/targeted/heal
	qdel() Count: 1
	Destroy() Cost: 0.0151993ms
Path: /obj/effect/proc_holder/spell/aoe_turf/knock
	qdel() Count: 1
	Destroy() Cost: 0.0151978ms
Path: /obj/effect/proc_holder/spell/targeted/communicate
	qdel() Count: 1
	Destroy() Cost: 0.0151001ms
Path: /obj/effect/proc_holder/spell/targeted/hypnosis
	qdel() Count: 1
	Destroy() Cost: 0.0151001ms
Path: /obj/effect/proc_holder/spell/turf
	qdel() Count: 1
	Destroy() Cost: 0.0151001ms
Path: /obj/effect/proc_holder/spell/targeted/communicate/fastener
	qdel() Count: 1
	Destroy() Cost: 0.0150024ms
Path: /obj/effect/proc_holder/spell/targeted/gnomecurse
	qdel() Count: 1
	Destroy() Cost: 0.0150009ms
Path: /obj/effect/proc_holder/spell/aoe_turf/conjure/timestop
	qdel() Count: 1
	Destroy() Cost: 0.0149994ms
Path: /obj/effect/proc_holder/spell/aoe_turf/conjure/creature
	qdel() Count: 1
	Destroy() Cost: 0.0149017ms
Path: /obj/effect/proc_holder/spell/aoe_turf/conjure/construct/lesser
	qdel() Count: 1
	Destroy() Cost: 0.0148987ms
Path: /obj/effect/proc_holder/spell/targeted/shadowling_hivemind
	qdel() Count: 1
	Destroy() Cost: 0.014801ms
Path: /obj/effect/proc_holder/spell/targeted/transfer_plasma
	qdel() Count: 1
	Destroy() Cost: 0.014798ms
Path: /obj/effect/proc_holder/spell/aoe_turf/conjure/smoke
	qdel() Count: 1
	Destroy() Cost: 0.014798ms
Path: /obj/effect/proc_holder/spell/aoe_turf/conjure/construct
	qdel() Count: 1
	Destroy() Cost: 0.0147003ms
Path: /obj/effect/proc_holder/spell/aoe_turf/conjure/floor
	qdel() Count: 1
	Destroy() Cost: 0.0147003ms
Path: /obj/effect/proc_holder/spell/aoe_turf/conjure/lesserforcewall
	qdel() Count: 1
	Destroy() Cost: 0.0147003ms
Path: /obj/effect/proc_holder/spell/aoe_turf/conjure
	qdel() Count: 1
	Destroy() Cost: 0.0147003ms
Path: /obj/effect/proc_holder/spell/aoe_turf/conjure/soulstone
	qdel() Count: 1
	Destroy() Cost: 0.0146973ms
Path: /obj/effect/proc_holder/spell/aoe_turf/conjure/wall
	qdel() Count: 1
	Destroy() Cost: 0.0145996ms
Path: /obj/effect/proc_holder/spell/aoe_turf/conjure/carp
	qdel() Count: 1
	Destroy() Cost: 0.0144989ms
Path: /datum/reagent/kyphotorin
	qdel() Count: 1
	Destroy() Cost: 0.0144005ms
Path: /datum/reagent/lube
	qdel() Count: 1
	Destroy() Cost: 0.0142021ms
Path: /datum/mood_event/suffocation
	qdel() Count: 2
	Destroy() Cost: 0.0130999ms
Path: /datum/quirk/child_of_nature
	qdel() Count: 1
	Destroy() Cost: 0.0130997ms
Path: /datum/aspect/mystic
	qdel() Count: 1
	Destroy() Cost: 0.0130997ms
Path: /datum/map_config
	qdel() Count: 1
	Destroy() Cost: 0.0095005ms
Path: /datum/reagent/mednanobots
	qdel() Count: 2
	Destroy() Cost: 0.00880051ms
Path: /datum/religion_rites/standing/legacy/charge
	qdel() Count: 1
	Destroy() Cost: 0.007901ms
Path: /datum/religion_sect/preset/chaplain/puritanism
	qdel() Count: 1
	Destroy() Cost: 0.0076004ms
Path: /datum/quirk/low_pain_threshold
	qdel() Count: 1
	Destroy() Cost: 0.00730133ms
Path: /datum/recipe/grill/human
	qdel() Count: 1
	Destroy() Cost: 0.0072937ms
Path: /datum/religion_rites/instant/cult/emp
	qdel() Count: 1
	Destroy() Cost: 0.00670013ms
Path: /datum/radio_frequency
	qdel() Count: 1
	Destroy() Cost: 0.00650024ms
Path: /datum/reagent/glycerol
	qdel() Count: 1
	Destroy() Cost: 0.00640106ms
Path: /datum/quirk/multitasking
	qdel() Count: 1
	Destroy() Cost: 0.00580025ms
Path: /datum/religion_rites/instant/cult/convert
	qdel() Count: 1
	Destroy() Cost: 0.00559998ms
Path: /datum/religion_rites/instant/chaplain
	qdel() Count: 1
	Destroy() Cost: 0.00549927ms
Path: /image
	qdel() Count: 1
	Destroy() Cost: 0.00539999ms
Path: /datum/quirk/alcohol_tolerance
	qdel() Count: 1
	Destroy() Cost: 0.0053997ms
Path: /datum/reagent/sugar
	qdel() Count: 1
	Destroy() Cost: 0.00529861ms
Path: /datum/quirk/light_drinker
	qdel() Count: 1
	Destroy() Cost: 0.00510025ms
Path: /datum/quirk/strong_mind
	qdel() Count: 1
	Destroy() Cost: 0.00499916ms
Path: /datum/religion_rites/standing/legacy
	qdel() Count: 1
	Destroy() Cost: 0.0048996ms
Path: /datum/quirk/daltonism
	qdel() Count: 1
	Destroy() Cost: 0.0048008ms
Path: /datum/religion_rites/instant/cult/drain_torture
	qdel() Count: 1
	Destroy() Cost: 0.00480042ms
Path: /datum/quirk/nyctophobia
	qdel() Count: 1
	Destroy() Cost: 0.00470161ms
Path: /datum/quirk/stress_eater
	qdel() Count: 1
	Destroy() Cost: 0.00469971ms
Path: /datum/quirk/tourette
	qdel() Count: 1
	Destroy() Cost: 0.00469971ms
Path: /datum/quirk/genetic_degradation
	qdel() Count: 1
	Destroy() Cost: 0.00460052ms
Path: /datum/quirk/fatness
	qdel() Count: 1
	Destroy() Cost: 0.00460052ms
Path: /datum/quirk/blindness
	qdel() Count: 1
	Destroy() Cost: 0.00460052ms
Path: /datum/quirk/no_taste
	qdel() Count: 1
	Destroy() Cost: 0.00460052ms
Path: /datum/quirk/cough
	qdel() Count: 1
	Destroy() Cost: 0.00459862ms
Path: /datum/aspect/lightbending/light
	qdel() Count: 1
	Destroy() Cost: 0.00449982ms
Path: /datum/quirk/fast_equip
	qdel() Count: 1
	Destroy() Cost: 0.00449944ms
Path: /datum/quirk/freerunning
	qdel() Count: 1
	Destroy() Cost: 0.00449944ms
Path: /datum/quirk/nearsighted
	qdel() Count: 1
	Destroy() Cost: 0.00449944ms
Path: /datum/quirk/deafness
	qdel() Count: 1
	Destroy() Cost: 0.00449944ms
Path: /datum/quirk/mute
	qdel() Count: 1
	Destroy() Cost: 0.00449944ms
Path: /datum/quirk/nervous
	qdel() Count: 1
	Destroy() Cost: 0.00449944ms
Path: /datum/quirk/high_pain_threshold
	qdel() Count: 1
	Destroy() Cost: 0.00449944ms
Path: /datum/quirk/epileptic
	qdel() Count: 1
	Destroy() Cost: 0.00440025ms
Path: /datum/religion_sect/preset/chaplain/bloodgods
	qdel() Count: 1
	Destroy() Cost: 0.00439911ms
Path: /datum/reagent/nanites
	qdel() Count: 1
	Destroy() Cost: 0.0041008ms
Path: /datum/religion_rites/instant/cult/sacrifice
	qdel() Count: 1
	Destroy() Cost: 0.00410004ms
Path: /datum/aspect/lightbending/darkness
	qdel() Count: 1
	Destroy() Cost: 0.00410004ms
Path: /datum/religion_rites/standing/food
	qdel() Count: 1
	Destroy() Cost: 0.00400085ms
Path: /datum/aspect/absence
	qdel() Count: 1
	Destroy() Cost: 0.00400085ms
Path: /datum/religion_rites/instant
	qdel() Count: 1
	Destroy() Cost: 0.00390015ms
Path: /datum/religion_rites/pedestals/cult/narsie
	qdel() Count: 1
	Destroy() Cost: 0.00379944ms
Path: /datum/religion_rites/pedestals/cult
	qdel() Count: 1
	Destroy() Cost: 0.00379944ms
Path: /datum/religion_rites/pedestals/cult/cult_portal
	qdel() Count: 1
	Destroy() Cost: 0.00370026ms
Path: /datum/religion_sect/custom/chaplain
	qdel() Count: 1
	Destroy() Cost: 0.00370026ms
Path: /datum/aspect/food
	qdel() Count: 1
	Destroy() Cost: 0.00370026ms
Path: /datum/aspect/flagellation
	qdel() Count: 1
	Destroy() Cost: 0.00370026ms
Path: /datum/aspect/greed
	qdel() Count: 1
	Destroy() Cost: 0.00359955ms
Path: /datum/religion_rites/pedestals/cult/make_skeleton
	qdel() Count: 1
	Destroy() Cost: 0.00350037ms
Path: /datum/aspect/weapon
	qdel() Count: 1
	Destroy() Cost: 0.00350037ms
Path: /datum/aspect/conjure
	qdel() Count: 1
	Destroy() Cost: 0.00340118ms
Path: /datum/religion_rites/pedestals
	qdel() Count: 1
	Destroy() Cost: 0.00339966ms
Path: /datum/aspect/rescue
	qdel() Count: 1
	Destroy() Cost: 0.00339966ms
Path: /datum/aspect/lightbending
	qdel() Count: 1
	Destroy() Cost: 0.00339966ms
Path: /datum/religion_rites/standing/honk
	qdel() Count: 1
	Destroy() Cost: 0.00330048ms
Path: /datum/religion_rites/standing/swap/devaluation
	qdel() Count: 1
	Destroy() Cost: 0.00330048ms
Path: /datum/aspect/resources
	qdel() Count: 1
	Destroy() Cost: 0.00330048ms
Path: /datum/aspect/technology
	qdel() Count: 1
	Destroy() Cost: 0.00320129ms
Path: /datum/religion_rites/standing/spook
	qdel() Count: 1
	Destroy() Cost: 0.00319977ms
Path: /datum/aspect/chaos
	qdel() Count: 1
	Destroy() Cost: 0.00319977ms
Path: /datum/aspect/wacky
	qdel() Count: 1
	Destroy() Cost: 0.00319977ms
Path: /datum/aspect/herd
	qdel() Count: 1
	Destroy() Cost: 0.00319977ms
Path: /datum/religion_rites/instant/cult/brainswap
	qdel() Count: 1
	Destroy() Cost: 0.00310059ms
Path: /datum/religion_rites/standing/illuminate
	qdel() Count: 1
	Destroy() Cost: 0.00310059ms
Path: /datum/religion_rites/standing/swap
	qdel() Count: 1
	Destroy() Cost: 0.00310059ms
Path: /datum/religion_rites/instant/cult/raise_torture
	qdel() Count: 1
	Destroy() Cost: 0.00299988ms
Path: /datum/religion_rites/instant/impose_blind
	qdel() Count: 1
	Destroy() Cost: 0.00299988ms
Path: /datum/religion_rites/standing
	qdel() Count: 1
	Destroy() Cost: 0.00299988ms
Path: /datum/religion_sect/preset/chaplain/technophile
	qdel() Count: 1
	Destroy() Cost: 0.00299988ms
Path: /datum/religion_sect/preset/chaplain/clown
	qdel() Count: 1
	Destroy() Cost: 0.00299988ms
Path: /datum/religion_rites/instant/cult/upgrade_tome
	qdel() Count: 1
	Destroy() Cost: 0.0029007ms
Path: /datum/religion_rites/standing/pray
	qdel() Count: 1
	Destroy() Cost: 0.0029007ms
Path: /datum/religion_rites/instant/cult/give_forcearmor
	qdel() Count: 1
	Destroy() Cost: 0.00289917ms
Path: /datum/religion_rites/instant/impose_deaf
	qdel() Count: 1
	Destroy() Cost: 0.00289917ms
Path: /datum/religion_rites/instant/communicate
	qdel() Count: 1
	Destroy() Cost: 0.00289917ms
Path: /datum/religion_rites/standing/revive_animal
	qdel() Count: 1
	Destroy() Cost: 0.00289917ms
Path: /datum/religion_rites/standing/swap/upgrade
	qdel() Count: 1
	Destroy() Cost: 0.00289917ms
Path: /datum/religion_rites/standing/animation
	qdel() Count: 1
	Destroy() Cost: 0.00279999ms
Path: /datum/religion_rites/instant/cult/create_slave
	qdel() Count: 1
	Destroy() Cost: 0.00270081ms
Path: /datum/religion_rites/instant/cult/summon_acolyt
	qdel() Count: 1
	Destroy() Cost: 0.00270081ms
Path: /datum/religion_rites/instant/cult
	qdel() Count: 1
	Destroy() Cost: 0.00269928ms
Path: /datum/religion_rites/instant/impose_stun
	qdel() Count: 1
	Destroy() Cost: 0.00269928ms
Path: /datum
	qdel() Count: 1
	Destroy() Cost: 0ms
