[16:50:44]TGUI: fatfat in browseroutput/initialize
[16:50:59]TGUI: fatfat (as FatFat at (8,174,1))
Using: /datum/tgui_modal [0x21020ec9]
new AlertModal fancy 1
[16:50:59]TGUI: fatfat in tgui-window-1/initialize
Using: /datum/tgui_modal [0x21020ec9]
[16:50:59]TGUI: fatfat (as FatFat at (8,174,1))
Using: /datum/tgui_modal [0x2101a6cc]
new AlertModal fancy 1
[16:50:59]TGUI: fatfat in tgui-window-2/initialize
Using: /datum/tgui_modal [0x2101a6cc]
[16:50:59]TGUI: fatfat (as FatFat at (8,174,1))
Using: /datum/tgui_modal [0x21020ecf]
new AlertModal fancy 1
[16:50:59]TGUI: fatfat in tgui-window-3/initialize
Using: /datum/tgui_modal [0x21020ecf]
[16:51:39]TGUI: fatfat (as FatFat at (8,174,1)) in tgui-window-1
Using: /datum/tgui_modal [0x21020ec9]
Action: choose {"choice":"Yes"}
[16:51:39]TGUI: fatfat in tgui-window-1/close (suspending)
[16:51:39]TGUI: fatfat in tgui-window-2/close (suspending)
[16:51:39]TGUI: fatfat in tgui-window-3/close (suspending)
[16:52:04]TGUI: fatfat (as Gael Philips at (58,142,2))
Using: /datum/tgui_modal [0x210133f1]
new AlertModal fancy 1
[16:52:05]TGUI: fatfat (as Gael Philips at (58,142,2)) in tgui-window-1
Using: /datum/tgui_modal [0x210133f1]
Action: choose {"choice":"Yes"}
[16:52:05]TGUI: fatfat in tgui-window-1/close (suspending)
