Path: /mob/dead/new_player
	qdel() Count: 1
	Destroy() Cost: 36.0385ms
Path: /datum/tgui_modal
	qdel() Count: 1
	Destroy() Cost: 6.8667ms
Path: /datum/timedevent
	qdel() Count: 193
	Destroy() Cost: 5.26489ms
Path: /obj/item/weapon/flora/random
	qdel() Count: 8
	Destroy() Cost: 1.5509ms
Path: /datum/component/rite/spawn_item
	qdel() Count: 11
	Destroy() Cost: 1.4894ms
Path: /datum/hud
	qdel() Count: 1
	Destroy() Cost: 1.3314ms
Path: /datum/component/clickplace
	qdel() Count: 10
	Destroy() Cost: 1.0054ms
Path: /obj/item/organ/external/chest
	qdel() Count: 5
	Destroy() Cost: 0.9185ms
Path: /datum/component/mechanic_desc
	qdel() Count: 18
	Destroy() Cost: 0.517201ms
Path: /obj/item/organ/external/head
	qdel() Count: 5
	Destroy() Cost: 0.473398ms
Path: /datum/component/rite/consent
	qdel() Count: 5
	Destroy() Cost: 0.356601ms
Path: /obj/item/stack/cable_coil/random
	qdel() Count: 7
	Destroy() Cost: 0.355959ms
Path: /datum/religion_rites/instant/spawn_item/cult/talisman
	qdel() Count: 1
	Destroy() Cost: 0.2395ms
Path: /obj/effect/proc_holder/spell/targeted/trigger/blind
	qdel() Count: 1
	Destroy() Cost: 0.2358ms
Path: /obj/structure/sign/poster/contraband/random
	qdel() Count: 6
	Destroy() Cost: 0.229499ms
Path: /datum/modval_modifier
	qdel() Count: 43
	Destroy() Cost: 0.225498ms
Path: /datum/component/twohanded
	qdel() Count: 8
	Destroy() Cost: 0.214804ms
Path: /datum/religion_rites/standing/spawn_item/call_animal
	qdel() Count: 1
	Destroy() Cost: 0.207098ms
Path: /obj/item/organ/external/groin
	qdel() Count: 5
	Destroy() Cost: 0.192398ms
Path: /obj/effect/proc_holder/spell/in_hand/tesla
	qdel() Count: 1
	Destroy() Cost: 0.190497ms
Path: /obj/effect/temp_visual/sparkles
	qdel() Count: 1
	Destroy() Cost: 0.186401ms
Path: /datum/component/tactical
	qdel() Count: 8
	Destroy() Cost: 0.1824ms
Path: /datum/religion_rites/standing/spawn_item/banana
	qdel() Count: 1
	Destroy() Cost: 0.180002ms
Path: /datum/religion_rites/instant/spawn_item/cult/soulstone
	qdel() Count: 1
	Destroy() Cost: 0.178499ms
Path: /datum/religion_rites/standing/spawn_item/talisman
	qdel() Count: 1
	Destroy() Cost: 0.1784ms
Path: /datum/religion_rites/standing/spawn_item/banana_ore
	qdel() Count: 1
	Destroy() Cost: 0.1776ms
Path: /datum/religion_rites/instant/spawn_item/cult/constructshell
	qdel() Count: 1
	Destroy() Cost: 0.176399ms
Path: /datum/religion_rites/standing/spawn_item/create_sword
	qdel() Count: 1
	Destroy() Cost: 0.169598ms
Path: /obj/item/organ/internal/heart
	qdel() Count: 5
	Destroy() Cost: 0.166699ms
Path: /datum/religion_rites/instant/spawn_item/cult
	qdel() Count: 1
	Destroy() Cost: 0.1616ms
Path: /datum/religion_rites/instant/spawn_item
	qdel() Count: 1
	Destroy() Cost: 0.160001ms
Path: /obj/effect/landmark/corpse/scientist
	qdel() Count: 4
	Destroy() Cost: 0.158796ms
Path: /datum/religion_rites/standing/spawn_item
	qdel() Count: 1
	Destroy() Cost: 0.1561ms
Path: /obj/effect/proc_holder/spell/targeted/ethereal_jaunt/shadow_walk
	qdel() Count: 1
	Destroy() Cost: 0.155399ms
Path: /obj/item/organ/external/l_arm
	qdel() Count: 5
	Destroy() Cost: 0.153402ms
Path: /obj/item/projectile/test
	qdel() Count: 3
	Destroy() Cost: 0.1534ms
Path: /obj/effect/landmark/corpse/bridgeofficer
	qdel() Count: 4
	Destroy() Cost: 0.151199ms
Path: /obj/item/organ/external/r_leg
	qdel() Count: 5
	Destroy() Cost: 0.147303ms
Path: /obj/item/organ/external/r_arm
	qdel() Count: 5
	Destroy() Cost: 0.145603ms
Path: /obj/effect/landmark/corpse/unathisoldier
	qdel() Count: 4
	Destroy() Cost: 0.144095ms
Path: /datum/callback
	qdel() Count: 12
	Destroy() Cost: 0.142694ms
Path: /obj/item/organ/external/l_leg
	qdel() Count: 5
	Destroy() Cost: 0.140998ms
Path: /datum/bodypart_controller
	qdel() Count: 35
	Destroy() Cost: 0.135803ms
Path: /obj/effect/spawner/lootdrop/maintenance
	qdel() Count: 5
	Destroy() Cost: 0.131498ms
Path: /obj/random/foods/donuts
	qdel() Count: 6
	Destroy() Cost: 0.127401ms
Path: /datum/religion_rites/standing/consent/synthconversion
	qdel() Count: 1
	Destroy() Cost: 0.127301ms
Path: /datum/religion_rites/standing/consent/sacrifice
	qdel() Count: 1
	Destroy() Cost: 0.114099ms
Path: /obj/random/vending/snack
	qdel() Count: 3
	Destroy() Cost: 0.1137ms
Path: /obj/effect/proc_holder/spell/targeted/inflict_handler/blind
	qdel() Count: 2
	Destroy() Cost: 0.111902ms
Path: /datum/religion_rites/standing/consent/clownconversion
	qdel() Count: 1
	Destroy() Cost: 0.111099ms
Path: /datum/religion_rites/standing/consent/invite
	qdel() Count: 1
	Destroy() Cost: 0.110901ms
Path: /obj/effect/temp_visual/pulse
	qdel() Count: 1
	Destroy() Cost: 0.110498ms
Path: /datum/religion_rites/standing/consent
	qdel() Count: 1
	Destroy() Cost: 0.107401ms
Path: /obj/item/organ/internal/brain
	qdel() Count: 5
	Destroy() Cost: 0.104597ms
Path: /obj/effect/proc_holder/spell/aoe_turf/hulk_jump
	qdel() Count: 1
	Destroy() Cost: 0.102899ms
Path: /obj/effect/proc_holder/spell/targeted/genetic/blind
	qdel() Count: 2
	Destroy() Cost: 0.102896ms
Path: /obj/item/organ/internal/eyes
	qdel() Count: 5
	Destroy() Cost: 0.0994048ms
Path: /obj/item/organ/internal/lungs
	qdel() Count: 5
	Destroy() Cost: 0.0982971ms
Path: /obj/effect/proc_holder/spell/targeted/zombie_findbrains
	qdel() Count: 1
	Destroy() Cost: 0.0958008ms
Path: /obj/item/organ/internal/kidneys
	qdel() Count: 5
	Destroy() Cost: 0.0872035ms
Path: /obj/item/organ/internal/liver
	qdel() Count: 5
	Destroy() Cost: 0.0868964ms
Path: /obj/effect/proc_holder/spell/in_hand/arcane_barrage
	qdel() Count: 1
	Destroy() Cost: 0.0829041ms
Path: /obj/effect/proc_holder/spell/targeted/area_teleport/teleport
	qdel() Count: 1
	Destroy() Cost: 0.0822998ms
Path: /obj/structure/sign/poster/random
	qdel() Count: 2
	Destroy() Cost: 0.0782013ms
Path: /obj/effect/proc_holder/spell/targeted/ethereal_jaunt/wizard
	qdel() Count: 1
	Destroy() Cost: 0.0679993ms
Path: /obj/effect/proc_holder/spell/dumbfire
	qdel() Count: 1
	Destroy() Cost: 0.0679993ms
Path: /datum/reagent/aqueous_foam
	qdel() Count: 9
	Destroy() Cost: 0.0664692ms
Path: /obj/random/foods/food_without_garbage
	qdel() Count: 4
	Destroy() Cost: 0.0641944ms
Path: /obj/effect/proc_holder/spell/aoe_turf/hulk_mill
	qdel() Count: 1
	Destroy() Cost: 0.0632019ms
Path: /obj/random/foods/drink_bottle
	qdel() Count: 2
	Destroy() Cost: 0.0631981ms
Path: /obj/effect/proc_holder/spell/aoe_turf/hulk_dash
	qdel() Count: 1
	Destroy() Cost: 0.0628998ms
Path: /obj/effect/landmark/corpse/doctor
	qdel() Count: 1
	Destroy() Cost: 0.0624008ms
Path: /obj/effect/proc_holder/spell/targeted/area_teleport
	qdel() Count: 1
	Destroy() Cost: 0.0610016ms
Path: /obj/effect/proc_holder/spell/in_hand/res_touch
	qdel() Count: 1
	Destroy() Cost: 0.0594971ms
Path: /obj/effect/proc_holder/spell/no_target/resin
	qdel() Count: 1
	Destroy() Cost: 0.0585999ms
Path: /obj/effect/proc_holder/spell/targeted/explosion/fireball
	qdel() Count: 1
	Destroy() Cost: 0.0582977ms
Path: /obj/effect/proc_holder/spell/targeted/ethereal_jaunt/phaseshift
	qdel() Count: 1
	Destroy() Cost: 0.0582001ms
Path: /obj/effect/proc_holder/spell/in_hand/heal
	qdel() Count: 1
	Destroy() Cost: 0.0580994ms
Path: /obj/effect/proc_holder/spell/targeted/ethereal_jaunt
	qdel() Count: 1
	Destroy() Cost: 0.0576996ms
Path: /obj/effect/proc_holder/spell/aoe_turf/HulkHONK
	qdel() Count: 1
	Destroy() Cost: 0.0556ms
Path: /obj/effect/proc_holder/spell/no_target/larva_evolve
	qdel() Count: 1
	Destroy() Cost: 0.055304ms
Path: /obj/effect/proc_holder/spell/no_target/evolve_to_queen
	qdel() Count: 1
	Destroy() Cost: 0.0552002ms
Path: /obj/effect/proc_holder/spell/targeted/xeno_whisp
	qdel() Count: 1
	Destroy() Cost: 0.0550018ms
Path: /obj/effect/proc_holder/spell/targeted/mind_transfer
	qdel() Count: 1
	Destroy() Cost: 0.0545013ms
Path: /obj/effect/proc_holder/spell/no_target/air_plant
	qdel() Count: 1
	Destroy() Cost: 0.0544006ms
Path: /obj/effect/proc_holder/spell/aoe_turf/hulk_smash
	qdel() Count: 1
	Destroy() Cost: 0.0543976ms
Path: /obj/effect/proc_holder/spell/targeted/barnyardcurse
	qdel() Count: 1
	Destroy() Cost: 0.0540009ms
Path: /obj/effect/proc_holder/spell/no_target/weeds
	qdel() Count: 1
	Destroy() Cost: 0.0537964ms
Path: /obj/effect/proc_holder/spell/in_hand
	qdel() Count: 1
	Destroy() Cost: 0.0532959ms
Path: /obj/effect/proc_holder/spell/no_target/scribe_rune
	qdel() Count: 1
	Destroy() Cost: 0.0531982ms
Path: /obj/effect/proc_holder/spell/targeted/collective_mind
	qdel() Count: 1
	Destroy() Cost: 0.0531006ms
Path: /obj/effect/proc_holder/spell/no_target/lay_egg
	qdel() Count: 1
	Destroy() Cost: 0.0526978ms
Path: /obj/effect/proc_holder/spell/targeted/genetic/mutate
	qdel() Count: 1
	Destroy() Cost: 0.0526001ms
Path: /obj/effect/proc_holder/spell/targeted/explosion
	qdel() Count: 1
	Destroy() Cost: 0.0524994ms
Path: /obj/effect/proc_holder/spell/aoe_turf/clown_joke
	qdel() Count: 1
	Destroy() Cost: 0.0524017ms
Path: /obj/effect/proc_holder/spell/aoe_turf
	qdel() Count: 1
	Destroy() Cost: 0.0522003ms
Path: /obj/effect/proc_holder/spell/aoe_turf/hulk_gas
	qdel() Count: 1
	Destroy() Cost: 0.052002ms
Path: /obj/effect/proc_holder/spell/no_target/infection/obcurse
	qdel() Count: 1
	Destroy() Cost: 0.052002ms
Path: /obj/effect/proc_holder/spell/turf/fireball
	qdel() Count: 1
	Destroy() Cost: 0.0519043ms
Path: /obj/effect/proc_holder/spell/targeted/emplosion/disable_tech
	qdel() Count: 1
	Destroy() Cost: 0.0518005ms
Path: /obj/effect/proc_holder/spell/targeted/shadowlingAscendantTransmit
	qdel() Count: 1
	Destroy() Cost: 0.0516998ms
Path: /obj/effect/proc_holder/spell/aoe_turf/unearthly_screech
	qdel() Count: 1
	Destroy() Cost: 0.0516998ms
Path: /obj/effect/proc_holder/spell/blessing
	qdel() Count: 1
	Destroy() Cost: 0.0516052ms
Path: /obj/effect/proc_holder/spell/turf
	qdel() Count: 1
	Destroy() Cost: 0.0515015ms
Path: /obj/effect/proc_holder/spell/aoe_turf/knock
	qdel() Count: 1
	Destroy() Cost: 0.0514008ms
Path: /obj/effect/proc_holder/spell/targeted/trigger
	qdel() Count: 1
	Destroy() Cost: 0.0513ms
Path: /obj/effect/proc_holder/spell/aoe_turf/conjure/smoke
	qdel() Count: 1
	Destroy() Cost: 0.051297ms
Path: /obj/effect/proc_holder/spell/aoe_turf/conjure/spawn_animal
	qdel() Count: 1
	Destroy() Cost: 0.0510986ms
Path: /obj/effect/proc_holder/spell/targeted/emplosion
	qdel() Count: 1
	Destroy() Cost: 0.0509003ms
Path: /obj/effect/proc_holder/spell/targeted/forcewall/mimewall
	qdel() Count: 1
	Destroy() Cost: 0.0509003ms
Path: /obj/effect/proc_holder/spell/aoe_turf/conjure/summonEdSwarm
	qdel() Count: 1
	Destroy() Cost: 0.0508026ms
Path: /obj/effect/proc_holder/spell/targeted/gnomecurse
	qdel() Count: 1
	Destroy() Cost: 0.0507996ms
Path: /obj/effect/proc_holder/spell/targeted/lighting_shock
	qdel() Count: 1
	Destroy() Cost: 0.0507996ms
Path: /obj/effect/proc_holder/spell/targeted/heal
	qdel() Count: 1
	Destroy() Cost: 0.0507996ms
Path: /obj/effect/proc_holder/spell/targeted/communicate/fastener
	qdel() Count: 1
	Destroy() Cost: 0.0507996ms
Path: /obj/effect/proc_holder/spell/targeted/projectile/magic_missile
	qdel() Count: 1
	Destroy() Cost: 0.0507019ms
Path: /obj/effect/proc_holder/spell/targeted/shadowling_regenarmor
	qdel() Count: 1
	Destroy() Cost: 0.0506989ms
Path: /obj/effect/proc_holder/spell/targeted/inflict_handler/magic_missile
	qdel() Count: 1
	Destroy() Cost: 0.0506012ms
Path: /obj/effect/proc_holder/spell/no_target/grease
	qdel() Count: 1
	Destroy() Cost: 0.0506012ms
Path: /obj/effect/proc_holder/spell/targeted/heal/damage
	qdel() Count: 1
	Destroy() Cost: 0.0505981ms
Path: /obj/effect/proc_holder/spell/aoe_turf/hulk_lazor
	qdel() Count: 1
	Destroy() Cost: 0.0505981ms
Path: /obj/effect/proc_holder/spell/no_target/syndi_drone/boost
	qdel() Count: 1
	Destroy() Cost: 0.0505981ms
Path: /obj/effect/proc_holder/spell/targeted/inflict_handler/fireball
	qdel() Count: 1
	Destroy() Cost: 0.0505005ms
Path: /obj/effect/proc_holder/spell/targeted
	qdel() Count: 1
	Destroy() Cost: 0.0505005ms
Path: /obj/effect/proc_holder/spell/aoe_turf/conjure/creature
	qdel() Count: 1
	Destroy() Cost: 0.0505005ms
Path: /obj/effect/proc_holder/spell/aoe_turf/hulk_spit
	qdel() Count: 1
	Destroy() Cost: 0.0505005ms
Path: /obj/effect/proc_holder/spell/targeted/screech
	qdel() Count: 1
	Destroy() Cost: 0.0504974ms
Path: /obj/effect/proc_holder/spell/targeted/genetic
	qdel() Count: 1
	Destroy() Cost: 0.0504028ms
Path: /obj/effect/proc_holder/spell/targeted/smoke
	qdel() Count: 1
	Destroy() Cost: 0.0503998ms
Path: /obj/effect/proc_holder/spell/aoe_turf/repulse
	qdel() Count: 1
	Destroy() Cost: 0.0502014ms
Path: /obj/effect/proc_holder/spell/aoe_turf/veil
	qdel() Count: 1
	Destroy() Cost: 0.0502014ms
Path: /obj/effect/proc_holder/spell/targeted/turf_teleport
	qdel() Count: 1
	Destroy() Cost: 0.0501984ms
Path: /obj/effect/proc_holder/spell/no_target/charge
	qdel() Count: 1
	Destroy() Cost: 0.0501984ms
Path: /obj/effect/landmark/corpse/engineer/rig
	qdel() Count: 1
	Destroy() Cost: 0.0501022ms
Path: /obj/effect/proc_holder/spell/targeted/inflict_handler/disintegrate
	qdel() Count: 1
	Destroy() Cost: 0.0501007ms
Path: /atom/movable/screen/plane_master/game_world_above
	qdel() Count: 1
	Destroy() Cost: 0.0501ms
Path: /obj/effect/proc_holder/spell/targeted/spacetime_dist
	qdel() Count: 1
	Destroy() Cost: 0.0499023ms
Path: /obj/effect/proc_holder/spell/no_target/memorize_rune
	qdel() Count: 1
	Destroy() Cost: 0.0499023ms
Path: /obj/effect/proc_holder/spell/dumbfire/fireball
	qdel() Count: 1
	Destroy() Cost: 0.0499023ms
Path: /obj/effect/proc_holder/spell/no_target/charge/religion
	qdel() Count: 1
	Destroy() Cost: 0.0498993ms
Path: /obj/effect/proc_holder/spell/targeted/summonitem
	qdel() Count: 1
	Destroy() Cost: 0.0497986ms
Path: /datum/recipe/microwave/human
	qdel() Count: 5
	Destroy() Cost: 0.0497894ms
Path: /obj/effect/proc_holder/spell/targeted/projectile
	qdel() Count: 1
	Destroy() Cost: 0.0497009ms
Path: /obj/effect/proc_holder/spell/aoe_turf/hulk_eat
	qdel() Count: 1
	Destroy() Cost: 0.0497009ms
Path: /obj/effect/proc_holder/spell/no_target/infection
	qdel() Count: 1
	Destroy() Cost: 0.0497009ms
Path: /obj/effect/proc_holder/spell/no_target/rot
	qdel() Count: 1
	Destroy() Cost: 0.0497009ms
Path: /obj/effect/proc_holder/spell/targeted/transfer_plasma
	qdel() Count: 1
	Destroy() Cost: 0.0495972ms
Path: /obj/effect/proc_holder/spell/targeted/reviveThrall
	qdel() Count: 1
	Destroy() Cost: 0.0494995ms
Path: /obj/effect/proc_holder/spell/targeted/forcewall
	qdel() Count: 1
	Destroy() Cost: 0.0494019ms
Path: /obj/effect/proc_holder/spell/targeted/annihilate
	qdel() Count: 1
	Destroy() Cost: 0.0494019ms
Path: /obj/effect/proc_holder/spell/targeted/shadowling_phase_shift
	qdel() Count: 1
	Destroy() Cost: 0.0494019ms
Path: /obj/effect/proc_holder/spell/aoe_turf/conjure/timestop
	qdel() Count: 1
	Destroy() Cost: 0.0493988ms
Path: /obj/effect/proc_holder/spell/aoe_turf/conjure/the_traps
	qdel() Count: 1
	Destroy() Cost: 0.0492981ms
Path: /obj/effect/proc_holder/spell/targeted/inflict_handler
	qdel() Count: 1
	Destroy() Cost: 0.0492004ms
Path: /obj/effect/proc_holder/spell/targeted/enthrall
	qdel() Count: 1
	Destroy() Cost: 0.0491974ms
Path: /obj/effect/proc_holder/spell/targeted/blindness_smoke
	qdel() Count: 1
	Destroy() Cost: 0.0490997ms
Path: /obj/effect/proc_holder/spell/aoe_turf/flashfreeze
	qdel() Count: 1
	Destroy() Cost: 0.0490997ms
Path: /obj/effect/proc_holder/spell/no_target/syndi_drone
	qdel() Count: 1
	Destroy() Cost: 0.0490967ms
Path: /obj/effect/proc_holder/spell/targeted/shadowling_hivemind
	qdel() Count: 1
	Destroy() Cost: 0.048999ms
Path: /obj/effect/proc_holder/spell/targeted/hypnosis
	qdel() Count: 1
	Destroy() Cost: 0.048999ms
Path: /obj/effect/proc_holder/spell/aoe_turf/conjure/wall
	qdel() Count: 1
	Destroy() Cost: 0.048999ms
Path: /obj/effect/proc_holder/spell/no_target/mime_speak
	qdel() Count: 1
	Destroy() Cost: 0.048999ms
Path: /obj/effect/proc_holder/spell/aoe_turf/drainLife
	qdel() Count: 1
	Destroy() Cost: 0.0488983ms
Path: /obj/effect/proc_holder/spell/no_target/food
	qdel() Count: 1
	Destroy() Cost: 0.0488983ms
Path: /obj/effect/proc_holder/spell/in_hand/fireball
	qdel() Count: 1
	Destroy() Cost: 0.0488037ms
Path: /obj/effect/proc_holder/spell/targeted/turf_teleport/blink
	qdel() Count: 1
	Destroy() Cost: 0.0488007ms
Path: /obj/effect/proc_holder/spell/targeted/glare
	qdel() Count: 1
	Destroy() Cost: 0.0487ms
Path: /obj/effect/proc_holder/spell/aoe_turf/conjure
	qdel() Count: 1
	Destroy() Cost: 0.0486023ms
Path: /obj/effect/proc_holder/spell/targeted/communicate
	qdel() Count: 1
	Destroy() Cost: 0.0485992ms
Path: /obj/effect/proc_holder/spell/aoe_turf/conjure/carp
	qdel() Count: 1
	Destroy() Cost: 0.0485992ms
Path: /obj/effect/proc_holder/spell/no_target/syndi_drone/smoke
	qdel() Count: 1
	Destroy() Cost: 0.0485962ms
Path: /obj/effect/proc_holder/spell/no_target
	qdel() Count: 1
	Destroy() Cost: 0.0485046ms
Path: /obj/effect/proc_holder/spell/targeted/shadowling_hivemind_ascendant
	qdel() Count: 1
	Destroy() Cost: 0.0484985ms
Path: /obj/effect/proc_holder/spell/aoe_turf/conjure/soulstone
	qdel() Count: 1
	Destroy() Cost: 0.0484985ms
Path: /obj/effect/proc_holder/spell/aoe_turf/glacial_blast
	qdel() Count: 1
	Destroy() Cost: 0.0484985ms
Path: /obj/effect/proc_holder/spell/no_target/hide
	qdel() Count: 1
	Destroy() Cost: 0.0484009ms
Path: /obj/effect/proc_holder/spell/no_target/spawn_bible
	qdel() Count: 1
	Destroy() Cost: 0.0483002ms
Path: /obj/effect/proc_holder/spell/aoe_turf/conjure/construct/lesser
	qdel() Count: 1
	Destroy() Cost: 0.0481995ms
Path: /obj/effect/proc_holder/spell/aoe_turf/conjure/construct
	qdel() Count: 1
	Destroy() Cost: 0.0480988ms
Path: /obj/effect/proc_holder/spell/aoe_turf/conjure/floor
	qdel() Count: 1
	Destroy() Cost: 0.047998ms
Path: /obj/effect/proc_holder/spell/aoe_turf/conjure/lesserforcewall
	qdel() Count: 1
	Destroy() Cost: 0.0479004ms
Path: /atom/movable/screen/plane_master/floor
	qdel() Count: 1
	Destroy() Cost: 0.0468ms
Path: /datum/mechanic_tip/clickplace
	qdel() Count: 10
	Destroy() Cost: 0.0457058ms
Path: /obj/random/foods/food_snack
	qdel() Count: 2
	Destroy() Cost: 0.0432018ms
Path: /obj/effect/landmark/corpse/syndicatesoldier
	qdel() Count: 1
	Destroy() Cost: 0.0415001ms
Path: /obj/effect/landmark/corpse/engineer
	qdel() Count: 1
	Destroy() Cost: 0.0393982ms
Path: /obj/effect/landmark/corpse/unathicommander
	qdel() Count: 1
	Destroy() Cost: 0.037199ms
Path: /obj/effect/landmark/corpse/commander
	qdel() Count: 1
	Destroy() Cost: 0.0361004ms
Path: /obj/effect/landmark/corpse/securityofficer
	qdel() Count: 1
	Destroy() Cost: 0.0329018ms
Path: /atom/movable/screen/plane_master/fullscreen
	qdel() Count: 1
	Destroy() Cost: 0.0328ms
Path: /datum/mechanic_tip/twohanded/required
	qdel() Count: 8
	Destroy() Cost: 0.0309994ms
Path: /obj/effect/landmark/espionage_start
	qdel() Count: 1
	Destroy() Cost: 0.0304999ms
Path: /obj/random/foods/drink_can
	qdel() Count: 1
	Destroy() Cost: 0.0256004ms
Path: /atom/movable/screen/plane_master/ghost
	qdel() Count: 1
	Destroy() Cost: 0.0255ms
Path: /obj/random/vending/cola
	qdel() Count: 1
	Destroy() Cost: 0.0239983ms
Path: /atom/movable/screen/plane_master/game_world
	qdel() Count: 1
	Destroy() Cost: 0.0232ms
Path: /atom/movable/screen/plane_master/singularity
	qdel() Count: 1
	Destroy() Cost: 0.0224999ms
Path: /datum/religion_rites/instant/chaplain/death_alarm
	qdel() Count: 1
	Destroy() Cost: 0.0214005ms
Path: /atom/movable/screen/plane_master/blackness
	qdel() Count: 1
	Destroy() Cost: 0.0209ms
Path: /atom/movable/screen/plane_master/ghost_illusion
	qdel() Count: 1
	Destroy() Cost: 0.0206ms
Path: /atom/movable/screen/plane_master/rendering_plate/game_world
	qdel() Count: 1
	Destroy() Cost: 0.0200001ms
Path: /atom/movable/plane_master_controller/game
	qdel() Count: 1
	Destroy() Cost: 0.0199ms
Path: /atom/movable/screen/plane_master/rendering_plate/master
	qdel() Count: 1
	Destroy() Cost: 0.0196ms
Path: /datum/reagent/toxin/mindbreaker
	qdel() Count: 4
	Destroy() Cost: 0.0195961ms
Path: /atom/movable/screen/plane_master/camera_static
	qdel() Count: 1
	Destroy() Cost: 0.0194ms
Path: /atom/movable/screen/plane_master/point
	qdel() Count: 1
	Destroy() Cost: 0.0184ms
Path: /datum/aspect/death
	qdel() Count: 1
	Destroy() Cost: 0.0177002ms
Path: /atom/movable/screen/plane_master/rendering_plate/above_game_world
	qdel() Count: 1
	Destroy() Cost: 0.0177ms
Path: /atom/movable/screen/plane_master/rendering_plate
	qdel() Count: 1
	Destroy() Cost: 0.0171ms
Path: /atom/movable/screen/plane_master/lighting
	qdel() Count: 1
	Destroy() Cost: 0.017ms
Path: /atom/movable/screen/plane_master/rendering_plate/non_game
	qdel() Count: 1
	Destroy() Cost: 0.017ms
Path: /atom/movable/screen/plane_master/parallax_white
	qdel() Count: 1
	Destroy() Cost: 0.0166ms
Path: /atom/movable/screen/plane_master/area
	qdel() Count: 1
	Destroy() Cost: 0.0165ms
Path: /atom/movable/screen/plane_master/above_lighting
	qdel() Count: 1
	Destroy() Cost: 0.0164001ms
Path: /atom/movable/screen/plane_master/gravpulse
	qdel() Count: 1
	Destroy() Cost: 0.0164001ms
Path: /atom/movable/screen/plane_master/parallax
	qdel() Count: 1
	Destroy() Cost: 0.0164ms
Path: /datum/browser
	qdel() Count: 1
	Destroy() Cost: 0.0160004ms
Path: /datum/aspect/resources
	qdel() Count: 1
	Destroy() Cost: 0.0138ms
Path: /datum/aspect/science
	qdel() Count: 1
	Destroy() Cost: 0.0137024ms
Path: /datum/religion_rites/instant/chaplain
	qdel() Count: 1
	Destroy() Cost: 0.013501ms
Path: /datum/religion_rites/standing/legacy/charge
	qdel() Count: 1
	Destroy() Cost: 0.0134003ms
Path: /datum/aspect/lightbending/darkness
	qdel() Count: 1
	Destroy() Cost: 0.0131012ms
Path: /datum/aspect/food
	qdel() Count: 1
	Destroy() Cost: 0.0129974ms
Path: /datum/aspect/greed
	qdel() Count: 1
	Destroy() Cost: 0.0129974ms
Path: /datum/religion_sect/preset/chaplain/puritanism
	qdel() Count: 1
	Destroy() Cost: 0.0127991ms
Path: /datum/quirk/child_of_nature
	qdel() Count: 1
	Destroy() Cost: 0.0123997ms
Path: /datum/aspect/lightbending/light
	qdel() Count: 1
	Destroy() Cost: 0.0123993ms
Path: /datum/aspect/weapon
	qdel() Count: 1
	Destroy() Cost: 0.0122009ms
Path: /datum/aspect/conjure
	qdel() Count: 1
	Destroy() Cost: 0.0122009ms
Path: /datum/aspect/wacky
	qdel() Count: 1
	Destroy() Cost: 0.0121002ms
Path: /datum/aspect/mystic
	qdel() Count: 1
	Destroy() Cost: 0.0120026ms
Path: /datum/aspect/technology
	qdel() Count: 1
	Destroy() Cost: 0.0119995ms
Path: /datum/aspect/chaos
	qdel() Count: 1
	Destroy() Cost: 0.0119995ms
Path: /datum/aspect/lightbending
	qdel() Count: 1
	Destroy() Cost: 0.0119995ms
Path: /datum/aspect/rescue
	qdel() Count: 1
	Destroy() Cost: 0.0119019ms
Path: /datum/religion_rites/standing/swap/devaluation
	qdel() Count: 1
	Destroy() Cost: 0.0118988ms
Path: /datum/religion_rites/standing/legacy
	qdel() Count: 1
	Destroy() Cost: 0.0117004ms
Path: /datum/religion_rites/standing/food
	qdel() Count: 1
	Destroy() Cost: 0.0116974ms
Path: /datum/religion_sect/custom/chaplain
	qdel() Count: 1
	Destroy() Cost: 0.011499ms
Path: /datum/religion_rites/instant
	qdel() Count: 1
	Destroy() Cost: 0.0114014ms
Path: /datum/religion_rites/pedestals/cult/narsie
	qdel() Count: 1
	Destroy() Cost: 0.0114014ms
Path: /datum/religion_rites/standing
	qdel() Count: 1
	Destroy() Cost: 0.0113007ms
Path: /datum/religion_rites/instant/cult/emp
	qdel() Count: 1
	Destroy() Cost: 0.0112ms
Path: /datum/religion_rites/pedestals/cult/cult_portal
	qdel() Count: 1
	Destroy() Cost: 0.0112ms
Path: /datum/religion_rites/standing/swap
	qdel() Count: 1
	Destroy() Cost: 0.0112ms
Path: /datum/religion_rites/standing/swap/upgrade
	qdel() Count: 1
	Destroy() Cost: 0.0109985ms
Path: /datum/religion_rites/standing/pray
	qdel() Count: 1
	Destroy() Cost: 0.0109009ms
Path: /datum/religion_rites/instant/cult/sacrifice
	qdel() Count: 1
	Destroy() Cost: 0.0108994ms
Path: /datum/religion_rites/instant/cult/drain_torture
	qdel() Count: 1
	Destroy() Cost: 0.0108994ms
Path: /datum/religion_rites/instant/cult/raise_torture
	qdel() Count: 1
	Destroy() Cost: 0.0108994ms
Path: /datum/religion_rites/instant/impose_blind
	qdel() Count: 1
	Destroy() Cost: 0.0108002ms
Path: /datum/religion_rites/pedestals/cult
	qdel() Count: 1
	Destroy() Cost: 0.0106995ms
Path: /datum/religion_rites/standing/illuminate
	qdel() Count: 1
	Destroy() Cost: 0.0106018ms
Path: /datum/religion_rites/instant/cult/convert
	qdel() Count: 1
	Destroy() Cost: 0.0106003ms
Path: /datum/religion_rites/standing/honk
	qdel() Count: 1
	Destroy() Cost: 0.0105988ms
Path: /datum/religion_sect/preset/chaplain/technophile
	qdel() Count: 1
	Destroy() Cost: 0.0105988ms
Path: /datum/religion_rites/instant/cult/create_slave
	qdel() Count: 1
	Destroy() Cost: 0.0104996ms
Path: /datum/religion_rites/instant/cult/summon_acolyt
	qdel() Count: 1
	Destroy() Cost: 0.0104996ms
Path: /datum/religion_rites/instant/cult/give_forcearmor
	qdel() Count: 1
	Destroy() Cost: 0.0104996ms
Path: /datum/religion_rites/pedestals/cult/make_skeleton
	qdel() Count: 1
	Destroy() Cost: 0.0104004ms
Path: /datum/religion_rites/standing/animation
	qdel() Count: 1
	Destroy() Cost: 0.0104004ms
Path: /datum/religion_rites/standing/revive_animal
	qdel() Count: 1
	Destroy() Cost: 0.0104004ms
Path: /datum/religion_sect/preset/chaplain/bloodgods
	qdel() Count: 1
	Destroy() Cost: 0.0104004ms
Path: /datum/religion_rites/instant/cult/upgrade_tome
	qdel() Count: 1
	Destroy() Cost: 0.0102997ms
Path: /datum/religion_rites/instant/cult
	qdel() Count: 1
	Destroy() Cost: 0.0102997ms
Path: /datum/religion_rites/instant/impose_deaf
	qdel() Count: 1
	Destroy() Cost: 0.0102997ms
Path: /datum/religion_rites/standing/spook
	qdel() Count: 1
	Destroy() Cost: 0.010202ms
Path: /datum/religion_rites/instant/impose_stun
	qdel() Count: 1
	Destroy() Cost: 0.0102005ms
Path: /datum/religion_rites/instant/cult/brainswap
	qdel() Count: 1
	Destroy() Cost: 0.010199ms
Path: /datum/religion_sect/preset/chaplain/clown
	qdel() Count: 1
	Destroy() Cost: 0.0100983ms
Path: /datum/map_config
	qdel() Count: 1
	Destroy() Cost: 0.00989914ms
Path: /datum/religion_rites/instant/communicate
	qdel() Count: 1
	Destroy() Cost: 0.00970001ms
Path: /datum/religion_rites/pedestals
	qdel() Count: 1
	Destroy() Cost: 0.00969849ms
Path: /datum/tgui
	qdel() Count: 1
	Destroy() Cost: 0.00849915ms
Path: /datum
	qdel() Count: 1
	Destroy() Cost: 0.0078125ms
Path: /datum/reagent/water
	qdel() Count: 1
	Destroy() Cost: 0.0078125ms
Path: /datum/quirk/light_step
	qdel() Count: 1
	Destroy() Cost: 0.00749969ms
Path: /datum/recipe/grill/human
	qdel() Count: 1
	Destroy() Cost: 0.0073967ms
Path: /datum/quirk/daltonism
	qdel() Count: 1
	Destroy() Cost: 0.00690079ms
Path: /datum/quality/negativeish
	qdel() Count: 1
	Destroy() Cost: 0.00670242ms
Path: /datum/quirk/strong_mind
	qdel() Count: 1
	Destroy() Cost: 0.00670052ms
Path: /datum/quirk/alcohol_tolerance
	qdel() Count: 1
	Destroy() Cost: 0.00650024ms
Path: /datum/quirk/multitasking
	qdel() Count: 1
	Destroy() Cost: 0.00639915ms
Path: /datum/quirk/nyctophobia
	qdel() Count: 1
	Destroy() Cost: 0.00620079ms
Path: /datum/quirk/fast_equip
	qdel() Count: 1
	Destroy() Cost: 0.00619888ms
Path: /datum/quirk/freerunning
	qdel() Count: 1
	Destroy() Cost: 0.00610161ms
Path: /datum/quirk/genetic_degradation
	qdel() Count: 1
	Destroy() Cost: 0.00610161ms
Path: /datum/quirk/high_pain_threshold
	qdel() Count: 1
	Destroy() Cost: 0.0060997ms
Path: /datum/quirk/nearsighted
	qdel() Count: 1
	Destroy() Cost: 0.00600052ms
Path: /datum/quirk/light_drinker
	qdel() Count: 1
	Destroy() Cost: 0.00600052ms
Path: /datum/quirk/no_taste
	qdel() Count: 1
	Destroy() Cost: 0.00590134ms
Path: /datum/quirk/deafness
	qdel() Count: 1
	Destroy() Cost: 0.00589943ms
Path: /datum/quirk/fatness
	qdel() Count: 1
	Destroy() Cost: 0.00589943ms
Path: /datum/quirk/cough
	qdel() Count: 1
	Destroy() Cost: 0.00580025ms
Path: /datum/quirk/stress_eater
	qdel() Count: 1
	Destroy() Cost: 0.00580025ms
Path: /datum/quirk/mute
	qdel() Count: 1
	Destroy() Cost: 0.00580025ms
Path: /datum/quirk/blindness
	qdel() Count: 1
	Destroy() Cost: 0.00580025ms
Path: /datum/quirk/tourette
	qdel() Count: 1
	Destroy() Cost: 0.00570107ms
Path: /datum/quirk/low_pain_threshold
	qdel() Count: 1
	Destroy() Cost: 0.00570107ms
Path: /datum/quirk/nervous
	qdel() Count: 1
	Destroy() Cost: 0.00559998ms
Path: /datum/quirk/epileptic
	qdel() Count: 1
	Destroy() Cost: 0.00559998ms
Path: /datum/quality/clumsy
	qdel() Count: 1
	Destroy() Cost: 0.0048027ms
Path: /datum/quality/positiveish
	qdel() Count: 1
	Destroy() Cost: 0.00439835ms
Path: /datum/quality/quirkieish
	qdel() Count: 1
	Destroy() Cost: 0.0033989ms
