[20:09:31]ASSET: Sending asset error_handler.js to client FatFat
[20:09:31]ASSET: Sending asset common.css to client FatFat
[20:09:31]ASSET: Sending asset FixedsysExcelsior3.01Regular.ttf to client FatFat
[20:09:31]ASSET: Sending asset jquery.min.js to client FatFat
[20:09:31]ASSET: Sending asset tgui-panel.bundle.js to client FatFat
[20:09:31]ASSET: Sending asset tgui-panel.bundle.css to client FatFat
[20:09:35]ASSET: Sending asset fa-regular-400.eot to client FatFat
[20:09:35]ASSET: Sending asset fa-regular-400.woff to client FatFat
[20:09:35]ASSET: Sending asset fa-solid-900.eot to client FatFat
[20:09:35]ASSET: Sending asset fa-solid-900.woff to client FatFat
[20:09:35]ASSET: Sending asset v4shim.css to client FatFat
[20:09:35]ASSET: Sending asset font-awesome.css to client FatFat
[20:09:41]ASSET: Sending asset tgui.bundle.js to client FatFat
[20:09:41]ASSET: Sending asset tgui.bundle.css to client FatFat
[20:10:53]ASSET: Sending asset jquery.min.js to client FatFat
[20:10:53]ASSET: Sending asset tgui-panel.bundle.js to client FatFat
[20:10:53]ASSET: Sending asset tgui-panel.bundle.css to client FatFat
[20:10:57]ASSET: Sending asset fa-regular-400.eot to client FatFat
[20:10:57]ASSET: Sending asset fa-regular-400.woff to client FatFat
[20:10:57]ASSET: Sending asset fa-solid-900.eot to client FatFat
[20:10:57]ASSET: Sending asset fa-solid-900.woff to client FatFat
[20:10:57]ASSET: Sending asset v4shim.css to client FatFat
[20:10:57]ASSET: Sending asset font-awesome.css to client FatFat
[20:11:00]ASSET: Sending asset common.css to client FatFat
[20:11:00]ASSET: Sending asset error_handler.js to client FatFat
[20:11:00]ASSET: Sending asset FixedsysExcelsior3.01Regular.ttf to client FatFat
[20:11:01]ASSET: Sending asset tgui.bundle.js to client FatFat
[20:11:01]ASSET: Sending asset tgui.bundle.css to client FatFat
[20:11:01]ASSET: Sending asset sos_1.png to client FatFat
[20:11:01]ASSET: Sending asset sos_2.png to client FatFat
[20:11:01]ASSET: Sending asset sos_3.png to client FatFat
[20:11:01]ASSET: Sending asset sos_4.png to client FatFat
[20:11:02]ASSET: Sending asset sos_5.png to client FatFat
[20:11:02]ASSET: Sending asset sos_6.png to client FatFat
[20:11:02]ASSET: Sending asset sos_7.png to client FatFat
[20:11:02]ASSET: Sending asset sos_8.png to client FatFat
[20:11:02]ASSET: Sending asset sos_9.png to client FatFat
[20:11:02]ASSET: Sending asset sos_10.png to client FatFat
[20:11:02]ASSET: Sending asset sos_11.png to client FatFat
[20:11:02]ASSET: Sending asset sos_12.png to client FatFat
[20:11:02]ASSET: Sending asset sos_13.png to client FatFat
[20:11:03]ASSET: Sending asset sos_14.png to client FatFat
[20:11:03]ASSET: Sending asset paper_dickbutt.png to client FatFat
[20:11:03]ASSET: Sending asset bluentlogo.png to client FatFat
[20:11:03]ASSET: Sending asset like.png to client FatFat
[20:11:03]ASSET: Sending asset like_clck.png to client FatFat
[20:11:03]ASSET: Sending asset dislike.png to client FatFat
[20:11:03]ASSET: Sending asset dislike_clck.png to client FatFat
[20:11:03]ASSET: Sending asset BR.png to client FatFat
[20:11:03]ASSET: Sending asset BN.png to client FatFat
[20:11:03]ASSET: Sending asset BI.png to client FatFat
[20:11:03]ASSET: Sending asset BQ.png to client FatFat
[20:11:04]ASSET: Sending asset BK.png to client FatFat
[20:11:04]ASSET: Sending asset BP.png to client FatFat
[20:11:04]ASSET: Sending asset WR.png to client FatFat
[20:11:04]ASSET: Sending asset WN.png to client FatFat
[20:11:04]ASSET: Sending asset WI.png to client FatFat
[20:11:04]ASSET: Sending asset WQ.png to client FatFat
[20:11:04]ASSET: Sending asset WK.png to client FatFat
[20:11:04]ASSET: Sending asset WP.png to client FatFat
[20:11:04]ASSET: Sending asset CB.png to client FatFat
[20:11:05]ASSET: Sending asset CR.png to client FatFat
[20:11:05]ASSET: Sending asset none.png to client FatFat
[20:11:05]ASSET: Sending asset safe_dial.png to client FatFat
[20:11:05]ASSET: Sending asset mafia_32x32.png to client FatFat
[20:11:05]ASSET: Sending asset spritesheet_mafia.css to client FatFat
[20:11:05]ASSET: Sending asset vending_32x32.png to client FatFat
[20:11:05]ASSET: Sending asset spritesheet_vending.css to client FatFat
[20:11:06]ASSET: Sending asset sheetmaterials_32x32.png to client FatFat
[20:11:06]ASSET: Sending asset spritesheet_sheetmaterials.css to client FatFat
[20:11:06]ASSET: Sending asset equipment_locker_32x32.png to client FatFat
[20:11:06]ASSET: Sending asset spritesheet_equipment_locker.css to client FatFat
[20:11:06]ASSET: Sending asset autolathe_32x32.png to client FatFat
[20:11:06]ASSET: Sending asset spritesheet_autolathe.css to client FatFat
[20:11:07]ASSET: Sending asset cargo_32x32.png to client FatFat
[20:11:07]ASSET: Sending asset cargo_32x48.png to client FatFat
[20:11:07]ASSET: Sending asset spritesheet_cargo.css to client FatFat
[20:11:07]ASSET: Sending asset icons.css to client FatFat
[20:11:07]ASSET: Sending asset shared.css to client FatFat
[20:11:07]ASSET: Sending asset libraries.min.js to client FatFat
[20:11:07]ASSET: Sending asset nano_base_callbacks.js to client FatFat
[20:11:07]ASSET: Sending asset nano_base_helpers.js to client FatFat
[20:11:07]ASSET: Sending asset nano_state.js to client FatFat
[20:11:08]ASSET: Sending asset nano_state_default.js to client FatFat
[20:11:08]ASSET: Sending asset nano_state_manager.js to client FatFat
[20:11:08]ASSET: Sending asset nano_template.js to client FatFat
[20:11:08]ASSET: Sending asset nano_utility.js to client FatFat
[20:11:08]ASSET: Sending asset c_charging.gif to client FatFat
[20:11:08]ASSET: Sending asset c_discharging.gif to client FatFat
[20:11:08]ASSET: Sending asset c_max.gif to client FatFat
[20:11:08]ASSET: Sending asset nanomapBackground.png to client FatFat
[20:11:08]ASSET: Sending asset nanomap_exodus_1.png to client FatFat
[20:11:08]ASSET: Sending asset nanomap_gamma_1.png to client FatFat
[20:11:08]ASSET: Sending asset science.png to client FatFat
[20:11:08]ASSET: Sending asset uiBackground-Syndicate.png to client FatFat
[20:11:09]ASSET: Sending asset uiBackground.png to client FatFat
[20:11:09]ASSET: Sending asset uiBasicBackground.png to client FatFat
[20:11:09]ASSET: Sending asset uiIcons16.png to client FatFat
[20:11:09]ASSET: Sending asset uiIcons16Green.png to client FatFat
[20:11:09]ASSET: Sending asset uiIcons16Red.png to client FatFat
[20:11:09]ASSET: Sending asset uiIcons24.png to client FatFat
[20:11:09]ASSET: Sending asset uiLinkPendingIcon.gif to client FatFat
[20:11:09]ASSET: Sending asset uiMaskBackground.png to client FatFat
[20:11:09]ASSET: Sending asset uiNoticeBackground.jpg to client FatFat
[20:11:09]ASSET: Sending asset uiTitleFluff-Syndicate.png to client FatFat
[20:11:09]ASSET: Sending asset uiTitleFluff.png to client FatFat
[20:11:09]ASSET: Sending asset layout_basic.css to client FatFat
[20:11:10]ASSET: Sending asset layout_basic.tmpl to client FatFat
[20:11:10]ASSET: Sending asset layout_default.css to client FatFat
[20:11:10]ASSET: Sending asset layout_default.tmpl to client FatFat
[20:11:10]ASSET: Sending asset accounts_terminal.tmpl to client FatFat
[20:11:10]ASSET: Sending asset advanced_airlock_console.tmpl to client FatFat
[20:11:10]ASSET: Sending asset air_alarm.tmpl to client FatFat
[20:11:10]ASSET: Sending asset alarm_monitor.tmpl to client FatFat
[20:11:10]ASSET: Sending asset crew_monitor.tmpl to client FatFat
[20:11:10]ASSET: Sending asset crew_monitor_map_content.tmpl to client FatFat
[20:11:10]ASSET: Sending asset crew_monitor_map_header.tmpl to client FatFat
[20:11:10]ASSET: Sending asset cryo.tmpl to client FatFat
[20:11:10]ASSET: Sending asset disease_splicer.tmpl to client FatFat
[20:11:11]ASSET: Sending asset dish_incubator.tmpl to client FatFat
[20:11:11]ASSET: Sending asset dna_modifier.tmpl to client FatFat
[20:11:11]ASSET: Sending asset door_access_console.tmpl to client FatFat
[20:11:11]ASSET: Sending asset freezer.tmpl to client FatFat
[20:11:11]ASSET: Sending asset fusion_control.tmpl to client FatFat
[20:11:11]ASSET: Sending asset gas_pump.tmpl to client FatFat
[20:11:11]ASSET: Sending asset geoscanner.tmpl to client FatFat
[20:11:11]ASSET: Sending asset hardsuit.tmpl to client FatFat
[20:11:11]ASSET: Sending asset identification_computer.tmpl to client FatFat
[20:11:11]ASSET: Sending asset isolation_centrifuge.tmpl to client FatFat
[20:11:12]ASSET: Sending asset omni_filter.tmpl to client FatFat
[20:11:12]ASSET: Sending asset omni_mixer.tmpl to client FatFat
[20:11:12]ASSET: Sending asset pathogenic_isolator.tmpl to client FatFat
[20:11:12]ASSET: Sending asset pda.tmpl to client FatFat
[20:11:12]ASSET: Sending asset power_monitor.tmpl to client FatFat
[20:11:12]ASSET: Sending asset pressure_regulator.tmpl to client FatFat
[20:11:12]ASSET: Sending asset rcon.tmpl to client FatFat
[20:11:12]ASSET: Sending asset rdconsole.tmpl to client FatFat
[20:11:12]ASSET: Sending asset simple_airlock_console.tmpl to client FatFat
[20:11:12]ASSET: Sending asset smartfridge.tmpl to client FatFat
[20:11:12]ASSET: Sending asset space_heater.tmpl to client FatFat
[20:11:13]ASSET: Sending asset transfer_valve.tmpl to client FatFat
