Path: /obj/structure/cable
	qdel() Count: 1
	Destroy() Cost: 198.192ms
Path: /datum/tgui_modal
	qdel() Count: 3
	Destroy() Cost: 112.776ms
Path: /datum/timedevent
	qdel() Count: 2069
	Destroy() Cost: 101.035ms
Path: /obj/item/weapon/flora/random
	qdel() Count: 88
	Destroy() Cost: 56.0503ms
Path: /datum/component/clickplace
	qdel() Count: 167
	Destroy() Cost: 47.2746ms
Path: /obj/effect/effect/sparks
	qdel() Count: 87
	Destroy() Cost: 27.0026ms
Path: /obj/item/stack/cable_coil/random
	qdel() Count: 93
	Destroy() Cost: 25.525ms
Path: /datum/light_source
	qdel() Count: 138
	Destroy() Cost: 19.2598ms
Path: /datum/component/mechanic_desc
	qdel() Count: 260
	Destroy() Cost: 12.8386ms
Path: /obj/effect/landmark
	qdel() Count: 69
	Destroy() Cost: 7.80479ms
Path: /obj/effect/spawner/lootdrop/maintenance/two
	qdel() Count: 33
	Destroy() Cost: 6.0511ms
Path: /obj/effect/spawner/lootdrop/maintenance
	qdel() Count: 52
	Destroy() Cost: 5.5571ms
Path: /obj/random/foods/donuts
	qdel() Count: 78
	Destroy() Cost: 5.26248ms
Path: /obj/item/organ/external/chest
	qdel() Count: 5
	Destroy() Cost: 5.1701ms
Path: /obj/effect/landmark/start
	qdel() Count: 129
	Destroy() Cost: 5.11257ms
Path: /datum/beam
	qdel() Count: 15
	Destroy() Cost: 4.8894ms
Path: /obj/random/scrap/safe_even
	qdel() Count: 36
	Destroy() Cost: 4.61719ms
Path: /obj/machinery/door/firedoor
	qdel() Count: 1
	Destroy() Cost: 4.4086ms
Path: /obj/item/projectile/test
	qdel() Count: 51
	Destroy() Cost: 4.24051ms
Path: /obj/random/vending/snack
	qdel() Count: 26
	Destroy() Cost: 3.9882ms
Path: /datum/component/tactical
	qdel() Count: 88
	Destroy() Cost: 3.9667ms
Path: /datum/hud/ghost
	qdel() Count: 2
	Destroy() Cost: 3.8144ms
Path: /mob/dead/observer
	qdel() Count: 2
	Destroy() Cost: 3.4692ms
Path: /datum/component/twohanded
	qdel() Count: 88
	Destroy() Cost: 3.23351ms
Path: /obj/effect/spawner/lootdrop/maintenance/four
	qdel() Count: 15
	Destroy() Cost: 3.15051ms
Path: /obj/random/vending/cola
	qdel() Count: 24
	Destroy() Cost: 3.02239ms
Path: /obj/effect/spawner/lootdrop/maintenance/three
	qdel() Count: 15
	Destroy() Cost: 2.7882ms
Path: /obj/effect/ebeam
	qdel() Count: 71
	Destroy() Cost: 2.6877ms
Path: /obj/random/cloth/helmet
	qdel() Count: 12
	Destroy() Cost: 2.6806ms
Path: /obj/structure/sign/poster/contraband/random
	qdel() Count: 14
	Destroy() Cost: 2.3473ms
Path: /obj/random/foods/food_trash
	qdel() Count: 18
	Destroy() Cost: 2.26499ms
Path: /obj/random/scrap/dense_weighted
	qdel() Count: 22
	Destroy() Cost: 2.1498ms
Path: /datum/reagent/aqueous_foam
	qdel() Count: 135
	Destroy() Cost: 1.97296ms
Path: /obj/effect/projectile/bullet/muzzle
	qdel() Count: 4
	Destroy() Cost: 1.8418ms
Path: /obj/effect/decal/cleanable/greenglow
	qdel() Count: 3
	Destroy() Cost: 1.6278ms
Path: /obj/random/scrap/moderate_weighted
	qdel() Count: 34
	Destroy() Cost: 1.6017ms
Path: /obj/random/cloth/armor
	qdel() Count: 16
	Destroy() Cost: 1.5564ms
Path: /datum/mechanic_tip/clickplace
	qdel() Count: 167
	Destroy() Cost: 1.52559ms
Path: /obj/random/tools/tech_supply
	qdel() Count: 23
	Destroy() Cost: 1.4517ms
Path: /obj/effect/landmark/dealer_spawn
	qdel() Count: 4
	Destroy() Cost: 1.3935ms
Path: /obj/random/melee
	qdel() Count: 21
	Destroy() Cost: 1.3224ms
Path: /obj/structure/toilet
	qdel() Count: 8
	Destroy() Cost: 1.2213ms
Path: /obj/item/organ/internal/lungs
	qdel() Count: 5
	Destroy() Cost: 1.04179ms
Path: /obj/random/scrap/sparse_weighted
	qdel() Count: 16
	Destroy() Cost: 1.01811ms
Path: /obj/item/organ/internal/heart
	qdel() Count: 5
	Destroy() Cost: 1.0116ms
Path: /obj/effect/decal/cleanable/blood/splatter
	qdel() Count: 5
	Destroy() Cost: 1.00739ms
Path: /datum/component/swiping
	qdel() Count: 5
	Destroy() Cost: 0.981602ms
Path: /obj/structure/sign/poster/official/random
	qdel() Count: 4
	Destroy() Cost: 0.912502ms
Path: /obj/item/organ/external/head
	qdel() Count: 5
	Destroy() Cost: 0.911093ms
Path: /obj/structure/sign/poster/random
	qdel() Count: 7
	Destroy() Cost: 0.898701ms
Path: /obj/effect/landmark/cops_spawn
	qdel() Count: 12
	Destroy() Cost: 0.786696ms
Path: /obj/effect/landmark/latejoin
	qdel() Count: 10
	Destroy() Cost: 0.769398ms
Path: /obj/item/organ/external/groin
	qdel() Count: 5
	Destroy() Cost: 0.747299ms
Path: /obj/effect/gibspawner/human
	qdel() Count: 2
	Destroy() Cost: 0.730499ms
Path: /datum/mechanic_tip/twohanded/required
	qdel() Count: 88
	Destroy() Cost: 0.66641ms
Path: /obj/random/tools/tool
	qdel() Count: 6
	Destroy() Cost: 0.663996ms
Path: /obj/effect/landmark/corpse/scientist
	qdel() Count: 5
	Destroy() Cost: 0.624103ms
Path: /mob/dead/new_player
	qdel() Count: 1
	Destroy() Cost: 0.6229ms
Path: /obj/effect/spawner/lootdrop/glowstick
	qdel() Count: 5
	Destroy() Cost: 0.620502ms
Path: /datum/hud
	qdel() Count: 1
	Destroy() Cost: 0.552099ms
Path: /obj/effect/landmark/corpse/unathisoldier
	qdel() Count: 4
	Destroy() Cost: 0.543194ms
Path: /obj/random/guns/energy_weapon
	qdel() Count: 6
	Destroy() Cost: 0.449496ms
Path: /obj/random/foods/drink_bottle
	qdel() Count: 1
	Destroy() Cost: 0.428101ms
Path: /obj/structure/disposalpipe/segment
	qdel() Count: 2
	Destroy() Cost: 0.4221ms
Path: /obj/effect/projectile/laser/tracer
	qdel() Count: 5
	Destroy() Cost: 0.4058ms
Path: /datum/component/rite/spawn_item
	qdel() Count: 11
	Destroy() Cost: 0.398898ms
Path: /obj/item/projectile/bullet/rifle2
	qdel() Count: 3
	Destroy() Cost: 0.3921ms
Path: /obj/item/organ/external/l_arm
	qdel() Count: 5
	Destroy() Cost: 0.381199ms
Path: /obj/effect/landmark/abductor/console
	qdel() Count: 4
	Destroy() Cost: 0.376301ms
Path: /obj/effect/landmark/corpse/doctor
	qdel() Count: 3
	Destroy() Cost: 0.371605ms
Path: /obj/item/organ/external/r_arm
	qdel() Count: 5
	Destroy() Cost: 0.3522ms
Path: /mob/living/simple_animal/hostile/hivebot
	qdel() Count: 1
	Destroy() Cost: 0.3505ms
Path: /obj/item/organ/external/l_leg
	qdel() Count: 5
	Destroy() Cost: 0.325701ms
Path: /obj/item/organ/external/r_leg
	qdel() Count: 5
	Destroy() Cost: 0.323601ms
Path: /datum/recipe/microwave/human
	qdel() Count: 25
	Destroy() Cost: 0.297726ms
Path: /obj/random/tools/bomb_supply
	qdel() Count: 1
	Destroy() Cost: 0.2596ms
Path: /obj/effect/porta_turret_cover
	qdel() Count: 2
	Destroy() Cost: 0.259299ms
Path: /obj/random/foods/drink_can
	qdel() Count: 2
	Destroy() Cost: 0.255899ms
Path: /obj/effect/landmark/corpse/clown
	qdel() Count: 4
	Destroy() Cost: 0.252096ms
Path: /obj/effect/spawner/lootdrop/maintenance/five
	qdel() Count: 1
	Destroy() Cost: 0.221699ms
Path: /datum/modval_modifier
	qdel() Count: 19
	Destroy() Cost: 0.215892ms
Path: /obj/effect/proc_holder/spell/targeted/projectile
	qdel() Count: 1
	Destroy() Cost: 0.211798ms
Path: /obj/random/guns/projectile_security
	qdel() Count: 2
	Destroy() Cost: 0.209698ms
Path: /datum/bodypart_controller
	qdel() Count: 35
	Destroy() Cost: 0.20759ms
Path: /obj/random/tools/powercell
	qdel() Count: 3
	Destroy() Cost: 0.201998ms
Path: /obj/random/foods/food_without_garbage
	qdel() Count: 1
	Destroy() Cost: 0.1985ms
Path: /obj/item/projectile/bullet/grenade/explosive
	qdel() Count: 1
	Destroy() Cost: 0.1877ms
Path: /obj/item/organ/internal/brain
	qdel() Count: 5
	Destroy() Cost: 0.186998ms
Path: /obj/random/guns/projectile_assault
	qdel() Count: 2
	Destroy() Cost: 0.183401ms
Path: /obj/structure/lattice
	qdel() Count: 2
	Destroy() Cost: 0.1675ms
Path: /atom/movable/screen/plane_master/floor
	qdel() Count: 3
	Destroy() Cost: 0.167292ms
Path: /obj/effect/landmark/start/new_player
	qdel() Count: 1
	Destroy() Cost: 0.152699ms
Path: /obj/random/guns/handgun_security
	qdel() Count: 1
	Destroy() Cost: 0.1509ms
Path: /obj/effect/spawner/lootdrop/maintenance/six
	qdel() Count: 1
	Destroy() Cost: 0.1482ms
Path: /obj/item/organ/internal/liver
	qdel() Count: 5
	Destroy() Cost: 0.147802ms
Path: /atom/movable/screen/plane_master/above_lighting
	qdel() Count: 3
	Destroy() Cost: 0.1355ms
Path: /obj/random/guns/projectile_shotgun
	qdel() Count: 2
	Destroy() Cost: 0.134301ms
Path: /obj/item/organ/internal/eyes
	qdel() Count: 5
	Destroy() Cost: 0.1334ms
Path: /atom/movable/screen/plane_master/game_world
	qdel() Count: 3
	Destroy() Cost: 0.1285ms
Path: /obj/effect/proc_holder/spell/no_target/infection
	qdel() Count: 1
	Destroy() Cost: 0.1276ms
Path: /obj/item/organ/internal/kidneys
	qdel() Count: 5
	Destroy() Cost: 0.123302ms
Path: /obj/effect/gibspawner/robot
	qdel() Count: 1
	Destroy() Cost: 0.114002ms
Path: /datum/mechanic_tip/swiping
	qdel() Count: 5
	Destroy() Cost: 0.1121ms
Path: /datum/component/rite/consent
	qdel() Count: 5
	Destroy() Cost: 0.094603ms
Path: /obj/effect/temp_visual/sparkles
	qdel() Count: 1
	Destroy() Cost: 0.0897003ms
Path: /obj/effect/proc_holder/spell/targeted/trigger/blind
	qdel() Count: 1
	Destroy() Cost: 0.0865997ms
Path: /atom/movable/screen/plane_master/parallax
	qdel() Count: 3
	Destroy() Cost: 0.0864048ms
Path: /obj/random/foods/food_snack
	qdel() Count: 1
	Destroy() Cost: 0.0841999ms
Path: /atom/movable/screen/plane_master/ghost
	qdel() Count: 3
	Destroy() Cost: 0.0798988ms
Path: /obj/effect/projectile/laser/muzzle
	qdel() Count: 1
	Destroy() Cost: 0.0795ms
Path: /atom/movable/screen/plane_master/blackness
	qdel() Count: 3
	Destroy() Cost: 0.0778969ms
Path: /obj/item/projectile/beam
	qdel() Count: 1
	Destroy() Cost: 0.0759003ms
Path: /atom/movable/screen/plane_master/rendering_plate/game_world
	qdel() Count: 3
	Destroy() Cost: 0.0758987ms
Path: /obj/random/guns/projectile_handgun
	qdel() Count: 1
	Destroy() Cost: 0.073ms
Path: /obj/effect/landmark/corpse/securityofficer
	qdel() Count: 1
	Destroy() Cost: 0.0713005ms
Path: /obj/random/misc/all
	qdel() Count: 2
	Destroy() Cost: 0.0683002ms
Path: /datum/religion_rites/instant/spawn_item/cult/talisman
	qdel() Count: 1
	Destroy() Cost: 0.0666ms
Path: /atom/movable/screen/plane_master/area
	qdel() Count: 3
	Destroy() Cost: 0.062392ms
Path: /datum/atom_hud/alternate_appearance/basic/ghost_buster
	qdel() Count: 1
	Destroy() Cost: 0.0616943ms
Path: /atom/movable/screen/plane_master/point
	qdel() Count: 3
	Destroy() Cost: 0.0613987ms
Path: /obj/effect/landmark/corpse/unathicommander
	qdel() Count: 1
	Destroy() Cost: 0.0611ms
Path: /atom/movable/screen/plane_master/lighting
	qdel() Count: 3
	Destroy() Cost: 0.0588947ms
Path: /atom/movable/screen/plane_master/ghost_illusion
	qdel() Count: 3
	Destroy() Cost: 0.0568954ms
Path: /atom/movable/screen/plane_master/fullscreen
	qdel() Count: 3
	Destroy() Cost: 0.0558983ms
Path: /datum/religion_rites/standing/spawn_item/call_animal
	qdel() Count: 1
	Destroy() Cost: 0.0546997ms
Path: /datum/signal
	qdel() Count: 10
	Destroy() Cost: 0.0527ms
Path: /atom/movable/screen/plane_master/parallax_white
	qdel() Count: 3
	Destroy() Cost: 0.0506031ms
Path: /datum/religion_rites/standing/spawn_item/banana
	qdel() Count: 1
	Destroy() Cost: 0.0496002ms
Path: /obj/random/syndie/fullhouse
	qdel() Count: 1
	Destroy() Cost: 0.0495996ms
Path: /datum/religion_rites/instant/spawn_item/cult/soulstone
	qdel() Count: 1
	Destroy() Cost: 0.0483002ms
Path: /datum/religion_rites/instant/spawn_item/cult/constructshell
	qdel() Count: 1
	Destroy() Cost: 0.0479004ms
Path: /atom/movable/plane_master_controller/game
	qdel() Count: 3
	Destroy() Cost: 0.047406ms
Path: /datum/religion_rites/standing/spawn_item/banana_ore
	qdel() Count: 1
	Destroy() Cost: 0.0470001ms
Path: /datum/religion_rites/standing/spawn_item/talisman
	qdel() Count: 1
	Destroy() Cost: 0.0470001ms
Path: /datum/orbit
	qdel() Count: 1
	Destroy() Cost: 0.0458ms
Path: /obj/effect/temp_visual/pulse
	qdel() Count: 1
	Destroy() Cost: 0.0451996ms
Path: /datum/religion_rites/standing/spawn_item/create_sword
	qdel() Count: 1
	Destroy() Cost: 0.0447006ms
Path: /obj/random/tools/toolbox
	qdel() Count: 1
	Destroy() Cost: 0.0443993ms
Path: /atom/movable/screen/plane_master/rendering_plate/master
	qdel() Count: 3
	Destroy() Cost: 0.043998ms
Path: /datum/religion_rites/instant/spawn_item/cult
	qdel() Count: 1
	Destroy() Cost: 0.0425995ms
Path: /datum/religion_rites/instant/spawn_item
	qdel() Count: 1
	Destroy() Cost: 0.0419998ms
Path: /datum/religion_rites/standing/spawn_item
	qdel() Count: 1
	Destroy() Cost: 0.0417007ms
Path: /obj/random/tools/technology_scanner
	qdel() Count: 1
	Destroy() Cost: 0.0407999ms
Path: /atom/movable/screen/plane_master/gravpulse
	qdel() Count: 3
	Destroy() Cost: 0.0407032ms
Path: /datum/browser
	qdel() Count: 2
	Destroy() Cost: 0.0400391ms
Path: /obj/effect/proc_holder/spell/targeted/inflict_handler/blind
	qdel() Count: 2
	Destroy() Cost: 0.0397003ms
Path: /obj/effect/proc_holder/spell/targeted/area_teleport/teleport
	qdel() Count: 1
	Destroy() Cost: 0.0386993ms
Path: /datum/callback
	qdel() Count: 12
	Destroy() Cost: 0.0384979ms
Path: /obj/effect/proc_holder/spell/no_target/rot
	qdel() Count: 1
	Destroy() Cost: 0.0367981ms
Path: /atom/movable/screen/plane_master/rendering_plate/above_game_world
	qdel() Count: 3
	Destroy() Cost: 0.0364944ms
Path: /obj/effect/proc_holder/spell/targeted/enthrall
	qdel() Count: 1
	Destroy() Cost: 0.035199ms
Path: /obj/effect/proc_holder/spell/targeted/genetic/blind
	qdel() Count: 2
	Destroy() Cost: 0.0347992ms
Path: /datum/religion_rites/standing/consent/synthconversion
	qdel() Count: 1
	Destroy() Cost: 0.0347ms
Path: /datum/tgui
	qdel() Count: 3
	Destroy() Cost: 0.0345024ms
Path: /atom/movable/screen/plane_master/rendering_plate
	qdel() Count: 3
	Destroy() Cost: 0.0344933ms
Path: /obj/effect/proc_holder/spell/aoe_turf/HulkHONK
	qdel() Count: 1
	Destroy() Cost: 0.0343994ms
Path: /obj/random/meds/chemical_bottle
	qdel() Count: 1
	Destroy() Cost: 0.0340996ms
Path: /obj/effect/proc_holder/spell/targeted/heal/damage
	qdel() Count: 1
	Destroy() Cost: 0.0337982ms
Path: /atom/movable/screen/plane_master/rendering_plate/non_game
	qdel() Count: 3
	Destroy() Cost: 0.0333004ms
Path: /obj/effect/proc_holder/spell/aoe_turf/conjure/construct
	qdel() Count: 1
	Destroy() Cost: 0.0324005ms
Path: /atom/movable/screen/plane_master/singularity
	qdel() Count: 3
	Destroy() Cost: 0.0322956ms
Path: /obj/effect/proc_holder/spell/targeted/shadowling_hivemind
	qdel() Count: 1
	Destroy() Cost: 0.0309021ms
Path: /obj/effect/proc_holder/spell/aoe_turf
	qdel() Count: 1
	Destroy() Cost: 0.0307007ms
Path: /datum/religion_rites/standing/consent/clownconversion
	qdel() Count: 1
	Destroy() Cost: 0.0298996ms
Path: /datum/religion_rites/standing/consent/sacrifice
	qdel() Count: 1
	Destroy() Cost: 0.0298004ms
Path: /datum/religion_rites/standing/consent/invite
	qdel() Count: 1
	Destroy() Cost: 0.0296005ms
Path: /obj/effect/projectile/laser/impact
	qdel() Count: 1
	Destroy() Cost: 0.0295ms
Path: /datum/religion_rites/standing/consent
	qdel() Count: 1
	Destroy() Cost: 0.0289001ms
Path: /obj/effect/proc_holder/spell/targeted/shadowling_regenarmor
	qdel() Count: 1
	Destroy() Cost: 0.0289001ms
Path: /datum/reagent/toxin/mindbreaker
	qdel() Count: 4
	Destroy() Cost: 0.0288ms
Path: /obj/effect/proc_holder/spell/targeted/inflict_handler/magic_missile
	qdel() Count: 1
	Destroy() Cost: 0.0285004ms
Path: /obj/effect/proc_holder/spell/aoe_turf/conjure/construct/lesser
	qdel() Count: 1
	Destroy() Cost: 0.0267029ms
Path: /obj/effect/proc_holder/spell/in_hand/heal
	qdel() Count: 1
	Destroy() Cost: 0.0265991ms
Path: /obj/effect/proc_holder/spell/targeted/lighting_shock
	qdel() Count: 1
	Destroy() Cost: 0.0264008ms
Path: /obj/effect/proc_holder/spell/no_target/charge
	qdel() Count: 1
	Destroy() Cost: 0.0256012ms
Path: /obj/effect/proc_holder/spell/targeted/area_teleport
	qdel() Count: 1
	Destroy() Cost: 0.0246994ms
Path: /obj/effect/proc_holder/spell/targeted/heal
	qdel() Count: 1
	Destroy() Cost: 0.0221008ms
Path: /obj/effect/proc_holder/spell/targeted/glare
	qdel() Count: 1
	Destroy() Cost: 0.0218018ms
Path: /obj/effect/proc_holder/spell/targeted/hypnosis
	qdel() Count: 1
	Destroy() Cost: 0.0218018ms
Path: /obj/effect/proc_holder/spell/targeted/spacetime_dist
	qdel() Count: 1
	Destroy() Cost: 0.021698ms
Path: /obj/effect/proc_holder/spell/aoe_turf/conjure/floor
	qdel() Count: 1
	Destroy() Cost: 0.021402ms
Path: /obj/effect/proc_holder/spell/targeted/barnyardcurse
	qdel() Count: 1
	Destroy() Cost: 0.0214005ms
Path: /obj/effect/proc_holder/spell/targeted/forcewall
	qdel() Count: 1
	Destroy() Cost: 0.0207001ms
Path: /obj/effect/proc_holder/spell/targeted/ethereal_jaunt/phaseshift
	qdel() Count: 1
	Destroy() Cost: 0.0205002ms
Path: /obj/effect/proc_holder/spell/no_target/scribe_rune
	qdel() Count: 1
	Destroy() Cost: 0.020401ms
Path: /obj/effect/proc_holder/spell/targeted/emplosion/disable_tech
	qdel() Count: 1
	Destroy() Cost: 0.0203995ms
Path: /datum/reagent/water
	qdel() Count: 2
	Destroy() Cost: 0.0202942ms
Path: /obj/effect/proc_holder/spell/targeted/ethereal_jaunt/shadow_walk
	qdel() Count: 1
	Destroy() Cost: 0.0200989ms
Path: /obj/effect/proc_holder/spell/no_target/infection/obcurse
	qdel() Count: 1
	Destroy() Cost: 0.0199005ms
Path: /obj/effect/proc_holder/spell/no_target/food
	qdel() Count: 1
	Destroy() Cost: 0.0197021ms
Path: /obj/effect/proc_holder/spell/targeted/summonitem
	qdel() Count: 1
	Destroy() Cost: 0.0196014ms
Path: /obj/effect/proc_holder/spell/in_hand
	qdel() Count: 1
	Destroy() Cost: 0.0195984ms
Path: /obj/effect/proc_holder/spell/aoe_turf/conjure/creature
	qdel() Count: 1
	Destroy() Cost: 0.0195007ms
Path: /obj/effect/proc_holder/spell/no_target/grease
	qdel() Count: 1
	Destroy() Cost: 0.0195007ms
Path: /obj/effect/proc_holder/spell/no_target/charge/religion
	qdel() Count: 1
	Destroy() Cost: 0.0192993ms
Path: /obj/effect/proc_holder/spell/no_target/mime_speak
	qdel() Count: 1
	Destroy() Cost: 0.0191986ms
Path: /obj/effect/proc_holder/spell/targeted/explosion/fireball
	qdel() Count: 1
	Destroy() Cost: 0.0190002ms
Path: /obj/effect/proc_holder/spell/no_target/memorize_rune
	qdel() Count: 1
	Destroy() Cost: 0.0190002ms
Path: /obj/effect/proc_holder/spell/targeted/xeno_whisp
	qdel() Count: 1
	Destroy() Cost: 0.0187988ms
Path: /obj/effect/proc_holder/spell/targeted/emplosion
	qdel() Count: 1
	Destroy() Cost: 0.0186996ms
Path: /obj/effect/proc_holder/spell/targeted/reviveThrall
	qdel() Count: 1
	Destroy() Cost: 0.0186005ms
Path: /obj/effect/proc_holder/spell/aoe_turf/hulk_gas
	qdel() Count: 1
	Destroy() Cost: 0.0186005ms
Path: /obj/effect/proc_holder/spell/no_target/weeds
	qdel() Count: 1
	Destroy() Cost: 0.0185974ms
Path: /obj/random/foods/food_with_garbage
	qdel() Count: 1
	Destroy() Cost: 0.0185003ms
Path: /obj/effect/proc_holder/spell/targeted/trigger
	qdel() Count: 1
	Destroy() Cost: 0.0184998ms
Path: /obj/effect/proc_holder/spell/no_target/air_plant
	qdel() Count: 1
	Destroy() Cost: 0.0183014ms
Path: /obj/effect/proc_holder/spell/targeted/ethereal_jaunt/wizard
	qdel() Count: 1
	Destroy() Cost: 0.0182007ms
Path: /obj/effect/proc_holder/spell/no_target/lay_egg
	qdel() Count: 1
	Destroy() Cost: 0.0182007ms
Path: /obj/effect/proc_holder/spell/targeted/forcewall/mimewall
	qdel() Count: 1
	Destroy() Cost: 0.0179993ms
Path: /obj/effect/proc_holder/spell/aoe_turf/conjure/the_traps
	qdel() Count: 1
	Destroy() Cost: 0.0179993ms
Path: /obj/effect/proc_holder/spell/aoe_turf/knock
	qdel() Count: 1
	Destroy() Cost: 0.0179993ms
Path: /obj/effect/proc_holder/spell/targeted/collective_mind
	qdel() Count: 1
	Destroy() Cost: 0.0179016ms
Path: /obj/effect/proc_holder/spell/no_target/spawn_bible
	qdel() Count: 1
	Destroy() Cost: 0.0179016ms
Path: /obj/effect/proc_holder/spell/dumbfire/fireball
	qdel() Count: 1
	Destroy() Cost: 0.0179016ms
Path: /obj/effect/proc_holder/spell/targeted/ethereal_jaunt
	qdel() Count: 1
	Destroy() Cost: 0.0178009ms
Path: /obj/effect/proc_holder/spell/targeted/annihilate
	qdel() Count: 1
	Destroy() Cost: 0.0178009ms
Path: /obj/effect/proc_holder/spell/targeted
	qdel() Count: 1
	Destroy() Cost: 0.0177979ms
Path: /obj/effect/proc_holder/spell/targeted/inflict_handler
	qdel() Count: 1
	Destroy() Cost: 0.0176025ms
Path: /obj/effect/proc_holder/spell/targeted/shadowling_phase_shift
	qdel() Count: 1
	Destroy() Cost: 0.0176025ms
Path: /obj/effect/proc_holder/spell/targeted/smoke
	qdel() Count: 1
	Destroy() Cost: 0.0175995ms
Path: /obj/effect/proc_holder/spell/no_target/resin
	qdel() Count: 1
	Destroy() Cost: 0.0175995ms
Path: /obj/effect/proc_holder/spell/targeted/zombie_findbrains
	qdel() Count: 1
	Destroy() Cost: 0.0173004ms
Path: /obj/effect/proc_holder/spell/in_hand/fireball
	qdel() Count: 1
	Destroy() Cost: 0.0172028ms
Path: /obj/effect/proc_holder/spell/targeted/genetic/mutate
	qdel() Count: 1
	Destroy() Cost: 0.0171997ms
Path: /obj/effect/proc_holder/spell/targeted/inflict_handler/fireball
	qdel() Count: 1
	Destroy() Cost: 0.0171997ms
Path: /obj/effect/proc_holder/spell/targeted/projectile/magic_missile
	qdel() Count: 1
	Destroy() Cost: 0.0171997ms
Path: /obj/effect/proc_holder/spell/targeted/turf_teleport
	qdel() Count: 1
	Destroy() Cost: 0.0171997ms
Path: /obj/effect/proc_holder/spell/aoe_turf/conjure/wall
	qdel() Count: 1
	Destroy() Cost: 0.0171997ms
Path: /obj/effect/proc_holder/spell/no_target/evolve_to_queen
	qdel() Count: 1
	Destroy() Cost: 0.0171997ms
Path: /obj/effect/proc_holder/spell/targeted/explosion
	qdel() Count: 1
	Destroy() Cost: 0.0171021ms
Path: /obj/effect/proc_holder/spell/targeted/blindness_smoke
	qdel() Count: 1
	Destroy() Cost: 0.0171021ms
Path: /obj/effect/proc_holder/spell/targeted/mind_transfer
	qdel() Count: 1
	Destroy() Cost: 0.0170013ms
Path: /obj/effect/proc_holder/spell/aoe_turf/repulse
	qdel() Count: 1
	Destroy() Cost: 0.0170013ms
Path: /obj/effect/proc_holder/spell/targeted/inflict_handler/disintegrate
	qdel() Count: 1
	Destroy() Cost: 0.0169983ms
Path: /obj/effect/proc_holder/spell/targeted/shadowlingAscendantTransmit
	qdel() Count: 1
	Destroy() Cost: 0.0169983ms
Path: /obj/effect/proc_holder/spell/no_target/hide
	qdel() Count: 1
	Destroy() Cost: 0.0169983ms
Path: /obj/effect/proc_holder/spell/no_target/syndi_drone
	qdel() Count: 1
	Destroy() Cost: 0.0169983ms
Path: /obj/effect/proc_holder/spell/targeted/shadowling_hivemind_ascendant
	qdel() Count: 1
	Destroy() Cost: 0.0169006ms
Path: /obj/effect/proc_holder/spell/targeted/gnomecurse
	qdel() Count: 1
	Destroy() Cost: 0.0168976ms
Path: /obj/effect/proc_holder/spell/no_target/larva_evolve
	qdel() Count: 1
	Destroy() Cost: 0.0167999ms
Path: /obj/effect/proc_holder/spell/blessing
	qdel() Count: 1
	Destroy() Cost: 0.0167999ms
Path: /obj/effect/proc_holder/spell/aoe_turf/conjure/timestop
	qdel() Count: 1
	Destroy() Cost: 0.0167023ms
Path: /obj/effect/proc_holder/spell/targeted/communicate/fastener
	qdel() Count: 1
	Destroy() Cost: 0.0166992ms
Path: /obj/effect/proc_holder/spell/in_hand/tesla
	qdel() Count: 1
	Destroy() Cost: 0.0165985ms
Path: /obj/effect/proc_holder/spell/targeted/turf_teleport/blink
	qdel() Count: 1
	Destroy() Cost: 0.0165009ms
Path: /obj/effect/proc_holder/spell/aoe_turf/flashfreeze
	qdel() Count: 1
	Destroy() Cost: 0.0165009ms
Path: /obj/effect/proc_holder/spell/turf/fireball
	qdel() Count: 1
	Destroy() Cost: 0.0165009ms
Path: /obj/effect/proc_holder/spell/targeted/genetic
	qdel() Count: 1
	Destroy() Cost: 0.0164001ms
Path: /obj/effect/proc_holder/spell/targeted/screech
	qdel() Count: 1
	Destroy() Cost: 0.0164001ms
Path: /obj/effect/proc_holder/spell/aoe_turf/hulk_spit
	qdel() Count: 1
	Destroy() Cost: 0.0164001ms
Path: /obj/effect/proc_holder/spell/no_target/syndi_drone/boost
	qdel() Count: 1
	Destroy() Cost: 0.0164001ms
Path: /obj/effect/proc_holder/spell/no_target/syndi_drone/smoke
	qdel() Count: 1
	Destroy() Cost: 0.0164001ms
Path: /obj/effect/proc_holder/spell/dumbfire
	qdel() Count: 1
	Destroy() Cost: 0.0164001ms
Path: /obj/effect/proc_holder/spell/in_hand/res_touch
	qdel() Count: 1
	Destroy() Cost: 0.0164001ms
Path: /obj/effect/proc_holder/spell/turf
	qdel() Count: 1
	Destroy() Cost: 0.0164001ms
Path: /obj/effect/proc_holder/spell/aoe_turf/unearthly_screech
	qdel() Count: 1
	Destroy() Cost: 0.0163025ms
Path: /obj/effect/proc_holder/spell/targeted/communicate
	qdel() Count: 1
	Destroy() Cost: 0.0162994ms
Path: /obj/effect/proc_holder/spell/aoe_turf/conjure/summonEdSwarm
	qdel() Count: 1
	Destroy() Cost: 0.0162994ms
Path: /obj/effect/proc_holder/spell/aoe_turf/conjure/spawn_animal
	qdel() Count: 1
	Destroy() Cost: 0.0162994ms
Path: /obj/effect/proc_holder/spell/aoe_turf/veil
	qdel() Count: 1
	Destroy() Cost: 0.0162994ms
Path: /obj/effect/proc_holder/spell/aoe_turf/hulk_mill
	qdel() Count: 1
	Destroy() Cost: 0.0162994ms
Path: /obj/effect/proc_holder/spell/no_target
	qdel() Count: 1
	Destroy() Cost: 0.0162994ms
Path: /obj/effect/proc_holder/spell/aoe_turf/conjure/lesserforcewall
	qdel() Count: 1
	Destroy() Cost: 0.0161987ms
Path: /obj/effect/proc_holder/spell/aoe_turf/conjure
	qdel() Count: 1
	Destroy() Cost: 0.0161987ms
Path: /obj/effect/proc_holder/spell/aoe_turf/drainLife
	qdel() Count: 1
	Destroy() Cost: 0.0161987ms
Path: /obj/effect/proc_holder/spell/aoe_turf/glacial_blast
	qdel() Count: 1
	Destroy() Cost: 0.0161011ms
Path: /obj/effect/proc_holder/spell/aoe_turf/conjure/smoke
	qdel() Count: 1
	Destroy() Cost: 0.0160004ms
Path: /obj/effect/proc_holder/spell/aoe_turf/conjure/carp
	qdel() Count: 1
	Destroy() Cost: 0.0160004ms
Path: /obj/effect/proc_holder/spell/aoe_turf/conjure/soulstone
	qdel() Count: 1
	Destroy() Cost: 0.0160004ms
Path: /obj/effect/proc_holder/spell/targeted/transfer_plasma
	qdel() Count: 1
	Destroy() Cost: 0.0158997ms
Path: /obj/effect/proc_holder/spell/aoe_turf/hulk_eat
	qdel() Count: 1
	Destroy() Cost: 0.0158997ms
Path: /obj/effect/proc_holder/spell/aoe_turf/hulk_lazor
	qdel() Count: 1
	Destroy() Cost: 0.0158997ms
Path: /obj/effect/proc_holder/spell/aoe_turf/hulk_dash
	qdel() Count: 1
	Destroy() Cost: 0.015802ms
Path: /obj/effect/proc_holder/spell/aoe_turf/clown_joke
	qdel() Count: 1
	Destroy() Cost: 0.015802ms
Path: /obj/effect/proc_holder/spell/aoe_turf/hulk_jump
	qdel() Count: 1
	Destroy() Cost: 0.015799ms
Path: /obj/effect/proc_holder/spell/in_hand/arcane_barrage
	qdel() Count: 1
	Destroy() Cost: 0.0156006ms
Path: /obj/effect/proc_holder/spell/aoe_turf/hulk_smash
	qdel() Count: 1
	Destroy() Cost: 0.0154999ms
Path: /datum/recipe/grill/human
	qdel() Count: 2
	Destroy() Cost: 0.0149536ms
Path: /datum/quirk/child_of_nature
	qdel() Count: 1
	Destroy() Cost: 0.0110998ms
Path: /datum/quirk/mute
	qdel() Count: 1
	Destroy() Cost: 0.00890064ms
Path: /datum/religion_rites/instant/chaplain/death_alarm
	qdel() Count: 1
	Destroy() Cost: 0.00889893ms
Path: /datum/map_config
	qdel() Count: 1
	Destroy() Cost: 0.00879955ms
Path: /datum/reagent/chlorine
	qdel() Count: 1
	Destroy() Cost: 0.0078001ms
Path: /datum/radio_frequency
	qdel() Count: 1
	Destroy() Cost: 0.00769997ms
Path: /datum/aspect/death
	qdel() Count: 1
	Destroy() Cost: 0.00750122ms
Path: /datum/quirk/deafness
	qdel() Count: 1
	Destroy() Cost: 0.00670052ms
Path: /datum/quirk/alcohol_tolerance
	qdel() Count: 1
	Destroy() Cost: 0.00620079ms
Path: /datum/quirk/light_step
	qdel() Count: 1
	Destroy() Cost: 0.00610065ms
Path: /datum/quirk/strong_mind
	qdel() Count: 1
	Destroy() Cost: 0.0060997ms
Path: /datum/quirk/nervous
	qdel() Count: 1
	Destroy() Cost: 0.00590038ms
Path: /datum/quirk/cough
	qdel() Count: 1
	Destroy() Cost: 0.00559998ms
Path: /datum/quirk/light_drinker
	qdel() Count: 1
	Destroy() Cost: 0.00559998ms
Path: /datum/quirk/daltonism
	qdel() Count: 1
	Destroy() Cost: 0.00559998ms
Path: /datum/quirk/multitasking
	qdel() Count: 1
	Destroy() Cost: 0.00549984ms
Path: /datum/religion_rites/instant/cult/raise_torture
	qdel() Count: 1
	Destroy() Cost: 0.00549927ms
Path: /datum/quirk/nearsighted
	qdel() Count: 1
	Destroy() Cost: 0.00540066ms
Path: /datum/quirk/fast_equip
	qdel() Count: 1
	Destroy() Cost: 0.0053997ms
Path: /datum/quirk/genetic_degradation
	qdel() Count: 1
	Destroy() Cost: 0.00510025ms
Path: /datum/quirk/freerunning
	qdel() Count: 1
	Destroy() Cost: 0.0050993ms
Path: /datum/quirk/stress_eater
	qdel() Count: 1
	Destroy() Cost: 0.0050993ms
Path: /datum/quirk/nyctophobia
	qdel() Count: 1
	Destroy() Cost: 0.0050993ms
Path: /datum/quirk/high_pain_threshold
	qdel() Count: 1
	Destroy() Cost: 0.0050993ms
Path: /datum/reagent/nicotine
	qdel() Count: 1
	Destroy() Cost: 0.00500011ms
Path: /datum/quirk/blindness
	qdel() Count: 1
	Destroy() Cost: 0.00489998ms
Path: /datum/quirk/epileptic
	qdel() Count: 1
	Destroy() Cost: 0.00489998ms
Path: /datum/quirk/fatness
	qdel() Count: 1
	Destroy() Cost: 0.00479984ms
Path: /datum/quirk/no_taste
	qdel() Count: 1
	Destroy() Cost: 0.00479984ms
Path: /datum/quirk/tourette
	qdel() Count: 1
	Destroy() Cost: 0.00469971ms
Path: /datum/religion_rites/instant/chaplain
	qdel() Count: 1
	Destroy() Cost: 0.00460052ms
Path: /datum/quirk/low_pain_threshold
	qdel() Count: 1
	Destroy() Cost: 0.00459957ms
Path: /datum/reagent/mednanobots
	qdel() Count: 1
	Destroy() Cost: 0.00450039ms
Path: /datum/aspect/science
	qdel() Count: 1
	Destroy() Cost: 0.00420074ms
Path: /datum/religion_rites/standing/legacy/charge
	qdel() Count: 1
	Destroy() Cost: 0.00419922ms
Path: /datum/aspect/greed
	qdel() Count: 1
	Destroy() Cost: 0.00400085ms
Path: /datum/religion_rites/instant/cult
	qdel() Count: 1
	Destroy() Cost: 0.00399933ms
Path: /datum/religion_rites/instant/cult/sacrifice
	qdel() Count: 1
	Destroy() Cost: 0.00370026ms
Path: /datum/aspect/resources
	qdel() Count: 1
	Destroy() Cost: 0.00370026ms
Path: /datum/aspect/conjure
	qdel() Count: 1
	Destroy() Cost: 0.00369873ms
Path: /datum/aspect/lightbending/light
	qdel() Count: 1
	Destroy() Cost: 0.00360107ms
Path: /datum/religion_sect/preset/chaplain/puritanism
	qdel() Count: 1
	Destroy() Cost: 0.00359955ms
Path: /datum/aspect/lightbending
	qdel() Count: 1
	Destroy() Cost: 0.00359955ms
Path: /datum/religion_rites/instant/cult/emp
	qdel() Count: 1
	Destroy() Cost: 0.00350037ms
Path: /datum/religion_rites/instant/cult/create_slave
	qdel() Count: 1
	Destroy() Cost: 0.00350037ms
Path: /datum/religion_rites/instant/cult/summon_acolyt
	qdel() Count: 1
	Destroy() Cost: 0.00350037ms
Path: /datum/aspect/absence
	qdel() Count: 1
	Destroy() Cost: 0.00350037ms
Path: /datum/aspect/lightbending/darkness
	qdel() Count: 1
	Destroy() Cost: 0.00350037ms
Path: /datum/aspect/food
	qdel() Count: 1
	Destroy() Cost: 0.00349884ms
Path: /datum/religion_rites/instant/cult/brainswap
	qdel() Count: 1
	Destroy() Cost: 0.00339966ms
Path: /datum/religion_rites/standing/legacy
	qdel() Count: 1
	Destroy() Cost: 0.00339966ms
Path: /datum/aspect/weapon
	qdel() Count: 1
	Destroy() Cost: 0.00339966ms
Path: /datum/aspect/mystic
	qdel() Count: 1
	Destroy() Cost: 0.00339966ms
Path: /datum/aspect/technology
	qdel() Count: 1
	Destroy() Cost: 0.00339966ms
Path: /datum/aspect/chaos
	qdel() Count: 1
	Destroy() Cost: 0.00339966ms
Path: /datum/aspect/herd
	qdel() Count: 1
	Destroy() Cost: 0.00339966ms
Path: /datum/religion_rites/instant/cult/convert
	qdel() Count: 1
	Destroy() Cost: 0.00330048ms
Path: /datum/religion_rites/standing/honk
	qdel() Count: 1
	Destroy() Cost: 0.00330048ms
Path: /datum/religion_rites/standing/swap/devaluation
	qdel() Count: 1
	Destroy() Cost: 0.00330048ms
Path: /datum/aspect/flagellation
	qdel() Count: 1
	Destroy() Cost: 0.00330048ms
Path: /datum/aspect/rescue
	qdel() Count: 1
	Destroy() Cost: 0.00330048ms
Path: /datum/religion_rites/instant
	qdel() Count: 1
	Destroy() Cost: 0.00329895ms
Path: /datum/religion_rites/standing/food
	qdel() Count: 1
	Destroy() Cost: 0.00329895ms
Path: /datum/aspect/wacky
	qdel() Count: 1
	Destroy() Cost: 0.00329895ms
Path: /datum/religion_rites/instant/impose_stun
	qdel() Count: 1
	Destroy() Cost: 0.00320129ms
Path: /datum/religion_rites/pedestals/cult/make_skeleton
	qdel() Count: 1
	Destroy() Cost: 0.00320129ms
Path: /datum/religion_rites/pedestals/cult/narsie
	qdel() Count: 1
	Destroy() Cost: 0.00319977ms
Path: /datum/religion_rites/standing/swap
	qdel() Count: 1
	Destroy() Cost: 0.00319977ms
Path: /datum/religion_rites/instant/cult/upgrade_tome
	qdel() Count: 1
	Destroy() Cost: 0.00310059ms
Path: /datum/religion_rites/instant/impose_blind
	qdel() Count: 1
	Destroy() Cost: 0.00310059ms
Path: /datum/religion_rites/pedestals/cult/cult_portal
	qdel() Count: 1
	Destroy() Cost: 0.00310059ms
Path: /datum/religion_rites/standing
	qdel() Count: 1
	Destroy() Cost: 0.00310059ms
Path: /datum/religion_sect/custom/chaplain
	qdel() Count: 1
	Destroy() Cost: 0.00310059ms
Path: /datum/religion_rites/instant/cult/give_forcearmor
	qdel() Count: 1
	Destroy() Cost: 0.00309906ms
Path: /datum/religion_rites/pedestals/cult
	qdel() Count: 1
	Destroy() Cost: 0.00299988ms
Path: /datum/religion_rites/standing/pray
	qdel() Count: 1
	Destroy() Cost: 0.00299988ms
Path: /datum/religion_rites/standing/animation
	qdel() Count: 1
	Destroy() Cost: 0.00299988ms
Path: /datum/religion_rites/standing/spook
	qdel() Count: 1
	Destroy() Cost: 0.00299988ms
Path: /datum/religion_rites/standing/swap/upgrade
	qdel() Count: 1
	Destroy() Cost: 0.00299988ms
Path: /datum/religion_sect/preset/chaplain/bloodgods
	qdel() Count: 1
	Destroy() Cost: 0.00299988ms
Path: /datum/religion_rites/instant/cult/drain_torture
	qdel() Count: 1
	Destroy() Cost: 0.00289917ms
Path: /datum/religion_rites/instant/impose_deaf
	qdel() Count: 1
	Destroy() Cost: 0.00289917ms
Path: /datum/religion_rites/instant/communicate
	qdel() Count: 1
	Destroy() Cost: 0.00279999ms
Path: /datum/religion_rites/standing/illuminate
	qdel() Count: 1
	Destroy() Cost: 0.00279999ms
Path: /datum/religion_rites/standing/revive_animal
	qdel() Count: 1
	Destroy() Cost: 0.00279999ms
Path: /datum/religion_sect/preset/chaplain/technophile
	qdel() Count: 1
	Destroy() Cost: 0.00279999ms
Path: /datum/religion_rites/pedestals
	qdel() Count: 1
	Destroy() Cost: 0.0026001ms
Path: /datum/religion_sect/preset/chaplain/clown
	qdel() Count: 1
	Destroy() Cost: 0.0026001ms
Path: /datum
	qdel() Count: 1
	Destroy() Cost: 0ms
