[18:37:54] Server '' starting up on 26.166.93.76:55796
[18:37:57]GAME: Abandoned Cargo Shuttle loaded at (92,134,4)
[18:37:57]GAME: escape_pod loaded at (192,28,3)
[18:37:57]GAME: Broken Breacher loaded at (188,187,3)
[18:37:57]GAME: planetarium loaded at (149,122,4)
[18:37:57]GAME: Space Toilet loaded at (187,79,4)
[18:37:57]GAME: Derelict Teleporter loaded at (60,202,4)
[18:37:58]GAME: Secrete Lab loaded at (48,108,3)
[18:38:48]ADMIN: fatfat/(FatFat) has started the game.
[18:38:50]MODE: Current master mode is extended
[18:38:50]MODE: Extended start because `minimum_player_count = 0`
[18:38:50]DEBUG: Next event of severity RoundStart in 0 minutes.
[18:38:50]DEBUG: Starting event 'Roundstart Nothing' of severity RoundStart.
[18:38:50]DEBUG: Next event of severity RoundStart in 0 minutes.
[18:38:50]GAME: RoundStart Event: Selected areas is nothing
[18:38:50]DEBUG: Starting event 'Break Light' of severity RoundStart.
[18:38:50]GAME: ANTAG LIST:
no antagonists this moment
[18:38:51]DEBUG: Event 'Roundstart Nothing' has completed at 12:00.
[18:38:51]DEBUG: Event 'Break Light' has completed at 12:00.
[18:38:51]DEBUG: Next event of severity Mundane in 16.464 minutes.
[18:38:51]DEBUG: Next event of severity Moderate in 43.916 minutes.
[18:38:51]DEBUG: Next event of severity Major in 53.9633 minutes.
[18:38:56]SAY: *no key*/(cyber horror) : [Secrete Lab]: H@!#$$P M@!$#
[18:39:00]SAY: *no key*/(cyber horror) : [Secrete Lab]: KR@!!N
[18:39:10] Graceful shutdown
