GC: -- [0xd000711] | /image was unable to be GC'd --
GC: -- [0x3000051] | /mob/living/simple_animal/hostile/asteroid/hivelordbrood was unable to be GC'd --
GC: -- [0x3000072] | /mob/living/simple_animal/hostile/asteroid/hivelordbrood was unable to be GC'd --
GC: -- [0x3000073] | /mob/living/simple_animal/hostile/asteroid/hivelordbrood was unable to be GC'd --
GC: -- [0x3000074] | /mob/living/simple_animal/hostile/asteroid/hivelordbrood was unable to be GC'd --
GC: -- [0x3000014] | /mob/living/simple_animal/hostile/asteroid/hivelordbrood was unable to be GC'd --
GC: -- [0x3000075] | /mob/living/simple_animal/hostile/asteroid/hivelordbrood was unable to be GC'd --
GC: -- [0x3000077] | /mob/living/simple_animal/hostile/asteroid/hivelordbrood was unable to be GC'd --
GC: -- [0x3000078] | /mob/living/simple_animal/hostile/asteroid/hivelordbrood was unable to be GC'd --
GC: -- [0x3000079] | /mob/living/simple_animal/hostile/asteroid/hivelordbrood was unable to be GC'd --
GC: -- [0x300007a] | /mob/living/simple_animal/hostile/asteroid/hivelordbrood was unable to be GC'd --
GC: -- [0x3000076] | /mob/living/simple_animal/hostile/asteroid/hivelordbrood was unable to be GC'd --
GC: -- [0x300007b] | /mob/living/simple_animal/hostile/asteroid/hivelordbrood was unable to be GC'd --
GC: -- [0x300007e] | /mob/living/simple_animal/hostile/asteroid/hivelordbrood was unable to be GC'd --
GC: -- [0x300007f] | /mob/living/simple_animal/hostile/asteroid/hivelordbrood was unable to be GC'd --
GC: -- [0x3000080] | /mob/living/simple_animal/hostile/asteroid/hivelordbrood was unable to be GC'd --
GC: -- [0x3000081] | /mob/living/simple_animal/hostile/asteroid/hivelordbrood was unable to be GC'd --
GC: -- [0x300007d] | /mob/living/simple_animal/hostile/asteroid/hivelordbrood was unable to be GC'd --
GC: -- [0x3000082] | /mob/living/simple_animal/hostile/asteroid/hivelordbrood was unable to be GC'd --
GC: -- [0x3000083] | /mob/living/simple_animal/hostile/asteroid/hivelordbrood was unable to be GC'd --
GC: -- [0x3000085] | /mob/living/simple_animal/hostile/asteroid/hivelordbrood was unable to be GC'd --
GC: -- [0x3000087] | /mob/living/simple_animal/hostile/asteroid/hivelordbrood was unable to be GC'd --
GC: -- [0x3000084] | /mob/living/simple_animal/hostile/asteroid/hivelordbrood was unable to be GC'd --
GC: -- [0x3000086] | /mob/living/simple_animal/hostile/asteroid/hivelordbrood was unable to be GC'd --
GC: -- [0x3000089] | /mob/living/simple_animal/hostile/asteroid/hivelordbrood was unable to be GC'd --
GC: -- [0x300008a] | /mob/living/simple_animal/hostile/asteroid/hivelordbrood was unable to be GC'd --
GC: -- [0x300008b] | /mob/living/simple_animal/hostile/asteroid/hivelordbrood was unable to be GC'd --
GC: -- [0x300008c] | /mob/living/simple_animal/hostile/asteroid/hivelordbrood was unable to be GC'd --
GC: -- [0x300008d] | /mob/living/simple_animal/hostile/asteroid/hivelordbrood was unable to be GC'd --
GC: -- [0x3000088] | /mob/living/simple_animal/hostile/asteroid/hivelordbrood was unable to be GC'd --
GC: -- [0x300008e] | /mob/living/simple_animal/hostile/asteroid/hivelordbrood was unable to be GC'd --
GC: -- [0x3000092] | /mob/living/simple_animal/hostile/asteroid/hivelordbrood was unable to be GC'd --
GC: -- [0x300008f] | /mob/living/simple_animal/hostile/asteroid/hivelordbrood was unable to be GC'd --
GC: -- [0x3000090] | /mob/living/simple_animal/hostile/asteroid/hivelordbrood was unable to be GC'd --
GC: -- [0x3000091] | /mob/living/simple_animal/hostile/asteroid/hivelordbrood was unable to be GC'd --
GC: -- [0x3000093] | /mob/living/simple_animal/hostile/asteroid/hivelordbrood was unable to be GC'd --
GC: -- [0x3000094] | /mob/living/simple_animal/hostile/asteroid/hivelordbrood was unable to be GC'd --
GC: -- [0x3000098] | /mob/living/simple_animal/hostile/asteroid/hivelordbrood was unable to be GC'd --
GC: -- [0x3000095] | /mob/living/simple_animal/hostile/asteroid/hivelordbrood was unable to be GC'd --
GC: -- [0x3000096] | /mob/living/simple_animal/hostile/asteroid/hivelordbrood was unable to be GC'd --
GC: -- [0x3000097] | /mob/living/simple_animal/hostile/asteroid/hivelordbrood was unable to be GC'd --
GC: -- [0x3000099] | /mob/living/simple_animal/hostile/asteroid/hivelordbrood was unable to be GC'd --
GC: -- [0x300009a] | /mob/living/simple_animal/hostile/asteroid/hivelordbrood was unable to be GC'd --
GC: -- [0x300009b] | /mob/living/simple_animal/hostile/asteroid/hivelordbrood was unable to be GC'd --
GC: -- [0x300009c] | /mob/living/simple_animal/hostile/asteroid/hivelordbrood was unable to be GC'd --
GC: -- [0x300009d] | /mob/living/simple_animal/hostile/asteroid/hivelordbrood was unable to be GC'd --
GC: -- [0x300009e] | /mob/living/simple_animal/hostile/asteroid/hivelordbrood was unable to be GC'd --
GC: -- [0x300009f] | /mob/living/simple_animal/hostile/asteroid/hivelordbrood was unable to be GC'd --
GC: -- [0x30000a0] | /mob/living/simple_animal/hostile/asteroid/hivelordbrood was unable to be GC'd --
GC: -- [0x30000a1] | /mob/living/simple_animal/hostile/asteroid/hivelordbrood was unable to be GC'd --
GC: -- [0x30000a2] | /mob/living/simple_animal/hostile/asteroid/hivelordbrood was unable to be GC'd --
GC: -- [0x30000a3] | /mob/living/simple_animal/hostile/asteroid/hivelordbrood was unable to be GC'd --
GC: -- [0x30000a4] | /mob/living/simple_animal/hostile/asteroid/hivelordbrood was unable to be GC'd --
GC: -- [0x30000a9] | /mob/living/simple_animal/hostile/asteroid/hivelordbrood was unable to be GC'd --
GC: -- [0x30000a5] | /mob/living/simple_animal/hostile/asteroid/hivelordbrood was unable to be GC'd --
GC: -- [0x30000aa] | /mob/living/simple_animal/hostile/asteroid/hivelordbrood was unable to be GC'd --
GC: -- [0x30000a6] | /mob/living/simple_animal/hostile/asteroid/hivelordbrood was unable to be GC'd --
GC: -- [0x30000a7] | /mob/living/simple_animal/hostile/asteroid/hivelordbrood was unable to be GC'd --
GC: -- [0x202cb6e] | /obj/item/weapon/cartridge/captain was unable to be GC'd --
GC: -- [0x202cb6d] | /obj/item/device/pda/captain was unable to be GC'd --
GC: -- [0x30000a8] | /mob/living/simple_animal/hostile/asteroid/hivelordbrood was unable to be GC'd --
GC: -- [0x30000ab] | /mob/living/simple_animal/hostile/asteroid/hivelordbrood was unable to be GC'd --
GC: -- [0x30000ad] | /mob/living/simple_animal/hostile/asteroid/hivelordbrood was unable to be GC'd --
GC: -- [0x30000ac] | /mob/living/simple_animal/hostile/asteroid/hivelordbrood was unable to be GC'd --
GC: -- [0x30000b0] | /mob/living/simple_animal/hostile/asteroid/hivelordbrood was unable to be GC'd --
GC: -- [0x30000b2] | /mob/living/simple_animal/hostile/asteroid/hivelordbrood was unable to be GC'd --
GC: -- [0x30000ae] | /mob/living/simple_animal/hostile/asteroid/hivelordbrood was unable to be GC'd --
GC: -- [0x30000af] | /mob/living/simple_animal/hostile/asteroid/hivelordbrood was unable to be GC'd --
GC: -- [0x30000b1] | /mob/living/simple_animal/hostile/asteroid/hivelordbrood was unable to be GC'd --
GC: -- [0x30000b3] | /mob/living/simple_animal/hostile/asteroid/hivelordbrood was unable to be GC'd --
GC: -- [0x30000b4] | /mob/living/simple_animal/hostile/asteroid/hivelordbrood was unable to be GC'd --
GC: -- [0x30000b5] | /mob/living/simple_animal/hostile/asteroid/hivelordbrood was unable to be GC'd --
GC: -- [0x30000b7] | /mob/living/simple_animal/hostile/asteroid/hivelordbrood was unable to be GC'd --
GC: -- [0x30000b8] | /mob/living/simple_animal/hostile/asteroid/hivelordbrood was unable to be GC'd --
GC: -- [0x30000b9] | /mob/living/simple_animal/hostile/asteroid/hivelordbrood was unable to be GC'd --
GC: -- [0x30000ba] | /mob/living/simple_animal/hostile/asteroid/hivelordbrood was unable to be GC'd --
GC: -- [0x30000bb] | /mob/living/simple_animal/hostile/asteroid/hivelordbrood was unable to be GC'd --
GC: -- [0x30000b6] | /mob/living/simple_animal/hostile/asteroid/hivelordbrood was unable to be GC'd --
GC: -- [0x30000bc] | /mob/living/simple_animal/hostile/asteroid/hivelordbrood was unable to be GC'd --
GC: -- [0x30000bd] | /mob/living/simple_animal/hostile/asteroid/hivelordbrood was unable to be GC'd --
GC: -- [0x30000be] | /mob/living/simple_animal/hostile/asteroid/hivelordbrood was unable to be GC'd --
GC: -- [0x30000bf] | /mob/living/simple_animal/hostile/asteroid/hivelordbrood was unable to be GC'd --
GC: -- [0x30000c0] | /mob/living/simple_animal/hostile/asteroid/hivelordbrood was unable to be GC'd --
GC: -- [0x30000c1] | /mob/living/simple_animal/hostile/asteroid/hivelordbrood was unable to be GC'd --
GC: -- [0x30000c2] | /mob/living/simple_animal/hostile/asteroid/hivelordbrood was unable to be GC'd --
GC: -- [0x30000c3] | /mob/living/simple_animal/hostile/asteroid/hivelordbrood was unable to be GC'd --
GC: -- [0x30000c4] | /mob/living/simple_animal/hostile/asteroid/hivelordbrood was unable to be GC'd --
GC: -- [0x30000c5] | /mob/living/simple_animal/hostile/asteroid/hivelordbrood was unable to be GC'd --
GC: -- [0x30000c6] | /mob/living/simple_animal/hostile/asteroid/hivelordbrood was unable to be GC'd --
GC: -- [0x30000c7] | /mob/living/simple_animal/hostile/asteroid/hivelordbrood was unable to be GC'd --
GC: -- [0x30000c9] | /mob/living/simple_animal/hostile/asteroid/hivelordbrood was unable to be GC'd --
GC: -- [0x30000c8] | /mob/living/simple_animal/hostile/asteroid/hivelordbrood was unable to be GC'd --
GC: -- [0x30000ca] | /mob/living/simple_animal/hostile/asteroid/hivelordbrood was unable to be GC'd --
GC: -- [0x30000cb] | /mob/living/simple_animal/hostile/asteroid/hivelordbrood was unable to be GC'd --
GC: -- [0x30000cc] | /mob/living/simple_animal/hostile/asteroid/hivelordbrood was unable to be GC'd --
GC: -- [0x30000cd] | /mob/living/simple_animal/hostile/asteroid/hivelordbrood was unable to be GC'd --
GC: -- [0x30000ce] | /mob/living/simple_animal/hostile/asteroid/hivelordbrood was unable to be GC'd --
GC: -- [0x30000d2] | /mob/living/simple_animal/hostile/asteroid/hivelordbrood was unable to be GC'd --
GC: -- [0x30000cf] | /mob/living/simple_animal/hostile/asteroid/hivelordbrood was unable to be GC'd --
GC: -- [0x30000d0] | /mob/living/simple_animal/hostile/asteroid/hivelordbrood was unable to be GC'd --
GC: -- [0x30000d1] | /mob/living/simple_animal/hostile/asteroid/hivelordbrood was unable to be GC'd --
GC: -- [0x30000d3] | /mob/living/simple_animal/hostile/asteroid/hivelordbrood was unable to be GC'd --
GC: -- [0x30000d4] | /mob/living/simple_animal/hostile/asteroid/hivelordbrood was unable to be GC'd --
GC: -- [0x30000d5] | /mob/living/simple_animal/hostile/asteroid/hivelordbrood was unable to be GC'd --
GC: -- [0x30000d6] | /mob/living/simple_animal/hostile/asteroid/hivelordbrood was unable to be GC'd --
GC: -- [0x30000d7] | /mob/living/simple_animal/hostile/asteroid/hivelordbrood was unable to be GC'd --
GC: -- [0x30000d8] | /mob/living/simple_animal/hostile/asteroid/hivelordbrood was unable to be GC'd --
GC: -- [0x30000d9] | /mob/living/simple_animal/hostile/asteroid/hivelordbrood was unable to be GC'd --
GC: -- [0x30000da] | /mob/living/simple_animal/hostile/asteroid/hivelordbrood was unable to be GC'd --
GC: -- [0x30000db] | /mob/living/simple_animal/hostile/asteroid/hivelordbrood was unable to be GC'd --
GC: -- [0x30000de] | /mob/living/simple_animal/hostile/asteroid/hivelordbrood was unable to be GC'd --
GC: -- [0x30000dc] | /mob/living/simple_animal/hostile/asteroid/hivelordbrood was unable to be GC'd --
GC: -- [0x30000e1] | /mob/living/simple_animal/hostile/asteroid/hivelordbrood was unable to be GC'd --
GC: -- [0x30000dd] | /mob/living/simple_animal/hostile/asteroid/hivelordbrood was unable to be GC'd --
GC: -- [0x30000e2] | /mob/living/simple_animal/hostile/asteroid/hivelordbrood was unable to be GC'd --
GC: -- [0x30000df] | /mob/living/simple_animal/hostile/asteroid/hivelordbrood was unable to be GC'd --
GC: -- [0x30000e0] | /mob/living/simple_animal/hostile/asteroid/hivelordbrood was unable to be GC'd --
GC: -- [0x30000e6] | /mob/living/simple_animal/hostile/asteroid/hivelordbrood was unable to be GC'd --
GC: -- [0x30000e5] | /mob/living/simple_animal/hostile/asteroid/hivelordbrood was unable to be GC'd --
GC: -- [0x30000e3] | /mob/living/simple_animal/hostile/asteroid/hivelordbrood was unable to be GC'd --
GC: -- [0x30000e4] | /mob/living/simple_animal/hostile/asteroid/hivelordbrood was unable to be GC'd --
GC: -- [0x30000e8] | /mob/living/simple_animal/hostile/asteroid/hivelordbrood was unable to be GC'd --
GC: -- [0x30000e9] | /mob/living/simple_animal/hostile/asteroid/hivelordbrood was unable to be GC'd --
GC: -- [0x30000ea] | /mob/living/simple_animal/hostile/asteroid/hivelordbrood was unable to be GC'd --
GC: -- [0x30000eb] | /mob/living/simple_animal/hostile/asteroid/hivelordbrood was unable to be GC'd --
GC: -- [0x30000ec] | /mob/living/simple_animal/hostile/asteroid/hivelordbrood was unable to be GC'd --
GC: -- [0x30000e7] | /mob/living/simple_animal/hostile/asteroid/hivelordbrood was unable to be GC'd --
GC: -- [0x30000ed] | /mob/living/simple_animal/hostile/asteroid/hivelordbrood was unable to be GC'd --
GC: -- [0x30000ee] | /mob/living/simple_animal/hostile/asteroid/hivelordbrood was unable to be GC'd --
GC: -- [0x30000f0] | /mob/living/simple_animal/hostile/asteroid/hivelordbrood was unable to be GC'd --
GC: -- [0x30000f1] | /mob/living/simple_animal/hostile/asteroid/hivelordbrood was unable to be GC'd --
GC: -- [0x30000f2] | /mob/living/simple_animal/hostile/asteroid/hivelordbrood was unable to be GC'd --
GC: -- [0x30000f3] | /mob/living/simple_animal/hostile/asteroid/hivelordbrood was unable to be GC'd --
GC: -- [0x30000f4] | /mob/living/simple_animal/hostile/asteroid/hivelordbrood was unable to be GC'd --
Path: /obj/item/device/pda/captain
	Failures: 1
	qdel() Count: 1
	Destroy() Cost: 0.2313ms
	Total Hard Deletes 1
	Time Spent Hard Deleting: 27.3751ms
Path: /image
	Failures: 1
	qdel() Count: 1229
	Destroy() Cost: 9.68141ms
	Total Hard Deletes 1
	Time Spent Hard Deleting: 24.3395ms
Path: /mob/living/simple_animal/hostile/asteroid/hivelordbrood
	Failures: 131
	qdel() Count: 183
	Destroy() Cost: 81.8801ms
	Total Hard Deletes 126
	Time Spent Hard Deleting: 16.6452ms
Path: /obj/item/weapon/cartridge/captain
	Failures: 1
	qdel() Count: 1
	Destroy() Cost: 0.0252991ms
	Total Hard Deletes 1
	Time Spent Hard Deleting: 0.6605ms
Path: /datum/tgui_modal
	qdel() Count: 4
	Destroy() Cost: 105.896ms
Path: /datum/light_source
	qdel() Count: 369
	Destroy() Cost: 81.4471ms
Path: /datum/timedevent
	qdel() Count: 4651
	Destroy() Cost: 69.1764ms
Path: /obj/item/weapon/flora/random
	qdel() Count: 89
	Destroy() Cost: 51.1016ms
Path: /datum/component/clickplace
	qdel() Count: 162
	Destroy() Cost: 38.3445ms
Path: /obj/effect/effect/sparks
	qdel() Count: 116
	Destroy() Cost: 29.5451ms
Path: /datum/combo_handler
	qdel() Count: 118
	Destroy() Cost: 14.5919ms
Path: /datum/component/mechanic_desc
	qdel() Count: 280
	Destroy() Cost: 14.4424ms
Path: /obj/item/stack/cable_coil/random
	qdel() Count: 95
	Destroy() Cost: 11.0645ms
Path: /datum/progressbar
	qdel() Count: 124
	Destroy() Cost: 10.0528ms
Path: /obj/effect/projectile/laser/tracer
	qdel() Count: 42
	Destroy() Cost: 10.0349ms
Path: /obj/effect/spawner/lootdrop/maintenance
	qdel() Count: 46
	Destroy() Cost: 7.1692ms
Path: /datum/runechat
	qdel() Count: 96
	Destroy() Cost: 6.4384ms
Path: /obj/effect/goliath_tentacle
	qdel() Count: 87
	Destroy() Cost: 6.2731ms
Path: /obj/machinery/light
	qdel() Count: 8
	Destroy() Cost: 5.9763ms
Path: /obj/effect/landmark
	qdel() Count: 65
	Destroy() Cost: 5.1531ms
Path: /mob/dead/observer
	qdel() Count: 3
	Destroy() Cost: 4.1086ms
Path: /obj/random/foods/donuts
	qdel() Count: 72
	Destroy() Cost: 4.05922ms
Path: /obj/effect/spawner/lootdrop/maintenance/two
	qdel() Count: 36
	Destroy() Cost: 3.5258ms
Path: /atom/movable/lighting_object
	qdel() Count: 105
	Destroy() Cost: 3.4154ms
Path: /datum/component/tactical
	qdel() Count: 89
	Destroy() Cost: 3.4005ms
Path: /datum/hud
	qdel() Count: 3
	Destroy() Cost: 3.37195ms
Path: /obj/item/weapon/storage/backpack/captain
	qdel() Count: 2
	Destroy() Cost: 3.13722ms
Path: /obj/effect/landmark/start/assistant/test_subject
	qdel() Count: 25
	Destroy() Cost: 3.03237ms
Path: /mob/dead/new_player
	qdel() Count: 2
	Destroy() Cost: 3.00695ms
Path: /datum/component/twohanded
	qdel() Count: 89
	Destroy() Cost: 2.96089ms
Path: /obj/random/vending/snack
	qdel() Count: 24
	Destroy() Cost: 2.8389ms
Path: /datum/hud/ghost
	qdel() Count: 2
	Destroy() Cost: 2.5315ms
Path: /obj/random/vending/cola
	qdel() Count: 23
	Destroy() Cost: 2.2529ms
Path: /mob/living/carbon/human/dummy
	qdel() Count: 1
	Destroy() Cost: 2.2197ms
Path: /obj/random/foods/food_trash
	qdel() Count: 18
	Destroy() Cost: 2.1349ms
Path: /obj/effect/landmark/start/scientist
	qdel() Count: 6
	Destroy() Cost: 1.99795ms
Path: /obj/structure/sign/poster/contraband/random
	qdel() Count: 15
	Destroy() Cost: 1.9183ms
Path: /obj/random/tools/tech_supply
	qdel() Count: 23
	Destroy() Cost: 1.7868ms
Path: /obj/effect/spawner/lootdrop/maintenance/four
	qdel() Count: 16
	Destroy() Cost: 1.77801ms
Path: /obj/effect/spawner/lootdrop/maintenance/three
	qdel() Count: 16
	Destroy() Cost: 1.6588ms
Path: /obj/effect/landmark/corpse/scientist
	qdel() Count: 5
	Destroy() Cost: 1.6365ms
Path: /obj/effect/projectile/laser_pulse/tracer
	qdel() Count: 7
	Destroy() Cost: 1.6201ms
Path: /obj/structure/window/reinforced
	qdel() Count: 5
	Destroy() Cost: 1.5396ms
Path: /obj/effect/goliath_tentacle/original
	qdel() Count: 29
	Destroy() Cost: 1.364ms
Path: /obj/random/scrap/dense_weighted
	qdel() Count: 19
	Destroy() Cost: 1.36009ms
Path: /datum/reagent/aqueous_foam
	qdel() Count: 127
	Destroy() Cost: 1.35142ms
Path: /datum/mechanic_tip/clickplace
	qdel() Count: 162
	Destroy() Cost: 1.31339ms
Path: /obj/random/scrap/sparse_weighted
	qdel() Count: 19
	Destroy() Cost: 1.2187ms
Path: /obj/item/stack/sheet/metal
	qdel() Count: 6
	Destroy() Cost: 1.1177ms
Path: /obj/random/cloth/armor
	qdel() Count: 10
	Destroy() Cost: 1.0989ms
Path: /obj/random/scrap/moderate_weighted
	qdel() Count: 34
	Destroy() Cost: 1.0678ms
Path: /obj/item/weapon/storage/box/survival
	qdel() Count: 1
	Destroy() Cost: 1.0334ms
Path: /datum/component/swiping
	qdel() Count: 5
	Destroy() Cost: 1.03069ms
Path: /obj/random/melee
	qdel() Count: 16
	Destroy() Cost: 1.025ms
Path: /obj/effect/landmark/latejoin
	qdel() Count: 10
	Destroy() Cost: 1.0127ms
Path: /obj/random/cloth/helmet
	qdel() Count: 10
	Destroy() Cost: 0.928802ms
Path: /obj/random/guns/projectile_handgun
	qdel() Count: 12
	Destroy() Cost: 0.902201ms
Path: /obj/structure/stool/bed/chair
	qdel() Count: 5
	Destroy() Cost: 0.898499ms
Path: /obj/effect/decal/cleanable/blood/splatter
	qdel() Count: 10
	Destroy() Cost: 0.859497ms
Path: /obj/item/weapon/storage/box/ids
	qdel() Count: 1
	Destroy() Cost: 0.779599ms
Path: /obj/random/misc/book
	qdel() Count: 5
	Destroy() Cost: 0.774698ms
Path: /obj/structure/sign/poster/random
	qdel() Count: 7
	Destroy() Cost: 0.762901ms
Path: /obj/effect/landmark/start/paramedic
	qdel() Count: 2
	Destroy() Cost: 0.730591ms
Path: /obj/structure/lattice
	qdel() Count: 4
	Destroy() Cost: 0.695499ms
Path: /datum/mechanic_tip/twohanded/required
	qdel() Count: 89
	Destroy() Cost: 0.684595ms
Path: /obj/item/clothing/under/rank/captain
	qdel() Count: 2
	Destroy() Cost: 0.683627ms
Path: /obj/effect/landmark/dealer_spawn
	qdel() Count: 4
	Destroy() Cost: 0.672803ms
Path: /datum/component/rite/spawn_item
	qdel() Count: 11
	Destroy() Cost: 0.6455ms
Path: /obj/effect/landmark/corpse/bridgeofficer
	qdel() Count: 4
	Destroy() Cost: 0.6056ms
Path: /obj/effect/landmark/start/botanist
	qdel() Count: 4
	Destroy() Cost: 0.567895ms
Path: /obj/item/projectile/beam
	qdel() Count: 6
	Destroy() Cost: 0.542201ms
Path: /obj/item/clothing/head/caphat
	qdel() Count: 2
	Destroy() Cost: 0.525366ms
Path: /obj/effect/projectile/laser_pulse/impact
	qdel() Count: 6
	Destroy() Cost: 0.507ms
Path: /obj/effect/landmark/start/wizard
	qdel() Count: 7
	Destroy() Cost: 0.504701ms
Path: /obj/item/organ/external/chest
	qdel() Count: 1
	Destroy() Cost: 0.4996ms
Path: /obj/effect/projectile/laser_pulse/muzzle
	qdel() Count: 6
	Destroy() Cost: 0.4983ms
Path: /obj/random/tools/tool
	qdel() Count: 6
	Destroy() Cost: 0.495599ms
Path: /datum/action/item_action
	qdel() Count: 1
	Destroy() Cost: 0.481799ms
Path: /obj/effect/landmark/cops_spawn
	qdel() Count: 12
	Destroy() Cost: 0.477805ms
Path: /obj/effect/projectile/laser/impact
	qdel() Count: 6
	Destroy() Cost: 0.4759ms
Path: /obj/random/guns/energy_weapon
	qdel() Count: 8
	Destroy() Cost: 0.468103ms
Path: /obj/random/guns/projectile_assault
	qdel() Count: 6
	Destroy() Cost: 0.455999ms
Path: /obj/item/clothing/shoes/brown
	qdel() Count: 2
	Destroy() Cost: 0.451112ms
Path: /datum/signal
	qdel() Count: 60
	Destroy() Cost: 0.444102ms
Path: /obj/item/weapon/card/id
	qdel() Count: 7
	Destroy() Cost: 0.439099ms
Path: /obj/effect/projectile/laser/muzzle
	qdel() Count: 6
	Destroy() Cost: 0.4253ms
Path: /obj/effect/landmark/corpse/securityofficer
	qdel() Count: 1
	Destroy() Cost: 0.408401ms
Path: /obj/effect/overlay/blurb
	qdel() Count: 1
	Destroy() Cost: 0.4056ms
Path: /obj/effect/decal/cleanable/greenglow
	qdel() Count: 2
	Destroy() Cost: 0.3933ms
Path: /obj/structure/sign/poster/official/random
	qdel() Count: 4
	Destroy() Cost: 0.382397ms
Path: /atom/movable/screen/movable/action_button
	qdel() Count: 1
	Destroy() Cost: 0.3808ms
Path: /obj/effect/landmark/corpse/doctor
	qdel() Count: 3
	Destroy() Cost: 0.376401ms
Path: /datum/modval_modifier
	qdel() Count: 41
	Destroy() Cost: 0.374796ms
Path: /obj/item/device/radio/headset/heads/captain
	qdel() Count: 1
	Destroy() Cost: 0.3705ms
Path: /mob/autosay
	qdel() Count: 1
	Destroy() Cost: 0.3482ms
Path: /datum/orbit
	qdel() Count: 7
	Destroy() Cost: 0.347394ms
Path: /obj/item/clothing/glasses/sunglasses
	qdel() Count: 2
	Destroy() Cost: 0.34677ms
Path: /datum/tgui
	qdel() Count: 21
	Destroy() Cost: 0.3408ms
Path: /obj/machinery/camera
	qdel() Count: 1
	Destroy() Cost: 0.3401ms
Path: /obj/effect/spawner/lootdrop/glowstick
	qdel() Count: 4
	Destroy() Cost: 0.330302ms
Path: /obj/item/projectile/beam/pulse
	qdel() Count: 6
	Destroy() Cost: 0.326501ms
Path: /datum/recipe/microwave/human
	qdel() Count: 21
	Destroy() Cost: 0.324913ms
Path: /obj/item/cardboard_cutout
	qdel() Count: 2
	Destroy() Cost: 0.319799ms
Path: /obj/effect/landmark/start/medical_doctor
	qdel() Count: 6
	Destroy() Cost: 0.313818ms
Path: /obj/item/projectile/energy
	qdel() Count: 4
	Destroy() Cost: 0.2951ms
Path: /obj/effect/temp_visual/sparkles
	qdel() Count: 2
	Destroy() Cost: 0.2826ms
Path: /obj/item/organ/external/head
	qdel() Count: 1
	Destroy() Cost: 0.248099ms
Path: /obj/item/device/transfer_valve
	qdel() Count: 1
	Destroy() Cost: 0.2451ms
Path: /obj/item/weapon/tank/emergency_oxygen
	qdel() Count: 1
	Destroy() Cost: 0.2354ms
Path: /datum/mechanic_tip/forcefielded
	qdel() Count: 24
	Destroy() Cost: 0.2321ms
Path: /obj/item/weapon/storage/backpack
	qdel() Count: 1
	Destroy() Cost: 0.2302ms
Path: /obj/item/weapon/reagent_containers/hypospray/autoinjector
	qdel() Count: 1
	Destroy() Cost: 0.2282ms
Path: /obj/random/misc/all
	qdel() Count: 2
	Destroy() Cost: 0.227997ms
Path: /obj/effect/decal/cleanable/blood/drip
	qdel() Count: 1
	Destroy() Cost: 0.223572ms
Path: /obj/effect/gibspawner/human
	qdel() Count: 2
	Destroy() Cost: 0.223401ms
Path: /obj/effect/landmark/corpse/engineer
	qdel() Count: 1
	Destroy() Cost: 0.2192ms
Path: /obj/machinery/blackbox_recorder
	qdel() Count: 2
	Destroy() Cost: 0.2149ms
Path: /obj/structure/disposalholder
	qdel() Count: 1
	Destroy() Cost: 0.2083ms
Path: /obj/item/device/pda
	qdel() Count: 1
	Destroy() Cost: 0.206696ms
Path: /obj/random/meds/chemical_bottle
	qdel() Count: 1
	Destroy() Cost: 0.201603ms
Path: /obj/effect/decal/point
	qdel() Count: 2
	Destroy() Cost: 0.1884ms
Path: /obj/effect/proc_holder/spell/targeted/area_teleport
	qdel() Count: 1
	Destroy() Cost: 0.1866ms
Path: /obj/effect/landmark/abductor/console
	qdel() Count: 4
	Destroy() Cost: 0.180901ms
Path: /obj/effect/temp_visual/pulse
	qdel() Count: 2
	Destroy() Cost: 0.1758ms
Path: /obj/effect/landmark/start/research_assistant
	qdel() Count: 3
	Destroy() Cost: 0.174316ms
Path: /datum/religion_rites/instant/spawn_item/cult/talisman
	qdel() Count: 1
	Destroy() Cost: 0.174301ms
Path: /obj/effect/landmark/start/velocity_officer
	qdel() Count: 3
	Destroy() Cost: 0.164307ms
Path: /obj/random/tools/powercell
	qdel() Count: 3
	Destroy() Cost: 0.157299ms
Path: /datum/thrownthing
	qdel() Count: 3
	Destroy() Cost: 0.157ms
Path: /obj/item/clothing/mask/breath
	qdel() Count: 1
	Destroy() Cost: 0.156599ms
Path: /obj/effect/gibspawner/robot
	qdel() Count: 1
	Destroy() Cost: 0.1476ms
Path: /obj/item/projectile/temp/basilisk
	qdel() Count: 1
	Destroy() Cost: 0.1474ms
Path: /obj/random/foods/drink_can
	qdel() Count: 3
	Destroy() Cost: 0.147203ms
Path: /obj/effect/landmark/start/technical_assistant
	qdel() Count: 3
	Destroy() Cost: 0.146387ms
Path: /obj/effect/landmark/start/security_officer
	qdel() Count: 6
	Destroy() Cost: 0.14353ms
Path: /obj/effect/landmark/corpse/engineer/rig
	qdel() Count: 1
	Destroy() Cost: 0.141899ms
Path: /datum/component/rite/consent
	qdel() Count: 5
	Destroy() Cost: 0.140999ms
Path: /obj/item/mecha_parts/mecha_tracking
	qdel() Count: 1
	Destroy() Cost: 0.137299ms
Path: /obj/effect/spawner/lootdrop/gloves
	qdel() Count: 2
	Destroy() Cost: 0.136698ms
Path: /obj/effect/proc_holder/spell/targeted/enthrall
	qdel() Count: 1
	Destroy() Cost: 0.134702ms
Path: /atom/movable/screen/plane_master/floor
	qdel() Count: 5
	Destroy() Cost: 0.133599ms
Path: /obj/machinery/door/firedoor
	qdel() Count: 1
	Destroy() Cost: 0.1334ms
Path: /obj/effect/landmark/start/station_engineer
	qdel() Count: 5
	Destroy() Cost: 0.131909ms
Path: /obj/effect/landmark/corpse/syndicatesoldier
	qdel() Count: 1
	Destroy() Cost: 0.130001ms
Path: /obj/effect/landmark/start/internal_affairs_agent
	qdel() Count: 2
	Destroy() Cost: 0.124707ms
Path: /obj/item/weapon/tank/phoron
	qdel() Count: 1
	Destroy() Cost: 0.1214ms
Path: /obj/effect/landmark/start/security_cadet
	qdel() Count: 3
	Destroy() Cost: 0.120313ms
Path: /obj/item/weapon/melee/chainofcommand
	qdel() Count: 2
	Destroy() Cost: 0.113007ms
Path: /obj/item/organ/internal/heart
	qdel() Count: 1
	Destroy() Cost: 0.108499ms
Path: /obj/effect/landmark/start/shaft_miner
	qdel() Count: 3
	Destroy() Cost: 0.107007ms
Path: /obj/effect/landmark/corpse/commander
	qdel() Count: 1
	Destroy() Cost: 0.105598ms
Path: /datum/aspect/science
	qdel() Count: 1
	Destroy() Cost: 0.104001ms
Path: /obj/effect/landmark/start/cargo_technician
	qdel() Count: 3
	Destroy() Cost: 0.100293ms
Path: /obj/effect/proc_holder/spell/targeted/ethereal_jaunt
	qdel() Count: 1
	Destroy() Cost: 0.0998993ms
Path: /atom/movable/screen/plane_master/game_world_above
	qdel() Count: 5
	Destroy() Cost: 0.0998196ms
Path: /obj/effect/landmark/start/recycler
	qdel() Count: 3
	Destroy() Cost: 0.099292ms
Path: /obj/effect/proc_holder/spell/targeted/area_teleport/teleport
	qdel() Count: 1
	Destroy() Cost: 0.0966003ms
Path: /obj/random/misc/toy
	qdel() Count: 1
	Destroy() Cost: 0.0942001ms
Path: /datum/aspect/death
	qdel() Count: 1
	Destroy() Cost: 0.0890991ms
Path: /obj/effect/spawner/lootdrop/maintenance/six
	qdel() Count: 1
	Destroy() Cost: 0.0888996ms
Path: /datum/component/mood
	qdel() Count: 1
	Destroy() Cost: 0.0884003ms
Path: /obj/effect/landmark/start/cyborg
	qdel() Count: 3
	Destroy() Cost: 0.086084ms
Path: /datum/religion_rites/standing/spawn_item/call_animal
	qdel() Count: 1
	Destroy() Cost: 0.0850006ms
Path: /obj/item/organ/external/r_arm
	qdel() Count: 1
	Destroy() Cost: 0.0844025ms
Path: /obj/effect/landmark/start/chief_engineer
	qdel() Count: 1
	Destroy() Cost: 0.0835937ms
Path: /atom/movable/screen/plane_master/game_world
	qdel() Count: 5
	Destroy() Cost: 0.0829685ms
Path: /atom/movable/screen/plane_master/rendering_plate/above_game_world
	qdel() Count: 5
	Destroy() Cost: 0.0829422ms
Path: /atom/movable/screen/plane_master/rendering_plate/master
	qdel() Count: 5
	Destroy() Cost: 0.0824047ms
Path: /obj/item/weapon/pen
	qdel() Count: 2
	Destroy() Cost: 0.0816009ms
Path: /atom/movable/plane_master_controller/game
	qdel() Count: 5
	Destroy() Cost: 0.0810112ms
Path: /atom/movable/screen/plane_master/camera_static
	qdel() Count: 5
	Destroy() Cost: 0.0799191ms
Path: /datum/religion_rites/standing/spawn_item
	qdel() Count: 1
	Destroy() Cost: 0.0794006ms
Path: /obj/effect/landmark/start
	qdel() Count: 1
	Destroy() Cost: 0.0791016ms
Path: /datum/atom_hud/alternate_appearance/basic/see_ghosts
	qdel() Count: 2
	Destroy() Cost: 0.0782043ms
Path: /obj/effect/landmark/start/xenoarchaeologist
	qdel() Count: 3
	Destroy() Cost: 0.0781982ms
Path: /atom/movable/screen/plane_master/gravpulse
	qdel() Count: 5
	Destroy() Cost: 0.078051ms
Path: /obj/effect/landmark/start/atmospheric_technician
	qdel() Count: 3
	Destroy() Cost: 0.0778809ms
Path: /obj/effect/spawner/lootdrop/maintenance/five
	qdel() Count: 1
	Destroy() Cost: 0.0775986ms
Path: /obj/random/foods/food_snack
	qdel() Count: 1
	Destroy() Cost: 0.0769005ms
Path: /atom/movable/screen/plane_master/rendering_plate
	qdel() Count: 5
	Destroy() Cost: 0.0758739ms
Path: /atom/movable/screen/plane_master/rendering_plate/non_game
	qdel() Count: 5
	Destroy() Cost: 0.0752861ms
Path: /datum/reagents
	qdel() Count: 2
	Destroy() Cost: 0.074501ms
Path: /datum/religion_rites/instant/spawn_item/cult/soulstone
	qdel() Count: 1
	Destroy() Cost: 0.074501ms
Path: /obj/effect/proc_holder/spell/targeted/barnyardcurse
	qdel() Count: 1
	Destroy() Cost: 0.0743988ms
Path: /obj/effect/proc_holder/spell/targeted/trigger/blind
	qdel() Count: 1
	Destroy() Cost: 0.0740021ms
Path: /atom/movable/screen/plane_master/rendering_plate/game_world
	qdel() Count: 5
	Destroy() Cost: 0.0737389ms
Path: /obj/effect/landmark/start/medical_intern
	qdel() Count: 3
	Destroy() Cost: 0.0731201ms
Path: /datum/religion_rites/standing/spawn_item/banana_ore
	qdel() Count: 1
	Destroy() Cost: 0.0707001ms
Path: /atom/movable/screen/plane_master/parallax_white
	qdel() Count: 5
	Destroy() Cost: 0.0704311ms
Path: /atom/movable/screen/plane_master/fullscreen
	qdel() Count: 5
	Destroy() Cost: 0.070227ms
Path: /atom/movable/screen/plane_master/parallax
	qdel() Count: 5
	Destroy() Cost: 0.0701527ms
Path: /datum/callback
	qdel() Count: 15
	Destroy() Cost: 0.0698003ms
Path: /atom/movable/screen/plane_master/area
	qdel() Count: 5
	Destroy() Cost: 0.0681206ms
Path: /atom/movable/screen/plane_master/above_lighting
	qdel() Count: 5
	Destroy() Cost: 0.0680721ms
Path: /datum/religion_rites/standing/spawn_item/create_sword
	qdel() Count: 1
	Destroy() Cost: 0.0677002ms
Path: /atom/movable/screen/plane_master/ghost
	qdel() Count: 5
	Destroy() Cost: 0.067149ms
Path: /datum/religion_rites/standing/spawn_item/banana
	qdel() Count: 1
	Destroy() Cost: 0.0667007ms
Path: /atom/movable/screen/plane_master/lighting
	qdel() Count: 5
	Destroy() Cost: 0.0666428ms
Path: /obj/item/organ/external/l_leg
	qdel() Count: 1
	Destroy() Cost: 0.0662994ms
Path: /obj/effect/proc_holder/spell/targeted/emplosion/disable_tech
	qdel() Count: 1
	Destroy() Cost: 0.0659027ms
Path: /atom/movable/screen/plane_master/singularity
	qdel() Count: 5
	Destroy() Cost: 0.0643219ms
Path: /atom/movable/screen/plane_master/ghost_illusion
	qdel() Count: 5
	Destroy() Cost: 0.0638931ms
Path: /obj/item/weapon/tank/oxygen
	qdel() Count: 1
	Destroy() Cost: 0.0638001ms
Path: /obj/effect/proc_holder/spell/in_hand/fireball
	qdel() Count: 1
	Destroy() Cost: 0.0627014ms
Path: /datum/quality/negativeish
	qdel() Count: 1
	Destroy() Cost: 0.0615997ms
Path: /datum/religion_rites/standing/consent
	qdel() Count: 1
	Destroy() Cost: 0.0615005ms
Path: /datum/religion_rites/instant/spawn_item/cult/constructshell
	qdel() Count: 1
	Destroy() Cost: 0.0610001ms
Path: /obj/item/organ/internal/eyes
	qdel() Count: 1
	Destroy() Cost: 0.0602997ms
Path: /datum/religion_rites/standing/spawn_item/talisman
	qdel() Count: 1
	Destroy() Cost: 0.0600006ms
Path: /obj/effect/landmark/start/librarian
	qdel() Count: 1
	Destroy() Cost: 0.0593994ms
Path: /obj/effect/landmark/start/chef
	qdel() Count: 2
	Destroy() Cost: 0.0589844ms
Path: /obj/effect/proc_holder/spell/targeted/shadowling_hivemind
	qdel() Count: 1
	Destroy() Cost: 0.0580994ms
Path: /atom/movable/screen/plane_master/point
	qdel() Count: 5
	Destroy() Cost: 0.0579243ms
Path: /obj/effect/landmark/start/janitor
	qdel() Count: 1
	Destroy() Cost: 0.0578125ms
Path: /datum/quality/positiveish
	qdel() Count: 1
	Destroy() Cost: 0.0578003ms
Path: /obj/effect/landmark/start/new_player
	qdel() Count: 1
	Destroy() Cost: 0.0569ms
Path: /datum/religion_rites/instant/spawn_item/cult
	qdel() Count: 1
	Destroy() Cost: 0.0567001ms
Path: /atom/movable/screen/plane_master/blackness
	qdel() Count: 5
	Destroy() Cost: 0.0566196ms
Path: /obj/item/device/assembly/signaler
	qdel() Count: 1
	Destroy() Cost: 0.0560989ms
Path: /obj/effect/proc_holder/spell/dumbfire
	qdel() Count: 1
	Destroy() Cost: 0.0552002ms
Path: /obj/effect/proc_holder/spell/targeted/emplosion
	qdel() Count: 1
	Destroy() Cost: 0.0537994ms
Path: /obj/effect/landmark/start/xenobiologist
	qdel() Count: 2
	Destroy() Cost: 0.0532715ms
Path: /datum/religion_rites/instant/spawn_item
	qdel() Count: 1
	Destroy() Cost: 0.0513ms
Path: /obj/effect/landmark/start/chemist
	qdel() Count: 2
	Destroy() Cost: 0.0509033ms
Path: /datum/bodypart_controller
	qdel() Count: 7
	Destroy() Cost: 0.0501984ms
Path: /obj/effect/landmark/start/chaplain
	qdel() Count: 1
	Destroy() Cost: 0.0498047ms
Path: /obj/effect/landmark/start/geneticist
	qdel() Count: 2
	Destroy() Cost: 0.0481934ms
Path: /obj/effect/landmark/start/roboticist
	qdel() Count: 2
	Destroy() Cost: 0.047876ms
Path: /obj/effect/proc_holder/spell/targeted/xeno_whisp
	qdel() Count: 1
	Destroy() Cost: 0.0477997ms
Path: /obj/effect/landmark/start/warden
	qdel() Count: 1
	Destroy() Cost: 0.0470947ms
Path: /obj/effect/proc_holder/spell/targeted
	qdel() Count: 1
	Destroy() Cost: 0.0467987ms
Path: /obj/random/foods/food_with_garbage
	qdel() Count: 1
	Destroy() Cost: 0.0461006ms
Path: /datum/religion_rites/standing/consent/sacrifice
	qdel() Count: 1
	Destroy() Cost: 0.0457001ms
Path: /obj/effect/proc_holder/spell/targeted/screech
	qdel() Count: 1
	Destroy() Cost: 0.0456024ms
Path: /obj/effect/proc_holder/spell/no_target/evolve_to_queen
	qdel() Count: 1
	Destroy() Cost: 0.045401ms
Path: /obj/item/organ/external/l_arm
	qdel() Count: 1
	Destroy() Cost: 0.0450989ms
Path: /datum/mechanic_tip/swiping
	qdel() Count: 5
	Destroy() Cost: 0.0446033ms
Path: /obj/effect/proc_holder/spell/in_hand/arcane_barrage
	qdel() Count: 1
	Destroy() Cost: 0.0438995ms
Path: /datum/gas_mixture
	qdel() Count: 4
	Destroy() Cost: 0.0437007ms
Path: /datum/religion_rites/standing/consent/synthconversion
	qdel() Count: 1
	Destroy() Cost: 0.0434998ms
Path: /obj/item/organ/external/r_leg
	qdel() Count: 1
	Destroy() Cost: 0.0434998ms
Path: /obj/item/organ/external/groin
	qdel() Count: 1
	Destroy() Cost: 0.0434021ms
Path: /datum/reagent/water
	qdel() Count: 4
	Destroy() Cost: 0.0429821ms
Path: /atom/movable/screen/mood
	qdel() Count: 1
	Destroy() Cost: 0.0400002ms
Path: /obj/effect/proc_holder/spell/targeted/inflict_handler/blind
	qdel() Count: 2
	Destroy() Cost: 0.0388ms
Path: /obj/effect/proc_holder/spell/no_target/resin
	qdel() Count: 1
	Destroy() Cost: 0.0386993ms
Path: /obj/effect/landmark/start/forensic_technician
	qdel() Count: 1
	Destroy() Cost: 0.0381836ms
Path: /obj/effect/proc_holder/spell/dumbfire/fireball
	qdel() Count: 1
	Destroy() Cost: 0.0375977ms
Path: /obj/effect/proc_holder/spell/no_target/larva_evolve
	qdel() Count: 1
	Destroy() Cost: 0.0372009ms
Path: /obj/item/organ/internal/brain
	qdel() Count: 1
	Destroy() Cost: 0.0370026ms
Path: /obj/effect/landmark/start/chief_medical_officer
	qdel() Count: 1
	Destroy() Cost: 0.036792ms
Path: /obj/effect/proc_holder/spell/aoe_turf/conjure/spawn_animal
	qdel() Count: 1
	Destroy() Cost: 0.0366974ms
Path: /obj/item/organ/internal/lungs
	qdel() Count: 1
	Destroy() Cost: 0.0365997ms
Path: /obj/effect/proc_holder/spell/targeted/transfer_plasma
	qdel() Count: 1
	Destroy() Cost: 0.0355988ms
Path: /datum/religion_rites/standing/consent/clownconversion
	qdel() Count: 1
	Destroy() Cost: 0.035199ms
Path: /datum/component/footstep
	qdel() Count: 1
	Destroy() Cost: 0.0351013ms
Path: /obj/effect/proc_holder/spell/targeted/genetic/blind
	qdel() Count: 2
	Destroy() Cost: 0.0350006ms
Path: /obj/effect/proc_holder/spell/no_target/syndi_drone
	qdel() Count: 1
	Destroy() Cost: 0.0350006ms
Path: /obj/effect/proc_holder/spell/no_target
	qdel() Count: 1
	Destroy() Cost: 0.0348999ms
Path: /obj/effect/proc_holder/spell/targeted/shadowling_regenarmor
	qdel() Count: 1
	Destroy() Cost: 0.0347015ms
Path: /obj/effect/proc_holder/spell/in_hand/tesla
	qdel() Count: 1
	Destroy() Cost: 0.0339996ms
Path: /obj/effect/proc_holder/spell/no_target/syndi_drone/boost
	qdel() Count: 1
	Destroy() Cost: 0.0335999ms
Path: /obj/effect/proc_holder/spell/in_hand/heal
	qdel() Count: 1
	Destroy() Cost: 0.0333008ms
Path: /datum/religion_rites/standing/consent/invite
	qdel() Count: 1
	Destroy() Cost: 0.0332001ms
Path: /obj/effect/landmark/start/mime
	qdel() Count: 1
	Destroy() Cost: 0.0323975ms
Path: /obj/effect/proc_holder/spell/aoe_turf/conjure/summonEdSwarm
	qdel() Count: 1
	Destroy() Cost: 0.0322998ms
Path: /obj/effect/proc_holder/spell/no_target/syndi_drone/smoke
	qdel() Count: 1
	Destroy() Cost: 0.0320007ms
Path: /obj/random/foods/food_without_garbage
	qdel() Count: 1
	Destroy() Cost: 0.0314026ms
Path: /obj/effect/landmark/start/clown
	qdel() Count: 1
	Destroy() Cost: 0.0309082ms
Path: /obj/effect/landmark/start/bartender
	qdel() Count: 1
	Destroy() Cost: 0.0308105ms
Path: /obj/effect/proc_holder/spell/targeted/explosion/fireball
	qdel() Count: 1
	Destroy() Cost: 0.0303986ms
Path: /obj/effect/landmark/start/detective
	qdel() Count: 1
	Destroy() Cost: 0.0301025ms
Path: /obj/effect/proc_holder/spell/targeted/zombie_findbrains
	qdel() Count: 1
	Destroy() Cost: 0.0300018ms
Path: /obj/effect/proc_holder/spell/targeted/shadowlingAscendantTransmit
	qdel() Count: 1
	Destroy() Cost: 0.0298981ms
Path: /obj/effect/proc_holder/spell/targeted/ethereal_jaunt/phaseshift
	qdel() Count: 1
	Destroy() Cost: 0.029599ms
Path: /obj/effect/landmark/start/assistant/waiter
	qdel() Count: 1
	Destroy() Cost: 0.0291992ms
Path: /obj/effect/landmark/start/captain
	qdel() Count: 1
	Destroy() Cost: 0.0285889ms
Path: /obj/effect/landmark/start/quartermaster
	qdel() Count: 1
	Destroy() Cost: 0.0284912ms
Path: /obj/effect/landmark/start/head_of_security
	qdel() Count: 1
	Destroy() Cost: 0.028418ms
Path: /obj/item/weapon/camera_assembly
	qdel() Count: 1
	Destroy() Cost: 0.0281998ms
Path: /obj/effect/proc_holder/spell/targeted/ethereal_jaunt/shadow_walk
	qdel() Count: 1
	Destroy() Cost: 0.0279999ms
Path: /obj/effect/landmark/start/psychiatrist
	qdel() Count: 1
	Destroy() Cost: 0.02771ms
Path: /obj/effect/proc_holder/spell/targeted/summonitem
	qdel() Count: 1
	Destroy() Cost: 0.0274994ms
Path: /obj/item/organ/internal/kidneys
	qdel() Count: 1
	Destroy() Cost: 0.0274017ms
Path: /obj/effect/landmark/start/head_of_personnel
	qdel() Count: 1
	Destroy() Cost: 0.0270996ms
Path: /obj/effect/proc_holder/spell/no_target/hide
	qdel() Count: 1
	Destroy() Cost: 0.0269989ms
Path: /obj/effect/proc_holder/spell/targeted/ethereal_jaunt/wizard
	qdel() Count: 1
	Destroy() Cost: 0.0268005ms
Path: /obj/effect/proc_holder/spell/targeted/shadowling_hivemind_ascendant
	qdel() Count: 1
	Destroy() Cost: 0.0266998ms
Path: /obj/effect/proc_holder/spell/aoe_turf/hulk_spit
	qdel() Count: 1
	Destroy() Cost: 0.0265991ms
Path: /obj/item/organ/internal/liver
	qdel() Count: 1
	Destroy() Cost: 0.0264984ms
Path: /obj/effect/proc_holder/spell/aoe_turf/hulk_mill
	qdel() Count: 1
	Destroy() Cost: 0.0264008ms
Path: /obj/effect/proc_holder/spell/turf
	qdel() Count: 1
	Destroy() Cost: 0.026001ms
Path: /obj/effect/proc_holder/spell/targeted/shadowling_phase_shift
	qdel() Count: 1
	Destroy() Cost: 0.0259979ms
Path: /obj/effect/landmark/start/barber
	qdel() Count: 1
	Destroy() Cost: 0.0258057ms
Path: /obj/effect/proc_holder/spell/targeted/inflict_handler
	qdel() Count: 1
	Destroy() Cost: 0.0253998ms
Path: /obj/effect/landmark/start/research_director
	qdel() Count: 1
	Destroy() Cost: 0.0250977ms
Path: /obj/effect/proc_holder/spell/targeted/communicate/fastener
	qdel() Count: 1
	Destroy() Cost: 0.0247009ms
Path: /obj/effect/landmark/start/virologist
	qdel() Count: 1
	Destroy() Cost: 0.0245117ms
Path: /obj/effect/proc_holder/spell/targeted/smoke
	qdel() Count: 1
	Destroy() Cost: 0.0242004ms
Path: /datum/quality/quirkieish
	qdel() Count: 1
	Destroy() Cost: 0.0239983ms
Path: /obj/effect/proc_holder/spell/targeted/explosion
	qdel() Count: 1
	Destroy() Cost: 0.0239014ms
Path: /obj/effect/proc_holder/spell/in_hand/res_touch
	qdel() Count: 1
	Destroy() Cost: 0.0235992ms
Path: /obj/effect/proc_holder/spell/targeted/communicate
	qdel() Count: 1
	Destroy() Cost: 0.0234009ms
Path: /obj/item/device/encryptionkey
	qdel() Count: 1
	Destroy() Cost: 0.0227997ms
Path: /obj/effect/proc_holder/spell/targeted/reviveThrall
	qdel() Count: 1
	Destroy() Cost: 0.0225006ms
Path: /obj/effect/proc_holder/spell/targeted/glare
	qdel() Count: 1
	Destroy() Cost: 0.0224976ms
Path: /obj/effect/proc_holder/spell/targeted/collective_mind
	qdel() Count: 1
	Destroy() Cost: 0.0213989ms
Path: /obj/effect/proc_holder/spell/targeted/trigger
	qdel() Count: 1
	Destroy() Cost: 0.0213013ms
Path: /obj/effect/proc_holder/spell/targeted/genetic/mutate
	qdel() Count: 1
	Destroy() Cost: 0.0212006ms
Path: /datum/religion_sect/custom/chaplain
	qdel() Count: 1
	Destroy() Cost: 0.021199ms
Path: /obj/effect/proc_holder/spell/targeted/blindness_smoke
	qdel() Count: 1
	Destroy() Cost: 0.0210022ms
Path: /datum/aspect/food
	qdel() Count: 1
	Destroy() Cost: 0.0209015ms
Path: /datum/radio_frequency
	qdel() Count: 1
	Destroy() Cost: 0.0207005ms
Path: /datum/religion_sect/preset/chaplain/clown
	qdel() Count: 1
	Destroy() Cost: 0.0205994ms
Path: /obj/item/device/encryptionkey/heads/captain
	qdel() Count: 1
	Destroy() Cost: 0.0199997ms
Path: /obj/effect/proc_holder/spell/targeted/forcewall/mimewall
	qdel() Count: 1
	Destroy() Cost: 0.0193024ms
Path: /obj/effect/proc_holder/spell/aoe_turf/hulk_gas
	qdel() Count: 1
	Destroy() Cost: 0.0192993ms
Path: /obj/effect/proc_holder/spell/blessing
	qdel() Count: 1
	Destroy() Cost: 0.0192993ms
Path: /obj/effect/proc_holder/spell/turf/fireball
	qdel() Count: 1
	Destroy() Cost: 0.0192993ms
Path: /obj/effect/proc_holder/spell/targeted/lighting_shock
	qdel() Count: 1
	Destroy() Cost: 0.0189972ms
Path: /obj/effect/proc_holder/spell/targeted/gnomecurse
	qdel() Count: 1
	Destroy() Cost: 0.0188995ms
Path: /obj/effect/proc_holder/spell/targeted/inflict_handler/fireball
	qdel() Count: 1
	Destroy() Cost: 0.0188995ms
Path: /obj/effect/proc_holder/spell/targeted/hypnosis
	qdel() Count: 1
	Destroy() Cost: 0.0188995ms
Path: /obj/effect/proc_holder/spell/aoe_turf/clown_joke
	qdel() Count: 1
	Destroy() Cost: 0.0188995ms
Path: /datum/religion_sect/preset/chaplain/technophile
	qdel() Count: 1
	Destroy() Cost: 0.0187012ms
Path: /obj/effect/proc_holder/spell/targeted/annihilate
	qdel() Count: 1
	Destroy() Cost: 0.0186981ms
Path: /obj/effect/proc_holder/spell/targeted/spacetime_dist
	qdel() Count: 1
	Destroy() Cost: 0.0185974ms
Path: /obj/effect/proc_holder/spell/targeted/genetic
	qdel() Count: 1
	Destroy() Cost: 0.018399ms
Path: /obj/effect/proc_holder/spell/no_target/scribe_rune
	qdel() Count: 1
	Destroy() Cost: 0.018399ms
Path: /obj/effect/proc_holder/spell/targeted/inflict_handler/magic_missile
	qdel() Count: 1
	Destroy() Cost: 0.0183014ms
Path: /obj/effect/proc_holder/spell/in_hand
	qdel() Count: 1
	Destroy() Cost: 0.0183014ms
Path: /obj/effect/proc_holder/spell/no_target/air_plant
	qdel() Count: 1
	Destroy() Cost: 0.0182983ms
Path: /obj/effect/proc_holder/spell/no_target/weeds
	qdel() Count: 1
	Destroy() Cost: 0.0178986ms
Path: /obj/effect/proc_holder/spell/targeted/heal
	qdel() Count: 1
	Destroy() Cost: 0.0177002ms
Path: /obj/effect/proc_holder/spell/aoe_turf/conjure/timestop
	qdel() Count: 1
	Destroy() Cost: 0.0177002ms
Path: /obj/effect/proc_holder/spell/targeted/turf_teleport
	qdel() Count: 1
	Destroy() Cost: 0.0175995ms
Path: /obj/effect/proc_holder/spell/aoe_turf/repulse
	qdel() Count: 1
	Destroy() Cost: 0.0175995ms
Path: /obj/effect/proc_holder/spell/aoe_turf/hulk_dash
	qdel() Count: 1
	Destroy() Cost: 0.0174988ms
Path: /obj/effect/proc_holder/spell/aoe_turf/HulkHONK
	qdel() Count: 1
	Destroy() Cost: 0.0173981ms
Path: /obj/effect/proc_holder/spell/targeted/turf_teleport/blink
	qdel() Count: 1
	Destroy() Cost: 0.0172974ms
Path: /obj/effect/proc_holder/spell/aoe_turf/veil
	qdel() Count: 1
	Destroy() Cost: 0.0172028ms
Path: /obj/effect/proc_holder/spell/targeted/inflict_handler/disintegrate
	qdel() Count: 1
	Destroy() Cost: 0.0171997ms
Path: /obj/effect/proc_holder/spell/targeted/heal/damage
	qdel() Count: 1
	Destroy() Cost: 0.0171997ms
Path: /obj/effect/proc_holder/spell/no_target/infection
	qdel() Count: 1
	Destroy() Cost: 0.017099ms
Path: /obj/effect/proc_holder/spell/no_target/lay_egg
	qdel() Count: 1
	Destroy() Cost: 0.017099ms
Path: /obj/effect/proc_holder/spell/targeted/forcewall
	qdel() Count: 1
	Destroy() Cost: 0.0170013ms
Path: /obj/effect/proc_holder/spell/aoe_turf/conjure/smoke
	qdel() Count: 1
	Destroy() Cost: 0.0169983ms
Path: /obj/effect/proc_holder/spell/aoe_turf/conjure/the_traps
	qdel() Count: 1
	Destroy() Cost: 0.0169006ms
Path: /obj/effect/proc_holder/spell/aoe_turf/conjure/creature
	qdel() Count: 1
	Destroy() Cost: 0.0168976ms
Path: /obj/effect/proc_holder/spell/targeted/projectile/magic_missile
	qdel() Count: 1
	Destroy() Cost: 0.0167999ms
Path: /obj/effect/proc_holder/spell/no_target/infection/obcurse
	qdel() Count: 1
	Destroy() Cost: 0.0167999ms
Path: /obj/effect/proc_holder/spell/no_target/rot
	qdel() Count: 1
	Destroy() Cost: 0.0167023ms
Path: /datum/religion_rites/instant/cult/drain_torture
	qdel() Count: 1
	Destroy() Cost: 0.0166992ms
Path: /obj/effect/proc_holder/spell/aoe_turf/hulk_smash
	qdel() Count: 1
	Destroy() Cost: 0.0166992ms
Path: /obj/effect/proc_holder/spell/aoe_turf/hulk_lazor
	qdel() Count: 1
	Destroy() Cost: 0.0166016ms
Path: /obj/effect/proc_holder/spell/targeted/projectile
	qdel() Count: 1
	Destroy() Cost: 0.0165985ms
Path: /obj/effect/proc_holder/spell/aoe_turf/hulk_eat
	qdel() Count: 1
	Destroy() Cost: 0.0165985ms
Path: /obj/effect/proc_holder/spell/no_target/mime_speak
	qdel() Count: 1
	Destroy() Cost: 0.0165985ms
Path: /obj/effect/proc_holder/spell/aoe_turf/flashfreeze
	qdel() Count: 1
	Destroy() Cost: 0.0165009ms
Path: /obj/effect/proc_holder/spell/aoe_turf
	qdel() Count: 1
	Destroy() Cost: 0.0165009ms
Path: /obj/effect/proc_holder/spell/aoe_turf/unearthly_screech
	qdel() Count: 1
	Destroy() Cost: 0.0164978ms
Path: /obj/effect/proc_holder/spell/targeted/mind_transfer
	qdel() Count: 1
	Destroy() Cost: 0.0164001ms
Path: /obj/effect/proc_holder/spell/aoe_turf/conjure/lesserforcewall
	qdel() Count: 1
	Destroy() Cost: 0.0164001ms
Path: /obj/effect/proc_holder/spell/aoe_turf/knock
	qdel() Count: 1
	Destroy() Cost: 0.0164001ms
Path: /obj/effect/proc_holder/spell/aoe_turf/drainLife
	qdel() Count: 1
	Destroy() Cost: 0.0164001ms
Path: /obj/effect/proc_holder/spell/aoe_turf/hulk_jump
	qdel() Count: 1
	Destroy() Cost: 0.0164001ms
Path: /obj/effect/proc_holder/spell/no_target/charge/religion
	qdel() Count: 1
	Destroy() Cost: 0.0164001ms
Path: /obj/effect/proc_holder/spell/no_target/memorize_rune
	qdel() Count: 1
	Destroy() Cost: 0.0164001ms
Path: /datum/religion_rites/instant/cult/emp
	qdel() Count: 1
	Destroy() Cost: 0.0162994ms
Path: /obj/effect/proc_holder/spell/aoe_turf/conjure/carp
	qdel() Count: 1
	Destroy() Cost: 0.0162994ms
Path: /obj/effect/proc_holder/spell/aoe_turf/conjure/soulstone
	qdel() Count: 1
	Destroy() Cost: 0.0162994ms
Path: /obj/effect/proc_holder/spell/no_target/charge
	qdel() Count: 1
	Destroy() Cost: 0.0162994ms
Path: /obj/effect/proc_holder/spell/no_target/grease
	qdel() Count: 1
	Destroy() Cost: 0.0162018ms
Path: /obj/effect/proc_holder/spell/aoe_turf/conjure/construct/lesser
	qdel() Count: 1
	Destroy() Cost: 0.0161987ms
Path: /obj/effect/proc_holder/spell/no_target/food
	qdel() Count: 1
	Destroy() Cost: 0.0161987ms
Path: /obj/effect/proc_holder/spell/aoe_turf/conjure/wall
	qdel() Count: 1
	Destroy() Cost: 0.0161011ms
Path: /obj/effect/proc_holder/spell/aoe_turf/conjure
	qdel() Count: 1
	Destroy() Cost: 0.0161011ms
Path: /obj/effect/proc_holder/spell/aoe_turf/conjure/floor
	qdel() Count: 1
	Destroy() Cost: 0.0159973ms
Path: /obj/effect/proc_holder/spell/aoe_turf/glacial_blast
	qdel() Count: 1
	Destroy() Cost: 0.0158997ms
Path: /obj/effect/proc_holder/spell/aoe_turf/conjure/construct
	qdel() Count: 1
	Destroy() Cost: 0.015799ms
Path: /datum/religion_rites/instant/chaplain/death_alarm
	qdel() Count: 1
	Destroy() Cost: 0.0156998ms
Path: /obj/effect/proc_holder/spell/no_target/spawn_bible
	qdel() Count: 1
	Destroy() Cost: 0.0156006ms
Path: /datum/religion_rites/standing/animation
	qdel() Count: 1
	Destroy() Cost: 0.0136993ms
Path: /datum/aspect/weapon
	qdel() Count: 1
	Destroy() Cost: 0.0121002ms
Path: /datum/quirk/child_of_nature
	qdel() Count: 1
	Destroy() Cost: 0.0120001ms
Path: /datum/wires/camera
	qdel() Count: 1
	Destroy() Cost: 0.0106003ms
Path: /datum/quality/clumsy
	qdel() Count: 1
	Destroy() Cost: 0.0102997ms
Path: /datum/aspect/resources
	qdel() Count: 1
	Destroy() Cost: 0.0102997ms
Path: /datum/religion_sect/preset/chaplain/puritanism
	qdel() Count: 1
	Destroy() Cost: 0.0100006ms
Path: /datum/reagent/inaprovaline
	qdel() Count: 1
	Destroy() Cost: 0.00979919ms
Path: /datum/recipe/grill/human
	qdel() Count: 1
	Destroy() Cost: 0.00909424ms
Path: /datum/religion_sect/preset/chaplain/bloodgods
	qdel() Count: 1
	Destroy() Cost: 0.00900116ms
Path: /datum/map_config
	qdel() Count: 1
	Destroy() Cost: 0.00899982ms
Path: /datum/mood_event/moderate_pain
	qdel() Count: 1
	Destroy() Cost: 0.00890007ms
Path: /datum/religion_rites/instant/cult/sacrifice
	qdel() Count: 1
	Destroy() Cost: 0.00820007ms
Path: /datum/religion_rites/instant/cult/raise_torture
	qdel() Count: 1
	Destroy() Cost: 0.00800018ms
Path: /datum
	qdel() Count: 1
	Destroy() Cost: 0.0078125ms
Path: /datum/wires/radio
	qdel() Count: 1
	Destroy() Cost: 0.00750122ms
Path: /datum/religion_rites/standing/swap/upgrade
	qdel() Count: 1
	Destroy() Cost: 0.00720062ms
Path: /datum/religion_rites/instant/cult/create_slave
	qdel() Count: 1
	Destroy() Cost: 0.00709991ms
Path: /datum/religion_rites/standing/swap
	qdel() Count: 1
	Destroy() Cost: 0.00709991ms
Path: /datum/aspect/lightbending/darkness
	qdel() Count: 1
	Destroy() Cost: 0.00679932ms
Path: /datum/religion_rites/instant/cult/convert
	qdel() Count: 1
	Destroy() Cost: 0.00670013ms
Path: /datum/reagent/nanobots
	qdel() Count: 1
	Destroy() Cost: 0.00670004ms
Path: /datum/quirk/light_step
	qdel() Count: 1
	Destroy() Cost: 0.00669956ms
Path: /datum/religion_rites/standing/swap/devaluation
	qdel() Count: 1
	Destroy() Cost: 0.00639954ms
Path: /datum/aspect/mystic
	qdel() Count: 1
	Destroy() Cost: 0.00599976ms
Path: /datum/aspect/technology
	qdel() Count: 1
	Destroy() Cost: 0.00580139ms
Path: /datum/religion_rites/instant/chaplain
	qdel() Count: 1
	Destroy() Cost: 0.00579987ms
Path: /datum/aspect/conjure
	qdel() Count: 1
	Destroy() Cost: 0.00579834ms
Path: /datum/religion_rites/standing
	qdel() Count: 1
	Destroy() Cost: 0.00570068ms
Path: /datum/quirk/multitasking
	qdel() Count: 1
	Destroy() Cost: 0.00559998ms
Path: /datum/religion_rites/standing/legacy/charge
	qdel() Count: 1
	Destroy() Cost: 0.0052002ms
Path: /datum/religion_rites/standing/honk
	qdel() Count: 1
	Destroy() Cost: 0.0052002ms
Path: /datum/aspect/lightbending
	qdel() Count: 1
	Destroy() Cost: 0.00510254ms
Path: /datum/quirk/strong_mind
	qdel() Count: 1
	Destroy() Cost: 0.00510025ms
Path: /datum/quirk/alcohol_tolerance
	qdel() Count: 1
	Destroy() Cost: 0.00510025ms
Path: /datum/aspect/wacky
	qdel() Count: 1
	Destroy() Cost: 0.00509949ms
Path: /datum/aspect/greed
	qdel() Count: 1
	Destroy() Cost: 0.00500183ms
Path: /datum/quirk/nyctophobia
	qdel() Count: 1
	Destroy() Cost: 0.00500011ms
Path: /datum/reagent/sugar
	qdel() Count: 1
	Destroy() Cost: 0.00500011ms
Path: /datum/quirk/tourette
	qdel() Count: 1
	Destroy() Cost: 0.00489998ms
Path: /datum/quirk/fast_equip
	qdel() Count: 1
	Destroy() Cost: 0.0048008ms
Path: /datum/aspect/chaos
	qdel() Count: 1
	Destroy() Cost: 0.00480042ms
Path: /datum/quirk/high_pain_threshold
	qdel() Count: 1
	Destroy() Cost: 0.00470066ms
Path: /datum/quirk/freerunning
	qdel() Count: 1
	Destroy() Cost: 0.00469971ms
Path: /datum/quirk/stress_eater
	qdel() Count: 1
	Destroy() Cost: 0.00469971ms
Path: /datum/religion_rites/instant/communicate
	qdel() Count: 1
	Destroy() Cost: 0.00460052ms
Path: /datum/quirk/mute
	qdel() Count: 1
	Destroy() Cost: 0.00459957ms
Path: /datum/quirk/blindness
	qdel() Count: 1
	Destroy() Cost: 0.00450039ms
Path: /datum/religion_rites/instant/impose_stun
	qdel() Count: 1
	Destroy() Cost: 0.00449982ms
Path: /datum/quirk/light_drinker
	qdel() Count: 1
	Destroy() Cost: 0.00449944ms
Path: /datum/aspect/lightbending/light
	qdel() Count: 1
	Destroy() Cost: 0.00440063ms
Path: /datum/quirk/nearsighted
	qdel() Count: 1
	Destroy() Cost: 0.00440025ms
Path: /datum/quirk/genetic_degradation
	qdel() Count: 1
	Destroy() Cost: 0.00440025ms
Path: /datum/quirk/cough
	qdel() Count: 1
	Destroy() Cost: 0.00440025ms
Path: /datum/quirk/deafness
	qdel() Count: 1
	Destroy() Cost: 0.0043993ms
Path: /datum/religion_rites/standing/spook
	qdel() Count: 1
	Destroy() Cost: 0.00439911ms
Path: /datum/quirk/no_taste
	qdel() Count: 1
	Destroy() Cost: 0.00430012ms
Path: /datum/quirk/daltonism
	qdel() Count: 1
	Destroy() Cost: 0.00430012ms
Path: /datum/quirk/nervous
	qdel() Count: 1
	Destroy() Cost: 0.00419998ms
Path: /datum/quirk/fatness
	qdel() Count: 1
	Destroy() Cost: 0.00419998ms
Path: /datum/religion_rites/instant/impose_blind
	qdel() Count: 1
	Destroy() Cost: 0.00419922ms
Path: /datum/religion_rites/pedestals/cult/narsie
	qdel() Count: 1
	Destroy() Cost: 0.00410004ms
Path: /datum/religion_rites/pedestals/cult/cult_portal
	qdel() Count: 1
	Destroy() Cost: 0.00410004ms
Path: /datum/quirk/epileptic
	qdel() Count: 1
	Destroy() Cost: 0.00409985ms
Path: /datum/quirk/low_pain_threshold
	qdel() Count: 1
	Destroy() Cost: 0.00409985ms
Path: /datum/aspect/rescue
	qdel() Count: 1
	Destroy() Cost: 0.00409851ms
Path: /datum/religion_rites/standing/illuminate
	qdel() Count: 1
	Destroy() Cost: 0.00399933ms
Path: /datum/religion_rites/standing/legacy
	qdel() Count: 1
	Destroy() Cost: 0.00390015ms
Path: /datum/religion_rites/standing/revive_animal
	qdel() Count: 1
	Destroy() Cost: 0.00369873ms
Path: /datum/religion_rites/standing/food
	qdel() Count: 1
	Destroy() Cost: 0.00359955ms
Path: /datum/religion_rites/standing/pray
	qdel() Count: 1
	Destroy() Cost: 0.00359955ms
Path: /datum/religion_rites/instant
	qdel() Count: 1
	Destroy() Cost: 0.00349884ms
Path: /datum/religion_rites/instant/cult
	qdel() Count: 1
	Destroy() Cost: 0.00340118ms
Path: /datum/religion_rites/instant/cult/summon_acolyt
	qdel() Count: 1
	Destroy() Cost: 0.00330048ms
Path: /datum/religion_rites/instant/cult/brainswap
	qdel() Count: 1
	Destroy() Cost: 0.00330048ms
Path: /datum/religion_rites/instant/cult/give_forcearmor
	qdel() Count: 1
	Destroy() Cost: 0.00329895ms
Path: /datum/religion_rites/pedestals/cult/make_skeleton
	qdel() Count: 1
	Destroy() Cost: 0.00329895ms
Path: /datum/religion_rites/instant/impose_deaf
	qdel() Count: 1
	Destroy() Cost: 0.00320129ms
Path: /datum/religion_rites/pedestals/cult
	qdel() Count: 1
	Destroy() Cost: 0.00319977ms
Path: /datum/religion_rites/pedestals
	qdel() Count: 1
	Destroy() Cost: 0.00299988ms
Path: /datum/religion_rites/instant/cult/upgrade_tome
	qdel() Count: 1
	Destroy() Cost: 0.0029007ms
