[17:59:18]TGUI: heavenlyblue in browseroutput/initialize
[17:59:19]TGUI: fatfat in browseroutput/initialize
[17:59:38]TGUI: fatfat (as FatFat at (8,174,1))
Using: /datum/tgui_modal [0x210009ec]
new AlertModal fancy 1
[17:59:38]TGUI: fatfat in tgui-window-1/initialize
Using: /datum/tgui_modal [0x210009ec]
[17:59:39]TGUI: fatfat (as FatFat at (8,174,1)) in tgui-window-1
Using: /datum/tgui_modal [0x210009ec]
Action: choose {"choice":"Yes"}
[17:59:39]TGUI: fatfat in tgui-window-1/close (suspending)
[18:01:09]TGUI: fatfat (as Alberto Skywalker at (159,148,2))
Using: /datum/tgui_modal [0x21000d89]
new AlertModal fancy 1
[18:01:10]TGUI: fatfat (as Alberto Skywalker at (159,148,2)) in tgui-window-1
Using: /datum/tgui_modal [0x21000d89]
Action: choose {"choice":"Yes"}
[18:01:10]TGUI: fatfat in tgui-window-1/close (suspending)
[18:02:38]TGUI: fatfat (as the unknown at (161,145,2))
Using: /obj/machinery/portable_atmospherics/powered/pump [0x20075e3]
new PortablePump fancy 1
[18:02:40]TGUI: fatfat (as the unknown at (161,145,2)) in tgui-window-1
Using: /obj/machinery/portable_atmospherics/powered/pump [0x20075e3]
Action: power {}
[18:02:41]TGUI: fatfat (as the unknown at (161,145,2)) in tgui-window-1
Using: /obj/machinery/portable_atmospherics/powered/pump [0x20075e3]
Action: power {}
[18:02:42]TGUI: fatfat (as the unknown at (161,146,2))
Using: /obj/machinery/portable_atmospherics/powered/pump [0x2007231]
new PortablePump fancy 1
[18:02:42]TGUI: fatfat in tgui-window-2/initialize
Using: /obj/machinery/portable_atmospherics/powered/pump [0x2007231]
[18:02:43]TGUI: fatfat (as the unknown at (161,146,2)) in tgui-window-2
Using: /obj/machinery/portable_atmospherics/powered/pump [0x2007231]
Action: power {}
[18:02:44]TGUI: fatfat (as the unknown at (161,146,2)) in tgui-window-2
Using: /obj/machinery/portable_atmospherics/powered/pump [0x2007231]
Action: power {}
[18:02:47]TGUI: fatfat (as the unknown at (161,146,2)) in tgui-window-2
Using: /obj/machinery/portable_atmospherics/powered/pump [0x2007231]
Action: pressure {"pressure":800}
[18:02:47]TGUI: fatfat in tgui-window-2/close (suspending)
[18:02:47]TGUI: fatfat in tgui-window-2/close (suspending)
[18:02:48]TGUI: fatfat in tgui-window-1/close (suspending)
[18:02:48]TGUI: fatfat in tgui-window-1/close (suspending)
[18:04:35]TGUI: fatfat (as the unknown at (161,145,2))
Using: /obj/machinery/portable_atmospherics/powered/pump [0x20075e3]
new PortablePump fancy 1
[18:04:37]TGUI: fatfat (as the unknown at (161,145,2)) in tgui-window-1
Using: /obj/machinery/portable_atmospherics/powered/pump [0x20075e3]
Action: direction {}
[18:04:40]TGUI: fatfat (as the unknown at (161,145,2)) in tgui-window-1
Using: /obj/machinery/portable_atmospherics/powered/pump [0x20075e3]
Action: pressure {"pressure":"max"}
[18:05:12]TGUI: heavenlyblue (as Loreto Williams at (161,144,2))
Using: /obj/machinery/portable_atmospherics/powered/pump [0x20075e3]
new PortablePump fancy 1
[18:05:12]TGUI: heavenlyblue in tgui-window-1/initialize
Using: /obj/machinery/portable_atmospherics/powered/pump [0x20075e3]
[18:05:15]TGUI: heavenlyblue in tgui-window-1/close (suspending)
[18:05:15]TGUI: heavenlyblue in tgui-window-1/close (suspending)
[18:05:16]TGUI: heavenlyblue (as Loreto Williams at (161,147,2))
Using: /obj/machinery/portable_atmospherics/powered/pump [0x2007231]
new PortablePump fancy 1
[18:05:18]TGUI: heavenlyblue in tgui-window-1/close (suspending)
[18:05:18]TGUI: heavenlyblue in tgui-window-1/close (suspending)
[18:05:20]TGUI: fatfat in tgui-window-1/close (suspending)
[18:05:20]TGUI: fatfat in tgui-window-1/close (suspending)
[18:05:38]TGUI: heavenlyblue (as Loreto Williams at (161,144,2))
Using: /obj/machinery/portable_atmospherics/powered/pump [0x20075e3]
new PortablePump fancy 1
[18:05:45]TGUI: heavenlyblue in tgui-window-1/close (suspending)
[18:05:45]TGUI: heavenlyblue in tgui-window-1/close (suspending)
[18:05:46]TGUI: heavenlyblue (as Loreto Williams at (159,144,2))
Using: /obj/machinery/portable_atmospherics/canister/phoron [0x2006f65]
new Canister fancy 1
[18:05:47]TGUI: heavenlyblue in tgui-window-1/close (suspending)
[18:05:47]TGUI: heavenlyblue in tgui-window-1/close (suspending)
[18:05:55]TGUI: heavenlyblue (as Loreto Williams at (161,148,2))
Using: /obj/machinery/portable_atmospherics/powered/pump [0x2007231]
new PortablePump fancy 1
[18:05:59]TGUI: heavenlyblue in tgui-window-1/close (suspending)
[18:05:59]TGUI: heavenlyblue in tgui-window-1/close (suspending)
[18:06:01]TGUI: heavenlyblue (as Loreto Williams at (161,144,2))
Using: /obj/machinery/portable_atmospherics/powered/pump [0x20075e3]
new PortablePump fancy 1
[18:06:04]TGUI: heavenlyblue in tgui-window-1/close (suspending)
[18:06:04]TGUI: heavenlyblue in tgui-window-1/close (suspending)
[18:07:32]TGUI: heavenlyblue (as Loreto Williams at (159,144,2))
Using: /datum/tgui_modal [0x2102407a]
new AlertModal fancy 1
[18:07:33]TGUI: heavenlyblue (as Loreto Williams at (159,144,2)) in tgui-window-1
Using: /datum/tgui_modal [0x2102407a]
Action: choose {"choice":"Yes"}
[18:07:33]TGUI: heavenlyblue in tgui-window-1/close (suspending)
[18:09:00]TGUI: heavenlyblue (as Loreto Williams at (160,145,2))
Using: /obj/machinery/portable_atmospherics/canister/oxygen [0x2006c2b]
new Canister fancy 1
[18:09:01]TGUI: heavenlyblue in tgui-window-1/close (suspending)
[18:09:01]TGUI: heavenlyblue in tgui-window-1/close (suspending)
[18:09:02]TGUI: heavenlyblue (as Loreto Williams at (158,145,2))
Using: /obj/machinery/portable_atmospherics/canister/oxygen [0x2006cfd]
new Canister fancy 1
[18:09:03]TGUI: heavenlyblue in tgui-window-1/close (suspending)
[18:09:03]TGUI: heavenlyblue in tgui-window-1/close (suspending)
[18:09:05]TGUI: fatfat (as the unknown at (161,144,2))
Using: /obj/machinery/portable_atmospherics/powered/pump [0x20075e3]
new PortablePump fancy 1
[18:09:07]TGUI: fatfat (as the unknown at (161,144,2)) in tgui-window-1
Using: /obj/machinery/portable_atmospherics/powered/pump [0x20075e3]
Action: power {}
[18:09:09]TGUI: fatfat (as the unknown at (161,144,2)) in tgui-window-1
Using: /obj/machinery/portable_atmospherics/powered/pump [0x20075e3]
Action: power {}
[18:09:15]TGUI: fatfat (as the unknown at (161,144,2)) in tgui-window-1
Using: /obj/machinery/portable_atmospherics/powered/pump [0x20075e3]
Action: eject {}
[18:09:20]TGUI: fatfat (as the unknown at (161,147,2))
Using: /obj/machinery/portable_atmospherics/powered/pump [0x2007231]
new PortablePump fancy 1
[18:09:28]TGUI: fatfat (as the unknown at (161,147,2)) in tgui-window-2
Using: /obj/machinery/portable_atmospherics/powered/pump [0x2007231]
Action: power {}
[18:09:31]TGUI: fatfat (as the unknown at (161,147,2)) in tgui-window-2
Using: /obj/machinery/portable_atmospherics/powered/pump [0x2007231]
Action: direction {}
[18:09:34]TGUI: fatfat (as the unknown at (161,147,2)) in tgui-window-2
Using: /obj/machinery/portable_atmospherics/powered/pump [0x2007231]
Action: power {}
[18:09:35]TGUI: fatfat (as the unknown at (161,147,2)) in tgui-window-2
Using: /obj/machinery/portable_atmospherics/powered/pump [0x2007231]
Action: eject {}
[18:09:36]TGUI: fatfat in tgui-window-2/close (suspending)
[18:09:36]TGUI: fatfat in tgui-window-2/close (suspending)
[18:09:37]TGUI: fatfat in tgui-window-1/close (suspending)
[18:09:37]TGUI: fatfat in tgui-window-1/close (suspending)
[18:09:39]TGUI: fatfat (as the unknown at (160,146,2))
Using: /obj/machinery/portable_atmospherics/canister/phoron [0x2006f65]
new Canister fancy 1
[18:09:44]TGUI: fatfat (as the unknown at (160,146,2)) in tgui-window-1
Using: /obj/machinery/portable_atmospherics/canister/phoron [0x2006f65]
Action: valve {}
[18:09:45]TGUI: fatfat (as the unknown at (160,146,2)) in tgui-window-1
Using: /obj/machinery/portable_atmospherics/canister/phoron [0x2006f65]
Action: pressure {"pressure":1013}
[18:09:47]TGUI: fatfat (as the unknown at (160,146,2)) in tgui-window-1
Using: /obj/machinery/portable_atmospherics/canister/phoron [0x2006f65]
Action: valve {}
[18:09:47]TGUI: fatfat (as the unknown at (160,146,2)) in tgui-window-1
Using: /obj/machinery/portable_atmospherics/canister/phoron [0x2006f65]
Action: eject {}
[18:09:50]TGUI: heavenlyblue (as Loreto Williams at (160,144,2))
Using: /obj/machinery/portable_atmospherics/canister/phoron [0x2006f65]
new Canister fancy 1
[18:09:52]TGUI: heavenlyblue in tgui-window-1/close (suspending)
[18:09:52]TGUI: heavenlyblue in tgui-window-1/close (suspending)
[18:09:58]TGUI: fatfat in tgui-window-1/close (suspending)
[18:09:58]TGUI: fatfat in tgui-window-1/close (suspending)
[18:10:26]TGUI: fatfat (as the unknown at (158,161,2))
Using: /obj/machinery/disposal [0x200714d]
new DisposalUnit fancy 1
[18:10:27]TGUI: fatfat (as the unknown at (158,161,2)) in tgui-window-1
Using: /obj/machinery/disposal [0x200714d]
Action: handle-1 {}
[18:10:28]TGUI: fatfat in tgui-window-1/close (suspending)
[18:10:28]TGUI: fatfat in tgui-window-1/close (suspending)
[18:10:35]TGUI: fatfat (as the unknown at (159,162,2))
Using: /obj/machinery/computer/security/telescreen [0x2007321]
new CameraConsole fancy 1
[18:10:37]TGUI: fatfat (as the unknown at (159,162,2)) in tgui-window-1
Using: /obj/machinery/computer/security/telescreen [0x2007321]
Action: switch_camera {"name":"Toxins Test Chamber"}
[18:10:46]TGUI: fatfat in tgui-window-1/close (suspending)
[18:10:46]TGUI: fatfat in tgui-window-1/close (suspending)
[18:11:13]TGUI: fatfat (as the unknown at (159,162,2))
Using: /datum/tgui_modal [0x2100fccb]
new AlertModal fancy 1
[18:11:14]TGUI: fatfat (as the unknown at (159,162,2)) in tgui-window-1
Using: /datum/tgui_modal [0x2100fccb]
Action: choose {"choice":"Yes"}
[18:11:14]TGUI: fatfat in tgui-window-1/close (suspending)
