Path: /datum/light_source
	qdel() Count: 33
	Destroy() Cost: 7.8823ms
Path: /datum/timedevent
	qdel() Count: 202
	Destroy() Cost: 5.7703ms
Path: /datum/component/clickplace
	qdel() Count: 34
	Destroy() Cost: 2.56521ms
Path: /obj/item/projectile/beam
	qdel() Count: 1
	Destroy() Cost: 1.1571ms
Path: /datum/component/mechanic_desc
	qdel() Count: 35
	Destroy() Cost: 0.685607ms
Path: /mob/dead/new_player
	qdel() Count: 1
	Destroy() Cost: 0.648505ms
Path: /datum/hud
	qdel() Count: 1
	Destroy() Cost: 0.583398ms
Path: /obj/effect/projectile/laser/tracer
	qdel() Count: 5
	Destroy() Cost: 0.5518ms
Path: /datum/component/rite/spawn_item
	qdel() Count: 11
	Destroy() Cost: 0.393799ms
Path: /mob/living/simple_animal/hostile/hivebot
	qdel() Count: 1
	Destroy() Cost: 0.374896ms
Path: /obj/effect/effect/sparks
	qdel() Count: 3
	Destroy() Cost: 0.3427ms
Path: /atom/movable/screen
	qdel() Count: 4
	Destroy() Cost: 0.329004ms
Path: /obj/item/stack/cable_coil/random
	qdel() Count: 6
	Destroy() Cost: 0.323687ms
Path: /obj/structure/sign/poster/random
	qdel() Count: 5
	Destroy() Cost: 0.208602ms
Path: /obj/item/weapon/flora/random
	qdel() Count: 1
	Destroy() Cost: 0.2075ms
Path: /obj/effect/porta_turret_cover
	qdel() Count: 2
	Destroy() Cost: 0.1921ms
Path: /obj/effect/landmark/corpse/clown
	qdel() Count: 4
	Destroy() Cost: 0.185003ms
Path: /obj/item/projectile/test
	qdel() Count: 1
	Destroy() Cost: 0.1743ms
Path: /datum/mechanic_tip/clickplace
	qdel() Count: 34
	Destroy() Cost: 0.170096ms
Path: /obj/effect/projectile/laser/muzzle
	qdel() Count: 1
	Destroy() Cost: 0.1567ms
Path: /datum/modval_modifier
	qdel() Count: 15
	Destroy() Cost: 0.100705ms
Path: /datum/component/rite/consent
	qdel() Count: 5
	Destroy() Cost: 0.0923035ms
Path: /obj/effect/landmark/corpse/doctor
	qdel() Count: 2
	Destroy() Cost: 0.0797997ms
Path: /obj/effect/proc_holder/spell/targeted/genetic/mutate
	qdel() Count: 1
	Destroy() Cost: 0.0756012ms
Path: /obj/effect/proc_holder/spell/targeted/trigger/blind
	qdel() Count: 1
	Destroy() Cost: 0.0665009ms
Path: /datum/religion_rites/instant/spawn_item/cult/talisman
	qdel() Count: 1
	Destroy() Cost: 0.0617004ms
Path: /datum/religion_rites/standing/spawn_item/call_animal
	qdel() Count: 1
	Destroy() Cost: 0.0539978ms
Path: /datum/religion_rites/standing/spawn_item/banana
	qdel() Count: 1
	Destroy() Cost: 0.048999ms
Path: /datum/religion_rites/instant/spawn_item/cult/soulstone
	qdel() Count: 1
	Destroy() Cost: 0.0481995ms
Path: /datum/religion_rites/standing/spawn_item/banana_ore
	qdel() Count: 1
	Destroy() Cost: 0.0470978ms
Path: /obj/effect/landmark/latejoin
	qdel() Count: 1
	Destroy() Cost: 0.0462ms
Path: /datum/religion_rites/instant/spawn_item/cult/constructshell
	qdel() Count: 1
	Destroy() Cost: 0.0454987ms
Path: /datum/religion_rites/standing/spawn_item/create_sword
	qdel() Count: 1
	Destroy() Cost: 0.0447998ms
Path: /datum/religion_rites/standing/spawn_item/talisman
	qdel() Count: 1
	Destroy() Cost: 0.0446014ms
Path: /datum/religion_rites/instant/spawn_item/cult
	qdel() Count: 1
	Destroy() Cost: 0.0425018ms
Path: /obj/effect/projectile/laser/impact
	qdel() Count: 1
	Destroy() Cost: 0.0418ms
Path: /datum/religion_rites/instant/spawn_item
	qdel() Count: 1
	Destroy() Cost: 0.0417023ms
Path: /datum/religion_rites/standing/spawn_item
	qdel() Count: 1
	Destroy() Cost: 0.0414978ms
Path: /obj/effect/landmark/corpse/scientist
	qdel() Count: 1
	Destroy() Cost: 0.0387993ms
Path: /datum/callback
	qdel() Count: 12
	Destroy() Cost: 0.0372986ms
Path: /datum/religion_rites/standing/consent/synthconversion
	qdel() Count: 1
	Destroy() Cost: 0.0354004ms
Path: /obj/effect/proc_holder/spell/targeted/genetic/blind
	qdel() Count: 2
	Destroy() Cost: 0.0336975ms
Path: /obj/effect/proc_holder/spell/targeted/inflict_handler/blind
	qdel() Count: 2
	Destroy() Cost: 0.0312012ms
Path: /datum/religion_rites/standing/consent/sacrifice
	qdel() Count: 1
	Destroy() Cost: 0.0300995ms
Path: /obj/effect/proc_holder/spell/targeted/gnomecurse
	qdel() Count: 1
	Destroy() Cost: 0.0294006ms
Path: /datum/religion_rites/standing/consent/clownconversion
	qdel() Count: 1
	Destroy() Cost: 0.0290985ms
Path: /obj/effect/proc_holder/spell/targeted/area_teleport/teleport
	qdel() Count: 1
	Destroy() Cost: 0.0290009ms
Path: /datum/religion_rites/standing/consent/invite
	qdel() Count: 1
	Destroy() Cost: 0.0289001ms
Path: /datum/religion_rites/standing/consent
	qdel() Count: 1
	Destroy() Cost: 0.0276001ms
Path: /obj/effect/proc_holder/spell/targeted/genetic
	qdel() Count: 1
	Destroy() Cost: 0.027298ms
Path: /datum/browser
	qdel() Count: 2
	Destroy() Cost: 0.0260986ms
Path: /obj/effect/proc_holder/spell/targeted/inflict_handler/fireball
	qdel() Count: 1
	Destroy() Cost: 0.023999ms
Path: /obj/effect/proc_holder/spell/targeted/inflict_handler
	qdel() Count: 1
	Destroy() Cost: 0.0237976ms
Path: /atom/movable/screen/plane_master/floor
	qdel() Count: 1
	Destroy() Cost: 0.0236023ms
Path: /datum/component/tactical
	qdel() Count: 1
	Destroy() Cost: 0.0233994ms
Path: /datum/reagent/aqueous_foam
	qdel() Count: 3
	Destroy() Cost: 0.0220461ms
Path: /datum/component/twohanded
	qdel() Count: 1
	Destroy() Cost: 0.0212021ms
Path: /datum/reagent/toxin/mindbreaker
	qdel() Count: 4
	Destroy() Cost: 0.0192013ms
Path: /datum/map_config
	qdel() Count: 1
	Destroy() Cost: 0.0178986ms
Path: /obj/effect/proc_holder/spell/targeted/area_teleport
	qdel() Count: 1
	Destroy() Cost: 0.0162994ms
Path: /datum/quirk/child_of_nature
	qdel() Count: 1
	Destroy() Cost: 0.0159999ms
Path: /obj/effect/proc_holder/spell/targeted/ethereal_jaunt/shadow_walk
	qdel() Count: 1
	Destroy() Cost: 0.0152008ms
Path: /obj/effect/proc_holder/spell/targeted/inflict_handler/magic_missile
	qdel() Count: 1
	Destroy() Cost: 0.0151001ms
Path: /obj/effect/proc_holder/spell/targeted/barnyardcurse
	qdel() Count: 1
	Destroy() Cost: 0.0149994ms
Path: /obj/effect/proc_holder/spell/targeted/ethereal_jaunt/phaseshift
	qdel() Count: 1
	Destroy() Cost: 0.014801ms
Path: /obj/effect/proc_holder/spell/targeted
	qdel() Count: 1
	Destroy() Cost: 0.014801ms
Path: /obj/effect/proc_holder/spell/targeted/forcewall/mimewall
	qdel() Count: 1
	Destroy() Cost: 0.0144989ms
Path: /obj/effect/proc_holder/spell/aoe_turf/repulse
	qdel() Count: 1
	Destroy() Cost: 0.0144989ms
Path: /obj/effect/proc_holder/spell/targeted/transfer_plasma
	qdel() Count: 1
	Destroy() Cost: 0.0144012ms
Path: /obj/effect/proc_holder/spell/targeted/emplosion
	qdel() Count: 1
	Destroy() Cost: 0.0143005ms
Path: /obj/effect/proc_holder/spell/targeted/explosion/fireball
	qdel() Count: 1
	Destroy() Cost: 0.0143005ms
Path: /obj/effect/proc_holder/spell/targeted/lighting_shock
	qdel() Count: 1
	Destroy() Cost: 0.0143005ms
Path: /obj/effect/proc_holder/spell/targeted/projectile/magic_missile
	qdel() Count: 1
	Destroy() Cost: 0.0143005ms
Path: /obj/effect/proc_holder/spell/no_target/charge/religion
	qdel() Count: 1
	Destroy() Cost: 0.0143005ms
Path: /obj/effect/proc_holder/spell/targeted/emplosion/disable_tech
	qdel() Count: 1
	Destroy() Cost: 0.0141998ms
Path: /obj/effect/proc_holder/spell/targeted/ethereal_jaunt/wizard
	qdel() Count: 1
	Destroy() Cost: 0.0141998ms
Path: /obj/effect/proc_holder/spell/aoe_turf/veil
	qdel() Count: 1
	Destroy() Cost: 0.0141998ms
Path: /obj/effect/proc_holder/spell/no_target/scribe_rune
	qdel() Count: 1
	Destroy() Cost: 0.0141998ms
Path: /obj/effect/proc_holder/spell/no_target/resin
	qdel() Count: 1
	Destroy() Cost: 0.0141022ms
Path: /obj/effect/proc_holder/spell/targeted/inflict_handler/disintegrate
	qdel() Count: 1
	Destroy() Cost: 0.0140991ms
Path: /obj/effect/proc_holder/spell/targeted/shadowling_hivemind_ascendant
	qdel() Count: 1
	Destroy() Cost: 0.0140991ms
Path: /obj/effect/proc_holder/spell/targeted/screech
	qdel() Count: 1
	Destroy() Cost: 0.0140991ms
Path: /obj/effect/proc_holder/spell/aoe_turf/knock
	qdel() Count: 1
	Destroy() Cost: 0.0140991ms
Path: /obj/effect/proc_holder/spell/targeted/heal/damage
	qdel() Count: 1
	Destroy() Cost: 0.0140015ms
Path: /obj/effect/proc_holder/spell/targeted/summonitem
	qdel() Count: 1
	Destroy() Cost: 0.0140015ms
Path: /obj/effect/proc_holder/spell/targeted/smoke
	qdel() Count: 1
	Destroy() Cost: 0.0140015ms
Path: /obj/effect/proc_holder/spell/aoe_turf/conjure/spawn_animal
	qdel() Count: 1
	Destroy() Cost: 0.0140015ms
Path: /obj/effect/proc_holder/spell/targeted/trigger
	qdel() Count: 1
	Destroy() Cost: 0.0139984ms
Path: /obj/effect/proc_holder/spell/in_hand/fireball
	qdel() Count: 1
	Destroy() Cost: 0.0139984ms
Path: /obj/effect/proc_holder/spell/targeted/projectile
	qdel() Count: 1
	Destroy() Cost: 0.0139008ms
Path: /obj/effect/proc_holder/spell/targeted/enthrall
	qdel() Count: 1
	Destroy() Cost: 0.0139008ms
Path: /obj/effect/proc_holder/spell/targeted/xeno_whisp
	qdel() Count: 1
	Destroy() Cost: 0.0139008ms
Path: /obj/effect/proc_holder/spell/aoe_turf/conjure/summonEdSwarm
	qdel() Count: 1
	Destroy() Cost: 0.0138977ms
Path: /obj/effect/proc_holder/spell/targeted/mind_transfer
	qdel() Count: 1
	Destroy() Cost: 0.0138ms
Path: /obj/effect/proc_holder/spell/aoe_turf/conjure/construct/lesser
	qdel() Count: 1
	Destroy() Cost: 0.0138ms
Path: /obj/effect/proc_holder/spell/aoe_turf/hulk_gas
	qdel() Count: 1
	Destroy() Cost: 0.0138ms
Path: /obj/effect/proc_holder/spell/no_target/food
	qdel() Count: 1
	Destroy() Cost: 0.0138ms
Path: /obj/effect/proc_holder/spell/targeted/spacetime_dist
	qdel() Count: 1
	Destroy() Cost: 0.013797ms
Path: /obj/effect/proc_holder/spell/targeted/zombie_findbrains
	qdel() Count: 1
	Destroy() Cost: 0.0137024ms
Path: /obj/effect/proc_holder/spell/targeted/forcewall
	qdel() Count: 1
	Destroy() Cost: 0.0136993ms
Path: /obj/effect/proc_holder/spell/targeted/shadowlingAscendantTransmit
	qdel() Count: 1
	Destroy() Cost: 0.0136993ms
Path: /obj/effect/proc_holder/spell/aoe_turf/conjure/carp
	qdel() Count: 1
	Destroy() Cost: 0.0136993ms
Path: /obj/effect/proc_holder/spell/no_target/weeds
	qdel() Count: 1
	Destroy() Cost: 0.0136993ms
Path: /obj/effect/proc_holder/spell/no_target/air_plant
	qdel() Count: 1
	Destroy() Cost: 0.0136993ms
Path: /obj/effect/proc_holder/spell/dumbfire/fireball
	qdel() Count: 1
	Destroy() Cost: 0.0136993ms
Path: /obj/effect/proc_holder/spell/in_hand/heal
	qdel() Count: 1
	Destroy() Cost: 0.0136993ms
Path: /obj/effect/proc_holder/spell/targeted/turf_teleport
	qdel() Count: 1
	Destroy() Cost: 0.0136017ms
Path: /obj/effect/proc_holder/spell/no_target/lay_egg
	qdel() Count: 1
	Destroy() Cost: 0.0136017ms
Path: /obj/effect/proc_holder/spell/targeted/shadowling_hivemind
	qdel() Count: 1
	Destroy() Cost: 0.0135986ms
Path: /obj/effect/proc_holder/spell/targeted/collective_mind
	qdel() Count: 1
	Destroy() Cost: 0.0135986ms
Path: /obj/effect/proc_holder/spell/aoe_turf/conjure/timestop
	qdel() Count: 1
	Destroy() Cost: 0.0135986ms
Path: /obj/effect/proc_holder/spell/aoe_turf/hulk_spit
	qdel() Count: 1
	Destroy() Cost: 0.0135986ms
Path: /obj/effect/proc_holder/spell/no_target/spawn_bible
	qdel() Count: 1
	Destroy() Cost: 0.0135986ms
Path: /obj/effect/proc_holder/spell/no_target/rot
	qdel() Count: 1
	Destroy() Cost: 0.0135986ms
Path: /obj/effect/proc_holder/spell/no_target/larva_evolve
	qdel() Count: 1
	Destroy() Cost: 0.0135986ms
Path: /obj/effect/proc_holder/spell/targeted/ethereal_jaunt
	qdel() Count: 1
	Destroy() Cost: 0.013501ms
Path: /obj/effect/proc_holder/spell/targeted/explosion
	qdel() Count: 1
	Destroy() Cost: 0.013501ms
Path: /obj/effect/proc_holder/spell/targeted/heal
	qdel() Count: 1
	Destroy() Cost: 0.013501ms
Path: /obj/effect/proc_holder/spell/targeted/communicate/fastener
	qdel() Count: 1
	Destroy() Cost: 0.013501ms
Path: /obj/effect/proc_holder/spell/targeted/communicate
	qdel() Count: 1
	Destroy() Cost: 0.013501ms
Path: /obj/effect/proc_holder/spell/targeted/glare
	qdel() Count: 1
	Destroy() Cost: 0.013501ms
Path: /obj/effect/proc_holder/spell/targeted/shadowling_phase_shift
	qdel() Count: 1
	Destroy() Cost: 0.013501ms
Path: /obj/effect/proc_holder/spell/aoe_turf/hulk_lazor
	qdel() Count: 1
	Destroy() Cost: 0.013501ms
Path: /obj/effect/proc_holder/spell/no_target/hide
	qdel() Count: 1
	Destroy() Cost: 0.013501ms
Path: /obj/effect/proc_holder/spell/no_target/evolve_to_queen
	qdel() Count: 1
	Destroy() Cost: 0.013501ms
Path: /obj/effect/proc_holder/spell/aoe_turf/conjure/smoke
	qdel() Count: 1
	Destroy() Cost: 0.0134979ms
Path: /obj/effect/proc_holder/spell/no_target/syndi_drone
	qdel() Count: 1
	Destroy() Cost: 0.0134979ms
Path: /obj/effect/proc_holder/spell/targeted/turf_teleport/blink
	qdel() Count: 1
	Destroy() Cost: 0.0134003ms
Path: /obj/effect/proc_holder/spell/targeted/reviveThrall
	qdel() Count: 1
	Destroy() Cost: 0.0134003ms
Path: /obj/effect/proc_holder/spell/aoe_turf/flashfreeze
	qdel() Count: 1
	Destroy() Cost: 0.0134003ms
Path: /obj/effect/proc_holder/spell/aoe_turf/unearthly_screech
	qdel() Count: 1
	Destroy() Cost: 0.0134003ms
Path: /obj/effect/proc_holder/spell/aoe_turf/hulk_eat
	qdel() Count: 1
	Destroy() Cost: 0.0134003ms
Path: /obj/effect/proc_holder/spell/aoe_turf/HulkHONK
	qdel() Count: 1
	Destroy() Cost: 0.0134003ms
Path: /obj/effect/proc_holder/spell/aoe_turf
	qdel() Count: 1
	Destroy() Cost: 0.0134003ms
Path: /obj/effect/proc_holder/spell/no_target/charge
	qdel() Count: 1
	Destroy() Cost: 0.0134003ms
Path: /obj/effect/proc_holder/spell/no_target/mime_speak
	qdel() Count: 1
	Destroy() Cost: 0.0134003ms
Path: /obj/effect/proc_holder/spell/no_target/grease
	qdel() Count: 1
	Destroy() Cost: 0.0134003ms
Path: /obj/effect/proc_holder/spell/no_target/infection
	qdel() Count: 1
	Destroy() Cost: 0.0134003ms
Path: /obj/effect/proc_holder/spell/in_hand/tesla
	qdel() Count: 1
	Destroy() Cost: 0.0134003ms
Path: /obj/effect/proc_holder/spell/in_hand/res_touch
	qdel() Count: 1
	Destroy() Cost: 0.0134003ms
Path: /obj/effect/proc_holder/spell/aoe_turf/drainLife
	qdel() Count: 1
	Destroy() Cost: 0.0133972ms
Path: /obj/effect/proc_holder/spell/no_target/syndi_drone/boost
	qdel() Count: 1
	Destroy() Cost: 0.0133972ms
Path: /obj/effect/proc_holder/spell/targeted/shadowling_regenarmor
	qdel() Count: 1
	Destroy() Cost: 0.0132996ms
Path: /obj/effect/proc_holder/spell/targeted/hypnosis
	qdel() Count: 1
	Destroy() Cost: 0.0132996ms
Path: /obj/effect/proc_holder/spell/aoe_turf/hulk_dash
	qdel() Count: 1
	Destroy() Cost: 0.0132996ms
Path: /obj/effect/proc_holder/spell/aoe_turf/hulk_mill
	qdel() Count: 1
	Destroy() Cost: 0.0132996ms
Path: /obj/effect/proc_holder/spell/no_target/infection/obcurse
	qdel() Count: 1
	Destroy() Cost: 0.0132996ms
Path: /obj/effect/proc_holder/spell/no_target/memorize_rune
	qdel() Count: 1
	Destroy() Cost: 0.0132996ms
Path: /obj/effect/proc_holder/spell/dumbfire
	qdel() Count: 1
	Destroy() Cost: 0.0132996ms
Path: /obj/effect/proc_holder/spell/blessing
	qdel() Count: 1
	Destroy() Cost: 0.0132996ms
Path: /obj/effect/proc_holder/spell/turf
	qdel() Count: 1
	Destroy() Cost: 0.0132996ms
Path: /obj/effect/proc_holder/spell/aoe_turf/hulk_smash
	qdel() Count: 1
	Destroy() Cost: 0.0132019ms
Path: /obj/effect/proc_holder/spell/aoe_turf/clown_joke
	qdel() Count: 1
	Destroy() Cost: 0.0132019ms
Path: /obj/effect/proc_holder/spell/targeted/blindness_smoke
	qdel() Count: 1
	Destroy() Cost: 0.0131989ms
Path: /obj/effect/proc_holder/spell/aoe_turf/hulk_jump
	qdel() Count: 1
	Destroy() Cost: 0.0131989ms
Path: /obj/effect/proc_holder/spell/turf/fireball
	qdel() Count: 1
	Destroy() Cost: 0.0131989ms
Path: /obj/effect/proc_holder/spell/targeted/annihilate
	qdel() Count: 1
	Destroy() Cost: 0.0131012ms
Path: /obj/effect/proc_holder/spell/aoe_turf/conjure/soulstone
	qdel() Count: 1
	Destroy() Cost: 0.0131012ms
Path: /obj/effect/proc_holder/spell/no_target/syndi_drone/smoke
	qdel() Count: 1
	Destroy() Cost: 0.0131012ms
Path: /obj/effect/proc_holder/spell/aoe_turf/conjure/lesserforcewall
	qdel() Count: 1
	Destroy() Cost: 0.0130981ms
Path: /obj/effect/proc_holder/spell/aoe_turf/glacial_blast
	qdel() Count: 1
	Destroy() Cost: 0.0130981ms
Path: /obj/effect/proc_holder/spell/no_target
	qdel() Count: 1
	Destroy() Cost: 0.0130981ms
Path: /obj/effect/proc_holder/spell/in_hand/arcane_barrage
	qdel() Count: 1
	Destroy() Cost: 0.0130981ms
Path: /obj/effect/proc_holder/spell/aoe_turf/conjure
	qdel() Count: 1
	Destroy() Cost: 0.0130005ms
Path: /obj/effect/proc_holder/spell/in_hand
	qdel() Count: 1
	Destroy() Cost: 0.0130005ms
Path: /obj/effect/proc_holder/spell/aoe_turf/conjure/construct
	qdel() Count: 1
	Destroy() Cost: 0.0128998ms
Path: /obj/effect/proc_holder/spell/aoe_turf/conjure/creature
	qdel() Count: 1
	Destroy() Cost: 0.0128998ms
Path: /obj/effect/proc_holder/spell/aoe_turf/conjure/wall
	qdel() Count: 1
	Destroy() Cost: 0.0128998ms
Path: /obj/effect/proc_holder/spell/aoe_turf/conjure/the_traps
	qdel() Count: 1
	Destroy() Cost: 0.0128021ms
Path: /obj/effect/proc_holder/spell/aoe_turf/conjure/floor
	qdel() Count: 1
	Destroy() Cost: 0.0128021ms
Path: /datum/recipe/microwave/human
	qdel() Count: 2
	Destroy() Cost: 0.0122032ms
Path: /atom/movable/screen/plane_master/game_world
	qdel() Count: 1
	Destroy() Cost: 0.0119019ms
Path: /atom/movable/plane_master_controller/game
	qdel() Count: 1
	Destroy() Cost: 0.011499ms
Path: /atom/movable/screen/plane_master/ghost_illusion
	qdel() Count: 1
	Destroy() Cost: 0.0104004ms
Path: /atom/movable/screen/plane_master/game_world_above
	qdel() Count: 1
	Destroy() Cost: 0.0103027ms
Path: /atom/movable/screen/plane_master/parallax_white
	qdel() Count: 1
	Destroy() Cost: 0.0100952ms
Path: /datum/quirk/light_step
	qdel() Count: 1
	Destroy() Cost: 0.00999999ms
Path: /atom/movable/screen/plane_master/ghost
	qdel() Count: 1
	Destroy() Cost: 0.00999756ms
Path: /atom/movable/screen/plane_master/rendering_plate/game_world
	qdel() Count: 1
	Destroy() Cost: 0.00999756ms
Path: /atom/movable/screen/plane_master/lighting
	qdel() Count: 1
	Destroy() Cost: 0.00969849ms
Path: /atom/movable/screen/plane_master/gravpulse
	qdel() Count: 1
	Destroy() Cost: 0.00939941ms
Path: /atom/movable/screen/plane_master/area
	qdel() Count: 1
	Destroy() Cost: 0.00939941ms
Path: /atom/movable/screen/plane_master/rendering_plate/non_game
	qdel() Count: 1
	Destroy() Cost: 0.00939941ms
Path: /atom/movable/screen/plane_master/blackness
	qdel() Count: 1
	Destroy() Cost: 0.00930176ms
Path: /atom/movable/screen/plane_master/point
	qdel() Count: 1
	Destroy() Cost: 0.009198ms
Path: /atom/movable/screen/plane_master/rendering_plate/above_game_world
	qdel() Count: 1
	Destroy() Cost: 0.009198ms
Path: /atom/movable/screen/plane_master/singularity
	qdel() Count: 1
	Destroy() Cost: 0.00910034ms
Path: /atom/movable/screen/plane_master/rendering_plate/master
	qdel() Count: 1
	Destroy() Cost: 0.00910034ms
Path: /atom/movable/screen/plane_master/rendering_plate
	qdel() Count: 1
	Destroy() Cost: 0.00910034ms
Path: /atom/movable/screen/plane_master/parallax
	qdel() Count: 1
	Destroy() Cost: 0.00900269ms
Path: /atom/movable/screen/plane_master/camera_static
	qdel() Count: 1
	Destroy() Cost: 0.00900269ms
Path: /datum/religion_rites/instant/chaplain/death_alarm
	qdel() Count: 1
	Destroy() Cost: 0.00899963ms
Path: /atom/movable/screen/plane_master/above_lighting
	qdel() Count: 1
	Destroy() Cost: 0.00899658ms
Path: /atom/movable/screen/plane_master/fullscreen
	qdel() Count: 1
	Destroy() Cost: 0.00890503ms
Path: /datum/quirk/strong_mind
	qdel() Count: 1
	Destroy() Cost: 0.0086ms
Path: /datum/quirk/alcohol_tolerance
	qdel() Count: 1
	Destroy() Cost: 0.0086ms
Path: /datum/quirk/multitasking
	qdel() Count: 1
	Destroy() Cost: 0.0085001ms
Path: /datum/quirk/light_drinker
	qdel() Count: 1
	Destroy() Cost: 0.00830007ms
Path: /datum/reagent/water
	qdel() Count: 1
	Destroy() Cost: 0.00805664ms
Path: /datum/quirk/nyctophobia
	qdel() Count: 1
	Destroy() Cost: 0.00800014ms
Path: /datum/quirk/stress_eater
	qdel() Count: 1
	Destroy() Cost: 0.0078001ms
Path: /datum/quirk/no_taste
	qdel() Count: 1
	Destroy() Cost: 0.00769997ms
Path: /datum/quirk/daltonism
	qdel() Count: 1
	Destroy() Cost: 0.00769997ms
Path: /datum/quirk/fast_equip
	qdel() Count: 1
	Destroy() Cost: 0.00760007ms
Path: /datum/quirk/freerunning
	qdel() Count: 1
	Destroy() Cost: 0.00760007ms
Path: /datum/quirk/fatness
	qdel() Count: 1
	Destroy() Cost: 0.00760007ms
Path: /datum/quirk/deafness
	qdel() Count: 1
	Destroy() Cost: 0.00759995ms
Path: /datum/quirk/low_pain_threshold
	qdel() Count: 1
	Destroy() Cost: 0.00759983ms
Path: /datum/quality/negativeish
	qdel() Count: 1
	Destroy() Cost: 0.00759888ms
Path: /datum/quirk/nervous
	qdel() Count: 1
	Destroy() Cost: 0.00749993ms
Path: /datum/quirk/blindness
	qdel() Count: 1
	Destroy() Cost: 0.00749993ms
Path: /datum/quirk/nearsighted
	qdel() Count: 1
	Destroy() Cost: 0.00740004ms
Path: /datum/quirk/genetic_degradation
	qdel() Count: 1
	Destroy() Cost: 0.00740004ms
Path: /datum/quirk/tourette
	qdel() Count: 1
	Destroy() Cost: 0.0073998ms
Path: /datum/quirk/epileptic
	qdel() Count: 1
	Destroy() Cost: 0.00730014ms
Path: /datum/quirk/mute
	qdel() Count: 1
	Destroy() Cost: 0.0072999ms
Path: /datum/quirk/high_pain_threshold
	qdel() Count: 1
	Destroy() Cost: 0.0072999ms
Path: /datum/quirk/cough
	qdel() Count: 1
	Destroy() Cost: 0.0072ms
Path: /datum/aspect/death
	qdel() Count: 1
	Destroy() Cost: 0.00480042ms
Path: /datum/religion_rites/instant/cult/emp
	qdel() Count: 1
	Destroy() Cost: 0.00400085ms
Path: /datum/quality/positiveish
	qdel() Count: 1
	Destroy() Cost: 0.00389862ms
Path: /datum/mechanic_tip/twohanded/required
	qdel() Count: 1
	Destroy() Cost: 0.00379944ms
Path: /datum/aspect/science
	qdel() Count: 1
	Destroy() Cost: 0.00370178ms
Path: /datum/quality/clumsy
	qdel() Count: 1
	Destroy() Cost: 0.00370026ms
Path: /datum/religion_rites/instant/chaplain
	qdel() Count: 1
	Destroy() Cost: 0.00360107ms
Path: /datum/religion_rites/standing/legacy/charge
	qdel() Count: 1
	Destroy() Cost: 0.00350037ms
Path: /datum/quality/quirkieish
	qdel() Count: 1
	Destroy() Cost: 0.0034008ms
Path: /datum/aspect/resources
	qdel() Count: 1
	Destroy() Cost: 0.00339966ms
Path: /datum/aspect/conjure
	qdel() Count: 1
	Destroy() Cost: 0.00339966ms
Path: /datum/aspect/rescue
	qdel() Count: 1
	Destroy() Cost: 0.00339966ms
Path: /datum/aspect/lightbending/darkness
	qdel() Count: 1
	Destroy() Cost: 0.00339966ms
Path: /datum/aspect/greed
	qdel() Count: 1
	Destroy() Cost: 0.00339966ms
Path: /datum/religion_rites/standing/swap/devaluation
	qdel() Count: 1
	Destroy() Cost: 0.003302ms
Path: /datum/religion_rites/standing/food
	qdel() Count: 1
	Destroy() Cost: 0.00329895ms
Path: /datum/aspect/food
	qdel() Count: 1
	Destroy() Cost: 0.00329895ms
Path: /datum/aspect/weapon
	qdel() Count: 1
	Destroy() Cost: 0.00329895ms
Path: /datum/aspect/chaos
	qdel() Count: 1
	Destroy() Cost: 0.00329895ms
Path: /datum/aspect/lightbending/light
	qdel() Count: 1
	Destroy() Cost: 0.00329895ms
Path: /datum/aspect/lightbending
	qdel() Count: 1
	Destroy() Cost: 0.00329895ms
Path: /datum/religion_rites/pedestals/cult/narsie
	qdel() Count: 1
	Destroy() Cost: 0.00320129ms
Path: /datum/religion_sect/preset/chaplain/puritanism
	qdel() Count: 1
	Destroy() Cost: 0.00320129ms
Path: /datum/aspect/mystic
	qdel() Count: 1
	Destroy() Cost: 0.00320129ms
Path: /datum/aspect/technology
	qdel() Count: 1
	Destroy() Cost: 0.00319824ms
Path: /datum/religion_rites/instant/impose_deaf
	qdel() Count: 1
	Destroy() Cost: 0.00310059ms
Path: /datum/religion_rites/instant
	qdel() Count: 1
	Destroy() Cost: 0.00310059ms
Path: /datum/religion_rites/standing
	qdel() Count: 1
	Destroy() Cost: 0.00310059ms
Path: /datum/aspect/wacky
	qdel() Count: 1
	Destroy() Cost: 0.00309753ms
Path: /datum/religion_rites/instant/cult/sacrifice
	qdel() Count: 1
	Destroy() Cost: 0.00299988ms
Path: /datum/religion_rites/standing/legacy
	qdel() Count: 1
	Destroy() Cost: 0.00299988ms
Path: /datum/religion_rites/instant/communicate
	qdel() Count: 1
	Destroy() Cost: 0.00290222ms
Path: /datum/religion_rites/pedestals/cult/cult_portal
	qdel() Count: 1
	Destroy() Cost: 0.00290222ms
Path: /datum/religion_rites/standing/pray
	qdel() Count: 1
	Destroy() Cost: 0.00290222ms
Path: /datum/religion_rites/standing/swap
	qdel() Count: 1
	Destroy() Cost: 0.00290222ms
Path: /datum/religion_rites/instant/cult/convert
	qdel() Count: 1
	Destroy() Cost: 0.00289917ms
Path: /datum/religion_rites/pedestals/cult
	qdel() Count: 1
	Destroy() Cost: 0.00289917ms
Path: /datum/religion_rites/standing/honk
	qdel() Count: 1
	Destroy() Cost: 0.00289917ms
Path: /datum/religion_rites/standing/animation
	qdel() Count: 1
	Destroy() Cost: 0.00289917ms
Path: /datum/religion_rites/standing/illuminate
	qdel() Count: 1
	Destroy() Cost: 0.00289917ms
Path: /datum/religion_rites/standing/swap/upgrade
	qdel() Count: 1
	Destroy() Cost: 0.00289917ms
Path: /datum/religion_sect/preset/chaplain/bloodgods
	qdel() Count: 1
	Destroy() Cost: 0.00289917ms
Path: /datum/religion_sect/custom/chaplain
	qdel() Count: 1
	Destroy() Cost: 0.00289917ms
Path: /datum/religion_rites/instant/cult/raise_torture
	qdel() Count: 1
	Destroy() Cost: 0.00280151ms
Path: /datum/religion_rites/instant/cult/create_slave
	qdel() Count: 1
	Destroy() Cost: 0.00280151ms
Path: /datum/religion_rites/standing/revive_animal
	qdel() Count: 1
	Destroy() Cost: 0.00280151ms
Path: /datum/religion_rites/instant/cult/drain_torture
	qdel() Count: 1
	Destroy() Cost: 0.00279846ms
Path: /datum/religion_rites/instant/cult/summon_acolyt
	qdel() Count: 1
	Destroy() Cost: 0.00279846ms
Path: /datum/religion_rites/instant/impose_blind
	qdel() Count: 1
	Destroy() Cost: 0.00279846ms
Path: /datum/religion_rites/pedestals/cult/make_skeleton
	qdel() Count: 1
	Destroy() Cost: 0.00279846ms
Path: /datum/religion_rites/instant/cult/give_forcearmor
	qdel() Count: 1
	Destroy() Cost: 0.00270081ms
Path: /datum/religion_rites/instant/cult/upgrade_tome
	qdel() Count: 1
	Destroy() Cost: 0.00270081ms
Path: /datum/religion_rites/instant/impose_stun
	qdel() Count: 1
	Destroy() Cost: 0.00270081ms
Path: /datum/religion_rites/standing/spook
	qdel() Count: 1
	Destroy() Cost: 0.00270081ms
Path: /datum/religion_sect/preset/chaplain/clown
	qdel() Count: 1
	Destroy() Cost: 0.00270081ms
Path: /datum/religion_rites/instant/cult/brainswap
	qdel() Count: 1
	Destroy() Cost: 0.00269775ms
Path: /datum/religion_rites/pedestals
	qdel() Count: 1
	Destroy() Cost: 0.0026001ms
Path: /datum/religion_sect/preset/chaplain/technophile
	qdel() Count: 1
	Destroy() Cost: 0.0026001ms
Path: /datum/religion_rites/instant/cult
	qdel() Count: 1
	Destroy() Cost: 0.00249939ms
Path: /datum
	qdel() Count: 1
	Destroy() Cost: 0ms
