[22:56:40] Server '' starting up on 26.166.93.76:55951
[22:56:42]GAME: DJ Station loaded at (149,210,3)
[22:56:43]GAME: Broken Breacher loaded at (164,18,3)
[22:56:43]GAME: planetarium loaded at (56,189,4)
[22:56:43]GAME: Secrete Lab loaded at (80,120,3)
[22:56:43]GAME: ghost_ship_2 loaded at (29,54,4)
[22:56:43]GAME: cloning_lab loaded at (176,129,4)
[22:56:43]GAME: syndicate_fighter loaded at (37,121,4)
[22:57:26]ADMIN: fatfat/(FatFat) has started the game.
[22:57:28]MODE: Current master mode is extended
[22:57:28]DEBUG: Next event of severity RoundStart in 0 minutes.
[22:57:28]GAME: RoundStart Event: Selected areas is nothing
[22:57:28]DEBUG: Starting event 'Forgotten Surgeon Tools' of severity RoundStart.
[22:57:28]DEBUG: Next event of severity RoundStart in 0 minutes.
[22:57:28]DEBUG: Starting event 'Roundstart Nothing' of severity RoundStart.
[22:57:28]GAME: ANTAG LIST:
no antagonists this moment
[22:57:29]DEBUG: Event 'Forgotten Surgeon Tools' has completed at 12:00.
[22:57:29]DEBUG: Event 'Roundstart Nothing' has completed at 12:00.
[22:57:29]DEBUG: Next event of severity Mundane in 14.44 minutes.
[22:57:29]DEBUG: Next event of severity Moderate in 39.72 minutes.
[22:57:29]DEBUG: Next event of severity Major in 64.5383 minutes.
[22:58:14]SAY: *no key*/(cyber horror) : [Secrete Lab]: KR@!!N
[22:58:22]SAY: *no key*/(cyber horror) : [Secrete Lab]: KR@!!N
[22:58:34]SAY: *no key*/(cyber horror) : [Secrete Lab]: G@#!$ H@!#%, H!@%%@ @!E
[22:58:46]SAY: *no key*/(cyber horror) : [Secrete Lab]: GHAA!@@#
[22:59:26]SAY: *no key*/(cyber horror) : [Secrete Lab]: K!@@##L!@@ %!@#E
[22:59:29]ADMIN: fatfat/(Manley Hayhurst) jumped to coordinates 1, 1, 1
[22:59:32]ADMIN: fatfat/(Manley Hayhurst) jumped to (2,1,1) in Space
[22:59:33]ADMIN: fatfat/(Manley Hayhurst) jumped to (3,1,1) in Space
[22:59:36]ADMIN: fatfat/(Manley Hayhurst) healed / revived fatfat/(Manley Hayhurst)
[22:59:38]SAY: *no key*/(cyber horror) : [Secrete Lab]: GHAA!@@#
[23:00:08] Graceful shutdown
