Path: /obj/effect/effect/sparks
	qdel() Count: 310
	Destroy() Cost: 61.5212ms
Path: /datum/light_source
	qdel() Count: 337
	Destroy() Cost: 44.9029ms
Path: /datum/tgui_modal
	qdel() Count: 1
	Destroy() Cost: 11.1066ms
Path: /datum/timedevent
	qdel() Count: 505
	Destroy() Cost: 10.8332ms
Path: /datum/component/rite/spawn_item
	qdel() Count: 11
	Destroy() Cost: 1.8658ms
Path: /datum/component/clickplace
	qdel() Count: 7
	Destroy() Cost: 0.6606ms
Path: /mob/dead/new_player
	qdel() Count: 1
	Destroy() Cost: 0.583887ms
Path: /datum/hud
	qdel() Count: 1
	Destroy() Cost: 0.520117ms
Path: /obj/item/stack/cable_coil/random
	qdel() Count: 9
	Destroy() Cost: 0.461471ms
Path: /datum/component/rite/consent
	qdel() Count: 5
	Destroy() Cost: 0.447101ms
Path: /obj/structure/reagent_dispensers/fueltank
	qdel() Count: 2
	Destroy() Cost: 0.3514ms
Path: /obj/effect/proc_holder/spell/targeted/trigger/blind
	qdel() Count: 1
	Destroy() Cost: 0.3009ms
Path: /datum/religion_rites/instant/spawn_item/cult/talisman
	qdel() Count: 1
	Destroy() Cost: 0.278ms
Path: /obj/item/weapon/storage/backpack
	qdel() Count: 2
	Destroy() Cost: 0.264197ms
Path: /datum/religion_rites/standing/spawn_item/call_animal
	qdel() Count: 1
	Destroy() Cost: 0.261102ms
Path: /obj/effect/proc_holder/spell/aoe_turf/glacial_blast
	qdel() Count: 1
	Destroy() Cost: 0.251001ms
Path: /obj/structure/sign/poster/contraband/random
	qdel() Count: 6
	Destroy() Cost: 0.242598ms
Path: /datum/religion_rites/instant/spawn_item/cult/soulstone
	qdel() Count: 1
	Destroy() Cost: 0.2291ms
Path: /datum/religion_rites/standing/spawn_item/banana
	qdel() Count: 1
	Destroy() Cost: 0.228598ms
Path: /datum/religion_rites/standing/spawn_item/banana_ore
	qdel() Count: 1
	Destroy() Cost: 0.2254ms
Path: /datum/religion_rites/standing/spawn_item/create_sword
	qdel() Count: 1
	Destroy() Cost: 0.213998ms
Path: /datum/religion_rites/instant/spawn_item/cult/constructshell
	qdel() Count: 1
	Destroy() Cost: 0.2133ms
Path: /datum/religion_rites/standing/spawn_item/talisman
	qdel() Count: 1
	Destroy() Cost: 0.209802ms
Path: /datum/religion_rites/instant/spawn_item/cult
	qdel() Count: 1
	Destroy() Cost: 0.204799ms
Path: /datum/religion_rites/instant/spawn_item
	qdel() Count: 1
	Destroy() Cost: 0.2017ms
Path: /datum/religion_rites/standing/spawn_item
	qdel() Count: 1
	Destroy() Cost: 0.197198ms
Path: /datum/callback
	qdel() Count: 12
	Destroy() Cost: 0.174794ms
Path: /datum/religion_rites/standing/consent/synthconversion
	qdel() Count: 1
	Destroy() Cost: 0.158701ms
Path: /datum/component/mechanic_desc
	qdel() Count: 7
	Destroy() Cost: 0.156803ms
Path: /datum/aspect/rescue
	qdel() Count: 1
	Destroy() Cost: 0.1552ms
Path: /obj/effect/landmark/corpse/bridgeofficer
	qdel() Count: 4
	Destroy() Cost: 0.154902ms
Path: /obj/effect/proc_holder/spell/aoe_turf/drainLife
	qdel() Count: 1
	Destroy() Cost: 0.152002ms
Path: /datum/religion_rites/standing/consent/sacrifice
	qdel() Count: 1
	Destroy() Cost: 0.1448ms
Path: /datum/religion_rites/standing/consent/clownconversion
	qdel() Count: 1
	Destroy() Cost: 0.141602ms
Path: /obj/effect/proc_holder/spell/aoe_turf/repulse
	qdel() Count: 1
	Destroy() Cost: 0.140698ms
Path: /datum/religion_rites/standing/consent/invite
	qdel() Count: 1
	Destroy() Cost: 0.138602ms
Path: /datum/religion_rites/standing/consent
	qdel() Count: 1
	Destroy() Cost: 0.138101ms
Path: /obj/effect/proc_holder/spell/targeted/area_teleport/teleport
	qdel() Count: 1
	Destroy() Cost: 0.138101ms
Path: /obj/effect/overlay/blurb
	qdel() Count: 1
	Destroy() Cost: 0.138ms
Path: /obj/effect/proc_holder/spell/targeted/inflict_handler/blind
	qdel() Count: 2
	Destroy() Cost: 0.137399ms
Path: /obj/effect/proc_holder/spell/targeted/genetic/blind
	qdel() Count: 2
	Destroy() Cost: 0.130301ms
Path: /obj/random/foods/donuts
	qdel() Count: 6
	Destroy() Cost: 0.125801ms
Path: /obj/effect/proc_holder/spell/no_target/lay_egg
	qdel() Count: 1
	Destroy() Cost: 0.123895ms
Path: /datum/reagents
	qdel() Count: 2
	Destroy() Cost: 0.1183ms
Path: /obj/effect/proc_holder/spell/aoe_turf/hulk_jump
	qdel() Count: 1
	Destroy() Cost: 0.102899ms
Path: /obj/structure/sign/poster/random
	qdel() Count: 2
	Destroy() Cost: 0.0929985ms
Path: /obj/random/scrap/dense_weighted
	qdel() Count: 4
	Destroy() Cost: 0.0906982ms
Path: /obj/random/scrap/moderate_weighted
	qdel() Count: 5
	Destroy() Cost: 0.0851059ms
Path: /obj/item/clothing/under/color/black
	qdel() Count: 1
	Destroy() Cost: 0.084082ms
Path: /obj/item/clothing/shoes/black
	qdel() Count: 1
	Destroy() Cost: 0.0812988ms
Path: /datum/modval_modifier
	qdel() Count: 18
	Destroy() Cost: 0.0809992ms
Path: /obj/effect/proc_holder/spell/no_target/air_plant
	qdel() Count: 1
	Destroy() Cost: 0.0796021ms
Path: /obj/effect/proc_holder/spell/aoe_turf/clown_joke
	qdel() Count: 1
	Destroy() Cost: 0.0783997ms
Path: /obj/effect/proc_holder/spell/aoe_turf/hulk_dash
	qdel() Count: 1
	Destroy() Cost: 0.0779968ms
Path: /obj/effect/proc_holder/spell/targeted/area_teleport
	qdel() Count: 1
	Destroy() Cost: 0.0770996ms
Path: /obj/effect/proc_holder/spell/aoe_turf/hulk_smash
	qdel() Count: 1
	Destroy() Cost: 0.077002ms
Path: /obj/effect/proc_holder/spell/aoe_turf/hulk_mill
	qdel() Count: 1
	Destroy() Cost: 0.0769958ms
Path: /obj/effect/landmark/latejoin
	qdel() Count: 3
	Destroy() Cost: 0.0759001ms
Path: /obj/effect/proc_holder/spell/targeted/genetic
	qdel() Count: 1
	Destroy() Cost: 0.0747986ms
Path: /obj/effect/proc_holder/spell/aoe_turf/hulk_gas
	qdel() Count: 1
	Destroy() Cost: 0.0746033ms
Path: /obj/effect/proc_holder/spell/aoe_turf/hulk_eat
	qdel() Count: 1
	Destroy() Cost: 0.0722046ms
Path: /obj/effect/proc_holder/spell/aoe_turf
	qdel() Count: 1
	Destroy() Cost: 0.0721008ms
Path: /obj/effect/proc_holder/spell/aoe_turf/hulk_spit
	qdel() Count: 1
	Destroy() Cost: 0.0717041ms
Path: /obj/effect/proc_holder/spell/aoe_turf/veil
	qdel() Count: 1
	Destroy() Cost: 0.069397ms
Path: /obj/effect/proc_holder/spell/no_target/resin
	qdel() Count: 1
	Destroy() Cost: 0.069397ms
Path: /obj/effect/proc_holder/spell/targeted/barnyardcurse
	qdel() Count: 1
	Destroy() Cost: 0.0682007ms
Path: /obj/effect/proc_holder/spell/aoe_turf/hulk_lazor
	qdel() Count: 1
	Destroy() Cost: 0.0680969ms
Path: /obj/effect/proc_holder/spell/aoe_turf/HulkHONK
	qdel() Count: 1
	Destroy() Cost: 0.0674988ms
Path: /obj/effect/proc_holder/spell/targeted/ethereal_jaunt/phaseshift
	qdel() Count: 1
	Destroy() Cost: 0.0673004ms
Path: /obj/effect/proc_holder/spell/targeted/ethereal_jaunt/shadow_walk
	qdel() Count: 1
	Destroy() Cost: 0.067099ms
Path: /obj/effect/proc_holder/spell/in_hand/fireball
	qdel() Count: 1
	Destroy() Cost: 0.067096ms
Path: /obj/effect/proc_holder/spell/no_target/charge/religion
	qdel() Count: 1
	Destroy() Cost: 0.0669006ms
Path: /datum/mood_event/mild_pain
	qdel() Count: 2
	Destroy() Cost: 0.0669ms
Path: /obj/effect/proc_holder/spell/no_target/weeds
	qdel() Count: 1
	Destroy() Cost: 0.0665039ms
Path: /obj/effect/proc_holder/spell/no_target/scribe_rune
	qdel() Count: 1
	Destroy() Cost: 0.0653015ms
Path: /obj/effect/proc_holder/spell/no_target/charge
	qdel() Count: 1
	Destroy() Cost: 0.0650024ms
Path: /obj/effect/proc_holder/spell/targeted/smoke
	qdel() Count: 1
	Destroy() Cost: 0.0649994ms
Path: /obj/effect/proc_holder/spell/targeted/xeno_whisp
	qdel() Count: 1
	Destroy() Cost: 0.0647003ms
Path: /obj/effect/proc_holder/spell/targeted/inflict_handler/magic_missile
	qdel() Count: 1
	Destroy() Cost: 0.0645996ms
Path: /obj/effect/proc_holder/spell/targeted/explosion/fireball
	qdel() Count: 1
	Destroy() Cost: 0.064502ms
Path: /obj/effect/proc_holder/spell/targeted/heal/damage
	qdel() Count: 1
	Destroy() Cost: 0.064502ms
Path: /obj/effect/proc_holder/spell/targeted/ethereal_jaunt/wizard
	qdel() Count: 1
	Destroy() Cost: 0.0643005ms
Path: /obj/effect/proc_holder/spell/targeted/genetic/mutate
	qdel() Count: 1
	Destroy() Cost: 0.0642029ms
Path: /obj/effect/proc_holder/spell/no_target/grease
	qdel() Count: 1
	Destroy() Cost: 0.0642029ms
Path: /obj/effect/proc_holder/spell/targeted/trigger
	qdel() Count: 1
	Destroy() Cost: 0.0640991ms
Path: /obj/effect/proc_holder/spell/aoe_turf/knock
	qdel() Count: 1
	Destroy() Cost: 0.0640015ms
Path: /obj/effect/proc_holder/spell/no_target/hide
	qdel() Count: 1
	Destroy() Cost: 0.0639954ms
Path: /obj/effect/proc_holder/spell/aoe_turf/conjure/spawn_animal
	qdel() Count: 1
	Destroy() Cost: 0.0638001ms
Path: /obj/effect/proc_holder/spell/no_target/evolve_to_queen
	qdel() Count: 1
	Destroy() Cost: 0.0638001ms
Path: /obj/effect/proc_holder/spell/targeted/forcewall/mimewall
	qdel() Count: 1
	Destroy() Cost: 0.0636993ms
Path: /obj/effect/proc_holder/spell/targeted/emplosion/disable_tech
	qdel() Count: 1
	Destroy() Cost: 0.0634003ms
Path: /obj/effect/proc_holder/spell/no_target/spawn_bible
	qdel() Count: 1
	Destroy() Cost: 0.0633972ms
Path: /obj/effect/proc_holder/spell/no_target/larva_evolve
	qdel() Count: 1
	Destroy() Cost: 0.0633972ms
Path: /obj/effect/proc_holder/spell/targeted/forcewall
	qdel() Count: 1
	Destroy() Cost: 0.0631012ms
Path: /obj/effect/proc_holder/spell/targeted
	qdel() Count: 1
	Destroy() Cost: 0.0630981ms
Path: /obj/effect/proc_holder/spell/no_target/mime_speak
	qdel() Count: 1
	Destroy() Cost: 0.0630981ms
Path: /obj/effect/proc_holder/spell/targeted/turf_teleport
	qdel() Count: 1
	Destroy() Cost: 0.0630005ms
Path: /obj/effect/proc_holder/spell/no_target/syndi_drone
	qdel() Count: 1
	Destroy() Cost: 0.0628052ms
Path: /obj/effect/proc_holder/spell/targeted/projectile/magic_missile
	qdel() Count: 1
	Destroy() Cost: 0.0626984ms
Path: /obj/effect/proc_holder/spell/targeted/mind_transfer
	qdel() Count: 1
	Destroy() Cost: 0.0626007ms
Path: /obj/effect/proc_holder/spell/targeted/gnomecurse
	qdel() Count: 1
	Destroy() Cost: 0.0625ms
Path: /obj/effect/proc_holder/spell/aoe_turf/conjure/summonEdSwarm
	qdel() Count: 1
	Destroy() Cost: 0.0625ms
Path: /obj/effect/proc_holder/spell/targeted/emplosion
	qdel() Count: 1
	Destroy() Cost: 0.0623016ms
Path: /obj/effect/proc_holder/spell/targeted/communicate/fastener
	qdel() Count: 1
	Destroy() Cost: 0.0623016ms
Path: /obj/effect/proc_holder/spell/targeted/heal
	qdel() Count: 1
	Destroy() Cost: 0.0622009ms
Path: /obj/effect/proc_holder/spell/targeted/summonitem
	qdel() Count: 1
	Destroy() Cost: 0.0622009ms
Path: /obj/effect/proc_holder/spell/no_target/infection/obcurse
	qdel() Count: 1
	Destroy() Cost: 0.0622009ms
Path: /obj/effect/proc_holder/spell/no_target/syndi_drone/smoke
	qdel() Count: 1
	Destroy() Cost: 0.0621948ms
Path: /obj/effect/proc_holder/spell/no_target/infection
	qdel() Count: 1
	Destroy() Cost: 0.0621033ms
Path: /obj/effect/proc_holder/spell/targeted/lighting_shock
	qdel() Count: 1
	Destroy() Cost: 0.0620972ms
Path: /obj/effect/proc_holder/spell/dumbfire/fireball
	qdel() Count: 1
	Destroy() Cost: 0.0620972ms
Path: /obj/effect/proc_holder/spell/targeted/inflict_handler/disintegrate
	qdel() Count: 1
	Destroy() Cost: 0.0619995ms
Path: /obj/effect/proc_holder/spell/targeted/turf_teleport/blink
	qdel() Count: 1
	Destroy() Cost: 0.0619995ms
Path: /obj/effect/proc_holder/spell/no_target
	qdel() Count: 1
	Destroy() Cost: 0.0619995ms
Path: /obj/effect/proc_holder/spell/targeted/screech
	qdel() Count: 1
	Destroy() Cost: 0.0619019ms
Path: /obj/effect/proc_holder/spell/no_target/syndi_drone/boost
	qdel() Count: 1
	Destroy() Cost: 0.0619019ms
Path: /obj/effect/proc_holder/spell/targeted/explosion
	qdel() Count: 1
	Destroy() Cost: 0.0618988ms
Path: /obj/effect/proc_holder/spell/targeted/inflict_handler/fireball
	qdel() Count: 1
	Destroy() Cost: 0.0618011ms
Path: /obj/effect/proc_holder/spell/targeted/reviveThrall
	qdel() Count: 1
	Destroy() Cost: 0.0618011ms
Path: /obj/effect/proc_holder/spell/targeted/shadowling_phase_shift
	qdel() Count: 1
	Destroy() Cost: 0.0617981ms
Path: /obj/effect/proc_holder/spell/targeted/projectile
	qdel() Count: 1
	Destroy() Cost: 0.0617004ms
Path: /obj/effect/proc_holder/spell/aoe_turf/conjure/lesserforcewall
	qdel() Count: 1
	Destroy() Cost: 0.0617004ms
Path: /obj/effect/proc_holder/spell/dumbfire
	qdel() Count: 1
	Destroy() Cost: 0.0617004ms
Path: /obj/effect/proc_holder/spell/targeted/transfer_plasma
	qdel() Count: 1
	Destroy() Cost: 0.0616028ms
Path: /obj/effect/proc_holder/spell/no_target/memorize_rune
	qdel() Count: 1
	Destroy() Cost: 0.0616028ms
Path: /obj/effect/proc_holder/spell/targeted/inflict_handler
	qdel() Count: 1
	Destroy() Cost: 0.0615997ms
Path: /obj/effect/proc_holder/spell/aoe_turf/flashfreeze
	qdel() Count: 1
	Destroy() Cost: 0.0615967ms
Path: /obj/effect/proc_holder/spell/targeted/ethereal_jaunt
	qdel() Count: 1
	Destroy() Cost: 0.0615021ms
Path: /atom/movable/screen/alert/oxy
	qdel() Count: 1
	Destroy() Cost: 0.0615ms
Path: /obj/effect/proc_holder/spell/no_target/food
	qdel() Count: 1
	Destroy() Cost: 0.0614014ms
Path: /obj/effect/proc_holder/spell/targeted/collective_mind
	qdel() Count: 1
	Destroy() Cost: 0.0613007ms
Path: /obj/effect/proc_holder/spell/aoe_turf/conjure/timestop
	qdel() Count: 1
	Destroy() Cost: 0.0611023ms
Path: /obj/effect/proc_holder/spell/no_target/rot
	qdel() Count: 1
	Destroy() Cost: 0.0611023ms
Path: /obj/effect/proc_holder/spell/targeted/annihilate
	qdel() Count: 1
	Destroy() Cost: 0.0610992ms
Path: /obj/effect/proc_holder/spell/targeted/shadowlingAscendantTransmit
	qdel() Count: 1
	Destroy() Cost: 0.0610992ms
Path: /obj/effect/proc_holder/spell/targeted/shadowling_hivemind_ascendant
	qdel() Count: 1
	Destroy() Cost: 0.0609985ms
Path: /obj/effect/proc_holder/spell/targeted/hypnosis
	qdel() Count: 1
	Destroy() Cost: 0.0609009ms
Path: /obj/effect/proc_holder/spell/aoe_turf/conjure/smoke
	qdel() Count: 1
	Destroy() Cost: 0.0609009ms
Path: /obj/effect/proc_holder/spell/aoe_turf/unearthly_screech
	qdel() Count: 1
	Destroy() Cost: 0.0609009ms
Path: /obj/effect/proc_holder/spell/targeted/shadowling_regenarmor
	qdel() Count: 1
	Destroy() Cost: 0.0608978ms
Path: /obj/effect/proc_holder/spell/targeted/zombie_findbrains
	qdel() Count: 1
	Destroy() Cost: 0.0608002ms
Path: /obj/effect/proc_holder/spell/in_hand/res_touch
	qdel() Count: 1
	Destroy() Cost: 0.0606018ms
Path: /obj/effect/proc_holder/spell/targeted/blindness_smoke
	qdel() Count: 1
	Destroy() Cost: 0.0605988ms
Path: /obj/effect/proc_holder/spell/in_hand/tesla
	qdel() Count: 1
	Destroy() Cost: 0.0605957ms
Path: /obj/effect/proc_holder/spell/targeted/spacetime_dist
	qdel() Count: 1
	Destroy() Cost: 0.060498ms
Path: /obj/effect/proc_holder/spell/aoe_turf/conjure/carp
	qdel() Count: 1
	Destroy() Cost: 0.060498ms
Path: /obj/effect/proc_holder/spell/targeted/shadowling_hivemind
	qdel() Count: 1
	Destroy() Cost: 0.0604004ms
Path: /obj/effect/proc_holder/spell/targeted/glare
	qdel() Count: 1
	Destroy() Cost: 0.0602997ms
Path: /obj/effect/proc_holder/spell/in_hand/heal
	qdel() Count: 1
	Destroy() Cost: 0.0601013ms
Path: /obj/effect/proc_holder/spell/targeted/communicate
	qdel() Count: 1
	Destroy() Cost: 0.0598999ms
Path: /obj/effect/proc_holder/spell/aoe_turf/conjure/the_traps
	qdel() Count: 1
	Destroy() Cost: 0.0597961ms
Path: /obj/effect/proc_holder/spell/aoe_turf/conjure/construct
	qdel() Count: 1
	Destroy() Cost: 0.0597046ms
Path: /obj/effect/proc_holder/spell/in_hand/arcane_barrage
	qdel() Count: 1
	Destroy() Cost: 0.0595947ms
Path: /obj/effect/proc_holder/spell/targeted/enthrall
	qdel() Count: 1
	Destroy() Cost: 0.0595001ms
Path: /obj/effect/proc_holder/spell/aoe_turf/conjure/floor
	qdel() Count: 1
	Destroy() Cost: 0.0594971ms
Path: /obj/effect/proc_holder/spell/aoe_turf/conjure/creature
	qdel() Count: 1
	Destroy() Cost: 0.0593994ms
Path: /obj/effect/proc_holder/spell/aoe_turf/conjure/construct/lesser
	qdel() Count: 1
	Destroy() Cost: 0.0592957ms
Path: /obj/effect/proc_holder/spell/aoe_turf/conjure/soulstone
	qdel() Count: 1
	Destroy() Cost: 0.059198ms
Path: /obj/effect/proc_holder/spell/aoe_turf/conjure/wall
	qdel() Count: 1
	Destroy() Cost: 0.0588989ms
Path: /obj/effect/proc_holder/spell/aoe_turf/conjure
	qdel() Count: 1
	Destroy() Cost: 0.0588013ms
Path: /obj/random/foods/food_without_garbage
	qdel() Count: 4
	Destroy() Cost: 0.0577984ms
Path: /datum/reagent/aqueous_foam
	qdel() Count: 8
	Destroy() Cost: 0.0523434ms
Path: /datum/mechanic_tip/clickplace
	qdel() Count: 7
	Destroy() Cost: 0.0506012ms
Path: /image
	qdel() Count: 4
	Destroy() Cost: 0.05ms
Path: /obj/effect/landmark/corpse/engineer/rig
	qdel() Count: 1
	Destroy() Cost: 0.0485992ms
Path: /obj/random/foods/drink_can
	qdel() Count: 2
	Destroy() Cost: 0.0391998ms
Path: /atom/movable/screen/fullscreen/oxy
	qdel() Count: 1
	Destroy() Cost: 0.0391ms
Path: /obj/random/foods/food_snack
	qdel() Count: 2
	Destroy() Cost: 0.0370026ms
Path: /obj/random/scrap/sparse_weighted
	qdel() Count: 1
	Destroy() Cost: 0.0366993ms
Path: /obj/effect/landmark/espionage_start
	qdel() Count: 1
	Destroy() Cost: 0.0351ms
Path: /obj/machinery/blackbox_recorder
	qdel() Count: 1
	Destroy() Cost: 0.0337982ms
Path: /datum/aspect/death
	qdel() Count: 1
	Destroy() Cost: 0.0320984ms
Path: /obj/effect/landmark/corpse/engineer
	qdel() Count: 1
	Destroy() Cost: 0.0310001ms
Path: /obj/effect/proc_holder/spell/in_hand
	qdel() Count: 1
	Destroy() Cost: 0.0291016ms
Path: /obj/effect/landmark/corpse/syndicatesoldier
	qdel() Count: 1
	Destroy() Cost: 0.0279999ms
Path: /obj/effect/landmark/corpse/commander
	qdel() Count: 1
	Destroy() Cost: 0.0277996ms
Path: /datum/mood_event/moderate_pain
	qdel() Count: 1
	Destroy() Cost: 0.0274ms
Path: /obj/random/foods/drink_bottle
	qdel() Count: 1
	Destroy() Cost: 0.0268002ms
Path: /datum/aspect/mystic
	qdel() Count: 1
	Destroy() Cost: 0.0264984ms
Path: /obj/effect/proc_holder/spell/blessing
	qdel() Count: 1
	Destroy() Cost: 0.0259033ms
Path: /datum/religion_rites/instant/chaplain/death_alarm
	qdel() Count: 1
	Destroy() Cost: 0.0255997ms
Path: /obj/effect/proc_holder/spell/turf/fireball
	qdel() Count: 1
	Destroy() Cost: 0.0242981ms
Path: /obj/effect/proc_holder/spell/turf
	qdel() Count: 1
	Destroy() Cost: 0.023999ms
Path: /datum/browser
	qdel() Count: 2
	Destroy() Cost: 0.0237ms
Path: /datum/aspect/science
	qdel() Count: 1
	Destroy() Cost: 0.021402ms
Path: /datum/reagent/fuel
	qdel() Count: 2
	Destroy() Cost: 0.0206005ms
Path: /datum/aspect/technology
	qdel() Count: 1
	Destroy() Cost: 0.0197021ms
Path: /datum/reagent/toxin/mindbreaker
	qdel() Count: 4
	Destroy() Cost: 0.0194988ms
Path: /datum/aspect/greed
	qdel() Count: 1
	Destroy() Cost: 0.0181ms
Path: /datum/aspect/food
	qdel() Count: 1
	Destroy() Cost: 0.0174011ms
Path: /atom/movable/screen/fullscreen/brute
	qdel() Count: 1
	Destroy() Cost: 0.0172ms
Path: /datum/aspect/lightbending/darkness
	qdel() Count: 1
	Destroy() Cost: 0.0171021ms
Path: /datum/aspect/weapon
	qdel() Count: 1
	Destroy() Cost: 0.0169983ms
Path: /datum/aspect/chaos
	qdel() Count: 1
	Destroy() Cost: 0.0169006ms
Path: /datum/religion_rites/instant/chaplain
	qdel() Count: 1
	Destroy() Cost: 0.0168991ms
Path: /datum/aspect/lightbending/light
	qdel() Count: 1
	Destroy() Cost: 0.0166992ms
Path: /datum/religion_rites/standing/legacy/charge
	qdel() Count: 1
	Destroy() Cost: 0.0166016ms
Path: /datum/aspect/wacky
	qdel() Count: 1
	Destroy() Cost: 0.0165009ms
Path: /datum/religion_sect/preset/chaplain/puritanism
	qdel() Count: 1
	Destroy() Cost: 0.0164001ms
Path: /datum/aspect/lightbending
	qdel() Count: 1
	Destroy() Cost: 0.015802ms
Path: /datum/aspect/resources
	qdel() Count: 1
	Destroy() Cost: 0.0156006ms
Path: /datum/aspect/conjure
	qdel() Count: 1
	Destroy() Cost: 0.0153992ms
Path: /datum/religion_rites/pedestals/cult/narsie
	qdel() Count: 1
	Destroy() Cost: 0.0149017ms
Path: /datum/religion_rites/instant
	qdel() Count: 1
	Destroy() Cost: 0.0148987ms
Path: /datum/religion_rites/standing/legacy
	qdel() Count: 1
	Destroy() Cost: 0.0145996ms
Path: /datum/religion_rites/standing/food
	qdel() Count: 1
	Destroy() Cost: 0.0145996ms
Path: /atom/movable/screen/plane_master/floor
	qdel() Count: 1
	Destroy() Cost: 0.0145996ms
Path: /datum/religion_rites/pedestals/cult/cult_portal
	qdel() Count: 1
	Destroy() Cost: 0.0143982ms
Path: /datum/religion_rites/pedestals/cult
	qdel() Count: 1
	Destroy() Cost: 0.0143005ms
Path: /datum/religion_rites/instant/impose_blind
	qdel() Count: 1
	Destroy() Cost: 0.0141998ms
Path: /datum/religion_rites/instant/cult/emp
	qdel() Count: 1
	Destroy() Cost: 0.0140991ms
Path: /datum/religion_rites/standing/pray
	qdel() Count: 1
	Destroy() Cost: 0.0140991ms
Path: /datum/religion_rites/standing/swap/devaluation
	qdel() Count: 1
	Destroy() Cost: 0.0139008ms
Path: /datum/religion_rites/instant/cult/sacrifice
	qdel() Count: 1
	Destroy() Cost: 0.0136993ms
Path: /datum/religion_rites/standing/animation
	qdel() Count: 1
	Destroy() Cost: 0.0136993ms
Path: /datum/religion_rites/standing/swap/upgrade
	qdel() Count: 1
	Destroy() Cost: 0.013501ms
Path: /datum/religion_rites/standing
	qdel() Count: 1
	Destroy() Cost: 0.013501ms
Path: /datum/religion_rites/standing/swap
	qdel() Count: 1
	Destroy() Cost: 0.0134979ms
Path: /datum/religion_sect/custom/chaplain
	qdel() Count: 1
	Destroy() Cost: 0.0134003ms
Path: /datum/religion_rites/standing/illuminate
	qdel() Count: 1
	Destroy() Cost: 0.0132019ms
Path: /datum/religion_rites/instant/cult/convert
	qdel() Count: 1
	Destroy() Cost: 0.0132004ms
Path: /datum/religion_rites/pedestals/cult/make_skeleton
	qdel() Count: 1
	Destroy() Cost: 0.0131989ms
Path: /datum/religion_rites/standing/honk
	qdel() Count: 1
	Destroy() Cost: 0.0131989ms
Path: /datum/religion_sect/preset/chaplain/bloodgods
	qdel() Count: 1
	Destroy() Cost: 0.0131989ms
Path: /datum/religion_rites/instant/cult/drain_torture
	qdel() Count: 1
	Destroy() Cost: 0.0130005ms
Path: /datum/religion_rites/instant/cult/upgrade_tome
	qdel() Count: 1
	Destroy() Cost: 0.0129013ms
Path: /datum/religion_rites/instant/cult/raise_torture
	qdel() Count: 1
	Destroy() Cost: 0.0126999ms
Path: /atom/movable/screen/alert/lowpressure
	qdel() Count: 1
	Destroy() Cost: 0.0126999ms
Path: /datum/religion_rites/standing/spook
	qdel() Count: 1
	Destroy() Cost: 0.0126984ms
Path: /datum/religion_rites/instant/cult/brainswap
	qdel() Count: 1
	Destroy() Cost: 0.0126007ms
Path: /datum/religion_rites/standing/revive_animal
	qdel() Count: 1
	Destroy() Cost: 0.0126007ms
Path: /datum/religion_sect/preset/chaplain/technophile
	qdel() Count: 1
	Destroy() Cost: 0.0126007ms
Path: /datum/religion_sect/preset/chaplain/clown
	qdel() Count: 1
	Destroy() Cost: 0.0125ms
Path: /datum/quirk/child_of_nature
	qdel() Count: 1
	Destroy() Cost: 0.0124998ms
Path: /datum/religion_rites/instant/cult/give_forcearmor
	qdel() Count: 1
	Destroy() Cost: 0.0123993ms
Path: /datum/recipe/microwave/human
	qdel() Count: 2
	Destroy() Cost: 0.0123005ms
Path: /datum/religion_rites/instant/cult/create_slave
	qdel() Count: 1
	Destroy() Cost: 0.0123001ms
Path: /datum/religion_rites/instant/impose_stun
	qdel() Count: 1
	Destroy() Cost: 0.0123001ms
Path: /datum/religion_rites/pedestals
	qdel() Count: 1
	Destroy() Cost: 0.0122986ms
Path: /datum/religion_rites/instant/cult/summon_acolyt
	qdel() Count: 1
	Destroy() Cost: 0.0121994ms
Path: /datum/religion_rites/instant/communicate
	qdel() Count: 1
	Destroy() Cost: 0.0121002ms
Path: /datum/religion_rites/instant/impose_deaf
	qdel() Count: 1
	Destroy() Cost: 0.0118011ms
Path: /datum/quality/negativeish
	qdel() Count: 1
	Destroy() Cost: 0.0118008ms
Path: /datum/religion_rites/instant/cult
	qdel() Count: 1
	Destroy() Cost: 0.0115997ms
Path: /datum/mood_event/suffocation
	qdel() Count: 1
	Destroy() Cost: 0.0108ms
Path: /atom/movable/screen/plane_master/game_world
	qdel() Count: 1
	Destroy() Cost: 0.010791ms
Path: /datum/tgui
	qdel() Count: 1
	Destroy() Cost: 0.010202ms
Path: /atom/movable/screen/plane_master/game_world_above
	qdel() Count: 1
	Destroy() Cost: 0.00986328ms
Path: /atom/movable/plane_master_controller/game
	qdel() Count: 1
	Destroy() Cost: 0.00952148ms
Path: /datum/map_config
	qdel() Count: 1
	Destroy() Cost: 0.00930023ms
Path: /atom/movable/screen/plane_master/parallax_white
	qdel() Count: 1
	Destroy() Cost: 0.00922852ms
Path: /atom/movable/screen/plane_master/parallax
	qdel() Count: 1
	Destroy() Cost: 0.00908203ms
Path: /atom/movable/screen/plane_master/gravpulse
	qdel() Count: 1
	Destroy() Cost: 0.00908203ms
Path: /atom/movable/screen/plane_master/rendering_plate/game_world
	qdel() Count: 1
	Destroy() Cost: 0.00908203ms
Path: /atom/movable/screen/plane_master/camera_static
	qdel() Count: 1
	Destroy() Cost: 0.0090332ms
Path: /atom/movable/screen/plane_master/blackness
	qdel() Count: 1
	Destroy() Cost: 0.00898437ms
Path: /atom/movable/screen/plane_master/rendering_plate/above_game_world
	qdel() Count: 1
	Destroy() Cost: 0.00898437ms
Path: /atom/movable/screen/plane_master/ghost
	qdel() Count: 1
	Destroy() Cost: 0.00888672ms
Path: /atom/movable/screen/plane_master/rendering_plate/master
	qdel() Count: 1
	Destroy() Cost: 0.00888672ms
Path: /atom/movable/screen/plane_master/rendering_plate/non_game
	qdel() Count: 1
	Destroy() Cost: 0.00888672ms
Path: /atom/movable/screen/plane_master/ghost_illusion
	qdel() Count: 1
	Destroy() Cost: 0.00878906ms
Path: /atom/movable/screen/plane_master/area
	qdel() Count: 1
	Destroy() Cost: 0.00878906ms
Path: /atom/movable/screen/plane_master/point
	qdel() Count: 1
	Destroy() Cost: 0.00869141ms
Path: /atom/movable/screen/plane_master/rendering_plate
	qdel() Count: 1
	Destroy() Cost: 0.00859375ms
Path: /datum/quirk/light_step
	qdel() Count: 1
	Destroy() Cost: 0.0085001ms
Path: /atom/movable/screen/plane_master/lighting
	qdel() Count: 1
	Destroy() Cost: 0.00849609ms
Path: /atom/movable/screen/plane_master/above_lighting
	qdel() Count: 1
	Destroy() Cost: 0.00839844ms
Path: /datum/reagent/water
	qdel() Count: 1
	Destroy() Cost: 0.00830078ms
Path: /atom/movable/screen/plane_master/singularity
	qdel() Count: 1
	Destroy() Cost: 0.00830078ms
Path: /atom/movable/screen/plane_master/fullscreen
	qdel() Count: 1
	Destroy() Cost: 0.00820313ms
Path: /datum
	qdel() Count: 1
	Destroy() Cost: 0.0078125ms
Path: /datum/quirk/strong_mind
	qdel() Count: 1
	Destroy() Cost: 0.0067997ms
Path: /datum/quirk/alcohol_tolerance
	qdel() Count: 1
	Destroy() Cost: 0.00669956ms
Path: /datum/quirk/mute
	qdel() Count: 1
	Destroy() Cost: 0.00669956ms
Path: /datum/quality/positiveish
	qdel() Count: 1
	Destroy() Cost: 0.00669861ms
Path: /datum/quirk/multitasking
	qdel() Count: 1
	Destroy() Cost: 0.00660038ms
Path: /datum/quirk/fast_equip
	qdel() Count: 1
	Destroy() Cost: 0.00660038ms
Path: /datum/quality/clumsy
	qdel() Count: 1
	Destroy() Cost: 0.00640106ms
Path: /datum/quirk/freerunning
	qdel() Count: 1
	Destroy() Cost: 0.00629997ms
Path: /datum/quirk/nyctophobia
	qdel() Count: 1
	Destroy() Cost: 0.00629997ms
Path: /datum/quirk/tourette
	qdel() Count: 1
	Destroy() Cost: 0.00629997ms
Path: /datum/quality/quirkieish
	qdel() Count: 1
	Destroy() Cost: 0.00629997ms
Path: /datum/quirk/deafness
	qdel() Count: 1
	Destroy() Cost: 0.00619984ms
Path: /datum/quirk/low_pain_threshold
	qdel() Count: 1
	Destroy() Cost: 0.00610161ms
Path: /datum/quirk/nervous
	qdel() Count: 1
	Destroy() Cost: 0.00610065ms
Path: /datum/quirk/light_drinker
	qdel() Count: 1
	Destroy() Cost: 0.00610065ms
Path: /datum/quirk/stress_eater
	qdel() Count: 1
	Destroy() Cost: 0.0060997ms
Path: /datum/quirk/daltonism
	qdel() Count: 1
	Destroy() Cost: 0.0060997ms
Path: /datum/quirk/no_taste
	qdel() Count: 1
	Destroy() Cost: 0.00600052ms
Path: /datum/quirk/fatness
	qdel() Count: 1
	Destroy() Cost: 0.00599861ms
Path: /datum/quirk/blindness
	qdel() Count: 1
	Destroy() Cost: 0.00599861ms
Path: /datum/quirk/nearsighted
	qdel() Count: 1
	Destroy() Cost: 0.00580025ms
Path: /datum/quirk/high_pain_threshold
	qdel() Count: 1
	Destroy() Cost: 0.00579834ms
Path: /datum/quirk/cough
	qdel() Count: 1
	Destroy() Cost: 0.00570011ms
Path: /datum/quirk/epileptic
	qdel() Count: 1
	Destroy() Cost: 0.00569916ms
Path: /datum/quirk/genetic_degradation
	qdel() Count: 1
	Destroy() Cost: 0.00559998ms
