Path: /datum/timedevent
	qdel() Count: 239
	Destroy() Cost: 6.05399ms
Path: /datum/hud/ghost
	qdel() Count: 1
	Destroy() Cost: 1.2357ms
Path: /obj/item/projectile/test
	qdel() Count: 13
	Destroy() Cost: 1.1473ms
Path: /datum/component/rite/spawn_item
	qdel() Count: 11
	Destroy() Cost: 0.824699ms
Path: /mob/dead/new_player
	qdel() Count: 1
	Destroy() Cost: 0.808789ms
Path: /obj/item/organ/external/chest
	qdel() Count: 5
	Destroy() Cost: 0.792301ms
Path: /datum/hud
	qdel() Count: 1
	Destroy() Cost: 0.697705ms
Path: /obj/item/weapon/flora/random
	qdel() Count: 4
	Destroy() Cost: 0.673998ms
Path: /obj/effect/projectile/laser/tracer
	qdel() Count: 5
	Destroy() Cost: 0.5235ms
Path: /datum/light_source
	qdel() Count: 8
	Destroy() Cost: 0.4848ms
Path: /obj/item/organ/external/head
	qdel() Count: 5
	Destroy() Cost: 0.396997ms
Path: /obj/effect/effect/sparks
	qdel() Count: 3
	Destroy() Cost: 0.3337ms
Path: /obj/item/weapon/storage/backpack
	qdel() Count: 2
	Destroy() Cost: 0.315192ms
Path: /obj/item/stack/cable_coil/random
	qdel() Count: 7
	Destroy() Cost: 0.301939ms
Path: /datum/component/rite/consent
	qdel() Count: 5
	Destroy() Cost: 0.2041ms
Path: /obj/effect/projectile/laser/muzzle
	qdel() Count: 1
	Destroy() Cost: 0.1862ms
Path: /obj/item/organ/external/r_leg
	qdel() Count: 5
	Destroy() Cost: 0.169803ms
Path: /obj/item/organ/external/l_leg
	qdel() Count: 5
	Destroy() Cost: 0.161698ms
Path: /obj/structure/sign/poster/random
	qdel() Count: 5
	Destroy() Cost: 0.157501ms
Path: /mob/living/simple_animal/hostile/hivebot
	qdel() Count: 1
	Destroy() Cost: 0.1535ms
Path: /obj/item/organ/external/groin
	qdel() Count: 5
	Destroy() Cost: 0.1519ms
Path: /obj/effect/landmark/corpse/unathisoldier
	qdel() Count: 4
	Destroy() Cost: 0.145702ms
Path: /datum/bodypart_controller
	qdel() Count: 35
	Destroy() Cost: 0.145494ms
Path: /obj/effect/proc_holder/spell/targeted/trigger/blind
	qdel() Count: 1
	Destroy() Cost: 0.141901ms
Path: /obj/item/organ/external/l_arm
	qdel() Count: 5
	Destroy() Cost: 0.138802ms
Path: /obj/effect/spawner/lootdrop/maintenance
	qdel() Count: 5
	Destroy() Cost: 0.136303ms
Path: /obj/item/organ/external/r_arm
	qdel() Count: 5
	Destroy() Cost: 0.133199ms
Path: /obj/effect/landmark/corpse/clown
	qdel() Count: 4
	Destroy() Cost: 0.133001ms
Path: /obj/item/organ/internal/heart
	qdel() Count: 5
	Destroy() Cost: 0.130602ms
Path: /datum/religion_rites/standing/spawn_item/call_animal
	qdel() Count: 1
	Destroy() Cost: 0.123ms
Path: /datum/religion_rites/instant/spawn_item/cult/talisman
	qdel() Count: 1
	Destroy() Cost: 0.119901ms
Path: /datum/component/mechanic_desc
	qdel() Count: 4
	Destroy() Cost: 0.118601ms
Path: /obj/effect/porta_turret_cover
	qdel() Count: 2
	Destroy() Cost: 0.1173ms
Path: /datum/modval_modifier
	qdel() Count: 24
	Destroy() Cost: 0.112797ms
Path: /obj/random/foods/donuts
	qdel() Count: 6
	Destroy() Cost: 0.1104ms
Path: /datum/religion_rites/standing/spawn_item/banana_ore
	qdel() Count: 1
	Destroy() Cost: 0.104401ms
Path: /datum/religion_rites/standing/spawn_item/banana
	qdel() Count: 1
	Destroy() Cost: 0.102899ms
Path: /datum/religion_rites/standing/spawn_item/create_sword
	qdel() Count: 1
	Destroy() Cost: 0.1002ms
Path: /datum/religion_rites/standing/spawn_item/talisman
	qdel() Count: 1
	Destroy() Cost: 0.0994003ms
Path: /datum/religion_rites/standing/spawn_item
	qdel() Count: 1
	Destroy() Cost: 0.0960999ms
Path: /image
	qdel() Count: 6
	Destroy() Cost: 0.0939999ms
Path: /datum/religion_rites/instant/spawn_item/cult/soulstone
	qdel() Count: 1
	Destroy() Cost: 0.0917999ms
Path: /datum/religion_rites/instant/spawn_item/cult/constructshell
	qdel() Count: 1
	Destroy() Cost: 0.0905991ms
Path: /obj/item/organ/internal/lungs
	qdel() Count: 5
	Destroy() Cost: 0.0871ms
Path: /obj/item/clothing/under/color/black
	qdel() Count: 1
	Destroy() Cost: 0.0869629ms
Path: /obj/item/organ/internal/brain
	qdel() Count: 5
	Destroy() Cost: 0.0832987ms
Path: /datum/religion_rites/instant/spawn_item
	qdel() Count: 1
	Destroy() Cost: 0.0832001ms
Path: /datum/religion_rites/instant/spawn_item/cult
	qdel() Count: 1
	Destroy() Cost: 0.0830994ms
Path: /obj/item/clothing/shoes/black
	qdel() Count: 1
	Destroy() Cost: 0.0826172ms
Path: /datum/component/tactical
	qdel() Count: 4
	Destroy() Cost: 0.0814018ms
Path: /datum/callback
	qdel() Count: 12
	Destroy() Cost: 0.080806ms
Path: /obj/effect/landmark/latejoin
	qdel() Count: 3
	Destroy() Cost: 0.0805969ms
Path: /obj/item/organ/internal/liver
	qdel() Count: 5
	Destroy() Cost: 0.0789995ms
Path: /obj/item/organ/internal/kidneys
	qdel() Count: 5
	Destroy() Cost: 0.0762997ms
Path: /datum/component/twohanded
	qdel() Count: 4
	Destroy() Cost: 0.0759926ms
Path: /atom/movable/screen/plane_master/floor
	qdel() Count: 2
	Destroy() Cost: 0.0749023ms
Path: /obj/item/organ/internal/eyes
	qdel() Count: 5
	Destroy() Cost: 0.0748005ms
Path: /datum/religion_rites/standing/consent/synthconversion
	qdel() Count: 1
	Destroy() Cost: 0.0730988ms
Path: /obj/effect/overlay/blurb
	qdel() Count: 1
	Destroy() Cost: 0.0698ms
Path: /obj/effect/proc_holder/spell/targeted/inflict_handler/blind
	qdel() Count: 2
	Destroy() Cost: 0.0665985ms
Path: /obj/random/vending/snack
	qdel() Count: 3
	Destroy() Cost: 0.0663967ms
Path: /obj/effect/landmark/corpse/unathicommander
	qdel() Count: 1
	Destroy() Cost: 0.0656013ms
Path: /datum/religion_rites/standing/consent/invite
	qdel() Count: 1
	Destroy() Cost: 0.0654007ms
Path: /datum/religion_rites/standing/consent/sacrifice
	qdel() Count: 1
	Destroy() Cost: 0.0651993ms
Path: /datum/religion_rites/standing/consent/clownconversion
	qdel() Count: 1
	Destroy() Cost: 0.0649994ms
Path: /datum/religion_rites/standing/consent
	qdel() Count: 1
	Destroy() Cost: 0.0630997ms
Path: /obj/effect/proc_holder/spell/targeted/genetic/blind
	qdel() Count: 2
	Destroy() Cost: 0.0578003ms
Path: /atom/movable/screen/plane_master/game_world
	qdel() Count: 2
	Destroy() Cost: 0.0552033ms
Path: /obj/effect/proc_holder/spell/targeted/area_teleport/teleport
	qdel() Count: 1
	Destroy() Cost: 0.0529022ms
Path: /atom/movable/screen/plane_master/gravpulse
	qdel() Count: 2
	Destroy() Cost: 0.0488922ms
Path: /atom/movable/screen/plane_master/game_world_above
	qdel() Count: 2
	Destroy() Cost: 0.0486572ms
Path: /datum/reagent/aqueous_foam
	qdel() Count: 7
	Destroy() Cost: 0.0443598ms
Path: /atom/movable/screen/plane_master/ghost_illusion
	qdel() Count: 2
	Destroy() Cost: 0.043692ms
Path: /atom/movable/screen/plane_master/ghost
	qdel() Count: 2
	Destroy() Cost: 0.0432098ms
Path: /obj/effect/projectile/laser/impact
	qdel() Count: 1
	Destroy() Cost: 0.0396ms
Path: /atom/movable/screen/plane_master/blackness
	qdel() Count: 2
	Destroy() Cost: 0.0393036ms
Path: /obj/effect/proc_holder/spell/targeted/hypnosis
	qdel() Count: 1
	Destroy() Cost: 0.0345001ms
Path: /obj/effect/proc_holder/spell/targeted/annihilate
	qdel() Count: 1
	Destroy() Cost: 0.0343994ms
Path: /atom/movable/screen/plane_master/camera_static
	qdel() Count: 2
	Destroy() Cost: 0.033606ms
Path: /atom/movable/screen/plane_master/rendering_plate/master
	qdel() Count: 2
	Destroy() Cost: 0.0331909ms
Path: /obj/effect/proc_holder/spell/targeted/blindness_smoke
	qdel() Count: 1
	Destroy() Cost: 0.0330994ms
Path: /obj/effect/proc_holder/spell/targeted/area_teleport
	qdel() Count: 1
	Destroy() Cost: 0.0329987ms
Path: /obj/effect/proc_holder/spell/targeted
	qdel() Count: 1
	Destroy() Cost: 0.0328003ms
Path: /atom/movable/screen/plane_master/lighting
	qdel() Count: 2
	Destroy() Cost: 0.0325073ms
Path: /atom/movable/screen/plane_master/rendering_plate/game_world
	qdel() Count: 2
	Destroy() Cost: 0.0324188ms
Path: /obj/effect/proc_holder/spell/targeted/xeno_whisp
	qdel() Count: 1
	Destroy() Cost: 0.0324005ms
Path: /atom/movable/screen/plane_master/above_lighting
	qdel() Count: 2
	Destroy() Cost: 0.0322876ms
Path: /atom/movable/plane_master_controller/game
	qdel() Count: 2
	Destroy() Cost: 0.0322327ms
Path: /obj/effect/proc_holder/spell/no_target/scribe_rune
	qdel() Count: 1
	Destroy() Cost: 0.0322022ms
Path: /obj/effect/proc_holder/spell/targeted/forcewall/mimewall
	qdel() Count: 1
	Destroy() Cost: 0.0321991ms
Path: /atom/movable/screen/plane_master/singularity
	qdel() Count: 2
	Destroy() Cost: 0.0321228ms
Path: /atom/movable/screen/plane_master/point
	qdel() Count: 2
	Destroy() Cost: 0.0321228ms
Path: /atom/movable/screen/plane_master/parallax_white
	qdel() Count: 2
	Destroy() Cost: 0.0321106ms
Path: /obj/effect/proc_holder/spell/targeted/reviveThrall
	qdel() Count: 1
	Destroy() Cost: 0.0320984ms
Path: /obj/effect/proc_holder/spell/targeted/inflict_handler/disintegrate
	qdel() Count: 1
	Destroy() Cost: 0.0319ms
Path: /obj/effect/proc_holder/spell/targeted/glare
	qdel() Count: 1
	Destroy() Cost: 0.0319ms
Path: /obj/effect/proc_holder/spell/targeted/forcewall
	qdel() Count: 1
	Destroy() Cost: 0.0317993ms
Path: /obj/effect/proc_holder/spell/targeted/trigger
	qdel() Count: 1
	Destroy() Cost: 0.031601ms
Path: /atom/movable/screen/plane_master/area
	qdel() Count: 2
	Destroy() Cost: 0.0315979ms
Path: /atom/movable/screen/plane_master/parallax
	qdel() Count: 2
	Destroy() Cost: 0.0315277ms
Path: /obj/effect/proc_holder/spell/targeted/screech
	qdel() Count: 1
	Destroy() Cost: 0.0315002ms
Path: /obj/effect/proc_holder/spell/aoe_turf
	qdel() Count: 1
	Destroy() Cost: 0.0315002ms
Path: /obj/effect/proc_holder/spell/no_target/resin
	qdel() Count: 1
	Destroy() Cost: 0.0315002ms
Path: /obj/effect/proc_holder/spell/targeted/collective_mind
	qdel() Count: 1
	Destroy() Cost: 0.0313995ms
Path: /obj/effect/proc_holder/spell/no_target/lay_egg
	qdel() Count: 1
	Destroy() Cost: 0.0313019ms
Path: /obj/effect/proc_holder/spell/targeted/transfer_plasma
	qdel() Count: 1
	Destroy() Cost: 0.0312012ms
Path: /obj/effect/proc_holder/spell/no_target/air_plant
	qdel() Count: 1
	Destroy() Cost: 0.0312012ms
Path: /obj/effect/proc_holder/spell/targeted/lighting_shock
	qdel() Count: 1
	Destroy() Cost: 0.0309998ms
Path: /obj/effect/proc_holder/spell/targeted/shadowling_hivemind_ascendant
	qdel() Count: 1
	Destroy() Cost: 0.0309998ms
Path: /obj/effect/proc_holder/spell/aoe_turf/unearthly_screech
	qdel() Count: 1
	Destroy() Cost: 0.030899ms
Path: /obj/effect/proc_holder/spell/no_target/charge/religion
	qdel() Count: 1
	Destroy() Cost: 0.030899ms
Path: /obj/effect/proc_holder/spell/no_target/weeds
	qdel() Count: 1
	Destroy() Cost: 0.030899ms
Path: /atom/movable/screen/plane_master/rendering_plate/above_game_world
	qdel() Count: 2
	Destroy() Cost: 0.0308929ms
Path: /obj/effect/proc_holder/spell/targeted/shadowling_hivemind
	qdel() Count: 1
	Destroy() Cost: 0.0308014ms
Path: /obj/effect/proc_holder/spell/targeted/shadowling_regenarmor
	qdel() Count: 1
	Destroy() Cost: 0.0308014ms
Path: /obj/effect/proc_holder/spell/targeted/projectile/magic_missile
	qdel() Count: 1
	Destroy() Cost: 0.0307983ms
Path: /atom/movable/screen/plane_master/fullscreen
	qdel() Count: 2
	Destroy() Cost: 0.0307892ms
Path: /obj/effect/proc_holder/spell/targeted/mind_transfer
	qdel() Count: 1
	Destroy() Cost: 0.0307007ms
Path: /obj/effect/proc_holder/spell/aoe_turf/hulk_spit
	qdel() Count: 1
	Destroy() Cost: 0.0307007ms
Path: /obj/effect/proc_holder/spell/no_target/spawn_bible
	qdel() Count: 1
	Destroy() Cost: 0.0307007ms
Path: /obj/effect/proc_holder/spell/aoe_turf/knock
	qdel() Count: 1
	Destroy() Cost: 0.0306976ms
Path: /obj/effect/proc_holder/spell/aoe_turf/hulk_gas
	qdel() Count: 1
	Destroy() Cost: 0.0306976ms
Path: /obj/effect/proc_holder/spell/targeted/inflict_handler/fireball
	qdel() Count: 1
	Destroy() Cost: 0.0306ms
Path: /obj/effect/proc_holder/spell/targeted/heal/damage
	qdel() Count: 1
	Destroy() Cost: 0.0306ms
Path: /obj/effect/proc_holder/spell/aoe_turf/hulk_dash
	qdel() Count: 1
	Destroy() Cost: 0.0306ms
Path: /obj/effect/proc_holder/spell/targeted/inflict_handler
	qdel() Count: 1
	Destroy() Cost: 0.0305023ms
Path: /obj/effect/proc_holder/spell/aoe_turf/repulse
	qdel() Count: 1
	Destroy() Cost: 0.0305023ms
Path: /obj/effect/proc_holder/spell/aoe_turf/hulk_eat
	qdel() Count: 1
	Destroy() Cost: 0.0305023ms
Path: /obj/effect/proc_holder/spell/targeted/projectile
	qdel() Count: 1
	Destroy() Cost: 0.0304993ms
Path: /obj/effect/proc_holder/spell/aoe_turf/clown_joke
	qdel() Count: 1
	Destroy() Cost: 0.0304993ms
Path: /obj/effect/proc_holder/spell/no_target/memorize_rune
	qdel() Count: 1
	Destroy() Cost: 0.0304016ms
Path: /obj/effect/proc_holder/spell/targeted/communicate/fastener
	qdel() Count: 1
	Destroy() Cost: 0.0303986ms
Path: /obj/effect/proc_holder/spell/no_target/rot
	qdel() Count: 1
	Destroy() Cost: 0.0303986ms
Path: /obj/effect/proc_holder/spell/targeted/summonitem
	qdel() Count: 1
	Destroy() Cost: 0.0303009ms
Path: /obj/effect/proc_holder/spell/targeted/turf_teleport/blink
	qdel() Count: 1
	Destroy() Cost: 0.0303009ms
Path: /obj/effect/proc_holder/spell/aoe_turf/hulk_smash
	qdel() Count: 1
	Destroy() Cost: 0.0303009ms
Path: /obj/effect/proc_holder/spell/targeted/turf_teleport
	qdel() Count: 1
	Destroy() Cost: 0.0302002ms
Path: /obj/effect/proc_holder/spell/targeted/smoke
	qdel() Count: 1
	Destroy() Cost: 0.0302002ms
Path: /obj/effect/proc_holder/spell/aoe_turf/hulk_mill
	qdel() Count: 1
	Destroy() Cost: 0.0302002ms
Path: /obj/effect/proc_holder/spell/no_target/evolve_to_queen
	qdel() Count: 1
	Destroy() Cost: 0.0302002ms
Path: /obj/effect/proc_holder/spell/targeted/enthrall
	qdel() Count: 1
	Destroy() Cost: 0.0300995ms
Path: /obj/effect/proc_holder/spell/aoe_turf/hulk_jump
	qdel() Count: 1
	Destroy() Cost: 0.0300995ms
Path: /obj/effect/proc_holder/spell/no_target/hide
	qdel() Count: 1
	Destroy() Cost: 0.0300018ms
Path: /obj/effect/proc_holder/spell/targeted/ethereal_jaunt/wizard
	qdel() Count: 1
	Destroy() Cost: 0.0299988ms
Path: /obj/effect/proc_holder/spell/targeted/heal
	qdel() Count: 1
	Destroy() Cost: 0.0299988ms
Path: /obj/effect/proc_holder/spell/aoe_turf/flashfreeze
	qdel() Count: 1
	Destroy() Cost: 0.0299988ms
Path: /obj/effect/proc_holder/spell/no_target/charge
	qdel() Count: 1
	Destroy() Cost: 0.0299988ms
Path: /atom/movable/screen/plane_master/rendering_plate/non_game
	qdel() Count: 2
	Destroy() Cost: 0.0299927ms
Path: /obj/effect/proc_holder/spell/aoe_turf/conjure/the_traps
	qdel() Count: 1
	Destroy() Cost: 0.0299011ms
Path: /obj/effect/proc_holder/spell/aoe_turf/veil
	qdel() Count: 1
	Destroy() Cost: 0.0299011ms
Path: /obj/effect/proc_holder/spell/targeted/communicate
	qdel() Count: 1
	Destroy() Cost: 0.0298004ms
Path: /obj/effect/proc_holder/spell/aoe_turf/hulk_lazor
	qdel() Count: 1
	Destroy() Cost: 0.0298004ms
Path: /obj/effect/proc_holder/spell/no_target/mime_speak
	qdel() Count: 1
	Destroy() Cost: 0.0298004ms
Path: /atom/movable/screen/plane_master/rendering_plate
	qdel() Count: 2
	Destroy() Cost: 0.0297821ms
Path: /obj/effect/proc_holder/spell/aoe_turf/conjure/construct
	qdel() Count: 1
	Destroy() Cost: 0.0297028ms
Path: /obj/effect/proc_holder/spell/targeted/ethereal_jaunt/shadow_walk
	qdel() Count: 1
	Destroy() Cost: 0.0296997ms
Path: /obj/effect/proc_holder/spell/targeted/spacetime_dist
	qdel() Count: 1
	Destroy() Cost: 0.0296997ms
Path: /obj/effect/proc_holder/spell/aoe_turf/conjure/soulstone
	qdel() Count: 1
	Destroy() Cost: 0.0296997ms
Path: /obj/effect/proc_holder/spell/aoe_turf/drainLife
	qdel() Count: 1
	Destroy() Cost: 0.0296997ms
Path: /obj/effect/proc_holder/spell/no_target/infection/obcurse
	qdel() Count: 1
	Destroy() Cost: 0.0296997ms
Path: /obj/effect/proc_holder/spell/no_target/food
	qdel() Count: 1
	Destroy() Cost: 0.0296021ms
Path: /obj/effect/proc_holder/spell/aoe_turf/conjure/lesserforcewall
	qdel() Count: 1
	Destroy() Cost: 0.029599ms
Path: /obj/effect/proc_holder/spell/aoe_turf/HulkHONK
	qdel() Count: 1
	Destroy() Cost: 0.029599ms
Path: /obj/effect/proc_holder/spell/aoe_turf/conjure/carp
	qdel() Count: 1
	Destroy() Cost: 0.0295013ms
Path: /obj/effect/proc_holder/spell/no_target/infection
	qdel() Count: 1
	Destroy() Cost: 0.0294983ms
Path: /obj/effect/proc_holder/spell/aoe_turf/conjure/summonEdSwarm
	qdel() Count: 1
	Destroy() Cost: 0.0294006ms
Path: /obj/effect/proc_holder/spell/aoe_turf/conjure/floor
	qdel() Count: 1
	Destroy() Cost: 0.0294006ms
Path: /obj/effect/proc_holder/spell/aoe_turf/conjure/construct/lesser
	qdel() Count: 1
	Destroy() Cost: 0.0292999ms
Path: /obj/effect/proc_holder/spell/aoe_turf/conjure/creature
	qdel() Count: 1
	Destroy() Cost: 0.0292999ms
Path: /obj/effect/proc_holder/spell/aoe_turf/conjure
	qdel() Count: 1
	Destroy() Cost: 0.0292999ms
Path: /obj/effect/proc_holder/spell/no_target/grease
	qdel() Count: 1
	Destroy() Cost: 0.0292999ms
Path: /obj/effect/proc_holder/spell/targeted/barnyardcurse
	qdel() Count: 1
	Destroy() Cost: 0.0292023ms
Path: /obj/effect/proc_holder/spell/targeted/ethereal_jaunt/phaseshift
	qdel() Count: 1
	Destroy() Cost: 0.0291992ms
Path: /obj/effect/proc_holder/spell/aoe_turf/glacial_blast
	qdel() Count: 1
	Destroy() Cost: 0.0291992ms
Path: /obj/effect/proc_holder/spell/aoe_turf/conjure/wall
	qdel() Count: 1
	Destroy() Cost: 0.0289001ms
Path: /obj/effect/proc_holder/spell/aoe_turf/conjure/spawn_animal
	qdel() Count: 1
	Destroy() Cost: 0.0286011ms
Path: /obj/effect/proc_holder/spell/no_target/larva_evolve
	qdel() Count: 1
	Destroy() Cost: 0.0284027ms
Path: /obj/effect/proc_holder/spell/no_target/syndi_drone/boost
	qdel() Count: 1
	Destroy() Cost: 0.0278992ms
Path: /obj/effect/proc_holder/spell/targeted/emplosion/disable_tech
	qdel() Count: 1
	Destroy() Cost: 0.0277985ms
Path: /obj/effect/proc_holder/spell/targeted/inflict_handler/magic_missile
	qdel() Count: 1
	Destroy() Cost: 0.0277008ms
Path: /obj/effect/proc_holder/spell/targeted/ethereal_jaunt
	qdel() Count: 1
	Destroy() Cost: 0.0276001ms
Path: /obj/effect/proc_holder/spell/targeted/shadowling_phase_shift
	qdel() Count: 1
	Destroy() Cost: 0.0274994ms
Path: /obj/effect/proc_holder/spell/targeted/explosion/fireball
	qdel() Count: 1
	Destroy() Cost: 0.0273987ms
Path: /obj/effect/proc_holder/spell/dumbfire
	qdel() Count: 1
	Destroy() Cost: 0.0273987ms
Path: /obj/effect/proc_holder/spell/targeted/genetic/mutate
	qdel() Count: 1
	Destroy() Cost: 0.027301ms
Path: /obj/effect/proc_holder/spell/dumbfire/fireball
	qdel() Count: 1
	Destroy() Cost: 0.027301ms
Path: /obj/effect/proc_holder/spell/no_target/syndi_drone/smoke
	qdel() Count: 1
	Destroy() Cost: 0.0272003ms
Path: /obj/effect/proc_holder/spell/targeted/emplosion
	qdel() Count: 1
	Destroy() Cost: 0.0270996ms
Path: /obj/effect/proc_holder/spell/no_target
	qdel() Count: 1
	Destroy() Cost: 0.0270996ms
Path: /obj/effect/proc_holder/spell/aoe_turf/conjure/smoke
	qdel() Count: 1
	Destroy() Cost: 0.027002ms
Path: /obj/item/projectile/beam
	qdel() Count: 1
	Destroy() Cost: 0.0269997ms
Path: /obj/effect/proc_holder/spell/targeted/explosion
	qdel() Count: 1
	Destroy() Cost: 0.0269989ms
Path: /obj/effect/proc_holder/spell/no_target/syndi_drone
	qdel() Count: 1
	Destroy() Cost: 0.0269989ms
Path: /obj/effect/proc_holder/spell/in_hand
	qdel() Count: 1
	Destroy() Cost: 0.0269989ms
Path: /obj/effect/proc_holder/spell/blessing
	qdel() Count: 1
	Destroy() Cost: 0.0268005ms
Path: /obj/effect/proc_holder/spell/targeted/shadowlingAscendantTransmit
	qdel() Count: 1
	Destroy() Cost: 0.0266998ms
Path: /obj/effect/proc_holder/spell/turf/fireball
	qdel() Count: 1
	Destroy() Cost: 0.0266998ms
Path: /obj/effect/proc_holder/spell/targeted/gnomecurse
	qdel() Count: 1
	Destroy() Cost: 0.0265991ms
Path: /obj/effect/proc_holder/spell/targeted/zombie_findbrains
	qdel() Count: 1
	Destroy() Cost: 0.0265015ms
Path: /obj/effect/proc_holder/spell/targeted/genetic
	qdel() Count: 1
	Destroy() Cost: 0.0264008ms
Path: /obj/effect/proc_holder/spell/in_hand/tesla
	qdel() Count: 1
	Destroy() Cost: 0.0264008ms
Path: /obj/effect/proc_holder/spell/in_hand/fireball
	qdel() Count: 1
	Destroy() Cost: 0.0263ms
Path: /obj/effect/proc_holder/spell/in_hand/arcane_barrage
	qdel() Count: 1
	Destroy() Cost: 0.0263ms
Path: /obj/effect/proc_holder/spell/in_hand/res_touch
	qdel() Count: 1
	Destroy() Cost: 0.0263ms
Path: /obj/effect/proc_holder/spell/aoe_turf/conjure/timestop
	qdel() Count: 1
	Destroy() Cost: 0.0261993ms
Path: /obj/effect/proc_holder/spell/turf
	qdel() Count: 1
	Destroy() Cost: 0.026001ms
Path: /obj/effect/proc_holder/spell/in_hand/heal
	qdel() Count: 1
	Destroy() Cost: 0.0258972ms
Path: /datum/browser
	qdel() Count: 2
	Destroy() Cost: 0.0244003ms
Path: /datum/recipe/microwave/human
	qdel() Count: 4
	Destroy() Cost: 0.0185032ms
Path: /datum
	qdel() Count: 1
	Destroy() Cost: 0.015625ms
Path: /datum/quirk/child_of_nature
	qdel() Count: 1
	Destroy() Cost: 0.0149002ms
Path: /datum/mechanic_tip/twohanded/required
	qdel() Count: 4
	Destroy() Cost: 0.0146027ms
Path: /datum/religion_rites/instant/chaplain/death_alarm
	qdel() Count: 1
	Destroy() Cost: 0.0127991ms
Path: /datum/map_config
	qdel() Count: 1
	Destroy() Cost: 0.0118008ms
Path: /datum/aspect/death
	qdel() Count: 1
	Destroy() Cost: 0.0102997ms
Path: /datum/reagent/water
	qdel() Count: 1
	Destroy() Cost: 0.0098877ms
Path: /datum/quirk/light_step
	qdel() Count: 1
	Destroy() Cost: 0.00950241ms
Path: /datum/quirk/nearsighted
	qdel() Count: 1
	Destroy() Cost: 0.00899887ms
Path: /datum/quirk/strong_mind
	qdel() Count: 1
	Destroy() Cost: 0.00839996ms
Path: /datum/quirk/alcohol_tolerance
	qdel() Count: 1
	Destroy() Cost: 0.00819778ms
Path: /datum/quirk/nervous
	qdel() Count: 1
	Destroy() Cost: 0.0080986ms
Path: /datum/religion_rites/standing/legacy/charge
	qdel() Count: 1
	Destroy() Cost: 0.00800018ms
Path: /datum/quirk/multitasking
	qdel() Count: 1
	Destroy() Cost: 0.00799942ms
Path: /datum/religion_sect/preset/chaplain/puritanism
	qdel() Count: 1
	Destroy() Cost: 0.00789795ms
Path: /datum/quirk/daltonism
	qdel() Count: 1
	Destroy() Cost: 0.00780106ms
Path: /datum/quirk/stress_eater
	qdel() Count: 1
	Destroy() Cost: 0.00759888ms
Path: /datum/quirk/nyctophobia
	qdel() Count: 1
	Destroy() Cost: 0.00759888ms
Path: /datum/quirk/blindness
	qdel() Count: 1
	Destroy() Cost: 0.00759888ms
Path: /datum/quirk/genetic_degradation
	qdel() Count: 1
	Destroy() Cost: 0.00749969ms
Path: /datum/quirk/light_drinker
	qdel() Count: 1
	Destroy() Cost: 0.00749969ms
Path: /datum/quirk/no_taste
	qdel() Count: 1
	Destroy() Cost: 0.00749969ms
Path: /datum/religion_rites/standing/food
	qdel() Count: 1
	Destroy() Cost: 0.00749969ms
Path: /datum/quirk/fast_equip
	qdel() Count: 1
	Destroy() Cost: 0.00740051ms
Path: /datum/quirk/deafness
	qdel() Count: 1
	Destroy() Cost: 0.00740051ms
Path: /datum/quirk/cough
	qdel() Count: 1
	Destroy() Cost: 0.00740051ms
Path: /datum/religion_sect/preset/chaplain/bloodgods
	qdel() Count: 1
	Destroy() Cost: 0.00740051ms
Path: /datum/religion_rites/standing/swap
	qdel() Count: 1
	Destroy() Cost: 0.00739899ms
Path: /datum/quirk/freerunning
	qdel() Count: 1
	Destroy() Cost: 0.0073967ms
Path: /datum/quirk/tourette
	qdel() Count: 1
	Destroy() Cost: 0.00730133ms
Path: /datum/quirk/low_pain_threshold
	qdel() Count: 1
	Destroy() Cost: 0.00730133ms
Path: /datum/religion_rites/standing/honk
	qdel() Count: 1
	Destroy() Cost: 0.00720062ms
Path: /datum/religion_rites/standing/legacy
	qdel() Count: 1
	Destroy() Cost: 0.0071991ms
Path: /datum/aspect/science
	qdel() Count: 1
	Destroy() Cost: 0.0071991ms
Path: /datum/aspect/lightbending/darkness
	qdel() Count: 1
	Destroy() Cost: 0.0071991ms
Path: /datum/quirk/high_pain_threshold
	qdel() Count: 1
	Destroy() Cost: 0.00719833ms
Path: /datum/quirk/epileptic
	qdel() Count: 1
	Destroy() Cost: 0.00710297ms
Path: /datum/aspect/greed
	qdel() Count: 1
	Destroy() Cost: 0.00710144ms
Path: /datum/religion_rites/standing/swap/devaluation
	qdel() Count: 1
	Destroy() Cost: 0.00709991ms
Path: /datum/quirk/mute
	qdel() Count: 1
	Destroy() Cost: 0.00709915ms
Path: /datum/quirk/fatness
	qdel() Count: 1
	Destroy() Cost: 0.00709915ms
Path: /datum/religion_rites/instant/chaplain
	qdel() Count: 1
	Destroy() Cost: 0.00699921ms
Path: /datum/religion_rites/standing/revive_animal
	qdel() Count: 1
	Destroy() Cost: 0.00699921ms
Path: /datum/religion_rites/standing
	qdel() Count: 1
	Destroy() Cost: 0.00690002ms
Path: /datum/religion_sect/preset/chaplain/technophile
	qdel() Count: 1
	Destroy() Cost: 0.00690002ms
Path: /datum/aspect/food
	qdel() Count: 1
	Destroy() Cost: 0.00690002ms
Path: /datum/aspect/weapon
	qdel() Count: 1
	Destroy() Cost: 0.00690002ms
Path: /datum/aspect/wacky
	qdel() Count: 1
	Destroy() Cost: 0.00690002ms
Path: /datum/religion_rites/standing/pray
	qdel() Count: 1
	Destroy() Cost: 0.00680084ms
Path: /datum/quality/negativeish
	qdel() Count: 1
	Destroy() Cost: 0.00679779ms
Path: /datum/religion_rites/standing/animation
	qdel() Count: 1
	Destroy() Cost: 0.00670013ms
Path: /datum/religion_rites/standing/spook
	qdel() Count: 1
	Destroy() Cost: 0.00670013ms
Path: /datum/religion_rites/standing/illuminate
	qdel() Count: 1
	Destroy() Cost: 0.00670013ms
Path: /datum/religion_rites/standing/swap/upgrade
	qdel() Count: 1
	Destroy() Cost: 0.00670013ms
Path: /datum/religion_sect/custom/chaplain
	qdel() Count: 1
	Destroy() Cost: 0.00669861ms
Path: /datum/aspect/conjure
	qdel() Count: 1
	Destroy() Cost: 0.00669861ms
Path: /datum/religion_sect/preset/chaplain/clown
	qdel() Count: 1
	Destroy() Cost: 0.00660095ms
Path: /datum/aspect/resources
	qdel() Count: 1
	Destroy() Cost: 0.00660095ms
Path: /datum/aspect/chaos
	qdel() Count: 1
	Destroy() Cost: 0.00650024ms
Path: /datum/aspect/lightbending/light
	qdel() Count: 1
	Destroy() Cost: 0.00650024ms
Path: /datum/religion_rites/instant
	qdel() Count: 1
	Destroy() Cost: 0.00640106ms
Path: /datum/aspect/lightbending
	qdel() Count: 1
	Destroy() Cost: 0.00639954ms
Path: /datum/aspect/mystic
	qdel() Count: 1
	Destroy() Cost: 0.00630188ms
Path: /datum/aspect/technology
	qdel() Count: 1
	Destroy() Cost: 0.00629883ms
Path: /datum/religion_rites/pedestals/cult/narsie
	qdel() Count: 1
	Destroy() Cost: 0.00619965ms
Path: /datum/aspect/rescue
	qdel() Count: 1
	Destroy() Cost: 0.00619812ms
Path: /datum/religion_rites/instant/cult/emp
	qdel() Count: 1
	Destroy() Cost: 0.00609894ms
Path: /datum/religion_rites/instant/cult/sacrifice
	qdel() Count: 1
	Destroy() Cost: 0.00599976ms
Path: /datum/religion_rites/instant/cult/convert
	qdel() Count: 1
	Destroy() Cost: 0.00599976ms
Path: /datum/religion_rites/instant/cult/create_slave
	qdel() Count: 1
	Destroy() Cost: 0.00599976ms
Path: /datum/religion_rites/pedestals/cult/cult_portal
	qdel() Count: 1
	Destroy() Cost: 0.00599976ms
Path: /datum/religion_rites/instant/cult/drain_torture
	qdel() Count: 1
	Destroy() Cost: 0.00590057ms
Path: /datum/religion_rites/instant/cult/raise_torture
	qdel() Count: 1
	Destroy() Cost: 0.00579987ms
Path: /datum/religion_rites/instant/cult/upgrade_tome
	qdel() Count: 1
	Destroy() Cost: 0.00579987ms
Path: /datum/religion_rites/instant/communicate
	qdel() Count: 1
	Destroy() Cost: 0.00579987ms
Path: /datum/religion_rites/pedestals/cult
	qdel() Count: 1
	Destroy() Cost: 0.00579987ms
Path: /datum/religion_rites/instant/cult/brainswap
	qdel() Count: 1
	Destroy() Cost: 0.00569916ms
Path: /datum/religion_rites/pedestals/cult/make_skeleton
	qdel() Count: 1
	Destroy() Cost: 0.00569916ms
Path: /datum/religion_rites/instant/cult/summon_acolyt
	qdel() Count: 1
	Destroy() Cost: 0.00559998ms
Path: /datum/religion_rites/instant/impose_blind
	qdel() Count: 1
	Destroy() Cost: 0.00559998ms
Path: /datum/religion_rites/instant/cult/give_forcearmor
	qdel() Count: 1
	Destroy() Cost: 0.00550079ms
Path: /datum/religion_rites/pedestals
	qdel() Count: 1
	Destroy() Cost: 0.00540009ms
Path: /datum/religion_rites/instant/impose_deaf
	qdel() Count: 1
	Destroy() Cost: 0.00529938ms
Path: /datum/religion_rites/instant/cult
	qdel() Count: 1
	Destroy() Cost: 0.0052002ms
Path: /datum/religion_rites/instant/impose_stun
	qdel() Count: 1
	Destroy() Cost: 0.00509949ms
Path: /datum/recipe/grill/human
	qdel() Count: 1
	Destroy() Cost: 0.00449944ms
Path: /datum/quality/clumsy
	qdel() Count: 1
	Destroy() Cost: 0.00379944ms
Path: /datum/quality/positiveish
	qdel() Count: 1
	Destroy() Cost: 0.00379944ms
Path: /datum/quality/quirkieish
	qdel() Count: 1
	Destroy() Cost: 0.0033989ms
