[17:55:01] Server '' starting up on 26.166.93.76:56573
[17:55:04]GAME: syndicate_fighter loaded at (80,53,3)
[17:55:04]GAME: Abandoned Cargo Shuttle loaded at (20,139,4)
[17:55:04]GAME: planetarium loaded at (93,134,3)
[17:55:04]GAME: teleporter loaded at (124,76,3)
[17:55:05]GAME: Secrete Lab loaded at (102,36,4)
[17:55:05]GAME: Tree Asteroid loaded at (148,109,4)
[17:55:05]GAME: delivery_shuttle loaded at (98,93,4)
[17:55:31]ADMIN: fatfat/(FatFat) has started the game.
[17:55:33]MODE: Current master mode is extended
[17:55:34]DEBUG: Next event of severity RoundStart in 0 minutes.
[17:55:34]DEBUG: Starting event 'Roundstart Nothing' of severity RoundStart.
[17:55:34]DEBUG: Next event of severity RoundStart in 0 minutes.
[17:55:34]GAME: RoundStart Event: Selected areas is AI Satellite Teleporter Room, AI Satellite Teleporter Room, AI Satellite Teleporter Room, AI Satellite Teleporter Room, AI Satellite Teleporter Room, AI Satellite Teleporter Room, AI Satellite Teleporter Room, AI Satellite Teleporter Room, AI Satellite Teleporter Room, AI Satellite Teleporter Room, AI Satellite Teleporter Room, AI Satellite Teleporter Room, AI Satellite Teleporter Room, AI Satellite Teleporter Room, AI Satellite Teleporter Room, AI Satellite Teleporter Room, AI Satellite Teleporter Room, AI Satellite Teleporter Room, AI Satellite Teleporter Room, AI Satellite Teleporter Room, AI Satellite Teleporter Room, AI Satellite Teleporter Room, AI Satellite Teleporter Room, AI Satellite Teleporter Room, AI Satellite Teleporter Room, AI Satellite Teleporter Room, AI Satellite Teleporter Room, AI Satellite Teleporter Room, AI Satellite Teleporter Room, AI Satellite Teleporter Room, AI Satellite Teleporter Room, AI Satellite Teleporter Room, AI Satellite Teleporter Room, AI Satellite Teleporter Room, AI Satellite Teleporter Room, AI Satellite Teleporter Room, AI Satellite Teleporter Room, AI Satellite Teleporter Room, AI Satellite Teleporter Room, AI Satellite Teleporter Room, AI Satellite Teleporter Room, AI Satellite Teleporter Room, AI Satellite Teleporter Room, AI Satellite Teleporter Room, AI Satellite Teleporter Room, AI Satellite Teleporter Room and AI Satellite Teleporter Room
[17:55:34]DEBUG: Starting event 'Dirt Bay' of severity RoundStart.
[17:55:34]DEBUG: Next event of severity RoundStart in 0 minutes.
[17:55:34]GAME: RoundStart Event: Selected areas is nothing
[17:55:34]DEBUG: Starting event 'Stolen Weapon' of severity RoundStart.
[17:55:34]GAME: ANTAG LIST:
no antagonists this moment
[17:55:34]DEBUG: Event 'Roundstart Nothing' has completed at 12:00.
[17:55:34]DEBUG: Event 'Dirt Bay' has completed at 12:00.
[17:55:34]DEBUG: Event 'Stolen Weapon' has completed at 12:00.
[17:55:34]DEBUG: Next event of severity Mundane in 16.034 minutes.
[17:55:34]DEBUG: Next event of severity Moderate in 49.854 minutes.
[17:55:34]DEBUG: Next event of severity Major in 65.575 minutes.
[17:55:38] Graceful shutdown
