Path: /datum/tgui_modal
	qdel() Count: 6
	Destroy() Cost: 138.815ms
Path: /obj/effect/effect/sparks
	qdel() Count: 206
	Destroy() Cost: 71.6614ms
Path: /obj/item/weapon/flora/random
	qdel() Count: 80
	Destroy() Cost: 65.751ms
Path: /datum/component/clickplace
	qdel() Count: 164
	Destroy() Cost: 48.6703ms
Path: /datum/timedevent
	qdel() Count: 2374
	Destroy() Cost: 47.3359ms
Path: /datum/light_source
	qdel() Count: 249
	Destroy() Cost: 34.4686ms
Path: /datum/component/mechanic_desc
	qdel() Count: 249
	Destroy() Cost: 15.3641ms
Path: /obj/item/stack/cable_coil/random
	qdel() Count: 90
	Destroy() Cost: 12.5874ms
Path: /obj/effect/spawner/lootdrop/maintenance/two
	qdel() Count: 33
	Destroy() Cost: 8.48071ms
Path: /obj/effect/landmark
	qdel() Count: 69
	Destroy() Cost: 8.40731ms
Path: /obj/effect/spawner/lootdrop/maintenance
	qdel() Count: 47
	Destroy() Cost: 6.721ms
Path: /datum/beam
	qdel() Count: 15
	Destroy() Cost: 5.8933ms
Path: /obj/effect/landmark/start
	qdel() Count: 129
	Destroy() Cost: 4.84214ms
Path: /datum/component/tactical
	qdel() Count: 80
	Destroy() Cost: 4.52101ms
Path: /obj/random/foods/donuts
	qdel() Count: 72
	Destroy() Cost: 4.22427ms
Path: /obj/effect/spawner/lootdrop/maintenance/three
	qdel() Count: 15
	Destroy() Cost: 3.9585ms
Path: /obj/random/scrap/safe_even
	qdel() Count: 36
	Destroy() Cost: 3.68919ms
Path: /obj/effect/ebeam
	qdel() Count: 75
	Destroy() Cost: 3.5384ms
Path: /datum/component/twohanded
	qdel() Count: 80
	Destroy() Cost: 3.5266ms
Path: /obj/random/vending/snack
	qdel() Count: 24
	Destroy() Cost: 3.4435ms
Path: /obj/random/vending/cola
	qdel() Count: 23
	Destroy() Cost: 3.1504ms
Path: /obj/effect/spawner/lootdrop/maintenance/four
	qdel() Count: 15
	Destroy() Cost: 3.1181ms
Path: /obj/random/tools/tech_supply
	qdel() Count: 23
	Destroy() Cost: 2.6622ms
Path: /obj/random/foods/food_trash
	qdel() Count: 18
	Destroy() Cost: 2.64999ms
Path: /obj/structure/sign/poster/contraband/random
	qdel() Count: 14
	Destroy() Cost: 2.3724ms
Path: /mob/dead/new_player
	qdel() Count: 1
	Destroy() Cost: 2.2262ms
Path: /datum/hud
	qdel() Count: 1
	Destroy() Cost: 2.1365ms
Path: /obj/random/scrap/sparse_weighted
	qdel() Count: 24
	Destroy() Cost: 2.018ms
Path: /mob/dead/observer
	qdel() Count: 2
	Destroy() Cost: 1.87789ms
Path: /datum/mechanic_tip/clickplace
	qdel() Count: 164
	Destroy() Cost: 1.78439ms
Path: /datum/reagent/aqueous_foam
	qdel() Count: 128
	Destroy() Cost: 1.75435ms
Path: /obj/random/scrap/moderate_weighted
	qdel() Count: 34
	Destroy() Cost: 1.7334ms
Path: /datum/hud/ghost
	qdel() Count: 1
	Destroy() Cost: 1.39861ms
Path: /obj/random/scrap/dense_weighted
	qdel() Count: 14
	Destroy() Cost: 1.2664ms
Path: /obj/structure/lattice
	qdel() Count: 2
	Destroy() Cost: 1.2136ms
Path: /obj/random/melee
	qdel() Count: 21
	Destroy() Cost: 1.0958ms
Path: /datum/component/swiping
	qdel() Count: 5
	Destroy() Cost: 0.918399ms
Path: /obj/random/cloth/helmet
	qdel() Count: 12
	Destroy() Cost: 0.842003ms
Path: /obj/effect/decal/cleanable/greenglow
	qdel() Count: 2
	Destroy() Cost: 0.7283ms
Path: /obj/random/cloth/armor
	qdel() Count: 16
	Destroy() Cost: 0.689004ms
Path: /obj/effect/overlay/blurb
	qdel() Count: 2
	Destroy() Cost: 0.6624ms
Path: /obj/effect/landmark/dealer_spawn
	qdel() Count: 4
	Destroy() Cost: 0.656801ms
Path: /obj/effect/decal/cleanable/blood/splatter
	qdel() Count: 6
	Destroy() Cost: 0.640381ms
Path: /obj/effect/landmark/latejoin
	qdel() Count: 10
	Destroy() Cost: 0.608902ms
Path: /datum/mechanic_tip/twohanded/required
	qdel() Count: 80
	Destroy() Cost: 0.597902ms
Path: /obj/random/tools/tool
	qdel() Count: 6
	Destroy() Cost: 0.581804ms
Path: /datum/component/rite/spawn_item
	qdel() Count: 11
	Destroy() Cost: 0.5227ms
Path: /obj/random/guns/energy_weapon
	qdel() Count: 6
	Destroy() Cost: 0.516799ms
Path: /datum/signal
	qdel() Count: 55
	Destroy() Cost: 0.437399ms
Path: /obj/structure/sign/poster/random
	qdel() Count: 2
	Destroy() Cost: 0.414098ms
Path: /obj/effect/landmark/cops_spawn
	qdel() Count: 12
	Destroy() Cost: 0.411893ms
Path: /obj/effect/proc_holder/spell/no_target/lay_egg
	qdel() Count: 1
	Destroy() Cost: 0.410199ms
Path: /obj/effect/gibspawner/human
	qdel() Count: 2
	Destroy() Cost: 0.3731ms
Path: /obj/machinery/door/firedoor
	qdel() Count: 1
	Destroy() Cost: 0.357601ms
Path: /obj/random/guns/projectile_assault
	qdel() Count: 2
	Destroy() Cost: 0.346598ms
Path: /obj/random/tools/powercell
	qdel() Count: 3
	Destroy() Cost: 0.305698ms
Path: /obj/effect/landmark/corpse/doctor
	qdel() Count: 2
	Destroy() Cost: 0.293402ms
Path: /obj/structure/sign/poster/official/random
	qdel() Count: 4
	Destroy() Cost: 0.2648ms
Path: /obj/effect/landmark/abductor/console
	qdel() Count: 4
	Destroy() Cost: 0.2605ms
Path: /obj/effect/spawner/lootdrop/glowstick
	qdel() Count: 2
	Destroy() Cost: 0.2201ms
Path: /obj/effect/proc_holder/spell/no_target/syndi_drone
	qdel() Count: 1
	Destroy() Cost: 0.205899ms
Path: /datum/recipe/microwave/human
	qdel() Count: 21
	Destroy() Cost: 0.19585ms
Path: /obj/random/tools/technology_scanner
	qdel() Count: 3
	Destroy() Cost: 0.194904ms
Path: /obj/effect/landmark/corpse/scientist
	qdel() Count: 1
	Destroy() Cost: 0.186897ms
Path: /obj/effect/proc_holder/spell/targeted/area_teleport/teleport
	qdel() Count: 1
	Destroy() Cost: 0.1806ms
Path: /obj/random/foods/drink_can
	qdel() Count: 3
	Destroy() Cost: 0.150998ms
Path: /obj/random/meds/chemical_bottle
	qdel() Count: 1
	Destroy() Cost: 0.1502ms
Path: /datum/component/rite/consent
	qdel() Count: 5
	Destroy() Cost: 0.143802ms
Path: /obj/effect/proc_holder/spell/no_target/air_plant
	qdel() Count: 1
	Destroy() Cost: 0.120001ms
Path: /obj/random/guns/projectile_shotgun
	qdel() Count: 2
	Destroy() Cost: 0.118301ms
Path: /obj/random/guns/projectile_security
	qdel() Count: 2
	Destroy() Cost: 0.1182ms
Path: /obj/effect/gibspawner/robot
	qdel() Count: 1
	Destroy() Cost: 0.116899ms
Path: /obj/random/guns/handgun_security
	qdel() Count: 1
	Destroy() Cost: 0.116199ms
Path: /obj/effect/spawner/lootdrop/maintenance/six
	qdel() Count: 1
	Destroy() Cost: 0.110401ms
Path: /atom/movable/screen/plane_master/rendering_plate/master
	qdel() Count: 2
	Destroy() Cost: 0.104803ms
Path: /datum/religion_rites/standing/spawn_item/banana
	qdel() Count: 1
	Destroy() Cost: 0.102301ms
Path: /obj/effect/spawner/lootdrop/gloves
	qdel() Count: 2
	Destroy() Cost: 0.1002ms
Path: /obj/effect/proc_holder/spell/targeted/ethereal_jaunt/shadow_walk
	qdel() Count: 1
	Destroy() Cost: 0.0995026ms
Path: /obj/effect/proc_holder/spell/no_target/evolve_to_queen
	qdel() Count: 1
	Destroy() Cost: 0.0910004ms
Path: /obj/effect/proc_holder/spell/targeted/shadowlingAscendantTransmit
	qdel() Count: 1
	Destroy() Cost: 0.0890991ms
Path: /obj/effect/proc_holder/spell/no_target/larva_evolve
	qdel() Count: 1
	Destroy() Cost: 0.0800995ms
Path: /datum/religion_rites/standing/spawn_item/banana_ore
	qdel() Count: 1
	Destroy() Cost: 0.0792999ms
Path: /atom/movable/screen/plane_master/game_world
	qdel() Count: 2
	Destroy() Cost: 0.0753998ms
Path: /atom/movable/screen/plane_master/area
	qdel() Count: 2
	Destroy() Cost: 0.07519ms
Path: /obj/random/tools/bomb_supply
	qdel() Count: 2
	Destroy() Cost: 0.0739002ms
Path: /obj/effect/proc_holder/spell/no_target/syndi_drone/smoke
	qdel() Count: 1
	Destroy() Cost: 0.0713013ms
Path: /obj/effect/proc_holder/spell/targeted/emplosion
	qdel() Count: 1
	Destroy() Cost: 0.0700012ms
Path: /obj/effect/proc_holder/spell/targeted/trigger/blind
	qdel() Count: 1
	Destroy() Cost: 0.0696991ms
Path: /datum/tgui
	qdel() Count: 6
	Destroy() Cost: 0.069397ms
Path: /atom/movable/screen/plane_master/ghost_illusion
	qdel() Count: 2
	Destroy() Cost: 0.0676956ms
Path: /obj/effect/spawner/lootdrop/maintenance/five
	qdel() Count: 1
	Destroy() Cost: 0.0676003ms
Path: /datum/religion_rites/instant/spawn_item/cult/talisman
	qdel() Count: 1
	Destroy() Cost: 0.0647003ms
Path: /atom/movable/screen/plane_master/fullscreen
	qdel() Count: 2
	Destroy() Cost: 0.0645065ms
Path: /datum/religion_rites/standing/consent/synthconversion
	qdel() Count: 1
	Destroy() Cost: 0.0641998ms
Path: /obj/random/misc/all
	qdel() Count: 2
	Destroy() Cost: 0.0631981ms
Path: /datum/religion_rites/instant/spawn_item/cult
	qdel() Count: 1
	Destroy() Cost: 0.0626999ms
Path: /atom/movable/screen/plane_master/parallax_white
	qdel() Count: 2
	Destroy() Cost: 0.0625072ms
Path: /obj/effect/proc_holder/spell/turf
	qdel() Count: 1
	Destroy() Cost: 0.0625ms
Path: /obj/effect/proc_holder/spell/no_target/resin
	qdel() Count: 1
	Destroy() Cost: 0.0614014ms
Path: /datum/religion_rites/standing/spawn_item/create_sword
	qdel() Count: 1
	Destroy() Cost: 0.0610992ms
Path: /atom/movable/screen/plane_master/floor
	qdel() Count: 2
	Destroy() Cost: 0.0607979ms
Path: /obj/effect/proc_holder/spell/targeted/ethereal_jaunt/phaseshift
	qdel() Count: 1
	Destroy() Cost: 0.0605988ms
Path: /obj/effect/proc_holder/spell/no_target/syndi_drone/boost
	qdel() Count: 1
	Destroy() Cost: 0.060498ms
Path: /obj/effect/proc_holder/spell/targeted/reviveThrall
	qdel() Count: 1
	Destroy() Cost: 0.0600983ms
Path: /datum/religion_rites/standing/spawn_item/call_animal
	qdel() Count: 1
	Destroy() Cost: 0.0597015ms
Path: /datum/religion_rites/standing/consent/clownconversion
	qdel() Count: 1
	Destroy() Cost: 0.0570984ms
Path: /obj/random/foods/food_snack
	qdel() Count: 2
	Destroy() Cost: 0.0568008ms
Path: /obj/effect/proc_holder/spell/targeted/area_teleport
	qdel() Count: 1
	Destroy() Cost: 0.0567993ms
Path: /atom/movable/screen/plane_master/point
	qdel() Count: 2
	Destroy() Cost: 0.0559074ms
Path: /datum/religion_rites/standing/spawn_item/talisman
	qdel() Count: 1
	Destroy() Cost: 0.0553986ms
Path: /obj/effect/landmark/start/new_player
	qdel() Count: 1
	Destroy() Cost: 0.0546036ms
Path: /datum/religion_rites/instant/spawn_item/cult/soulstone
	qdel() Count: 1
	Destroy() Cost: 0.0516998ms
Path: /datum/religion_rites/standing/consent/sacrifice
	qdel() Count: 1
	Destroy() Cost: 0.0516998ms
Path: /obj/effect/proc_holder/spell/dumbfire/fireball
	qdel() Count: 1
	Destroy() Cost: 0.0516998ms
Path: /obj/random/foods/food_without_garbage
	qdel() Count: 2
	Destroy() Cost: 0.051403ms
Path: /datum/browser
	qdel() Count: 6
	Destroy() Cost: 0.0514008ms
Path: /datum/religion_rites/instant/spawn_item/cult/constructshell
	qdel() Count: 1
	Destroy() Cost: 0.0492996ms
Path: /obj/effect/proc_holder/spell/targeted/hypnosis
	qdel() Count: 1
	Destroy() Cost: 0.0483002ms
Path: /obj/effect/proc_holder/spell/targeted/annihilate
	qdel() Count: 1
	Destroy() Cost: 0.0470001ms
Path: /atom/movable/screen/plane_master/rendering_plate/game_world
	qdel() Count: 2
	Destroy() Cost: 0.0450043ms
Path: /atom/movable/screen/plane_master/blackness
	qdel() Count: 2
	Destroy() Cost: 0.0448925ms
Path: /datum/religion_rites/instant/spawn_item
	qdel() Count: 1
	Destroy() Cost: 0.0445999ms
Path: /atom/movable/screen/alert/lowpressure
	qdel() Count: 1
	Destroy() Cost: 0.0445999ms
Path: /datum/quirk/child_of_nature
	qdel() Count: 1
	Destroy() Cost: 0.0433002ms
Path: /atom/movable/plane_master_controller/game
	qdel() Count: 2
	Destroy() Cost: 0.0431938ms
Path: /obj/effect/proc_holder/spell/aoe_turf/conjure/construct/lesser
	qdel() Count: 1
	Destroy() Cost: 0.0431ms
Path: /datum/mechanic_tip/swiping
	qdel() Count: 5
	Destroy() Cost: 0.0427999ms
Path: /obj/effect/proc_holder/spell/no_target
	qdel() Count: 1
	Destroy() Cost: 0.0423981ms
Path: /atom/movable/screen/plane_master/gravpulse
	qdel() Count: 2
	Destroy() Cost: 0.0422962ms
Path: /datum/religion_rites/standing/spawn_item
	qdel() Count: 1
	Destroy() Cost: 0.0416992ms
Path: /obj/effect/proc_holder/spell/targeted/shadowling_phase_shift
	qdel() Count: 1
	Destroy() Cost: 0.0416992ms
Path: /datum/role/syndicate_elite_commando
	qdel() Count: 1
	Destroy() Cost: 0.0406998ms
Path: /obj/random/guns/projectile_handgun
	qdel() Count: 1
	Destroy() Cost: 0.0400009ms
Path: /obj/effect/proc_holder/spell/no_target/scribe_rune
	qdel() Count: 1
	Destroy() Cost: 0.0398987ms
Path: /obj/effect/proc_holder/spell/targeted/ethereal_jaunt/wizard
	qdel() Count: 1
	Destroy() Cost: 0.039502ms
Path: /datum/callback
	qdel() Count: 12
	Destroy() Cost: 0.0388962ms
Path: /obj/effect/proc_holder/spell/targeted/barnyardcurse
	qdel() Count: 1
	Destroy() Cost: 0.0372009ms
Path: /datum/religion_rites/standing/consent/invite
	qdel() Count: 1
	Destroy() Cost: 0.0356995ms
Path: /obj/effect/proc_holder/spell/targeted/zombie_findbrains
	qdel() Count: 1
	Destroy() Cost: 0.0352997ms
Path: /obj/effect/proc_holder/spell/targeted/inflict_handler/blind
	qdel() Count: 2
	Destroy() Cost: 0.0350006ms
Path: /obj/effect/proc_holder/spell/no_target/food
	qdel() Count: 1
	Destroy() Cost: 0.0345978ms
Path: /obj/effect/proc_holder/spell/targeted/genetic/blind
	qdel() Count: 2
	Destroy() Cost: 0.0337006ms
Path: /obj/effect/proc_holder/spell/targeted/shadowling_hivemind_ascendant
	qdel() Count: 1
	Destroy() Cost: 0.0333984ms
Path: /atom/movable/screen/plane_master/lighting
	qdel() Count: 2
	Destroy() Cost: 0.0328083ms
Path: /datum/religion_rites/standing/consent
	qdel() Count: 1
	Destroy() Cost: 0.0326996ms
Path: /obj/effect/proc_holder/spell/targeted/emplosion/disable_tech
	qdel() Count: 1
	Destroy() Cost: 0.0322998ms
Path: /obj/effect/proc_holder/spell/no_target/hide
	qdel() Count: 1
	Destroy() Cost: 0.0322998ms
Path: /obj/effect/proc_holder/spell/targeted/smoke
	qdel() Count: 1
	Destroy() Cost: 0.0320984ms
Path: /atom/movable/screen/plane_master/above_lighting
	qdel() Count: 2
	Destroy() Cost: 0.0314018ms
Path: /atom/movable/screen/plane_master/ghost
	qdel() Count: 2
	Destroy() Cost: 0.0311977ms
Path: /datum/modval_modifier
	qdel() Count: 3
	Destroy() Cost: 0.0307016ms
Path: /atom/movable/screen/plane_master/rendering_plate
	qdel() Count: 2
	Destroy() Cost: 0.0305946ms
Path: /obj/effect/proc_holder/spell/aoe_turf/conjure
	qdel() Count: 1
	Destroy() Cost: 0.0304016ms
Path: /obj/random/foods/food_with_garbage
	qdel() Count: 1
	Destroy() Cost: 0.0303001ms
Path: /obj/effect/proc_holder/spell/no_target/weeds
	qdel() Count: 1
	Destroy() Cost: 0.0299011ms
Path: /obj/effect/proc_holder/spell/dumbfire
	qdel() Count: 1
	Destroy() Cost: 0.0298981ms
Path: /obj/effect/proc_holder/spell/targeted/genetic/mutate
	qdel() Count: 1
	Destroy() Cost: 0.029599ms
Path: /obj/effect/proc_holder/spell/no_target/rot
	qdel() Count: 1
	Destroy() Cost: 0.0290009ms
Path: /obj/effect/proc_holder/spell/aoe_turf/hulk_mill
	qdel() Count: 1
	Destroy() Cost: 0.0288971ms
Path: /obj/effect/proc_holder/spell/targeted
	qdel() Count: 1
	Destroy() Cost: 0.0287994ms
Path: /atom/movable/screen/plane_master/parallax
	qdel() Count: 2
	Destroy() Cost: 0.0281063ms
Path: /datum/reagent/toxin/mindbreaker
	qdel() Count: 4
	Destroy() Cost: 0.0277977ms
Path: /atom/movable/screen/fullscreen/brute
	qdel() Count: 1
	Destroy() Cost: 0.0277ms
Path: /obj/effect/proc_holder/spell/targeted/communicate
	qdel() Count: 1
	Destroy() Cost: 0.0276001ms
Path: /obj/effect/proc_holder/spell/targeted/genetic
	qdel() Count: 1
	Destroy() Cost: 0.0275024ms
Path: /obj/effect/proc_holder/spell/aoe_turf/conjure/smoke
	qdel() Count: 1
	Destroy() Cost: 0.0270996ms
Path: /atom/movable/screen/plane_master/rendering_plate/above_game_world
	qdel() Count: 2
	Destroy() Cost: 0.0270107ms
Path: /obj/effect/proc_holder/spell/targeted/ethereal_jaunt
	qdel() Count: 1
	Destroy() Cost: 0.0268005ms
Path: /datum/reagent/nanobots
	qdel() Count: 5
	Destroy() Cost: 0.0257034ms
Path: /atom/movable/screen/plane_master/singularity
	qdel() Count: 2
	Destroy() Cost: 0.0245983ms
Path: /obj/effect/proc_holder/spell/no_target/memorize_rune
	qdel() Count: 1
	Destroy() Cost: 0.0243011ms
Path: /obj/effect/proc_holder/spell/aoe_turf/hulk_spit
	qdel() Count: 1
	Destroy() Cost: 0.0242004ms
Path: /datum/atom_hud/alternate_appearance/basic/ghost_buster
	qdel() Count: 1
	Destroy() Cost: 0.0231934ms
Path: /datum/aspect/death
	qdel() Count: 1
	Destroy() Cost: 0.0220001ms
Path: /datum/religion_rites/instant/chaplain/death_alarm
	qdel() Count: 1
	Destroy() Cost: 0.0219986ms
Path: /obj/effect/proc_holder/spell/in_hand/fireball
	qdel() Count: 1
	Destroy() Cost: 0.0216003ms
Path: /atom/movable/screen/plane_master/rendering_plate/non_game
	qdel() Count: 2
	Destroy() Cost: 0.0214027ms
Path: /obj/effect/proc_holder/spell/aoe_turf/conjure/summonEdSwarm
	qdel() Count: 1
	Destroy() Cost: 0.0213989ms
Path: /obj/effect/proc_holder/spell/targeted/explosion/fireball
	qdel() Count: 1
	Destroy() Cost: 0.0208008ms
Path: /datum/aspect/flagellation
	qdel() Count: 1
	Destroy() Cost: 0.0207001ms
Path: /obj/effect/proc_holder/spell/in_hand
	qdel() Count: 1
	Destroy() Cost: 0.0201996ms
Path: /obj/effect/proc_holder/spell/in_hand/res_touch
	qdel() Count: 1
	Destroy() Cost: 0.0200012ms
Path: /obj/effect/proc_holder/spell/targeted/communicate/fastener
	qdel() Count: 1
	Destroy() Cost: 0.0196991ms
Path: /obj/effect/proc_holder/spell/in_hand/tesla
	qdel() Count: 1
	Destroy() Cost: 0.0196991ms
Path: /obj/effect/proc_holder/spell/targeted/explosion
	qdel() Count: 1
	Destroy() Cost: 0.0194977ms
Path: /obj/random/tools/tech_supply/guaranteed
	qdel() Count: 1
	Destroy() Cost: 0.0193024ms
Path: /obj/effect/proc_holder/spell/targeted/mind_transfer
	qdel() Count: 1
	Destroy() Cost: 0.0192993ms
Path: /datum/quirk/fast_equip
	qdel() Count: 1
	Destroy() Cost: 0.0191ms
Path: /datum/aspect/mystic
	qdel() Count: 1
	Destroy() Cost: 0.0188019ms
Path: /datum/map_config
	qdel() Count: 1
	Destroy() Cost: 0.0187988ms
Path: /obj/effect/proc_holder/spell/targeted/xeno_whisp
	qdel() Count: 1
	Destroy() Cost: 0.0187012ms
Path: /obj/effect/proc_holder/spell/no_target/grease
	qdel() Count: 1
	Destroy() Cost: 0.0187012ms
Path: /obj/effect/proc_holder/spell/targeted/transfer_plasma
	qdel() Count: 1
	Destroy() Cost: 0.0186005ms
Path: /obj/effect/proc_holder/spell/targeted/screech
	qdel() Count: 1
	Destroy() Cost: 0.0185974ms
Path: /obj/effect/proc_holder/spell/aoe_turf/conjure/spawn_animal
	qdel() Count: 1
	Destroy() Cost: 0.0184998ms
Path: /obj/effect/proc_holder/spell/aoe_turf/repulse
	qdel() Count: 1
	Destroy() Cost: 0.0184998ms
Path: /obj/effect/proc_holder/spell/targeted/enthrall
	qdel() Count: 1
	Destroy() Cost: 0.018399ms
Path: /obj/effect/proc_holder/spell/in_hand/arcane_barrage
	qdel() Count: 1
	Destroy() Cost: 0.0181ms
Path: /obj/effect/proc_holder/spell/in_hand/heal
	qdel() Count: 1
	Destroy() Cost: 0.0179993ms
Path: /datum/reagent/water
	qdel() Count: 2
	Destroy() Cost: 0.0179663ms
Path: /obj/effect/proc_holder/spell/turf/fireball
	qdel() Count: 1
	Destroy() Cost: 0.0179016ms
Path: /obj/effect/proc_holder/spell/targeted/gnomecurse
	qdel() Count: 1
	Destroy() Cost: 0.0178009ms
Path: /obj/effect/proc_holder/spell/targeted/projectile
	qdel() Count: 1
	Destroy() Cost: 0.0178009ms
Path: /obj/effect/proc_holder/spell/aoe_turf/hulk_dash
	qdel() Count: 1
	Destroy() Cost: 0.0178009ms
Path: /obj/effect/proc_holder/spell/targeted/glare
	qdel() Count: 1
	Destroy() Cost: 0.0175995ms
Path: /obj/effect/proc_holder/spell/aoe_turf/conjure/construct
	qdel() Count: 1
	Destroy() Cost: 0.0175995ms
Path: /obj/effect/proc_holder/spell/no_target/infection
	qdel() Count: 1
	Destroy() Cost: 0.0175995ms
Path: /obj/effect/proc_holder/spell/blessing
	qdel() Count: 1
	Destroy() Cost: 0.0175995ms
Path: /obj/effect/proc_holder/spell/aoe_turf/hulk_smash
	qdel() Count: 1
	Destroy() Cost: 0.0174011ms
Path: /datum/quirk/epileptic
	qdel() Count: 1
	Destroy() Cost: 0.0173001ms
Path: /obj/effect/proc_holder/spell/aoe_turf/conjure/timestop
	qdel() Count: 1
	Destroy() Cost: 0.0171997ms
Path: /obj/effect/proc_holder/spell/aoe_turf/knock
	qdel() Count: 1
	Destroy() Cost: 0.0171997ms
Path: /obj/effect/proc_holder/spell/targeted/inflict_handler/magic_missile
	qdel() Count: 1
	Destroy() Cost: 0.0171021ms
Path: /obj/effect/proc_holder/spell/aoe_turf/veil
	qdel() Count: 1
	Destroy() Cost: 0.017099ms
Path: /obj/effect/proc_holder/spell/aoe_turf
	qdel() Count: 1
	Destroy() Cost: 0.0168976ms
Path: /obj/effect/proc_holder/spell/no_target/infection/obcurse
	qdel() Count: 1
	Destroy() Cost: 0.0166992ms
Path: /obj/effect/proc_holder/spell/targeted/spacetime_dist
	qdel() Count: 1
	Destroy() Cost: 0.0166016ms
Path: /obj/effect/proc_holder/spell/targeted/shadowling_hivemind
	qdel() Count: 1
	Destroy() Cost: 0.0165985ms
Path: /obj/effect/proc_holder/spell/aoe_turf/hulk_gas
	qdel() Count: 1
	Destroy() Cost: 0.0165985ms
Path: /obj/effect/proc_holder/spell/no_target/charge
	qdel() Count: 1
	Destroy() Cost: 0.0165985ms
Path: /obj/effect/proc_holder/spell/targeted/blindness_smoke
	qdel() Count: 1
	Destroy() Cost: 0.0165009ms
Path: /obj/effect/proc_holder/spell/aoe_turf/conjure/soulstone
	qdel() Count: 1
	Destroy() Cost: 0.0165009ms
Path: /obj/effect/proc_holder/spell/targeted/forcewall/mimewall
	qdel() Count: 1
	Destroy() Cost: 0.0164001ms
Path: /obj/effect/proc_holder/spell/aoe_turf/conjure/the_traps
	qdel() Count: 1
	Destroy() Cost: 0.0164001ms
Path: /obj/effect/proc_holder/spell/aoe_turf/conjure/lesserforcewall
	qdel() Count: 1
	Destroy() Cost: 0.0164001ms
Path: /obj/effect/proc_holder/spell/targeted/inflict_handler/disintegrate
	qdel() Count: 1
	Destroy() Cost: 0.0162994ms
Path: /obj/effect/proc_holder/spell/targeted/projectile/magic_missile
	qdel() Count: 1
	Destroy() Cost: 0.0162018ms
Path: /obj/effect/proc_holder/spell/targeted/trigger
	qdel() Count: 1
	Destroy() Cost: 0.0162018ms
Path: /obj/effect/proc_holder/spell/targeted/inflict_handler
	qdel() Count: 1
	Destroy() Cost: 0.0161987ms
Path: /obj/effect/proc_holder/spell/targeted/heal
	qdel() Count: 1
	Destroy() Cost: 0.0161987ms
Path: /obj/effect/proc_holder/spell/aoe_turf/conjure/carp
	qdel() Count: 1
	Destroy() Cost: 0.0161987ms
Path: /obj/effect/proc_holder/spell/targeted/lighting_shock
	qdel() Count: 1
	Destroy() Cost: 0.0161011ms
Path: /obj/effect/proc_holder/spell/targeted/shadowling_regenarmor
	qdel() Count: 1
	Destroy() Cost: 0.0161011ms
Path: /obj/effect/proc_holder/spell/aoe_turf/flashfreeze
	qdel() Count: 1
	Destroy() Cost: 0.0161011ms
Path: /obj/effect/proc_holder/spell/targeted/inflict_handler/fireball
	qdel() Count: 1
	Destroy() Cost: 0.016098ms
Path: /obj/effect/proc_holder/spell/targeted/collective_mind
	qdel() Count: 1
	Destroy() Cost: 0.016098ms
Path: /obj/effect/proc_holder/spell/targeted/summonitem
	qdel() Count: 1
	Destroy() Cost: 0.0160004ms
Path: /obj/effect/proc_holder/spell/aoe_turf/conjure/creature
	qdel() Count: 1
	Destroy() Cost: 0.0160004ms
Path: /obj/effect/proc_holder/spell/aoe_turf/hulk_jump
	qdel() Count: 1
	Destroy() Cost: 0.0160004ms
Path: /obj/effect/proc_holder/spell/aoe_turf/HulkHONK
	qdel() Count: 1
	Destroy() Cost: 0.0160004ms
Path: /obj/effect/proc_holder/spell/no_target/charge/religion
	qdel() Count: 1
	Destroy() Cost: 0.0160004ms
Path: /datum/quirk/light_step
	qdel() Count: 1
	Destroy() Cost: 0.0159001ms
Path: /obj/effect/proc_holder/spell/aoe_turf/glacial_blast
	qdel() Count: 1
	Destroy() Cost: 0.0158997ms
Path: /obj/effect/proc_holder/spell/aoe_turf/conjure/floor
	qdel() Count: 1
	Destroy() Cost: 0.015799ms
Path: /obj/effect/proc_holder/spell/aoe_turf/hulk_eat
	qdel() Count: 1
	Destroy() Cost: 0.015799ms
Path: /obj/effect/proc_holder/spell/targeted/heal/damage
	qdel() Count: 1
	Destroy() Cost: 0.0157013ms
Path: /obj/effect/proc_holder/spell/aoe_turf/clown_joke
	qdel() Count: 1
	Destroy() Cost: 0.0157013ms
Path: /obj/effect/proc_holder/spell/targeted/forcewall
	qdel() Count: 1
	Destroy() Cost: 0.0156982ms
Path: /obj/effect/proc_holder/spell/targeted/turf_teleport
	qdel() Count: 1
	Destroy() Cost: 0.0156982ms
Path: /obj/effect/proc_holder/spell/aoe_turf/hulk_lazor
	qdel() Count: 1
	Destroy() Cost: 0.0154999ms
Path: /obj/effect/proc_holder/spell/aoe_turf/conjure/wall
	qdel() Count: 1
	Destroy() Cost: 0.0153992ms
Path: /obj/effect/proc_holder/spell/aoe_turf/drainLife
	qdel() Count: 1
	Destroy() Cost: 0.0153015ms
Path: /obj/effect/proc_holder/spell/no_target/mime_speak
	qdel() Count: 1
	Destroy() Cost: 0.0152985ms
Path: /obj/effect/proc_holder/spell/aoe_turf/unearthly_screech
	qdel() Count: 1
	Destroy() Cost: 0.0152008ms
Path: /obj/effect/proc_holder/spell/no_target/spawn_bible
	qdel() Count: 1
	Destroy() Cost: 0.0151978ms
Path: /obj/effect/proc_holder/spell/targeted/turf_teleport/blink
	qdel() Count: 1
	Destroy() Cost: 0.0151001ms
Path: /datum/quirk/daltonism
	qdel() Count: 1
	Destroy() Cost: 0.0146999ms
Path: /datum/quirk/stress_eater
	qdel() Count: 1
	Destroy() Cost: 0.0142ms
Path: /datum/quirk/multitasking
	qdel() Count: 1
	Destroy() Cost: 0.0139ms
Path: /datum/quirk/strong_mind
	qdel() Count: 1
	Destroy() Cost: 0.0130999ms
Path: /datum/quirk/light_drinker
	qdel() Count: 1
	Destroy() Cost: 0.0129001ms
Path: /datum/quirk/fatness
	qdel() Count: 1
	Destroy() Cost: 0.0129001ms
Path: /datum/quirk/deafness
	qdel() Count: 1
	Destroy() Cost: 0.0128002ms
Path: /datum/quirk/alcohol_tolerance
	qdel() Count: 1
	Destroy() Cost: 0.0128ms
Path: /datum/quirk/low_pain_threshold
	qdel() Count: 1
	Destroy() Cost: 0.0124998ms
Path: /datum/quirk/genetic_degradation
	qdel() Count: 1
	Destroy() Cost: 0.0124002ms
Path: /datum/quirk/nyctophobia
	qdel() Count: 1
	Destroy() Cost: 0.0122001ms
Path: /datum/quirk/freerunning
	qdel() Count: 1
	Destroy() Cost: 0.0119002ms
Path: /datum/quirk/tourette
	qdel() Count: 1
	Destroy() Cost: 0.0118999ms
Path: /datum/quirk/mute
	qdel() Count: 1
	Destroy() Cost: 0.0116999ms
Path: /datum/quirk/no_taste
	qdel() Count: 1
	Destroy() Cost: 0.0116ms
Path: /datum/quirk/high_pain_threshold
	qdel() Count: 1
	Destroy() Cost: 0.0116ms
Path: /datum/quirk/nearsighted
	qdel() Count: 1
	Destroy() Cost: 0.0115001ms
Path: /datum/quirk/cough
	qdel() Count: 1
	Destroy() Cost: 0.0115001ms
Path: /datum/quirk/blindness
	qdel() Count: 1
	Destroy() Cost: 0.0113001ms
Path: /datum/quirk/nervous
	qdel() Count: 1
	Destroy() Cost: 0.0112ms
Path: /datum/objective_holder
	qdel() Count: 1
	Destroy() Cost: 0.0102997ms
Path: /datum/mood_event/mild_pain
	qdel() Count: 1
	Destroy() Cost: 0.00940094ms
Path: /datum/radio_frequency
	qdel() Count: 1
	Destroy() Cost: 0.00739956ms
Path: /datum/reagent/slimetoxin
	qdel() Count: 1
	Destroy() Cost: 0.00739956ms
Path: /datum/recipe/grill/human
	qdel() Count: 1
	Destroy() Cost: 0.0065918ms
Path: /datum/reagent/nanites2
	qdel() Count: 1
	Destroy() Cost: 0.00650024ms
Path: /datum/reagent/serotrotium
	qdel() Count: 1
	Destroy() Cost: 0.0059967ms
Path: /datum/reagent/sugar
	qdel() Count: 1
	Destroy() Cost: 0.00559998ms
Path: /datum/religion_rites/instant/chaplain
	qdel() Count: 1
	Destroy() Cost: 0.00510101ms
Path: /datum/aspect/science
	qdel() Count: 1
	Destroy() Cost: 0.00480042ms
Path: /datum/reagent/radium
	qdel() Count: 1
	Destroy() Cost: 0.00470352ms
Path: /datum/reagent/mulligan
	qdel() Count: 1
	Destroy() Cost: 0.00450134ms
Path: /datum/religion_sect/preset/chaplain/puritanism
	qdel() Count: 1
	Destroy() Cost: 0.00450134ms
Path: /datum/religion_rites/standing/legacy/charge
	qdel() Count: 1
	Destroy() Cost: 0.00440063ms
Path: /datum/reagent/lube
	qdel() Count: 1
	Destroy() Cost: 0.00439835ms
Path: /datum/religion_rites/instant/cult/emp
	qdel() Count: 1
	Destroy() Cost: 0.00410004ms
Path: /datum/religion_rites/pedestals
	qdel() Count: 1
	Destroy() Cost: 0.00410004ms
Path: /datum/reagent/glycerol
	qdel() Count: 1
	Destroy() Cost: 0.00409698ms
Path: /datum/religion_rites/pedestals/cult/make_skeleton
	qdel() Count: 1
	Destroy() Cost: 0.00390015ms
Path: /datum/aspect/absence
	qdel() Count: 1
	Destroy() Cost: 0.00389709ms
Path: /datum/aspect/food
	qdel() Count: 1
	Destroy() Cost: 0.00380249ms
Path: /datum/religion_rites/pedestals/cult
	qdel() Count: 1
	Destroy() Cost: 0.00379944ms
Path: /datum/aspect/herd
	qdel() Count: 1
	Destroy() Cost: 0.00379944ms
Path: /datum/religion_rites/standing/spook
	qdel() Count: 1
	Destroy() Cost: 0.00370178ms
Path: /datum/aspect/lightbending/darkness
	qdel() Count: 1
	Destroy() Cost: 0.00370178ms
Path: /datum/aspect/lightbending
	qdel() Count: 1
	Destroy() Cost: 0.00370178ms
Path: /datum/aspect/weapon
	qdel() Count: 1
	Destroy() Cost: 0.00369873ms
Path: /datum/aspect/greed
	qdel() Count: 1
	Destroy() Cost: 0.00369873ms
Path: /datum/religion_rites/standing/illuminate
	qdel() Count: 1
	Destroy() Cost: 0.00360107ms
Path: /datum/aspect/technology
	qdel() Count: 1
	Destroy() Cost: 0.00360107ms
Path: /datum/religion_rites/instant/cult/sacrifice
	qdel() Count: 1
	Destroy() Cost: 0.00350037ms
Path: /datum/aspect/lightbending/light
	qdel() Count: 1
	Destroy() Cost: 0.00350037ms
Path: /datum/religion_rites/instant
	qdel() Count: 1
	Destroy() Cost: 0.00349884ms
Path: /datum/religion_rites/pedestals/cult/narsie
	qdel() Count: 1
	Destroy() Cost: 0.00339966ms
Path: /datum/religion_rites/standing/food
	qdel() Count: 1
	Destroy() Cost: 0.00339966ms
Path: /datum/aspect/resources
	qdel() Count: 1
	Destroy() Cost: 0.00339966ms
Path: /datum/aspect/chaos
	qdel() Count: 1
	Destroy() Cost: 0.00339966ms
Path: /datum/religion_rites/standing/animation
	qdel() Count: 1
	Destroy() Cost: 0.003302ms
Path: /datum/aspect/wacky
	qdel() Count: 1
	Destroy() Cost: 0.003302ms
Path: /datum/religion_rites/pedestals/cult/cult_portal
	qdel() Count: 1
	Destroy() Cost: 0.00330048ms
Path: /datum/religion_rites/standing/legacy
	qdel() Count: 1
	Destroy() Cost: 0.00329895ms
Path: /datum/aspect/conjure
	qdel() Count: 1
	Destroy() Cost: 0.00329895ms
Path: /datum/aspect/rescue
	qdel() Count: 1
	Destroy() Cost: 0.00329895ms
Path: /datum/religion_rites/instant/cult/convert
	qdel() Count: 1
	Destroy() Cost: 0.00320129ms
Path: /datum/religion_rites/instant/impose_blind
	qdel() Count: 1
	Destroy() Cost: 0.00319977ms
Path: /datum/religion_rites/standing/revive_animal
	qdel() Count: 1
	Destroy() Cost: 0.00319824ms
Path: /datum/religion_rites/standing/swap/devaluation
	qdel() Count: 1
	Destroy() Cost: 0.00310059ms
Path: /datum/religion_rites/standing/swap
	qdel() Count: 1
	Destroy() Cost: 0.00309753ms
Path: /datum/religion_rites/standing
	qdel() Count: 1
	Destroy() Cost: 0.00309753ms
Path: /datum/religion_rites/standing/pray
	qdel() Count: 1
	Destroy() Cost: 0.00299988ms
Path: /datum/religion_rites/standing/honk
	qdel() Count: 1
	Destroy() Cost: 0.00299988ms
Path: /datum/religion_sect/preset/chaplain/bloodgods
	qdel() Count: 1
	Destroy() Cost: 0.00299988ms
Path: /datum/religion_sect/preset/chaplain/technophile
	qdel() Count: 1
	Destroy() Cost: 0.00289917ms
Path: /datum/religion_sect/custom/chaplain
	qdel() Count: 1
	Destroy() Cost: 0.00289917ms
Path: /datum/religion_sect/preset/chaplain/clown
	qdel() Count: 1
	Destroy() Cost: 0.00280151ms
Path: /datum/religion_rites/instant/cult/raise_torture
	qdel() Count: 1
	Destroy() Cost: 0.00279999ms
Path: /datum/religion_rites/instant/cult/brainswap
	qdel() Count: 1
	Destroy() Cost: 0.00279999ms
Path: /datum/religion_rites/instant/cult/upgrade_tome
	qdel() Count: 1
	Destroy() Cost: 0.00279999ms
Path: /datum/religion_rites/instant/cult
	qdel() Count: 1
	Destroy() Cost: 0.00279999ms
Path: /datum/religion_rites/standing/swap/upgrade
	qdel() Count: 1
	Destroy() Cost: 0.00279846ms
Path: /datum/religion_rites/instant/cult/give_forcearmor
	qdel() Count: 1
	Destroy() Cost: 0.00270081ms
Path: /datum/religion_rites/instant/impose_deaf
	qdel() Count: 1
	Destroy() Cost: 0.00270081ms
Path: /datum/religion_rites/instant/cult/drain_torture
	qdel() Count: 1
	Destroy() Cost: 0.00269928ms
Path: /datum/religion_rites/instant/cult/create_slave
	qdel() Count: 1
	Destroy() Cost: 0.00269928ms
Path: /datum/religion_rites/instant/communicate
	qdel() Count: 1
	Destroy() Cost: 0.00269928ms
Path: /datum/religion_rites/instant/cult/summon_acolyt
	qdel() Count: 1
	Destroy() Cost: 0.0026001ms
Path: /datum/religion_rites/instant/impose_stun
	qdel() Count: 1
	Destroy() Cost: 0.00259857ms
Path: /datum
	qdel() Count: 1
	Destroy() Cost: 0ms
