[21:05:31] Server '' starting up on 26.166.93.76:63513
[21:05:33]GAME: escape_pod loaded at (217,157,3)
[21:05:34]GAME: Derelict Teleporter loaded at (101,45,4)
[21:05:34]GAME: Derelict Station loaded at (51,75,3)
[21:05:34]GAME: robostation loaded at (180,103,4)
[21:05:34]GAME: cloning_lab loaded at (73,17,4)
[21:05:34]GAME: DJ Station loaded at (184,55,3)
[21:05:34]GAME: NT Ships Squad loaded at (67,187,4)
[21:06:02]ADMIN: fatfat/(FatFat) has started the game.
[21:06:04]MODE: Current master mode is extended
[21:06:05]DEBUG: Next event of severity RoundStart in 0 minutes.
[21:06:05]DEBUG: Starting event 'Roundstart Nothing' of severity RoundStart.
[21:06:05]DEBUG: Next event of severity RoundStart in 0 minutes.
[21:06:05]GAME: RoundStart Event: Selected areas is nothing
[21:06:05]DEBUG: Starting event 'Broken Airlocks' of severity RoundStart.
[21:06:05]GAME: ANTAG LIST:
no antagonists this moment
[21:06:05]DEBUG: Event 'Roundstart Nothing' has completed at 12:00.
[21:06:05]DEBUG: Event 'Broken Airlocks' has completed at 12:00.
[21:06:05]DEBUG: Next event of severity Mundane in 12.41 minutes.
[21:06:05]DEBUG: Next event of severity Moderate in 49.916 minutes.
[21:06:05]DEBUG: Next event of severity Major in 54.7333 minutes.
[21:06:17]ADMIN: fatfat/(Noah Stewart) created a /obj/effect/portal/tsci_wormhole/hub
[21:06:35] Graceful shutdown
