[17:56:49] Server '' starting up on 26.166.93.76:56674
[17:56:52]GAME: Abandoned Ship loaded at (24,50,3)
[17:56:52]GAME: NT Ships Squad loaded at (125,65,3)
[17:56:52]GAME: listening_post loaded at (188,20,4)
[17:56:52]GAME: escape_pod loaded at (70,106,3)
[17:56:52]GAME: teleporter loaded at (202,152,3)
[17:56:53]GAME: Abandoned Lab loaded at (134,158,3)
[17:56:53]GAME: syndicate_fighter loaded at (109,207,4)
[17:57:45]ADMIN: fatfat/(FatFat) has started the game.
[17:57:48]MODE: Current master mode is extended
[17:57:48]DEBUG: Next event of severity RoundStart in 0 minutes.
[17:57:48]DEBUG: Starting event 'Roundstart Nothing' of severity RoundStart.
[17:57:48]GAME: ANTAG LIST:
no antagonists this moment
[17:57:49]SAY: *no key*/(Runtime) : [Space]: Зафиксирована аномалия #126. Пожалуйста, отойдите подальше.
[17:57:49]DEBUG: Event 'Roundstart Nothing' has completed at 12:00.
[17:57:49]DEBUG: Next event of severity Mundane in 16.698 minutes.
[17:57:49]DEBUG: Next event of severity Moderate in 45.598 minutes.
[17:57:49]DEBUG: Next event of severity Major in 56.365 minutes.
[17:57:58] Graceful shutdown
