[18:22:17]TGUI: fatfat in browseroutput/initialize
[18:22:32]TGUI: fatfat (as FatFat at (8,174,1))
Using: /datum/tgui_modal [0x21000a0b]
new AlertModal fancy 1
[18:22:32]TGUI: fatfat in tgui-window-1/initialize
Using: /datum/tgui_modal [0x21000a0b]
[18:22:35]TGUI: fatfat (as FatFat at (8,174,1)) in tgui-window-1
Using: /datum/tgui_modal [0x21000a0b]
Action: choose {"choice":"Yes"}
[18:22:35]TGUI: fatfat in tgui-window-1/close (suspending)
[18:23:50]TGUI: fatfat (as Emmanuel Ehret at (215,213,1))
Using: /datum/tgui_modal [0x21013a29]
new AlertModal fancy 1
[18:23:51]TGUI: fatfat (as Emmanuel Ehret at (215,213,1)) in tgui-window-1
Using: /datum/tgui_modal [0x21013a29]
Action: choose {"choice":"Yes"}
[18:23:51]TGUI: fatfat in tgui-window-1/close (suspending)
[18:25:29]TGUI: fatfat (as Syndicate at (13,222,1))
Using: /obj/machinery/computer/security/nuclear [0x20022ef]
new CameraConsole fancy 1
[18:25:31]TGUI: fatfat in tgui-window-1/close (suspending)
[18:25:31]TGUI: fatfat in tgui-window-1/close (suspending)
[18:26:45]TGUI: fatfat (as the unknown at (218,18,1))
Using: /datum/tgui_modal [0x21013b27]
new AlertModal fancy 1
[18:26:45]TGUI: fatfat (as the unknown at (218,18,1)) in tgui-window-1
Using: /datum/tgui_modal [0x21013b27]
Action: choose {"choice":"Yes"}
[18:26:45]TGUI: fatfat in tgui-window-1/close (suspending)
[18:28:05]TGUI: fatfat (as the unknown at (246,17,1))
Using: /datum/tgui_modal [0x210136d7]
new AlertModal fancy 1
[18:28:06]TGUI: fatfat (as the unknown at (246,17,1)) in tgui-window-1
Using: /datum/tgui_modal [0x210136d7]
Action: choose {"choice":"No"}
[18:28:06]TGUI: fatfat in tgui-window-1/close (suspending)
[18:28:38]TGUI: fatfat (as the unknown at (209,205,6))
Using: /datum/tgui_modal [0x21024ce7]
new AlertModal fancy 1
[18:28:38]TGUI: fatfat (as the unknown at (209,205,6)) in tgui-window-1
Using: /datum/tgui_modal [0x21024ce7]
Action: choose {"choice":"Yes"}
[18:28:38]TGUI: fatfat in tgui-window-1/close (suspending)
[18:28:56]TGUI: fatfat (as the unknown at (209,204,6))
Using: /datum/tgui_modal [0x21012f82]
new AlertModal fancy 1
[18:28:57]TGUI: fatfat (as the unknown at (209,204,6)) in tgui-window-1
Using: /datum/tgui_modal [0x21012f82]
Action: choose {"choice":"Yes"}
[18:28:57]TGUI: fatfat in tgui-window-1/close (suspending)
[18:29:03]TGUI: fatfat (as the unknown at (207,205,6))
Using: /datum/tgui_modal [0x21013ef6]
new AlertModal fancy 1
[18:29:04]TGUI: fatfat (as the unknown at (207,205,6)) in tgui-window-1
Using: /datum/tgui_modal [0x21013ef6]
Action: choose {"choice":"Yes"}
[18:29:04]TGUI: fatfat in tgui-window-1/close (suspending)
[18:29:35]TGUI: fatfat (as the unknown at (209,204,6))
Using: /datum/tgui_modal [0x21012f70]
new AlertModal fancy 1
[18:29:35]TGUI: fatfat (as the unknown at (209,204,6)) in tgui-window-1
Using: /datum/tgui_modal [0x21012f70]
Action: choose {"choice":"Yes"}
[18:29:35]TGUI: fatfat in tgui-window-1/close (suspending)
[18:29:44]TGUI: fatfat (as the unknown at (205,208,6))
Using: /datum/tgui_modal [0x210135e7]
new AlertModal fancy 1
[18:29:45]TGUI: fatfat (as the unknown at (205,208,6)) in tgui-window-1
Using: /datum/tgui_modal [0x210135e7]
Action: choose {"choice":"Yes"}
[18:29:45]TGUI: fatfat in tgui-window-1/close (suspending)
[18:30:24]TGUI: fatfat (as the unknown at (178,38,6))
Using: /datum/tgui_modal [0x2101408c]
new AlertModal fancy 1
[18:30:25]TGUI: fatfat (as the unknown at (178,38,6)) in tgui-window-1
Using: /datum/tgui_modal [0x2101408c]
Action: choose {"choice":"Yes"}
[18:30:25]TGUI: fatfat in tgui-window-1/close (suspending)
[18:35:22]TGUI: fatfat (as the unknown at (178,42,6))
Using: /datum/tgui_modal [0x210140e0]
new AlertModal fancy 1
[18:35:24]TGUI: fatfat (as the unknown at (178,42,6)) in tgui-window-1
Using: /datum/tgui_modal [0x210140e0]
Action: choose {"choice":"Нет"}
[18:35:24]TGUI: fatfat in tgui-window-1/close (suspending)
[19:04:13]TGUI: fatfat (as the unknown at (218,19,1))
Using: /datum/tgui_modal [0x21024f7f]
new AlertModal fancy 1
[19:04:15]TGUI: fatfat (as the unknown at (218,19,1)) in tgui-window-1
Using: /datum/tgui_modal [0x21024f7f]
Action: choose {"choice":"Ok"}
[19:04:15]TGUI: fatfat in tgui-window-1/close (suspending)
