[00:54:38] Server '' starting up on 26.166.93.76:52131
[00:54:41]GAME: Abandoned Lab loaded at (76,152,4)
[00:54:42]GAME: Abandoned Ship loaded at (68,159,3)
[00:54:42]GAME: Secrete Lab loaded at (118,36,3)
[00:54:42]GAME: Abandoned Cargo Shuttle loaded at (77,40,4)
[00:54:42]GAME: Broken Breacher loaded at (175,98,3)
[00:54:42]GAME: NASA satellite loaded at (69,71,3)
[00:54:42]GAME: Derelict Teleporter loaded at (24,125,3)
[00:55:11]ADMIN: fatfat/(FatFat) has started the game.
[00:55:14]MODE: Current master mode is extended
[00:55:14]DEBUG: Next event of severity RoundStart in 0 minutes.
[00:55:14]DEBUG: Starting event 'Roundstart Nothing' of severity RoundStart.
[00:55:14]DEBUG: Next event of severity RoundStart in 0 minutes.
[00:55:14]GAME: RoundStart Event: Selected areas is nothing
[00:55:14]DEBUG: Starting event 'Stolen Weapon' of severity RoundStart.
[00:55:14]GAME: ANTAG LIST:
no antagonists this moment
[00:55:15]DEBUG: Event 'Roundstart Nothing' has completed at 12:00.
[00:55:15]DEBUG: Event 'Stolen Weapon' has completed at 12:00.
[00:55:15]DEBUG: Next event of severity Mundane in 15.59 minutes.
[00:55:15]DEBUG: Next event of severity Moderate in 51.684 minutes.
[00:55:15]DEBUG: Next event of severity Major in 63.38 minutes.
[00:55:26]SAY: *no key*/(cyber horror) : [Secrete Lab]: G@#!$ H@!#%, H!@%%@ @!E
[00:55:43] Graceful shutdown
