GC: -- [0xd000731] | /image was unable to be GC'd --
GC: -- [0x300005a] | /mob/living/simple_animal/hostile/asteroid/hivelordbrood was unable to be GC'd --
GC: -- [0x300005b] | /mob/living/simple_animal/hostile/asteroid/hivelordbrood was unable to be GC'd --
GC: -- [0x300005c] | /mob/living/simple_animal/hostile/asteroid/hivelordbrood was unable to be GC'd --
GC: -- [0x300005d] | /mob/living/simple_animal/hostile/asteroid/hivelordbrood was unable to be GC'd --
GC: -- [0x300005e] | /mob/living/simple_animal/hostile/asteroid/hivelordbrood was unable to be GC'd --
GC: -- [0x300005f] | /mob/living/simple_animal/hostile/asteroid/hivelordbrood was unable to be GC'd --
GC: -- [0x3000060] | /mob/living/simple_animal/hostile/asteroid/hivelordbrood was unable to be GC'd --
GC: -- [0x3000062] | /mob/living/simple_animal/hostile/asteroid/hivelordbrood was unable to be GC'd --
GC: -- [0x3000063] | /mob/living/simple_animal/hostile/asteroid/hivelordbrood was unable to be GC'd --
GC: -- [0x3000064] | /mob/living/simple_animal/hostile/asteroid/hivelordbrood was unable to be GC'd --
GC: -- [0x3000065] | /mob/living/simple_animal/hostile/asteroid/hivelordbrood was unable to be GC'd --
GC: -- [0x3000061] | /mob/living/simple_animal/hostile/asteroid/hivelordbrood was unable to be GC'd --
GC: -- [0x3000066] | /mob/living/simple_animal/hostile/asteroid/hivelordbrood was unable to be GC'd --
GC: -- [0x3000067] | /mob/living/simple_animal/hostile/asteroid/hivelordbrood was unable to be GC'd --
GC: -- [0x3000069] | /mob/living/simple_animal/hostile/asteroid/hivelordbrood was unable to be GC'd --
GC: -- [0x300006a] | /mob/living/simple_animal/hostile/asteroid/hivelordbrood was unable to be GC'd --
GC: -- [0x300006b] | /mob/living/simple_animal/hostile/asteroid/hivelordbrood was unable to be GC'd --
GC: -- [0x300006e] | /mob/living/simple_animal/hostile/asteroid/hivelordbrood was unable to be GC'd --
GC: -- [0x300006c] | /mob/living/simple_animal/hostile/asteroid/hivelordbrood was unable to be GC'd --
GC: -- [0x3000068] | /mob/living/simple_animal/hostile/asteroid/hivelordbrood was unable to be GC'd --
GC: -- [0x300006d] | /mob/living/simple_animal/hostile/asteroid/hivelordbrood was unable to be GC'd --
GC: -- [0x3000070] | /mob/living/simple_animal/hostile/asteroid/hivelordbrood was unable to be GC'd --
GC: -- [0x3000071] | /mob/living/simple_animal/hostile/asteroid/hivelordbrood was unable to be GC'd --
GC: -- [0x3000072] | /mob/living/simple_animal/hostile/asteroid/hivelordbrood was unable to be GC'd --
GC: -- [0x3000073] | /mob/living/simple_animal/hostile/asteroid/hivelordbrood was unable to be GC'd --
GC: -- [0x300006f] | /mob/living/simple_animal/hostile/asteroid/hivelordbrood was unable to be GC'd --
GC: -- [0x3000074] | /mob/living/simple_animal/hostile/asteroid/hivelordbrood was unable to be GC'd --
GC: -- [0x3000075] | /mob/living/simple_animal/hostile/asteroid/hivelordbrood was unable to be GC'd --
GC: -- [0x3000076] | /mob/living/simple_animal/hostile/asteroid/hivelordbrood was unable to be GC'd --
GC: -- [0x3000077] | /mob/living/simple_animal/hostile/asteroid/hivelordbrood was unable to be GC'd --
GC: -- [0x3000078] | /mob/living/simple_animal/hostile/asteroid/hivelordbrood was unable to be GC'd --
GC: -- [0x3000079] | /mob/living/simple_animal/hostile/asteroid/hivelordbrood was unable to be GC'd --
GC: -- [0x300007d] | /mob/living/simple_animal/hostile/asteroid/hivelordbrood was unable to be GC'd --
GC: -- [0x300007a] | /mob/living/simple_animal/hostile/asteroid/hivelordbrood was unable to be GC'd --
GC: -- [0x300007b] | /mob/living/simple_animal/hostile/asteroid/hivelordbrood was unable to be GC'd --
GC: -- [0x300007c] | /mob/living/simple_animal/hostile/asteroid/hivelordbrood was unable to be GC'd --
GC: -- [0x300007f] | /mob/living/simple_animal/hostile/asteroid/hivelordbrood was unable to be GC'd --
GC: -- [0x3000080] | /mob/living/simple_animal/hostile/asteroid/hivelordbrood was unable to be GC'd --
GC: -- [0x3000081] | /mob/living/simple_animal/hostile/asteroid/hivelordbrood was unable to be GC'd --
GC: -- [0x3000084] | /mob/living/simple_animal/hostile/asteroid/hivelordbrood was unable to be GC'd --
GC: -- [0x3000082] | /mob/living/simple_animal/hostile/asteroid/hivelordbrood was unable to be GC'd --
GC: -- [0x300007e] | /mob/living/simple_animal/hostile/asteroid/hivelordbrood was unable to be GC'd --
GC: -- [0x3000083] | /mob/living/simple_animal/hostile/asteroid/hivelordbrood was unable to be GC'd --
GC: -- [0x3000086] | /mob/living/simple_animal/hostile/asteroid/hivelordbrood was unable to be GC'd --
GC: -- [0x3000087] | /mob/living/simple_animal/hostile/asteroid/hivelordbrood was unable to be GC'd --
GC: -- [0x3000088] | /mob/living/simple_animal/hostile/asteroid/hivelordbrood was unable to be GC'd --
GC: -- [0x3000089] | /mob/living/simple_animal/hostile/asteroid/hivelordbrood was unable to be GC'd --
GC: -- [0x3000085] | /mob/living/simple_animal/hostile/asteroid/hivelordbrood was unable to be GC'd --
GC: -- [0x300008a] | /mob/living/simple_animal/hostile/asteroid/hivelordbrood was unable to be GC'd --
GC: -- [0x300008b] | /mob/living/simple_animal/hostile/asteroid/hivelordbrood was unable to be GC'd --
GC: -- [0x300008c] | /mob/living/simple_animal/hostile/asteroid/hivelordbrood was unable to be GC'd --
GC: -- [0x300008d] | /mob/living/simple_animal/hostile/asteroid/hivelordbrood was unable to be GC'd --
GC: -- [0x300008f] | /mob/living/simple_animal/hostile/asteroid/hivelordbrood was unable to be GC'd --
GC: -- [0x300008e] | /mob/living/simple_animal/hostile/asteroid/hivelordbrood was unable to be GC'd --
GC: -- [0x3000092] | /mob/living/simple_animal/hostile/asteroid/hivelordbrood was unable to be GC'd --
GC: -- [0x3000090] | /mob/living/simple_animal/hostile/asteroid/hivelordbrood was unable to be GC'd --
GC: -- [0x3000091] | /mob/living/simple_animal/hostile/asteroid/hivelordbrood was unable to be GC'd --
GC: -- [0x3000093] | /mob/living/simple_animal/hostile/asteroid/hivelordbrood was unable to be GC'd --
GC: -- [0x3000094] | /mob/living/simple_animal/hostile/asteroid/hivelordbrood was unable to be GC'd --
GC: -- [0x3000095] | /mob/living/simple_animal/hostile/asteroid/hivelordbrood was unable to be GC'd --
GC: -- [0x3000096] | /mob/living/simple_animal/hostile/asteroid/hivelordbrood was unable to be GC'd --
GC: -- [0x3000097] | /mob/living/simple_animal/hostile/asteroid/hivelordbrood was unable to be GC'd --
GC: -- [0x3000098] | /mob/living/simple_animal/hostile/asteroid/hivelordbrood was unable to be GC'd --
GC: -- [0x3000099] | /mob/living/simple_animal/hostile/asteroid/hivelordbrood was unable to be GC'd --
GC: -- [0x300009a] | /mob/living/simple_animal/hostile/asteroid/hivelordbrood was unable to be GC'd --
GC: -- [0x300009b] | /mob/living/simple_animal/hostile/asteroid/hivelordbrood was unable to be GC'd --
GC: -- [0x300009c] | /mob/living/simple_animal/hostile/asteroid/hivelordbrood was unable to be GC'd --
GC: -- [0x300009d] | /mob/living/simple_animal/hostile/asteroid/hivelordbrood was unable to be GC'd --
GC: -- [0x300009e] | /mob/living/simple_animal/hostile/asteroid/hivelordbrood was unable to be GC'd --
GC: -- [0x300009f] | /mob/living/simple_animal/hostile/asteroid/hivelordbrood was unable to be GC'd --
GC: -- [0x30000a0] | /mob/living/simple_animal/hostile/asteroid/hivelordbrood was unable to be GC'd --
GC: -- [0x30000a3] | /mob/living/simple_animal/hostile/asteroid/hivelordbrood was unable to be GC'd --
GC: -- [0x30000a1] | /mob/living/simple_animal/hostile/asteroid/hivelordbrood was unable to be GC'd --
GC: -- [0x30000a2] | /mob/living/simple_animal/hostile/asteroid/hivelordbrood was unable to be GC'd --
GC: -- [0x30000a4] | /mob/living/simple_animal/hostile/asteroid/hivelordbrood was unable to be GC'd --
GC: -- [0x30000a5] | /mob/living/simple_animal/hostile/asteroid/hivelordbrood was unable to be GC'd --
GC: -- [0x30000a6] | /mob/living/simple_animal/hostile/asteroid/hivelordbrood was unable to be GC'd --
GC: -- [0x30000aa] | /mob/living/simple_animal/hostile/asteroid/hivelordbrood was unable to be GC'd --
GC: -- [0x30000a7] | /mob/living/simple_animal/hostile/asteroid/hivelordbrood was unable to be GC'd --
GC: -- [0x30000a8] | /mob/living/simple_animal/hostile/asteroid/hivelordbrood was unable to be GC'd --
GC: -- [0x30000a9] | /mob/living/simple_animal/hostile/asteroid/hivelordbrood was unable to be GC'd --
GC: -- [0x30000ac] | /mob/living/simple_animal/hostile/asteroid/hivelordbrood was unable to be GC'd --
GC: -- [0x30000ad] | /mob/living/simple_animal/hostile/asteroid/hivelordbrood was unable to be GC'd --
GC: -- [0x30000ae] | /mob/living/simple_animal/hostile/asteroid/hivelordbrood was unable to be GC'd --
GC: -- [0x30000af] | /mob/living/simple_animal/hostile/asteroid/hivelordbrood was unable to be GC'd --
GC: -- [0x30000ab] | /mob/living/simple_animal/hostile/asteroid/hivelordbrood was unable to be GC'd --
GC: -- [0x30000b0] | /mob/living/simple_animal/hostile/asteroid/hivelordbrood was unable to be GC'd --
GC: -- [0x30000b1] | /mob/living/simple_animal/hostile/asteroid/hivelordbrood was unable to be GC'd --
GC: -- [0x30000b2] | /mob/living/simple_animal/hostile/asteroid/hivelordbrood was unable to be GC'd --
GC: -- [0x30000b3] | /mob/living/simple_animal/hostile/asteroid/hivelordbrood was unable to be GC'd --
GC: -- [0x30000b4] | /mob/living/simple_animal/hostile/asteroid/hivelordbrood was unable to be GC'd --
GC: -- [0x30000b5] | /mob/living/simple_animal/hostile/asteroid/hivelordbrood was unable to be GC'd --
GC: -- [0x30000b6] | /mob/living/simple_animal/hostile/asteroid/hivelordbrood was unable to be GC'd --
GC: -- [0x30000b7] | /mob/living/simple_animal/hostile/asteroid/hivelordbrood was unable to be GC'd --
GC: -- [0x30000b8] | /mob/living/simple_animal/hostile/asteroid/hivelordbrood was unable to be GC'd --
GC: -- [0x30000b9] | /mob/living/simple_animal/hostile/asteroid/hivelordbrood was unable to be GC'd --
GC: -- [0x30000ba] | /mob/living/simple_animal/hostile/asteroid/hivelordbrood was unable to be GC'd --
GC: -- [0x30000bb] | /mob/living/simple_animal/hostile/asteroid/hivelordbrood was unable to be GC'd --
GC: -- [0x30000bc] | /mob/living/simple_animal/hostile/asteroid/hivelordbrood was unable to be GC'd --
GC: -- [0x30000bd] | /mob/living/simple_animal/hostile/asteroid/hivelordbrood was unable to be GC'd --
GC: -- [0x30000be] | /mob/living/simple_animal/hostile/asteroid/hivelordbrood was unable to be GC'd --
GC: -- [0x30000bf] | /mob/living/simple_animal/hostile/asteroid/hivelordbrood was unable to be GC'd --
GC: -- [0x30000c0] | /mob/living/simple_animal/hostile/asteroid/hivelordbrood was unable to be GC'd --
GC: -- [0x30000c1] | /mob/living/simple_animal/hostile/asteroid/hivelordbrood was unable to be GC'd --
GC: -- [0x30000c5] | /mob/living/simple_animal/hostile/asteroid/hivelordbrood was unable to be GC'd --
GC: -- [0x30000c2] | /mob/living/simple_animal/hostile/asteroid/hivelordbrood was unable to be GC'd --
GC: -- [0x30000c3] | /mob/living/simple_animal/hostile/asteroid/hivelordbrood was unable to be GC'd --
GC: -- [0x30000c4] | /mob/living/simple_animal/hostile/asteroid/hivelordbrood was unable to be GC'd --
GC: -- [0x30000c7] | /mob/living/simple_animal/hostile/asteroid/hivelordbrood was unable to be GC'd --
GC: -- [0x30000c8] | /mob/living/simple_animal/hostile/asteroid/hivelordbrood was unable to be GC'd --
GC: -- [0x30000c9] | /mob/living/simple_animal/hostile/asteroid/hivelordbrood was unable to be GC'd --
GC: -- [0x30000ca] | /mob/living/simple_animal/hostile/asteroid/hivelordbrood was unable to be GC'd --
GC: -- [0x30000ce] | /mob/living/simple_animal/hostile/asteroid/hivelordbrood was unable to be GC'd --
GC: -- [0x30000c6] | /mob/living/simple_animal/hostile/asteroid/hivelordbrood was unable to be GC'd --
GC: -- [0x30000cc] | /mob/living/simple_animal/hostile/asteroid/hivelordbrood was unable to be GC'd --
GC: -- [0x30000cd] | /mob/living/simple_animal/hostile/asteroid/hivelordbrood was unable to be GC'd --
GC: -- [0x30000cb] | /mob/living/simple_animal/hostile/asteroid/hivelordbrood was unable to be GC'd --
GC: -- [0x30000d0] | /mob/living/simple_animal/hostile/asteroid/hivelordbrood was unable to be GC'd --
GC: -- [0x30000d1] | /mob/living/simple_animal/hostile/asteroid/hivelordbrood was unable to be GC'd --
GC: -- [0x30000d2] | /mob/living/simple_animal/hostile/asteroid/hivelordbrood was unable to be GC'd --
GC: -- [0x30000d3] | /mob/living/simple_animal/hostile/asteroid/hivelordbrood was unable to be GC'd --
GC: -- [0x30000cf] | /mob/living/simple_animal/hostile/asteroid/hivelordbrood was unable to be GC'd --
GC: -- [0x30000d8] | /mob/living/simple_animal/hostile/asteroid/hivelordbrood was unable to be GC'd --
GC: -- [0x30000d4] | /mob/living/simple_animal/hostile/asteroid/hivelordbrood was unable to be GC'd --
GC: -- [0x30000d5] | /mob/living/simple_animal/hostile/asteroid/hivelordbrood was unable to be GC'd --
GC: -- [0x30000d6] | /mob/living/simple_animal/hostile/asteroid/hivelordbrood was unable to be GC'd --
GC: -- [0x30000d7] | /mob/living/simple_animal/hostile/asteroid/hivelordbrood was unable to be GC'd --
GC: -- [0x202d652] | /obj/item/weapon/cartridge/captain was unable to be GC'd --
GC: -- [0x202d651] | /obj/item/device/pda/captain was unable to be GC'd --
Path: /obj/item/device/pda/captain
	Failures: 1
	qdel() Count: 1
	Destroy() Cost: 0.267401ms
	Total Hard Deletes 1
	Time Spent Hard Deleting: 29.5085ms
Path: /image
	Failures: 1
	qdel() Count: 148
	Destroy() Cost: 1.3708ms
	Total Hard Deletes 1
	Time Spent Hard Deleting: 25.2924ms
Path: /mob/living/simple_animal/hostile/asteroid/hivelordbrood
	Failures: 127
	qdel() Count: 162
	Destroy() Cost: 72.837ms
	Total Hard Deletes 127
	Time Spent Hard Deleting: 13.9378ms
Path: /obj/item/weapon/cartridge/captain
	Failures: 1
	qdel() Count: 1
	Destroy() Cost: 0.0600983ms
	Total Hard Deletes 1
	Time Spent Hard Deleting: 0.5324ms
Path: /datum/tgui_modal
	qdel() Count: 3
	Destroy() Cost: 112.779ms
Path: /datum/light_source
	qdel() Count: 357
	Destroy() Cost: 72.1414ms
Path: /datum/timedevent
	qdel() Count: 3852
	Destroy() Cost: 72.1224ms
Path: /obj/item/weapon/flora/random
	qdel() Count: 84
	Destroy() Cost: 36.8313ms
Path: /obj/effect/effect/sparks
	qdel() Count: 125
	Destroy() Cost: 31.7006ms
Path: /datum/component/clickplace
	qdel() Count: 135
	Destroy() Cost: 25.3501ms
Path: /datum/component/mechanic_desc
	qdel() Count: 255
	Destroy() Cost: 10.6137ms
Path: /obj/random/vending/cola
	qdel() Count: 22
	Destroy() Cost: 9.4743ms
Path: /obj/item/stack/cable_coil/random
	qdel() Count: 100
	Destroy() Cost: 8.55976ms
Path: /obj/structure/reagent_dispensers/fueltank
	qdel() Count: 30
	Destroy() Cost: 6.2117ms
Path: /obj/effect/spawner/lootdrop/maintenance/two
	qdel() Count: 36
	Destroy() Cost: 5.5402ms
Path: /datum/combo_handler
	qdel() Count: 52
	Destroy() Cost: 5.4591ms
Path: /obj/effect/landmark
	qdel() Count: 65
	Destroy() Cost: 5.0596ms
Path: /datum/hud
	qdel() Count: 4
	Destroy() Cost: 4.4578ms
Path: /obj/effect/spawner/lootdrop/maintenance
	qdel() Count: 46
	Destroy() Cost: 4.45341ms
Path: /obj/effect/goliath_tentacle
	qdel() Count: 42
	Destroy() Cost: 4.1872ms
Path: /mob/dead/observer
	qdel() Count: 4
	Destroy() Cost: 4.1361ms
Path: /datum/progressbar
	qdel() Count: 61
	Destroy() Cost: 4.1115ms
Path: /mob/dead/new_player
	qdel() Count: 2
	Destroy() Cost: 2.78202ms
Path: /datum/runechat
	qdel() Count: 46
	Destroy() Cost: 2.6611ms
Path: /datum/hud/ghost
	qdel() Count: 3
	Destroy() Cost: 2.383ms
Path: /datum/component/tactical
	qdel() Count: 84
	Destroy() Cost: 2.3718ms
Path: /obj/structure/sign/poster/random
	qdel() Count: 7
	Destroy() Cost: 2.31ms
Path: /obj/random/vending/snack
	qdel() Count: 24
	Destroy() Cost: 2.2827ms
Path: /datum/component/twohanded
	qdel() Count: 84
	Destroy() Cost: 2.15381ms
Path: /obj/random/scrap/sparse_weighted
	qdel() Count: 31
	Destroy() Cost: 2.0464ms
Path: /obj/item/weapon/storage/backpack/captain
	qdel() Count: 2
	Destroy() Cost: 2.03868ms
Path: /obj/random/foods/donuts
	qdel() Count: 66
	Destroy() Cost: 2.00754ms
Path: /obj/item/projectile/temp/basilisk
	qdel() Count: 9
	Destroy() Cost: 1.8328ms
Path: /datum/component/bounded
	qdel() Count: 4
	Destroy() Cost: 1.8022ms
Path: /datum/reagents
	qdel() Count: 31
	Destroy() Cost: 1.7735ms
Path: /obj/effect/spawner/lootdrop/maintenance/three
	qdel() Count: 16
	Destroy() Cost: 1.686ms
Path: /obj/random/tools/tech_supply
	qdel() Count: 23
	Destroy() Cost: 1.62619ms
Path: /obj/effect/spawner/lootdrop/maintenance/four
	qdel() Count: 16
	Destroy() Cost: 1.428ms
Path: /obj/random/scrap/moderate_weighted
	qdel() Count: 39
	Destroy() Cost: 1.4241ms
Path: /obj/random/foods/food_trash
	qdel() Count: 17
	Destroy() Cost: 1.2741ms
Path: /obj/structure/sign/poster/contraband/random
	qdel() Count: 15
	Destroy() Cost: 1.2724ms
Path: /obj/effect/projectile/laser/tracer
	qdel() Count: 8
	Destroy() Cost: 1.209ms
Path: /obj/item/device/radio/headset/heads/captain
	qdel() Count: 1
	Destroy() Cost: 1.1913ms
Path: /obj/effect/landmark/dealer_spawn
	qdel() Count: 4
	Destroy() Cost: 1.191ms
Path: /obj/effect/goliath_tentacle/original
	qdel() Count: 14
	Destroy() Cost: 1.1012ms
Path: /obj/item/clothing/head/caphat
	qdel() Count: 2
	Destroy() Cost: 1.05206ms
Path: /datum/reagent/aqueous_foam
	qdel() Count: 121
	Destroy() Cost: 1.04347ms
Path: /obj/item/clothing/under/suit_jacket
	qdel() Count: 1
	Destroy() Cost: 1.0261ms
Path: /obj/effect/landmark/start/shaft_miner
	qdel() Count: 3
	Destroy() Cost: 0.958423ms
Path: /datum/component/vis_radius
	qdel() Count: 2
	Destroy() Cost: 0.9455ms
Path: /datum/mechanic_tip/clickplace
	qdel() Count: 135
	Destroy() Cost: 0.942812ms
Path: /obj/item/clothing/under/rank/captain
	qdel() Count: 2
	Destroy() Cost: 0.931766ms
Path: /obj/item/clothing/glasses/sunglasses
	qdel() Count: 3
	Destroy() Cost: 0.904738ms
Path: /datum/component/rite/spawn_item
	qdel() Count: 11
	Destroy() Cost: 0.6817ms
Path: /obj/effect/decal/cleanable/blood/splatter
	qdel() Count: 7
	Destroy() Cost: 0.649109ms
Path: /obj/effect/decal/cleanable/greenglow
	qdel() Count: 2
	Destroy() Cost: 0.6301ms
Path: /obj/effect/landmark/start/assistant/test_subject
	qdel() Count: 25
	Destroy() Cost: 0.627051ms
Path: /obj/item/device/radio/headset
	qdel() Count: 1
	Destroy() Cost: 0.5967ms
Path: /obj/item/weapon/storage/box/ids
	qdel() Count: 1
	Destroy() Cost: 0.592798ms
Path: /datum/signal
	qdel() Count: 75
	Destroy() Cost: 0.5911ms
Path: /obj/random/melee
	qdel() Count: 16
	Destroy() Cost: 0.591098ms
Path: /obj/effect/landmark/corpse/clown
	qdel() Count: 3
	Destroy() Cost: 0.581903ms
Path: /obj/item/weapon/storage/box/survival
	qdel() Count: 1
	Destroy() Cost: 0.555103ms
Path: /datum/component/swiping
	qdel() Count: 6
	Destroy() Cost: 0.553596ms
Path: /obj/effect/landmark/cops_spawn
	qdel() Count: 12
	Destroy() Cost: 0.533497ms
Path: /atom/movable/screen/plane_master/fullscreen
	qdel() Count: 7
	Destroy() Cost: 0.525569ms
Path: /obj/effect/landmark/latejoin
	qdel() Count: 10
	Destroy() Cost: 0.503798ms
Path: /obj/random/cloth/helmet
	qdel() Count: 10
	Destroy() Cost: 0.498399ms
Path: /obj/random/misc/book
	qdel() Count: 5
	Destroy() Cost: 0.481401ms
Path: /obj/random/scrap/dense_weighted
	qdel() Count: 12
	Destroy() Cost: 0.471896ms
Path: /obj/effect/landmark/start/security_officer
	qdel() Count: 6
	Destroy() Cost: 0.458398ms
Path: /obj/item/projectile/beam
	qdel() Count: 2
	Destroy() Cost: 0.455599ms
Path: /obj/item/weapon/storage/backpack
	qdel() Count: 1
	Destroy() Cost: 0.444202ms
Path: /obj/effect/overlay
	qdel() Count: 2
	Destroy() Cost: 0.441299ms
Path: /obj/random/guns/projectile_handgun
	qdel() Count: 12
	Destroy() Cost: 0.433098ms
Path: /datum/mechanic_tip/twohanded/required
	qdel() Count: 84
	Destroy() Cost: 0.41071ms
Path: /atom/movable/screen/plane_master/camera_static
	qdel() Count: 7
	Destroy() Cost: 0.405053ms
Path: /obj/effect/gibspawner/human
	qdel() Count: 2
	Destroy() Cost: 0.4013ms
Path: /obj/structure/sign/poster/official/random
	qdel() Count: 4
	Destroy() Cost: 0.392499ms
Path: /obj/item/stack/sheet/plasteel
	qdel() Count: 1
	Destroy() Cost: 0.3905ms
Path: /datum/tgui
	qdel() Count: 23
	Destroy() Cost: 0.3901ms
Path: /obj/item/weapon/card/id
	qdel() Count: 7
	Destroy() Cost: 0.385602ms
Path: /obj/structure/girder
	qdel() Count: 2
	Destroy() Cost: 0.3852ms
Path: /obj/effect/spawner/lootdrop/gloves
	qdel() Count: 3
	Destroy() Cost: 0.369098ms
Path: /obj/random/cloth/armor
	qdel() Count: 10
	Destroy() Cost: 0.367802ms
Path: /obj/item/clothing/suit/wcoat
	qdel() Count: 1
	Destroy() Cost: 0.3308ms
Path: /obj/random/tools/tool
	qdel() Count: 6
	Destroy() Cost: 0.326603ms
Path: /obj/effect/decal/cleanable/blood/drip
	qdel() Count: 1
	Destroy() Cost: 0.325226ms
Path: /obj/item/stack/sheet/metal
	qdel() Count: 1
	Destroy() Cost: 0.3193ms
Path: /obj/item/clothing/shoes/brown
	qdel() Count: 2
	Destroy() Cost: 0.314063ms
Path: /obj/item/clothing/gloves/black
	qdel() Count: 1
	Destroy() Cost: 0.3065ms
Path: /datum/reagent/fuel
	qdel() Count: 30
	Destroy() Cost: 0.302108ms
Path: /obj/effect/overlay/blurb
	qdel() Count: 3
	Destroy() Cost: 0.2984ms
Path: /obj/random/guns/projectile_assault
	qdel() Count: 6
	Destroy() Cost: 0.293995ms
Path: /obj/random/guns/energy_weapon
	qdel() Count: 8
	Destroy() Cost: 0.284695ms
Path: /obj/item/device/pda
	qdel() Count: 1
	Destroy() Cost: 0.278497ms
Path: /obj/effect/projectile/laser_pulse/tracer
	qdel() Count: 2
	Destroy() Cost: 0.2708ms
Path: /obj/item/clothing/shoes/black
	qdel() Count: 1
	Destroy() Cost: 0.260001ms
Path: /obj/item/weapon/pen
	qdel() Count: 4
	Destroy() Cost: 0.2584ms
Path: /datum/mechanic_tip/forcefielded
	qdel() Count: 28
	Destroy() Cost: 0.255301ms
Path: /atom/movable/screen/plane_master/floor
	qdel() Count: 7
	Destroy() Cost: 0.244486ms
Path: /obj/effect/landmark/start/velocity_officer
	qdel() Count: 3
	Destroy() Cost: 0.239307ms
Path: /obj/effect/projectile/laser/muzzle
	qdel() Count: 2
	Destroy() Cost: 0.2362ms
Path: /obj/structure/lattice
	qdel() Count: 2
	Destroy() Cost: 0.2356ms
Path: /obj/item/projectile/beam/pulse
	qdel() Count: 2
	Destroy() Cost: 0.232798ms
Path: /atom/movable/screen/plane_master/game_world
	qdel() Count: 7
	Destroy() Cost: 0.221517ms
Path: /atom/movable/screen/plane_master/rendering_plate/master
	qdel() Count: 7
	Destroy() Cost: 0.215657ms
Path: /obj/effect/spawner/lootdrop/glowstick
	qdel() Count: 3
	Destroy() Cost: 0.2088ms
Path: /obj/effect/landmark/start/medical_doctor
	qdel() Count: 6
	Destroy() Cost: 0.20686ms
Path: /datum/action/item_action
	qdel() Count: 1
	Destroy() Cost: 0.2026ms
Path: /obj/effect/landmark/start/wizard
	qdel() Count: 7
	Destroy() Cost: 0.202496ms
Path: /obj/effect/landmark/start/scientist
	qdel() Count: 6
	Destroy() Cost: 0.199414ms
Path: /obj/machinery/door/firedoor
	qdel() Count: 1
	Destroy() Cost: 0.193199ms
Path: /obj/effect/landmark/start/xenoarchaeologist
	qdel() Count: 3
	Destroy() Cost: 0.191504ms
Path: /obj/item/weapon/reagent_containers/hypospray/autoinjector
	qdel() Count: 1
	Destroy() Cost: 0.189801ms
Path: /datum/thrownthing
	qdel() Count: 3
	Destroy() Cost: 0.1844ms
Path: /obj/item/weapon/melee/chainofcommand
	qdel() Count: 2
	Destroy() Cost: 0.179724ms
Path: /obj/item/device/pda/heads
	qdel() Count: 1
	Destroy() Cost: 0.175301ms
Path: /datum/component/rite/consent
	qdel() Count: 5
	Destroy() Cost: 0.168799ms
Path: /datum/religion_rites/standing/spawn_item/call_animal
	qdel() Count: 1
	Destroy() Cost: 0.165401ms
Path: /datum/recipe/microwave/human
	qdel() Count: 20
	Destroy() Cost: 0.164825ms
Path: /atom/movable/screen/plane_master/rendering_plate
	qdel() Count: 7
	Destroy() Cost: 0.16328ms
Path: /obj/effect/landmark/abductor/console
	qdel() Count: 4
	Destroy() Cost: 0.1606ms
Path: /obj/effect/landmark/start/cargo_technician
	qdel() Count: 3
	Destroy() Cost: 0.14729ms
Path: /datum/modval_modifier
	qdel() Count: 14
	Destroy() Cost: 0.138909ms
Path: /obj/structure/disposalholder
	qdel() Count: 1
	Destroy() Cost: 0.1378ms
Path: /obj/effect/landmark/start/quartermaster
	qdel() Count: 1
	Destroy() Cost: 0.1375ms
Path: /obj/effect/gibspawner/robot
	qdel() Count: 1
	Destroy() Cost: 0.136001ms
Path: /atom/movable/screen/movable/action_button
	qdel() Count: 1
	Destroy() Cost: 0.1302ms
Path: /obj/item/device/encryptionkey
	qdel() Count: 2
	Destroy() Cost: 0.130199ms
Path: /obj/item/weapon/paper
	qdel() Count: 1
	Destroy() Cost: 0.129803ms
Path: /atom/movable/screen/plane_master/game_world_above
	qdel() Count: 7
	Destroy() Cost: 0.12914ms
Path: /obj/random/misc/all
	qdel() Count: 2
	Destroy() Cost: 0.128201ms
Path: /atom/movable/screen/mood
	qdel() Count: 2
	Destroy() Cost: 0.123801ms
Path: /obj/effect/landmark/start/station_engineer
	qdel() Count: 5
	Destroy() Cost: 0.121899ms
Path: /obj/item/weapon/melee/energy/sword
	qdel() Count: 1
	Destroy() Cost: 0.119ms
Path: /obj/effect/proc_holder/spell/targeted/communicate/fastener
	qdel() Count: 1
	Destroy() Cost: 0.1189ms
Path: /obj/effect/projectile/laser_pulse/muzzle
	qdel() Count: 2
	Destroy() Cost: 0.1155ms
Path: /atom/movable/screen/plane_master/singularity
	qdel() Count: 7
	Destroy() Cost: 0.114971ms
Path: /obj/structure/girder/reinforced
	qdel() Count: 1
	Destroy() Cost: 0.1143ms
Path: /obj/effect/proc_holder/spell/targeted/trigger/blind
	qdel() Count: 1
	Destroy() Cost: 0.1134ms
Path: /obj/effect/projectile/laser_pulse/impact
	qdel() Count: 2
	Destroy() Cost: 0.113ms
Path: /atom/movable/screen/plane_master/ghost_illusion
	qdel() Count: 7
	Destroy() Cost: 0.111861ms
Path: /datum/religion_rites/standing/spawn_item/banana
	qdel() Count: 1
	Destroy() Cost: 0.1099ms
Path: /atom/movable/screen/plane_master/rendering_plate/game_world
	qdel() Count: 7
	Destroy() Cost: 0.10783ms
Path: /obj/effect/spawner/lootdrop/maintenance/six
	qdel() Count: 1
	Destroy() Cost: 0.103699ms
Path: /atom/movable/screen/plane_master/parallax_white
	qdel() Count: 7
	Destroy() Cost: 0.0969431ms
Path: /obj/effect/landmark/start/botanist
	qdel() Count: 4
	Destroy() Cost: 0.0968994ms
Path: /obj/item/weapon/tank/emergency_oxygen
	qdel() Count: 1
	Destroy() Cost: 0.0958984ms
Path: /atom/movable/screen/plane_master/area
	qdel() Count: 7
	Destroy() Cost: 0.0946714ms
Path: /atom/movable/screen/plane_master/point
	qdel() Count: 7
	Destroy() Cost: 0.0946271ms
Path: /obj/effect/projectile/laser/impact
	qdel() Count: 2
	Destroy() Cost: 0.0932ms
Path: /atom/movable/screen/plane_master/rendering_plate/above_game_world
	qdel() Count: 7
	Destroy() Cost: 0.0931724ms
Path: /datum/religion_rites/instant/spawn_item/cult/soulstone
	qdel() Count: 1
	Destroy() Cost: 0.0917007ms
Path: /obj/effect/landmark/start/atmospheric_technician
	qdel() Count: 3
	Destroy() Cost: 0.0913086ms
Path: /obj/effect/landmark/start/technical_assistant
	qdel() Count: 3
	Destroy() Cost: 0.090918ms
Path: /obj/effect/landmark/start/research_assistant
	qdel() Count: 3
	Destroy() Cost: 0.090625ms
Path: /atom/movable/screen/plane_master/ghost
	qdel() Count: 7
	Destroy() Cost: 0.0902961ms
Path: /atom/movable/screen/plane_master/lighting
	qdel() Count: 7
	Destroy() Cost: 0.0895424ms
Path: /obj/effect/spawner/lootdrop/maintenance/five
	qdel() Count: 1
	Destroy() Cost: 0.0881996ms
Path: /atom/movable/plane_master_controller/game
	qdel() Count: 7
	Destroy() Cost: 0.0881301ms
Path: /obj/item/clothing/mask/breath
	qdel() Count: 1
	Destroy() Cost: 0.0859009ms
Path: /atom/movable/screen/plane_master/blackness
	qdel() Count: 7
	Destroy() Cost: 0.085842ms
Path: /obj/effect/landmark/start/cyborg
	qdel() Count: 3
	Destroy() Cost: 0.085498ms
Path: /obj/effect/landmark/start/bartender
	qdel() Count: 1
	Destroy() Cost: 0.0833984ms
Path: /atom/movable/screen/plane_master/above_lighting
	qdel() Count: 7
	Destroy() Cost: 0.0826609ms
Path: /atom/movable/screen/fullscreen/oxy
	qdel() Count: 2
	Destroy() Cost: 0.0826ms
Path: /obj/random/meds/chemical_bottle
	qdel() Count: 1
	Destroy() Cost: 0.081501ms
Path: /atom/movable/screen/plane_master/rendering_plate/non_game
	qdel() Count: 7
	Destroy() Cost: 0.0814562ms
Path: /atom/movable/screen/plane_master/parallax
	qdel() Count: 7
	Destroy() Cost: 0.0811635ms
Path: /datum/religion_rites/standing/consent
	qdel() Count: 1
	Destroy() Cost: 0.0800995ms
Path: /obj/effect/temp_visual/sparkles
	qdel() Count: 1
	Destroy() Cost: 0.08ms
Path: /atom/movable/screen/plane_master/gravpulse
	qdel() Count: 7
	Destroy() Cost: 0.0790588ms
Path: /datum/religion_rites/instant/spawn_item/cult/talisman
	qdel() Count: 1
	Destroy() Cost: 0.0787003ms
Path: /obj/effect/landmark/start/security_cadet
	qdel() Count: 3
	Destroy() Cost: 0.0779785ms
Path: /datum/religion_rites/standing/spawn_item/create_sword
	qdel() Count: 1
	Destroy() Cost: 0.0772995ms
Path: /datum/callback
	qdel() Count: 15
	Destroy() Cost: 0.0764977ms
Path: /obj/effect/proc_holder/spell/targeted/genetic/blind
	qdel() Count: 2
	Destroy() Cost: 0.0757996ms
Path: /obj/item/mecha_parts/mecha_tracking
	qdel() Count: 1
	Destroy() Cost: 0.0711975ms
Path: /obj/effect/landmark/start/medical_intern
	qdel() Count: 3
	Destroy() Cost: 0.0708252ms
Path: /datum/atom_hud/alternate_appearance/basic/see_ghosts
	qdel() Count: 3
	Destroy() Cost: 0.0708015ms
Path: /datum/religion_rites/standing/spawn_item/banana_ore
	qdel() Count: 1
	Destroy() Cost: 0.0707001ms
Path: /obj/effect/landmark/start/xenobiologist
	qdel() Count: 2
	Destroy() Cost: 0.0682861ms
Path: /datum/religion_rites/standing/spawn_item
	qdel() Count: 1
	Destroy() Cost: 0.0670013ms
Path: /atom/movable/screen/alert/oxy
	qdel() Count: 2
	Destroy() Cost: 0.0654003ms
Path: /obj/effect/landmark/start/recycler
	qdel() Count: 3
	Destroy() Cost: 0.0652832ms
Path: /obj/random/foods/food_snack
	qdel() Count: 2
	Destroy() Cost: 0.0650005ms
Path: /obj/effect/landmark/start/geneticist
	qdel() Count: 2
	Destroy() Cost: 0.0648926ms
Path: /obj/effect/landmark/start/chemist
	qdel() Count: 2
	Destroy() Cost: 0.0647705ms
Path: /obj/random/foods/drink_can
	qdel() Count: 2
	Destroy() Cost: 0.0628014ms
Path: /datum/religion_rites/instant/spawn_item
	qdel() Count: 1
	Destroy() Cost: 0.0619003ms
Path: /datum/religion_rites/instant/spawn_item/cult
	qdel() Count: 1
	Destroy() Cost: 0.0610992ms
Path: /datum/religion_rites/standing/consent/invite
	qdel() Count: 1
	Destroy() Cost: 0.0593994ms
Path: /obj/item/device/encryptionkey/heads/captain
	qdel() Count: 1
	Destroy() Cost: 0.0580017ms
Path: /atom/movable/screen/fullscreen/brute
	qdel() Count: 1
	Destroy() Cost: 0.0577ms
Path: /obj/effect/proc_holder/spell/targeted/area_teleport/teleport
	qdel() Count: 1
	Destroy() Cost: 0.0575012ms
Path: /datum/religion_rites/instant/spawn_item/cult/constructshell
	qdel() Count: 1
	Destroy() Cost: 0.057399ms
Path: /obj/effect/landmark/start
	qdel() Count: 1
	Destroy() Cost: 0.0566895ms
Path: /obj/effect/landmark/start/roboticist
	qdel() Count: 2
	Destroy() Cost: 0.0544922ms
Path: /obj/effect/landmark/start/paramedic
	qdel() Count: 2
	Destroy() Cost: 0.0541992ms
Path: /obj/effect/landmark/start/captain
	qdel() Count: 1
	Destroy() Cost: 0.0541992ms
Path: /obj/effect/landmark/start/internal_affairs_agent
	qdel() Count: 2
	Destroy() Cost: 0.0541016ms
Path: /datum/religion_rites/standing/spawn_item/talisman
	qdel() Count: 1
	Destroy() Cost: 0.0539001ms
Path: /obj/effect/landmark/start/research_director
	qdel() Count: 1
	Destroy() Cost: 0.0518799ms
Path: /datum/religion_rites/standing/consent/sacrifice
	qdel() Count: 1
	Destroy() Cost: 0.0509003ms
Path: /obj/effect/landmark/start/new_player
	qdel() Count: 1
	Destroy() Cost: 0.0506001ms
Path: /obj/effect/proc_holder/spell/targeted/glare
	qdel() Count: 1
	Destroy() Cost: 0.0501007ms
Path: /obj/effect/landmark/start/chef
	qdel() Count: 2
	Destroy() Cost: 0.0484863ms
Path: /obj/effect/landmark/start/librarian
	qdel() Count: 1
	Destroy() Cost: 0.047998ms
Path: /datum/religion_rites/standing/consent/synthconversion
	qdel() Count: 1
	Destroy() Cost: 0.0445007ms
Path: /obj/random/tools/powercell
	qdel() Count: 1
	Destroy() Cost: 0.0435004ms
Path: /obj/effect/proc_holder/spell/targeted/enthrall
	qdel() Count: 1
	Destroy() Cost: 0.0429993ms
Path: /obj/effect/proc_holder/spell/targeted/communicate
	qdel() Count: 1
	Destroy() Cost: 0.0429016ms
Path: /obj/effect/proc_holder/spell/targeted/inflict_handler/blind
	qdel() Count: 2
	Destroy() Cost: 0.0413971ms
Path: /obj/random/foods/drink_bottle
	qdel() Count: 1
	Destroy() Cost: 0.0410004ms
Path: /datum/religion_rites/standing/consent/clownconversion
	qdel() Count: 1
	Destroy() Cost: 0.0380005ms
Path: /datum/mood_event/mild_pain
	qdel() Count: 3
	Destroy() Cost: 0.0375ms
Path: /obj/effect/landmark/start/janitor
	qdel() Count: 1
	Destroy() Cost: 0.0370117ms
Path: /obj/effect/landmark/start/chaplain
	qdel() Count: 1
	Destroy() Cost: 0.0368896ms
Path: /obj/random/misc/toy
	qdel() Count: 1
	Destroy() Cost: 0.0346ms
Path: /datum/mechanic_tip/swiping
	qdel() Count: 6
	Destroy() Cost: 0.0343021ms
Path: /obj/effect/landmark/start/forensic_technician
	qdel() Count: 1
	Destroy() Cost: 0.0341064ms
Path: /datum/wires/radio
	qdel() Count: 2
	Destroy() Cost: 0.0324005ms
Path: /obj/effect/landmark/start/psychiatrist
	qdel() Count: 1
	Destroy() Cost: 0.0310059ms
Path: /obj/effect/landmark/start/clown
	qdel() Count: 1
	Destroy() Cost: 0.0307861ms
Path: /obj/effect/landmark/start/mime
	qdel() Count: 1
	Destroy() Cost: 0.0307129ms
Path: /obj/effect/landmark/start/assistant/waiter
	qdel() Count: 1
	Destroy() Cost: 0.0304932ms
Path: /obj/effect/temp_visual/pulse
	qdel() Count: 1
	Destroy() Cost: 0.0301ms
Path: /obj/effect/proc_holder/spell/targeted/area_teleport
	qdel() Count: 1
	Destroy() Cost: 0.0299988ms
Path: /obj/effect/landmark/start/chief_engineer
	qdel() Count: 1
	Destroy() Cost: 0.0291992ms
Path: /obj/effect/landmark/start/chief_medical_officer
	qdel() Count: 1
	Destroy() Cost: 0.0288086ms
Path: /obj/effect/landmark/start/head_of_security
	qdel() Count: 1
	Destroy() Cost: 0.0287842ms
Path: /datum/religion_sect/preset/chaplain/technophile
	qdel() Count: 1
	Destroy() Cost: 0.0287003ms
Path: /obj/effect/landmark/start/warden
	qdel() Count: 1
	Destroy() Cost: 0.0285889ms
Path: /obj/effect/landmark/start/virologist
	qdel() Count: 1
	Destroy() Cost: 0.0281982ms
Path: /obj/effect/landmark/start/head_of_personnel
	qdel() Count: 1
	Destroy() Cost: 0.027417ms
Path: /obj/effect/landmark/start/barber
	qdel() Count: 1
	Destroy() Cost: 0.0272949ms
Path: /obj/effect/landmark/start/detective
	qdel() Count: 1
	Destroy() Cost: 0.0269043ms
Path: /obj/effect/proc_holder/spell/targeted/barnyardcurse
	qdel() Count: 1
	Destroy() Cost: 0.0251984ms
Path: /obj/effect/proc_holder/spell/aoe_turf/veil
	qdel() Count: 1
	Destroy() Cost: 0.0251007ms
Path: /datum/mechanic_tip/bounded
	qdel() Count: 2
	Destroy() Cost: 0.0246994ms
Path: /datum/reagent/toxin/mindbreaker
	qdel() Count: 4
	Destroy() Cost: 0.0243001ms
Path: /obj/item/weapon/card/id/syndicate
	qdel() Count: 1
	Destroy() Cost: 0.0242004ms
Path: /datum/quirk/child_of_nature
	qdel() Count: 1
	Destroy() Cost: 0.0239ms
Path: /obj/random/tools/toolbox
	qdel() Count: 1
	Destroy() Cost: 0.0234985ms
Path: /obj/item/weapon/cartridge/head
	qdel() Count: 1
	Destroy() Cost: 0.0233002ms
Path: /obj/effect/proc_holder/spell/in_hand/heal
	qdel() Count: 1
	Destroy() Cost: 0.0229004ms
Path: /obj/random/foods/food_without_garbage
	qdel() Count: 1
	Destroy() Cost: 0.0225983ms
Path: /obj/effect/proc_holder/spell/targeted/ethereal_jaunt/phaseshift
	qdel() Count: 1
	Destroy() Cost: 0.0225006ms
Path: /obj/effect/proc_holder/spell/targeted/emplosion/disable_tech
	qdel() Count: 1
	Destroy() Cost: 0.0224976ms
Path: /obj/effect/proc_holder/spell/targeted/ethereal_jaunt/shadow_walk
	qdel() Count: 1
	Destroy() Cost: 0.0221008ms
Path: /obj/effect/proc_holder/spell/targeted/emplosion
	qdel() Count: 1
	Destroy() Cost: 0.0218018ms
Path: /obj/effect/proc_holder/spell/aoe_turf/conjure/spawn_animal
	qdel() Count: 1
	Destroy() Cost: 0.0210999ms
Path: /datum/mood_event/suffocation
	qdel() Count: 2
	Destroy() Cost: 0.0209995ms
Path: /obj/effect/proc_holder/spell/targeted/shadowling_hivemind
	qdel() Count: 1
	Destroy() Cost: 0.0205994ms
Path: /atom/movable/screen/alert/lowpressure
	qdel() Count: 1
	Destroy() Cost: 0.0203003ms
Path: /obj/effect/proc_holder/spell/targeted/heal
	qdel() Count: 1
	Destroy() Cost: 0.0201996ms
Path: /obj/effect/proc_holder/spell/aoe_turf/repulse
	qdel() Count: 1
	Destroy() Cost: 0.0201996ms
Path: /obj/effect/proc_holder/spell/targeted/explosion/fireball
	qdel() Count: 1
	Destroy() Cost: 0.0200989ms
Path: /obj/effect/proc_holder/spell/targeted/hypnosis
	qdel() Count: 1
	Destroy() Cost: 0.0200012ms
Path: /obj/effect/proc_holder/spell/aoe_turf/conjure/the_traps
	qdel() Count: 1
	Destroy() Cost: 0.0199982ms
Path: /obj/effect/proc_holder/spell/aoe_turf/conjure/summonEdSwarm
	qdel() Count: 1
	Destroy() Cost: 0.0197998ms
Path: /datum/reagent/water
	qdel() Count: 2
	Destroy() Cost: 0.0197306ms
Path: /obj/effect/proc_holder/spell/targeted/xeno_whisp
	qdel() Count: 1
	Destroy() Cost: 0.0197021ms
Path: /obj/effect/proc_holder/spell/aoe_turf/conjure/smoke
	qdel() Count: 1
	Destroy() Cost: 0.0196991ms
Path: /obj/effect/proc_holder/spell/targeted/ethereal_jaunt/wizard
	qdel() Count: 1
	Destroy() Cost: 0.0196014ms
Path: /datum/aspect/death
	qdel() Count: 1
	Destroy() Cost: 0.0195007ms
Path: /obj/effect/proc_holder/spell/targeted/ethereal_jaunt
	qdel() Count: 1
	Destroy() Cost: 0.0195007ms
Path: /obj/effect/proc_holder/spell/aoe_turf/conjure/construct
	qdel() Count: 1
	Destroy() Cost: 0.0193024ms
Path: /obj/effect/proc_holder/spell/targeted/zombie_findbrains
	qdel() Count: 1
	Destroy() Cost: 0.0191986ms
Path: /obj/effect/proc_holder/spell/targeted
	qdel() Count: 1
	Destroy() Cost: 0.0191986ms
Path: /obj/effect/proc_holder/spell/aoe_turf/conjure/lesserforcewall
	qdel() Count: 1
	Destroy() Cost: 0.0191986ms
Path: /obj/effect/proc_holder/spell/targeted/trigger
	qdel() Count: 1
	Destroy() Cost: 0.019101ms
Path: /obj/effect/proc_holder/spell/no_target/scribe_rune
	qdel() Count: 1
	Destroy() Cost: 0.019101ms
Path: /obj/effect/proc_holder/spell/aoe_turf/conjure/carp
	qdel() Count: 1
	Destroy() Cost: 0.0190979ms
Path: /obj/effect/proc_holder/spell/targeted/genetic
	qdel() Count: 1
	Destroy() Cost: 0.0190002ms
Path: /obj/effect/proc_holder/spell/aoe_turf/conjure/timestop
	qdel() Count: 1
	Destroy() Cost: 0.0190002ms
Path: /obj/random/foods/food_with_garbage
	qdel() Count: 1
	Destroy() Cost: 0.018898ms
Path: /obj/effect/proc_holder/spell/aoe_turf/knock
	qdel() Count: 1
	Destroy() Cost: 0.0187988ms
Path: /obj/effect/proc_holder/spell/aoe_turf/conjure/floor
	qdel() Count: 1
	Destroy() Cost: 0.0187012ms
Path: /obj/effect/proc_holder/spell/aoe_turf/conjure
	qdel() Count: 1
	Destroy() Cost: 0.0187012ms
Path: /obj/effect/proc_holder/spell/targeted/explosion
	qdel() Count: 1
	Destroy() Cost: 0.0186981ms
Path: /obj/effect/proc_holder/spell/aoe_turf/conjure/construct/lesser
	qdel() Count: 1
	Destroy() Cost: 0.0186005ms
Path: /obj/effect/proc_holder/spell/targeted/turf_teleport
	qdel() Count: 1
	Destroy() Cost: 0.0184998ms
Path: /obj/effect/proc_holder/spell/aoe_turf/conjure/soulstone
	qdel() Count: 1
	Destroy() Cost: 0.0184998ms
Path: /obj/effect/proc_holder/spell/targeted/genetic/mutate
	qdel() Count: 1
	Destroy() Cost: 0.0184021ms
Path: /obj/effect/proc_holder/spell/aoe_turf/conjure/creature
	qdel() Count: 1
	Destroy() Cost: 0.0184021ms
Path: /obj/effect/proc_holder/spell/aoe_turf/conjure/wall
	qdel() Count: 1
	Destroy() Cost: 0.0182983ms
Path: /obj/effect/proc_holder/spell/targeted/shadowlingAscendantTransmit
	qdel() Count: 1
	Destroy() Cost: 0.0182007ms
Path: /obj/effect/proc_holder/spell/targeted/gnomecurse
	qdel() Count: 1
	Destroy() Cost: 0.0181ms
Path: /obj/effect/proc_holder/spell/targeted/inflict_handler/fireball
	qdel() Count: 1
	Destroy() Cost: 0.0181ms
Path: /obj/effect/proc_holder/spell/targeted/forcewall/mimewall
	qdel() Count: 1
	Destroy() Cost: 0.0181ms
Path: /obj/effect/proc_holder/spell/targeted/inflict_handler/magic_missile
	qdel() Count: 1
	Destroy() Cost: 0.0179993ms
Path: /obj/effect/proc_holder/spell/targeted/inflict_handler/disintegrate
	qdel() Count: 1
	Destroy() Cost: 0.0179993ms
Path: /obj/effect/proc_holder/spell/targeted/turf_teleport/blink
	qdel() Count: 1
	Destroy() Cost: 0.0179993ms
Path: /obj/effect/proc_holder/spell/targeted/forcewall
	qdel() Count: 1
	Destroy() Cost: 0.0179016ms
Path: /obj/effect/proc_holder/spell/targeted/collective_mind
	qdel() Count: 1
	Destroy() Cost: 0.0179016ms
Path: /obj/effect/proc_holder/spell/targeted/reviveThrall
	qdel() Count: 1
	Destroy() Cost: 0.0179016ms
Path: /obj/effect/proc_holder/spell/targeted/shadowling_hivemind_ascendant
	qdel() Count: 1
	Destroy() Cost: 0.0179016ms
Path: /obj/effect/proc_holder/spell/targeted/screech
	qdel() Count: 1
	Destroy() Cost: 0.0179016ms
Path: /obj/effect/proc_holder/spell/no_target/rot
	qdel() Count: 1
	Destroy() Cost: 0.0179016ms
Path: /obj/effect/proc_holder/spell/no_target/mime_speak
	qdel() Count: 1
	Destroy() Cost: 0.0177979ms
Path: /obj/effect/proc_holder/spell/targeted/inflict_handler
	qdel() Count: 1
	Destroy() Cost: 0.0177002ms
Path: /obj/effect/proc_holder/spell/targeted/smoke
	qdel() Count: 1
	Destroy() Cost: 0.0177002ms
Path: /obj/effect/proc_holder/spell/targeted/shadowling_phase_shift
	qdel() Count: 1
	Destroy() Cost: 0.0177002ms
Path: /obj/effect/proc_holder/spell/aoe_turf/hulk_spit
	qdel() Count: 1
	Destroy() Cost: 0.0177002ms
Path: /obj/effect/proc_holder/spell/no_target/infection/obcurse
	qdel() Count: 1
	Destroy() Cost: 0.0177002ms
Path: /obj/effect/proc_holder/spell/no_target/lay_egg
	qdel() Count: 1
	Destroy() Cost: 0.0177002ms
Path: /obj/effect/proc_holder/spell/in_hand
	qdel() Count: 1
	Destroy() Cost: 0.0177002ms
Path: /obj/effect/proc_holder/spell/targeted/lighting_shock
	qdel() Count: 1
	Destroy() Cost: 0.0175995ms
Path: /obj/effect/proc_holder/spell/in_hand/res_touch
	qdel() Count: 1
	Destroy() Cost: 0.0175995ms
Path: /obj/effect/proc_holder/spell/targeted/transfer_plasma
	qdel() Count: 1
	Destroy() Cost: 0.0175018ms
Path: /obj/effect/proc_holder/spell/aoe_turf/glacial_blast
	qdel() Count: 1
	Destroy() Cost: 0.0175018ms
Path: /obj/effect/proc_holder/spell/no_target/weeds
	qdel() Count: 1
	Destroy() Cost: 0.0175018ms
Path: /obj/effect/proc_holder/spell/no_target/syndi_drone
	qdel() Count: 1
	Destroy() Cost: 0.0174988ms
Path: /obj/effect/proc_holder/spell/targeted/heal/damage
	qdel() Count: 1
	Destroy() Cost: 0.0174011ms
Path: /obj/effect/proc_holder/spell/targeted/projectile/magic_missile
	qdel() Count: 1
	Destroy() Cost: 0.0173004ms
Path: /obj/effect/proc_holder/spell/aoe_turf/unearthly_screech
	qdel() Count: 1
	Destroy() Cost: 0.0173004ms
Path: /obj/effect/proc_holder/spell/turf/fireball
	qdel() Count: 1
	Destroy() Cost: 0.0173004ms
Path: /obj/effect/proc_holder/spell/targeted/spacetime_dist
	qdel() Count: 1
	Destroy() Cost: 0.0172028ms
Path: /obj/effect/proc_holder/spell/targeted/shadowling_regenarmor
	qdel() Count: 1
	Destroy() Cost: 0.0171997ms
Path: /obj/effect/proc_holder/spell/aoe_turf/flashfreeze
	qdel() Count: 1
	Destroy() Cost: 0.0171997ms
Path: /obj/effect/proc_holder/spell/no_target/charge/religion
	qdel() Count: 1
	Destroy() Cost: 0.0171997ms
Path: /obj/effect/proc_holder/spell/dumbfire/fireball
	qdel() Count: 1
	Destroy() Cost: 0.0171997ms
Path: /obj/effect/proc_holder/spell/no_target/grease
	qdel() Count: 1
	Destroy() Cost: 0.0171021ms
Path: /obj/effect/proc_holder/spell/targeted/blindness_smoke
	qdel() Count: 1
	Destroy() Cost: 0.017099ms
Path: /obj/effect/proc_holder/spell/no_target/resin
	qdel() Count: 1
	Destroy() Cost: 0.017099ms
Path: /obj/effect/proc_holder/spell/no_target/spawn_bible
	qdel() Count: 1
	Destroy() Cost: 0.0170013ms
Path: /obj/effect/proc_holder/spell/dumbfire
	qdel() Count: 1
	Destroy() Cost: 0.0170013ms
Path: /obj/effect/proc_holder/spell/aoe_turf/hulk_eat
	qdel() Count: 1
	Destroy() Cost: 0.0169983ms
Path: /obj/effect/proc_holder/spell/no_target/infection
	qdel() Count: 1
	Destroy() Cost: 0.0169983ms
Path: /obj/effect/proc_holder/spell/no_target/hide
	qdel() Count: 1
	Destroy() Cost: 0.0169983ms
Path: /obj/effect/proc_holder/spell/targeted/mind_transfer
	qdel() Count: 1
	Destroy() Cost: 0.0169006ms
Path: /obj/effect/proc_holder/spell/targeted/projectile
	qdel() Count: 1
	Destroy() Cost: 0.0169006ms
Path: /obj/effect/proc_holder/spell/targeted/annihilate
	qdel() Count: 1
	Destroy() Cost: 0.0169006ms
Path: /obj/effect/proc_holder/spell/aoe_turf
	qdel() Count: 1
	Destroy() Cost: 0.0169006ms
Path: /obj/effect/proc_holder/spell/in_hand/tesla
	qdel() Count: 1
	Destroy() Cost: 0.0169006ms
Path: /obj/effect/proc_holder/spell/no_target/evolve_to_queen
	qdel() Count: 1
	Destroy() Cost: 0.0168976ms
Path: /obj/effect/proc_holder/spell/no_target/air_plant
	qdel() Count: 1
	Destroy() Cost: 0.016803ms
Path: /obj/effect/proc_holder/spell/aoe_turf/hulk_mill
	qdel() Count: 1
	Destroy() Cost: 0.0167999ms
Path: /obj/effect/proc_holder/spell/aoe_turf/hulk_gas
	qdel() Count: 1
	Destroy() Cost: 0.0167999ms
Path: /obj/effect/proc_holder/spell/no_target/charge
	qdel() Count: 1
	Destroy() Cost: 0.0167999ms
Path: /obj/effect/proc_holder/spell/no_target/syndi_drone/smoke
	qdel() Count: 1
	Destroy() Cost: 0.0167999ms
Path: /obj/effect/proc_holder/spell/blessing
	qdel() Count: 1
	Destroy() Cost: 0.0167999ms
Path: /obj/effect/proc_holder/spell/aoe_turf/drainLife
	qdel() Count: 1
	Destroy() Cost: 0.0166016ms
Path: /obj/effect/proc_holder/spell/no_target/food
	qdel() Count: 1
	Destroy() Cost: 0.0166016ms
Path: /obj/effect/proc_holder/spell/targeted/summonitem
	qdel() Count: 1
	Destroy() Cost: 0.0165985ms
Path: /obj/effect/proc_holder/spell/aoe_turf/HulkHONK
	qdel() Count: 1
	Destroy() Cost: 0.0165985ms
Path: /obj/effect/proc_holder/spell/no_target/memorize_rune
	qdel() Count: 1
	Destroy() Cost: 0.0165985ms
Path: /obj/effect/proc_holder/spell/no_target
	qdel() Count: 1
	Destroy() Cost: 0.0165985ms
Path: /obj/effect/proc_holder/spell/no_target/syndi_drone/boost
	qdel() Count: 1
	Destroy() Cost: 0.0165009ms
Path: /obj/effect/proc_holder/spell/in_hand/fireball
	qdel() Count: 1
	Destroy() Cost: 0.0164978ms
Path: /obj/effect/proc_holder/spell/aoe_turf/hulk_lazor
	qdel() Count: 1
	Destroy() Cost: 0.0164001ms
Path: /obj/effect/proc_holder/spell/in_hand/arcane_barrage
	qdel() Count: 1
	Destroy() Cost: 0.0164001ms
Path: /obj/effect/proc_holder/spell/aoe_turf/hulk_jump
	qdel() Count: 1
	Destroy() Cost: 0.0163971ms
Path: /obj/effect/proc_holder/spell/turf
	qdel() Count: 1
	Destroy() Cost: 0.0163025ms
Path: /obj/effect/proc_holder/spell/aoe_turf/hulk_dash
	qdel() Count: 1
	Destroy() Cost: 0.0162994ms
Path: /obj/effect/proc_holder/spell/no_target/larva_evolve
	qdel() Count: 1
	Destroy() Cost: 0.0162994ms
Path: /obj/effect/proc_holder/spell/aoe_turf/clown_joke
	qdel() Count: 1
	Destroy() Cost: 0.0161011ms
Path: /obj/effect/proc_holder/spell/aoe_turf/hulk_smash
	qdel() Count: 1
	Destroy() Cost: 0.0160004ms
Path: /datum/religion_rites/standing/legacy/charge
	qdel() Count: 1
	Destroy() Cost: 0.0156998ms
Path: /datum/religion_rites/standing/honk
	qdel() Count: 1
	Destroy() Cost: 0.0151993ms
Path: /datum/religion_rites/standing/pray
	qdel() Count: 1
	Destroy() Cost: 0.0147003ms
Path: /datum/quirk/multitasking
	qdel() Count: 1
	Destroy() Cost: 0.0146999ms
Path: /datum/gas_mixture
	qdel() Count: 2
	Destroy() Cost: 0.0142016ms
Path: /datum/quirk/mute
	qdel() Count: 1
	Destroy() Cost: 0.0130997ms
Path: /datum/mood_event/moderate_pain
	qdel() Count: 1
	Destroy() Cost: 0.0127ms
Path: /datum/religion_sect/preset/chaplain/puritanism
	qdel() Count: 1
	Destroy() Cost: 0.0126999ms
Path: /datum/mood_event/smoked
	qdel() Count: 1
	Destroy() Cost: 0.0119995ms
Path: /datum/quality/negativeish
	qdel() Count: 1
	Destroy() Cost: 0.011898ms
Path: /datum/religion_rites/instant/chaplain/death_alarm
	qdel() Count: 1
	Destroy() Cost: 0.0116013ms
Path: /datum/religion_sect/preset/chaplain/bloodgods
	qdel() Count: 1
	Destroy() Cost: 0.011499ms
Path: /datum/map_config
	qdel() Count: 1
	Destroy() Cost: 0.0113001ms
Path: /datum/quirk/light_step
	qdel() Count: 1
	Destroy() Cost: 0.00949955ms
Path: /datum/aspect/science
	qdel() Count: 1
	Destroy() Cost: 0.00850067ms
Path: /datum/reagent/nicotine
	qdel() Count: 1
	Destroy() Cost: 0.00809937ms
Path: /datum/aspect/food
	qdel() Count: 1
	Destroy() Cost: 0.00789948ms
Path: /datum/recipe/grill/human
	qdel() Count: 1
	Destroy() Cost: 0.00770569ms
Path: /datum/religion_rites/standing/legacy
	qdel() Count: 1
	Destroy() Cost: 0.00769959ms
Path: /datum/religion_rites/instant/chaplain
	qdel() Count: 1
	Destroy() Cost: 0.00749969ms
Path: /datum/radio_frequency
	qdel() Count: 1
	Destroy() Cost: 0.00710011ms
Path: /datum/quality/positiveish
	qdel() Count: 1
	Destroy() Cost: 0.00680161ms
Path: /datum/quality/clumsy
	qdel() Count: 1
	Destroy() Cost: 0.00679779ms
Path: /datum/quirk/strong_mind
	qdel() Count: 1
	Destroy() Cost: 0.00659943ms
Path: /datum/quirk/alcohol_tolerance
	qdel() Count: 1
	Destroy() Cost: 0.00620079ms
Path: /datum/religion_rites/standing/animation
	qdel() Count: 1
	Destroy() Cost: 0.00619965ms
Path: /datum/religion_sect/custom/chaplain
	qdel() Count: 1
	Destroy() Cost: 0.00609894ms
Path: /datum/reagent/inaprovaline
	qdel() Count: 1
	Destroy() Cost: 0.00599976ms
Path: /datum/religion_rites/pedestals/cult
	qdel() Count: 1
	Destroy() Cost: 0.00590057ms
Path: /datum/aspect/weapon
	qdel() Count: 1
	Destroy() Cost: 0.00590057ms
Path: /datum/quirk/stress_eater
	qdel() Count: 1
	Destroy() Cost: 0.00580025ms
Path: /datum/religion_rites/pedestals/cult/cult_portal
	qdel() Count: 1
	Destroy() Cost: 0.00579987ms
Path: /datum/aspect/wacky
	qdel() Count: 1
	Destroy() Cost: 0.00570068ms
Path: /datum/religion_rites/standing/food
	qdel() Count: 1
	Destroy() Cost: 0.00559998ms
Path: /datum/religion_rites/standing/spook
	qdel() Count: 1
	Destroy() Cost: 0.00559998ms
Path: /datum/religion_sect/preset/chaplain/clown
	qdel() Count: 1
	Destroy() Cost: 0.00559998ms
Path: /datum/quirk/fast_equip
	qdel() Count: 1
	Destroy() Cost: 0.00550079ms
Path: /datum/religion_rites/instant/cult/brainswap
	qdel() Count: 1
	Destroy() Cost: 0.00550079ms
Path: /datum/quirk/blindness
	qdel() Count: 1
	Destroy() Cost: 0.0053997ms
Path: /datum/religion_rites/instant/cult/sacrifice
	qdel() Count: 1
	Destroy() Cost: 0.00529938ms
Path: /datum/quirk/epileptic
	qdel() Count: 1
	Destroy() Cost: 0.00519943ms
Path: /datum/aspect/mystic
	qdel() Count: 1
	Destroy() Cost: 0.00510101ms
Path: /datum/quirk/freerunning
	qdel() Count: 1
	Destroy() Cost: 0.00510025ms
Path: /datum/quirk/genetic_degradation
	qdel() Count: 1
	Destroy() Cost: 0.00510025ms
Path: /datum/quirk/light_drinker
	qdel() Count: 1
	Destroy() Cost: 0.00510025ms
Path: /datum/quality/quirkieish
	qdel() Count: 1
	Destroy() Cost: 0.00510025ms
Path: /datum/quirk/nyctophobia
	qdel() Count: 1
	Destroy() Cost: 0.00500107ms
Path: /datum/aspect/conjure
	qdel() Count: 1
	Destroy() Cost: 0.00500031ms
Path: /datum/quirk/deafness
	qdel() Count: 1
	Destroy() Cost: 0.00499916ms
Path: /datum/aspect/lightbending/light
	qdel() Count: 1
	Destroy() Cost: 0.0048996ms
Path: /datum/quirk/nearsighted
	qdel() Count: 1
	Destroy() Cost: 0.0048008ms
Path: /datum/religion_rites/instant
	qdel() Count: 1
	Destroy() Cost: 0.00480042ms
Path: /datum/aspect/chaos
	qdel() Count: 1
	Destroy() Cost: 0.00479889ms
Path: /datum/quirk/nervous
	qdel() Count: 1
	Destroy() Cost: 0.00470161ms
Path: /datum/quirk/tourette
	qdel() Count: 1
	Destroy() Cost: 0.00469971ms
Path: /datum/quirk/high_pain_threshold
	qdel() Count: 1
	Destroy() Cost: 0.00469971ms
Path: /datum/aspect/resources
	qdel() Count: 1
	Destroy() Cost: 0.00469971ms
Path: /datum/aspect/rescue
	qdel() Count: 1
	Destroy() Cost: 0.00469971ms
Path: /datum/aspect/lightbending/darkness
	qdel() Count: 1
	Destroy() Cost: 0.00469971ms
Path: /datum/quirk/no_taste
	qdel() Count: 1
	Destroy() Cost: 0.00460052ms
Path: /datum/aspect/greed
	qdel() Count: 1
	Destroy() Cost: 0.00460052ms
Path: /datum/quirk/cough
	qdel() Count: 1
	Destroy() Cost: 0.00459862ms
Path: /datum/quirk/daltonism
	qdel() Count: 1
	Destroy() Cost: 0.00459862ms
Path: /datum/aspect/technology
	qdel() Count: 1
	Destroy() Cost: 0.00449982ms
Path: /datum/aspect/lightbending
	qdel() Count: 1
	Destroy() Cost: 0.00449982ms
Path: /datum/quirk/low_pain_threshold
	qdel() Count: 1
	Destroy() Cost: 0.00449944ms
Path: /datum/quirk/fatness
	qdel() Count: 1
	Destroy() Cost: 0.00440025ms
Path: /datum/religion_rites/standing/illuminate
	qdel() Count: 1
	Destroy() Cost: 0.00439911ms
Path: /datum/religion_rites/pedestals
	qdel() Count: 1
	Destroy() Cost: 0.00429993ms
Path: /datum/religion_rites/instant/cult/convert
	qdel() Count: 1
	Destroy() Cost: 0.00420074ms
Path: /datum/mechanic_tip/bound
	qdel() Count: 1
	Destroy() Cost: 0.00410004ms
Path: /datum/religion_rites/standing
	qdel() Count: 1
	Destroy() Cost: 0.00399933ms
Path: /datum/religion_rites/standing/swap/devaluation
	qdel() Count: 1
	Destroy() Cost: 0.00389862ms
Path: /datum/religion_rites/instant/cult/summon_acolyt
	qdel() Count: 1
	Destroy() Cost: 0.00379944ms
Path: /datum/religion_rites/pedestals/cult/narsie
	qdel() Count: 1
	Destroy() Cost: 0.00360107ms
Path: /datum/religion_rites/standing/revive_animal
	qdel() Count: 1
	Destroy() Cost: 0.00360107ms
Path: /datum/religion_rites/instant/cult/emp
	qdel() Count: 1
	Destroy() Cost: 0.00359955ms
Path: /datum/religion_rites/instant/cult/drain_torture
	qdel() Count: 1
	Destroy() Cost: 0.00350037ms
Path: /datum/religion_rites/standing/swap/upgrade
	qdel() Count: 1
	Destroy() Cost: 0.00350037ms
Path: /datum/religion_rites/instant/cult
	qdel() Count: 1
	Destroy() Cost: 0.00340118ms
Path: /datum/religion_rites/standing/swap
	qdel() Count: 1
	Destroy() Cost: 0.00340118ms
Path: /datum/religion_rites/pedestals/cult/make_skeleton
	qdel() Count: 1
	Destroy() Cost: 0.00339966ms
Path: /datum/religion_rites/instant/communicate
	qdel() Count: 1
	Destroy() Cost: 0.00319977ms
Path: /datum/religion_rites/instant/impose_blind
	qdel() Count: 1
	Destroy() Cost: 0.00309906ms
Path: /datum/religion_rites/instant/cult/give_forcearmor
	qdel() Count: 1
	Destroy() Cost: 0.0030014ms
Path: /datum/religion_rites/instant/cult/upgrade_tome
	qdel() Count: 1
	Destroy() Cost: 0.00299988ms
Path: /datum/religion_rites/instant/impose_deaf
	qdel() Count: 1
	Destroy() Cost: 0.00299988ms
Path: /datum/religion_rites/instant/cult/raise_torture
	qdel() Count: 1
	Destroy() Cost: 0.0029007ms
Path: /datum/religion_rites/instant/cult/create_slave
	qdel() Count: 1
	Destroy() Cost: 0.0029007ms
Path: /datum/religion_rites/instant/impose_stun
	qdel() Count: 1
	Destroy() Cost: 0.00279999ms
Path: /datum
	qdel() Count: 1
	Destroy() Cost: 0ms
