[01:03:51] Server '' starting up on 26.166.93.76:64629
[01:03:54]GAME: planetarium loaded at (184,189,4)
[01:03:54]GAME: escape_pod loaded at (126,50,3)
[01:03:54]GAME: ghost_ship_2 loaded at (179,34,4)
[01:03:55]GAME: Abandoned Lab loaded at (129,34,4)
[01:03:55]GAME: Clown Shuttle loaded at (181,146,4)
[01:03:55]GAME: iss loaded at (70,65,4)
[01:03:55]GAME: agrosphere loaded at (109,170,4)
[01:04:32]ADMIN: fatfat/(FatFat) toggled new player game entering.
[01:04:33]ADMIN: fatfat/(FatFat) toggled new player game entering.
[01:04:33]ADMIN: fatfat/(FatFat) has started the game.
[01:04:37]MODE: Current master mode is extended
[01:04:37]DEBUG: Next event of severity RoundStart in 0 minutes.
[01:04:37]DEBUG: Starting event 'Roundstart Nothing' of severity RoundStart.
[01:04:37]DEBUG: Next event of severity RoundStart in 0 minutes.
[01:04:37]DEBUG: Starting event 'Last Clown Jokes' of severity RoundStart.
[01:04:37]DEBUG: Next event of severity RoundStart in 0 minutes.
[01:04:37]GAME: RoundStart Event: Selected areas is nothing
[01:04:37]DEBUG: Starting event 'Break Light' of severity RoundStart.
[01:04:37]GAME: ANTAG LIST:
no antagonists this moment
[01:04:38]DEBUG: Event 'Roundstart Nothing' has completed at 12:00.
[01:04:38]DEBUG: Event 'Last Clown Jokes' has completed at 12:00.
[01:04:38]DEBUG: Event 'Break Light' has completed at 12:00.
[01:04:38]DEBUG: Next event of severity Mundane in 16.64 minutes.
[01:04:38]DEBUG: Next event of severity Moderate in 41.826 minutes.
[01:04:38]DEBUG: Next event of severity Major in 65.7517 minutes.
[01:04:49] Graceful shutdown
