[18:50:02] Server '' starting up on 26.166.93.76:51906
[18:50:05]GAME: agrosphere loaded at (172,60,3)
[18:50:05]GAME: NASA satellite loaded at (31,174,4)
[18:50:05]GAME: syndicate_fighter loaded at (144,36,3)
[18:50:05]GAME: robostation loaded at (53,46,3)
[18:50:05]GAME: ghost_ship_2 loaded at (86,159,4)
[18:50:05]GAME: Abandoned Cargo Shuttle loaded at (95,121,3)
[18:50:05]GAME: teleporter loaded at (14,15,3)
[18:50:34]GAME: fatfat/(FatFat) used abandon mob.
[18:50:36]ADMIN: fatfat/(new player) has started the game.
[18:50:39]MODE: Current master mode is extended
[18:50:39]DEBUG: Next event of severity RoundStart in 0 minutes.
[18:50:39]DEBUG: Starting event 'Roundstart Nothing' of severity RoundStart.
[18:50:39]GAME: ANTAG LIST:
no antagonists this moment
[18:50:40]DEBUG: Event 'Roundstart Nothing' has completed at 12:00.
[18:50:40]DEBUG: Next event of severity Mundane in 14.902 minutes.
[18:50:40]DEBUG: Next event of severity Moderate in 45.514 minutes.
[18:50:40]DEBUG: Next event of severity Major in 50.1917 minutes.
[18:51:21] Graceful shutdown
