[18:11:29]ASSET: Sending asset error_handler.js to client HeavenlyBlue
[18:11:29]ASSET: Sending asset common.css to client HeavenlyBlue
[18:11:29]ASSET: Sending asset FixedsysExcelsior3.01Regular.ttf to client HeavenlyBlue
[18:11:30]ASSET: Sending asset jquery.min.js to client HeavenlyBlue
[18:11:30]ASSET: Sending asset tgui-panel.bundle.js to client HeavenlyBlue
[18:11:30]ASSET: Sending asset tgui-panel.bundle.css to client HeavenlyBlue
[18:11:30]ASSET: Sending asset error_handler.js to client FatFat
[18:11:30]ASSET: Sending asset common.css to client FatFat
[18:11:30]ASSET: Sending asset FixedsysExcelsior3.01Regular.ttf to client FatFat
[18:11:30]ASSET: Sending asset jquery.min.js to client FatFat
[18:11:30]ASSET: Sending asset tgui-panel.bundle.js to client FatFat
[18:11:30]ASSET: Sending asset tgui-panel.bundle.css to client FatFat
[18:11:32]ASSET: Sending asset fa-regular-400.eot to client FatFat
[18:11:32]ASSET: Sending asset fa-regular-400.woff to client FatFat
[18:11:32]ASSET: Sending asset fa-solid-900.eot to client FatFat
[18:11:32]ASSET: Sending asset fa-solid-900.woff to client FatFat
[18:11:32]ASSET: Sending asset v4shim.css to client FatFat
[18:11:32]ASSET: Sending asset font-awesome.css to client FatFat
[18:11:34]ASSET: Sending asset fa-regular-400.eot to client HeavenlyBlue
[18:11:34]ASSET: Sending asset fa-regular-400.woff to client HeavenlyBlue
[18:11:34]ASSET: Sending asset fa-solid-900.eot to client HeavenlyBlue
[18:11:34]ASSET: Sending asset fa-solid-900.woff to client HeavenlyBlue
[18:11:34]ASSET: Sending asset v4shim.css to client HeavenlyBlue
[18:11:34]ASSET: Sending asset font-awesome.css to client HeavenlyBlue
[18:11:43]ASSET: Sending asset FixedsysExcelsior3.01Regular.ttf to client HeavenlyBlue
[18:11:43]ASSET: Sending asset jquery.min.js to client HeavenlyBlue
[18:11:43]ASSET: Sending asset tgui-panel.bundle.js to client HeavenlyBlue
[18:11:43]ASSET: Sending asset tgui-panel.bundle.css to client HeavenlyBlue
[18:11:47]ASSET: Sending asset fa-regular-400.eot to client HeavenlyBlue
[18:11:47]ASSET: Sending asset fa-regular-400.woff to client HeavenlyBlue
[18:11:47]ASSET: Sending asset fa-solid-900.eot to client HeavenlyBlue
[18:11:47]ASSET: Sending asset fa-solid-900.woff to client HeavenlyBlue
[18:11:47]ASSET: Sending asset v4shim.css to client HeavenlyBlue
[18:11:47]ASSET: Sending asset font-awesome.css to client HeavenlyBlue
[18:11:54]ASSET: Sending asset tgui.bundle.js to client FatFat
[18:11:57]ASSET: Sending asset tgui.bundle.js to client HeavenlyBlue
[18:12:24]ASSET: Sending asset error_handler.js to client HeavenlyBlue
[18:12:51]ASSET: Sending asset vending_32x32.png to client FatFat
[18:12:51]ASSET: Sending asset vending_32x32.png to client HeavenlyBlue
[18:12:51]ASSET: Sending asset cargo_32x32.png to client FatFat
[18:12:51]ASSET: Sending asset cargo_32x32.png to client HeavenlyBlue
[18:12:51]ASSET: Sending asset libraries.min.js to client FatFat
[18:12:51]ASSET: Sending asset libraries.min.js to client HeavenlyBlue
[18:12:52]ASSET: Sending asset nano_base_callbacks.js to client FatFat
[18:12:52]ASSET: Sending asset nano_base_helpers.js to client FatFat
[18:12:52]ASSET: Sending asset nano_state.js to client FatFat
[18:12:52]ASSET: Sending asset nano_state_default.js to client FatFat
[18:12:52]ASSET: Sending asset nano_state_manager.js to client FatFat
[18:12:52]ASSET: Sending asset nano_template.js to client FatFat
[18:12:52]ASSET: Sending asset nano_utility.js to client FatFat
[18:12:52]ASSET: Sending asset nano_base_callbacks.js to client HeavenlyBlue
[18:12:52]ASSET: Sending asset nano_base_helpers.js to client HeavenlyBlue
[18:12:52]ASSET: Sending asset nano_state.js to client HeavenlyBlue
[18:12:53]ASSET: Sending asset nano_state_default.js to client HeavenlyBlue
[18:12:53]ASSET: Sending asset nano_state_manager.js to client HeavenlyBlue
[18:12:53]ASSET: Sending asset nano_template.js to client HeavenlyBlue
[18:12:53]ASSET: Sending asset nano_utility.js to client HeavenlyBlue
