[18:11:30]TGUI: heavenlyblue in browseroutput/initialize
[18:11:30]TGUI: fatfat in browseroutput/initialize
[18:11:43]TGUI: heavenlyblue in browseroutput/initialize
[18:11:54]TGUI: fatfat (as FatFat at (8,174,1))
Using: /datum/tgui_modal [0x21000a09]
new AlertModal fancy 1
[18:11:54]TGUI: fatfat in tgui-window-1/initialize
Using: /datum/tgui_modal [0x21000a09]
[18:11:56]TGUI: fatfat (as FatFat at (8,174,1)) in tgui-window-1
Using: /datum/tgui_modal [0x21000a09]
Action: choose {"choice":"Yes"}
[18:11:56]TGUI: fatfat in tgui-window-1/close (suspending)
[18:11:57]TGUI: heavenlyblue (as HeavenlyBlue at (8,174,1))
Using: /datum/tgui_modal [0x21000935]
new AlertModal fancy 1
[18:11:57]TGUI: heavenlyblue in tgui-window-1/initialize
Using: /datum/tgui_modal [0x21000935]
[18:11:58]TGUI: heavenlyblue (as HeavenlyBlue at (8,174,1)) in tgui-window-1
Using: /datum/tgui_modal [0x21000935]
Action: choose {"choice":"ДА!!!"}
[18:11:58]TGUI: heavenlyblue in tgui-window-1/close (suspending)
[18:12:51]TGUI: fatfat (as Clark Coldsmith at (158,146,2))
Using: /datum/tgui_modal [0x2102267b]
new AlertModal fancy 1
[18:12:52]TGUI: fatfat (as Clark Coldsmith at (158,146,2)) in tgui-window-1
Using: /datum/tgui_modal [0x2102267b]
Action: choose {"choice":"Yes"}
[18:12:52]TGUI: fatfat in tgui-window-1/close (suspending)
[18:12:52]TGUI: heavenlyblue (as HeavenlyBlue at (8,174,1))
Using: /datum/tgui_modal [0x21022aac]
new AlertModal fancy 1
[18:12:53]TGUI: heavenlyblue (as HeavenlyBlue at (8,174,1)) in tgui-window-1
Using: /datum/tgui_modal [0x21022aac]
Action: choose {"choice":"ДА!!!"}
[18:12:53]TGUI: heavenlyblue in tgui-window-1/close (suspending)
[18:15:53]TGUI: heavenlyblue (as Ismael Enderly at (161,145,2))
Using: /obj/machinery/portable_atmospherics/powered/pump [0x20075e3]
new PortablePump fancy 1
[18:15:55]TGUI: heavenlyblue (as Ismael Enderly at (161,145,2)) in tgui-window-1
Using: /obj/machinery/portable_atmospherics/powered/pump [0x20075e3]
Action: direction {}
[18:15:56]TGUI: heavenlyblue (as Ismael Enderly at (161,145,2)) in tgui-window-1
Using: /obj/machinery/portable_atmospherics/powered/pump [0x20075e3]
Action: pressure {"pressure":"max"}
[18:15:57]TGUI: heavenlyblue (as Ismael Enderly at (161,145,2)) in tgui-window-1
Using: /obj/machinery/portable_atmospherics/powered/pump [0x20075e3]
Action: power {}
[18:15:58]TGUI: heavenlyblue (as Ismael Enderly at (161,145,2)) in tgui-window-1
Using: /obj/machinery/portable_atmospherics/powered/pump [0x20075e3]
Action: power {}
[18:16:00]TGUI: heavenlyblue (as Ismael Enderly at (161,145,2)) in tgui-window-1
Using: /obj/machinery/portable_atmospherics/powered/pump [0x20075e3]
Action: power {}
[18:16:02]TGUI: heavenlyblue (as Ismael Enderly at (161,145,2)) in tgui-window-1
Using: /obj/machinery/portable_atmospherics/powered/pump [0x20075e3]
Action: power {}
[18:16:06]TGUI: heavenlyblue in tgui-window-1/close (suspending)
[18:16:06]TGUI: heavenlyblue in tgui-window-1/close (suspending)
[18:16:33]TGUI: heavenlyblue (as Ismael Enderly at (159,153,2))
Using: /obj/machinery/portable_atmospherics/powered/pump [0x2007231]
new PortablePump fancy 1
[18:16:35]TGUI: heavenlyblue (as Ismael Enderly at (159,153,2)) in tgui-window-1
Using: /obj/machinery/portable_atmospherics/powered/pump [0x2007231]
Action: pressure {"pressure":"max"}
[18:16:35]TGUI: heavenlyblue (as Ismael Enderly at (159,153,2)) in tgui-window-1
Using: /obj/machinery/portable_atmospherics/powered/pump [0x2007231]
Action: direction {}
[18:16:36]TGUI: heavenlyblue (as Ismael Enderly at (159,153,2)) in tgui-window-1
Using: /obj/machinery/portable_atmospherics/powered/pump [0x2007231]
Action: power {}
[18:16:38]TGUI: heavenlyblue (as Ismael Enderly at (159,153,2)) in tgui-window-1
Using: /obj/machinery/portable_atmospherics/powered/pump [0x2007231]
Action: power {}
[18:16:39]TGUI: heavenlyblue in tgui-window-1/close (suspending)
[18:16:39]TGUI: heavenlyblue in tgui-window-1/close (suspending)
[18:17:01]TGUI: heavenlyblue (as Ismael Enderly at (161,146,2))
Using: /obj/machinery/portable_atmospherics/powered/pump [0x2007231]
new PortablePump fancy 1
[18:17:03]TGUI: heavenlyblue in tgui-window-1/close (suspending)
[18:17:03]TGUI: heavenlyblue in tgui-window-1/close (suspending)
[18:19:28]TGUI: heavenlyblue (as Ismael Enderly at (161,146,2))
Using: /obj/machinery/portable_atmospherics/powered/pump [0x2007231]
new PortablePump fancy 1
[18:19:29]TGUI: heavenlyblue in tgui-window-1/close (suspending)
[18:19:29]TGUI: heavenlyblue in tgui-window-1/close (suspending)
[18:19:30]TGUI: heavenlyblue (as Ismael Enderly at (161,145,2))
Using: /obj/machinery/portable_atmospherics/powered/pump [0x20075e3]
new PortablePump fancy 1
[18:19:37]TGUI: heavenlyblue in tgui-window-1/close (suspending)
[18:19:37]TGUI: heavenlyblue in tgui-window-1/close (suspending)
[18:19:41]TGUI: heavenlyblue (as Ismael Enderly at (161,145,2))
Using: /obj/machinery/portable_atmospherics/powered/pump [0x20075e3]
new PortablePump fancy 1
[18:19:45]TGUI: heavenlyblue in tgui-window-1/close (suspending)
[18:19:45]TGUI: heavenlyblue in tgui-window-1/close (suspending)
[18:21:30]TGUI: fatfat (as the unknown at (161,147,2))
Using: /obj/machinery/portable_atmospherics/powered/pump [0x2007231]
new PortablePump fancy 1
[18:21:33]TGUI: fatfat (as the unknown at (161,147,2)) in tgui-window-1
Using: /obj/machinery/portable_atmospherics/powered/pump [0x2007231]
Action: pressure {"pressure":800}
[18:21:33]TGUI: heavenlyblue (as Ismael Enderly at (161,146,2))
Using: /obj/machinery/portable_atmospherics/powered/pump [0x2007231]
new PortablePump fancy 1
[18:21:43]TGUI: fatfat in tgui-window-1/close (suspending)
[18:21:43]TGUI: fatfat in tgui-window-1/close (suspending)
[18:21:49]TGUI: heavenlyblue in tgui-window-1/close (suspending)
[18:21:49]TGUI: heavenlyblue in tgui-window-1/close (suspending)
[18:22:38]TGUI: heavenlyblue (as Ismael Enderly at (161,144,2))
Using: /obj/machinery/portable_atmospherics/powered/pump [0x20075e3]
new PortablePump fancy 1
[18:22:42]TGUI: heavenlyblue in tgui-window-1/close (suspending)
[18:22:42]TGUI: heavenlyblue in tgui-window-1/close (suspending)
[18:23:21]TGUI: heavenlyblue (as Ismael Enderly at (161,144,2))
Using: /datum/tgui_modal [0x21024843]
new AlertModal fancy 1
[18:23:22]TGUI: heavenlyblue (as Ismael Enderly at (161,144,2)) in tgui-window-1
Using: /datum/tgui_modal [0x21024843]
Action: choose {"choice":"No"}
[18:23:22]TGUI: heavenlyblue in tgui-window-1/close (suspending)
[18:23:25]TGUI: heavenlyblue (as Ismael Enderly at (161,144,2))
Using: /datum/tgui_modal [0x210248b0]
new AlertModal fancy 1
[18:23:27]TGUI: heavenlyblue (as Ismael Enderly at (161,144,2)) in tgui-window-1
Using: /datum/tgui_modal [0x210248b0]
Action: choose {"choice":"Yes"}
[18:23:27]TGUI: heavenlyblue in tgui-window-1/close (suspending)
[18:23:39]TGUI: heavenlyblue (as Ismael Enderly at (161,144,2))
Using: /datum/tgui_modal [0x21013de9]
new AlertModal fancy 1
[18:23:40]TGUI: heavenlyblue (as Ismael Enderly at (161,144,2)) in tgui-window-1
Using: /datum/tgui_modal [0x21013de9]
Action: choose {"choice":"Male"}
[18:23:40]TGUI: heavenlyblue in tgui-window-1/close (suspending)
[18:24:13]TGUI: heavenlyblue (as Ismael Enderly at (161,144,2))
Using: /obj/machinery/portable_atmospherics/powered/pump [0x20075e3]
new PortablePump fancy 1
[18:24:16]TGUI: heavenlyblue in tgui-window-1/close (suspending)
[18:24:16]TGUI: heavenlyblue in tgui-window-1/close (suspending)
[18:24:25]TGUI: heavenlyblue (as Ismael Enderly at (161,144,2))
Using: /obj/machinery/portable_atmospherics/powered/pump [0x20075e3]
new PortablePump fancy 1
[18:24:29]TGUI: heavenlyblue (as Ismael Enderly at (161,144,2)) in tgui-window-1
Using: /obj/machinery/portable_atmospherics/powered/pump [0x20075e3]
Action: power {}
[18:24:32]TGUI: heavenlyblue (as Ismael Enderly at (161,144,2)) in tgui-window-1
Using: /obj/machinery/portable_atmospherics/powered/pump [0x20075e3]
Action: power {}
[18:24:33]TGUI: heavenlyblue in tgui-window-1/close (suspending)
[18:24:33]TGUI: heavenlyblue in tgui-window-1/close (suspending)
[18:24:36]TGUI: heavenlyblue (as Ismael Enderly at (161,144,2))
Using: /obj/machinery/portable_atmospherics/powered/pump [0x20075e3]
new PortablePump fancy 1
[18:24:39]TGUI: heavenlyblue (as Ismael Enderly at (161,144,2)) in tgui-window-1
Using: /obj/machinery/portable_atmospherics/powered/pump [0x20075e3]
Action: direction {}
[18:24:41]TGUI: heavenlyblue (as Ismael Enderly at (161,144,2)) in tgui-window-1
Using: /obj/machinery/portable_atmospherics/powered/pump [0x20075e3]
Action: power {}
[18:24:47]TGUI: heavenlyblue (as Ismael Enderly at (161,144,2)) in tgui-window-1
Using: /obj/machinery/portable_atmospherics/powered/pump [0x20075e3]
Action: power {}
[18:24:48]TGUI: heavenlyblue in tgui-window-1/close (suspending)
[18:24:48]TGUI: heavenlyblue in tgui-window-1/close (suspending)
[18:24:50]TGUI: heavenlyblue (as Ismael Enderly at (161,144,2))
Using: /obj/machinery/portable_atmospherics/powered/pump [0x20075e3]
new PortablePump fancy 1
[18:24:58]TGUI: heavenlyblue in tgui-window-1/close (suspending)
[18:24:58]TGUI: heavenlyblue in tgui-window-1/close (suspending)
[18:25:00]TGUI: heavenlyblue (as Ismael Enderly at (161,144,2))
Using: /obj/machinery/portable_atmospherics/powered/pump [0x20075e3]
new PortablePump fancy 1
[18:25:01]TGUI: heavenlyblue (as Ismael Enderly at (161,144,2)) in tgui-window-1
Using: /obj/machinery/portable_atmospherics/powered/pump [0x20075e3]
Action: power {}
[18:25:05]TGUI: heavenlyblue (as Ismael Enderly at (161,144,2)) in tgui-window-1
Using: /obj/machinery/portable_atmospherics/powered/pump [0x20075e3]
Action: power {}
[18:25:05]TGUI: heavenlyblue in tgui-window-1/close (suspending)
[18:25:05]TGUI: heavenlyblue in tgui-window-1/close (suspending)
[18:25:16]TGUI: heavenlyblue (as Ismael Enderly at (161,144,2))
Using: /obj/machinery/portable_atmospherics/powered/pump [0x20075e3]
new PortablePump fancy 1
[18:25:18]TGUI: heavenlyblue in tgui-window-1/close (suspending)
[18:25:18]TGUI: heavenlyblue in tgui-window-1/close (suspending)
[18:25:21]TGUI: heavenlyblue (as Ismael Enderly at (161,144,2))
Using: /obj/machinery/portable_atmospherics/powered/pump [0x20075e3]
new PortablePump fancy 1
[18:25:22]TGUI: heavenlyblue in tgui-window-1/close (suspending)
[18:25:22]TGUI: heavenlyblue in tgui-window-1/close (suspending)
[18:25:24]TGUI: fatfat (as the unknown at (161,145,2))
Using: /obj/machinery/portable_atmospherics/powered/pump [0x20075e3]
new PortablePump fancy 1
[18:25:25]TGUI: heavenlyblue (as Ismael Enderly at (161,144,2))
Using: /obj/machinery/portable_atmospherics/powered/pump [0x20075e3]
new PortablePump fancy 1
[18:25:26]TGUI: heavenlyblue in tgui-window-1/close (suspending)
[18:25:26]TGUI: heavenlyblue in tgui-window-1/close (suspending)
[18:25:33]TGUI: fatfat in tgui-window-1/close (suspending)
[18:25:33]TGUI: fatfat in tgui-window-1/close (suspending)
[18:25:46]TGUI: fatfat (as the unknown at (161,145,2))
Using: /obj/machinery/portable_atmospherics/powered/pump [0x20075e3]
new PortablePump fancy 1
[18:25:49]TGUI: fatfat (as the unknown at (161,145,2)) in tgui-window-1
Using: /obj/machinery/portable_atmospherics/powered/pump [0x20075e3]
Action: power {}
[18:25:50]TGUI: heavenlyblue (as Ismael Enderly at (161,144,2))
Using: /obj/machinery/portable_atmospherics/powered/pump [0x20075e3]
new PortablePump fancy 1
[18:25:52]TGUI: fatfat (as the unknown at (161,145,2)) in tgui-window-1
Using: /obj/machinery/portable_atmospherics/powered/pump [0x20075e3]
Action: direction {}
[18:25:54]TGUI: fatfat (as the unknown at (161,145,2)) in tgui-window-1
Using: /obj/machinery/portable_atmospherics/powered/pump [0x20075e3]
Action: direction {}
[18:25:57]TGUI: fatfat (as the unknown at (161,145,2)) in tgui-window-1
Using: /obj/machinery/portable_atmospherics/powered/pump [0x20075e3]
Action: direction {}
[18:25:59]TGUI: fatfat (as the unknown at (161,145,2)) in tgui-window-1
Using: /obj/machinery/portable_atmospherics/powered/pump [0x20075e3]
Action: direction {}
[18:25:59]TGUI: fatfat (as the unknown at (161,145,2)) in tgui-window-1
Using: /obj/machinery/portable_atmospherics/powered/pump [0x20075e3]
Action: direction {}
[18:26:00]TGUI: fatfat (as the unknown at (161,145,2)) in tgui-window-1
Using: /obj/machinery/portable_atmospherics/powered/pump [0x20075e3]
Action: power {}
[18:26:01]TGUI: fatfat (as the unknown at (161,145,2)) in tgui-window-1
Using: /obj/machinery/portable_atmospherics/powered/pump [0x20075e3]
Action: eject {}
[18:26:03]TGUI: heavenlyblue in tgui-window-1/close (suspending)
[18:26:03]TGUI: heavenlyblue in tgui-window-1/close (suspending)
[18:26:16]TGUI: fatfat (as the unknown at (161,146,2))
Using: /obj/machinery/portable_atmospherics/powered/pump [0x2007231]
new PortablePump fancy 1
[18:26:16]TGUI: fatfat in tgui-window-2/initialize
Using: /obj/machinery/portable_atmospherics/powered/pump [0x2007231]
[18:26:18]TGUI: fatfat (as the unknown at (161,146,2)) in tgui-window-2
Using: /obj/machinery/portable_atmospherics/powered/pump [0x2007231]
Action: power {}
[18:26:22]TGUI: fatfat (as the unknown at (161,146,2)) in tgui-window-2
Using: /obj/machinery/portable_atmospherics/powered/pump [0x2007231]
Action: direction {}
[18:26:22]TGUI: heavenlyblue (as Ismael Enderly at (161,148,2))
Using: /obj/machinery/portable_atmospherics/powered/pump [0x2007231]
new PortablePump fancy 1
[18:26:26]TGUI: fatfat (as the unknown at (161,146,2)) in tgui-window-2
Using: /obj/machinery/portable_atmospherics/powered/pump [0x2007231]
Action: direction {}
[18:26:30]TGUI: fatfat (as the unknown at (161,146,2)) in tgui-window-2
Using: /obj/machinery/portable_atmospherics/powered/pump [0x2007231]
Action: pressure {"pressure":"max"}
[18:26:32]TGUI: fatfat (as the unknown at (161,146,2)) in tgui-window-2
Using: /obj/machinery/portable_atmospherics/powered/pump [0x2007231]
Action: direction {}
[18:26:37]TGUI: fatfat (as the unknown at (161,146,2)) in tgui-window-2
Using: /obj/machinery/portable_atmospherics/powered/pump [0x2007231]
Action: power {}
[18:26:37]TGUI: fatfat (as the unknown at (161,146,2)) in tgui-window-2
Using: /obj/machinery/portable_atmospherics/powered/pump [0x2007231]
Action: power {}
[18:26:42]TGUI: heavenlyblue in tgui-window-1/close (suspending)
[18:26:42]TGUI: heavenlyblue in tgui-window-1/close (suspending)
[18:26:47]TGUI: heavenlyblue (as Ismael Enderly at (161,148,2))
Using: /obj/machinery/portable_atmospherics/powered/pump [0x2007231]
new PortablePump fancy 1
[18:27:00]TGUI: heavenlyblue in tgui-window-1/close (suspending)
[18:27:00]TGUI: heavenlyblue in tgui-window-1/close (suspending)
[18:27:03]TGUI: fatfat (as the unknown at (161,146,2)) in tgui-window-2
Using: /obj/machinery/portable_atmospherics/powered/pump [0x2007231]
Action: power {}
[18:27:04]TGUI: heavenlyblue (as Ismael Enderly at (161,148,2))
Using: /obj/machinery/portable_atmospherics/powered/pump [0x2007231]
new PortablePump fancy 1
[18:27:04]TGUI: fatfat (as the unknown at (161,146,2)) in tgui-window-2
Using: /obj/machinery/portable_atmospherics/powered/pump [0x2007231]
Action: eject {}
[18:27:07]TGUI: heavenlyblue in tgui-window-1/close (suspending)
[18:27:07]TGUI: heavenlyblue in tgui-window-1/close (suspending)
[18:27:32]TGUI: fatfat in tgui-window-2/close (suspending)
[18:27:32]TGUI: fatfat in tgui-window-2/close (suspending)
[18:27:34]TGUI: fatfat in tgui-window-1/close (suspending)
[18:27:34]TGUI: fatfat in tgui-window-1/close (suspending)
[18:27:34]TGUI: heavenlyblue (as Ismael Enderly at (160,145,2))
Using: /obj/item/weapon/tank/oxygen [0x200030e]
new Tank fancy 1
[18:27:35]TGUI: fatfat (as the unknown at (160,144,2))
Using: /obj/machinery/portable_atmospherics/canister/phoron [0x2006f65]
new Canister fancy 1
[18:27:35]TGUI: heavenlyblue in tgui-window-1/close (suspending)
[18:27:35]TGUI: heavenlyblue in tgui-window-1/close (suspending)
[18:27:37]TGUI: heavenlyblue (as Ismael Enderly at (160,145,2))
Using: /obj/machinery/portable_atmospherics/canister/phoron [0x2006f65]
new Canister fancy 1
[18:27:38]TGUI: heavenlyblue (as Ismael Enderly at (160,145,2)) in tgui-window-1
Using: /obj/machinery/portable_atmospherics/canister/phoron [0x2006f65]
Action: pressure {"pressure":1013}
[18:27:39]TGUI: heavenlyblue (as Ismael Enderly at (160,145,2)) in tgui-window-1
Using: /obj/machinery/portable_atmospherics/canister/phoron [0x2006f65]
Action: valve {}
[18:27:42]TGUI: heavenlyblue (as Ismael Enderly at (160,145,2)) in tgui-window-1
Using: /obj/machinery/portable_atmospherics/canister/phoron [0x2006f65]
Action: valve {}
[18:27:43]TGUI: heavenlyblue (as Ismael Enderly at (160,145,2)) in tgui-window-1
Using: /obj/machinery/portable_atmospherics/canister/phoron [0x2006f65]
Action: eject {}
[18:27:49]TGUI: heavenlyblue in tgui-window-1/close (suspending)
[18:27:49]TGUI: heavenlyblue in tgui-window-1/close (suspending)
[18:28:02]TGUI: fatfat in tgui-window-1/close (suspending)
[18:28:02]TGUI: fatfat in tgui-window-1/close (suspending)
[18:28:56]TGUI: fatfat (as the unknown at (158,160,2))
Using: /obj/machinery/disposal [0x200714d]
new DisposalUnit fancy 1
[18:28:57]TGUI: fatfat (as the unknown at (158,160,2)) in tgui-window-1
Using: /obj/machinery/disposal [0x200714d]
Action: handle-1 {}
[18:28:58]TGUI: fatfat in tgui-window-1/close (suspending)
[18:28:58]TGUI: fatfat in tgui-window-1/close (suspending)
[18:29:06]TGUI: fatfat (as the unknown at (159,162,2))
Using: /obj/machinery/computer/security/telescreen [0x2007321]
new CameraConsole fancy 1
[18:29:08]TGUI: fatfat (as the unknown at (159,162,2)) in tgui-window-1
Using: /obj/machinery/computer/security/telescreen [0x2007321]
Action: switch_camera {"name":"Toxins Test Chamber"}
[18:29:21]TGUI: fatfat in tgui-window-1/close (suspending)
[18:29:21]TGUI: fatfat in tgui-window-1/close (suspending)
[18:29:52]TGUI: fatfat (as the unknown at (158,161,2))
Using: /obj/machinery/power/apc [0x200722a]
new Apc fancy 1
[18:29:53]TGUI: fatfat in tgui-window-1/close (suspending)
[18:29:53]TGUI: fatfat in tgui-window-1/close (suspending)
[18:30:19]TGUI: fatfat (as the unknown at (159,161,2))
Using: /datum/tgui_modal [0x21024716]
new AlertModal fancy 1
[18:30:21]TGUI: fatfat (as the unknown at (159,161,2)) in tgui-window-1
Using: /datum/tgui_modal [0x21024716]
Action: choose {"choice":"Yes"}
[18:30:21]TGUI: fatfat in tgui-window-1/close (suspending)
