Path: /datum/tgui_modal
	qdel() Count: 2
	Destroy() Cost: 9.0316ms
Path: /datum/timedevent
	qdel() Count: 172
	Destroy() Cost: 4.60232ms
Path: /mob/dead/new_player
	qdel() Count: 1
	Destroy() Cost: 4.355ms
Path: /datum/hud
	qdel() Count: 2
	Destroy() Cost: 1.7574ms
Path: /mob/dead/observer
	qdel() Count: 1
	Destroy() Cost: 0.694ms
Path: /datum/hud/ghost
	qdel() Count: 1
	Destroy() Cost: 0.524402ms
Path: /datum/component/rite/spawn_item
	qdel() Count: 11
	Destroy() Cost: 0.457698ms
Path: /obj/vehicle/space/spacebike/horse
	qdel() Count: 1
	Destroy() Cost: 0.4338ms
Path: /datum/component/clickplace
	qdel() Count: 5
	Destroy() Cost: 0.386301ms
Path: /datum/light_source
	qdel() Count: 1
	Destroy() Cost: 0.2627ms
Path: /obj/effect/landmark/corpse/engineer/rig
	qdel() Count: 1
	Destroy() Cost: 0.1786ms
Path: /datum/status_effect/incapacitating/sleeping
	qdel() Count: 1
	Destroy() Cost: 0.1162ms
Path: /datum/component/rite/consent
	qdel() Count: 5
	Destroy() Cost: 0.105999ms
Path: /datum/component/mechanic_desc
	qdel() Count: 5
	Destroy() Cost: 0.0965006ms
Path: /datum/religion_rites/instant/spawn_item/cult/talisman
	qdel() Count: 1
	Destroy() Cost: 0.0857002ms
Path: /obj/item/stack/cable_coil/random
	qdel() Count: 3
	Destroy() Cost: 0.0822754ms
Path: /atom/movable/screen/mood
	qdel() Count: 1
	Destroy() Cost: 0.0747986ms
Path: /datum/religion_rites/standing/spawn_item/talisman
	qdel() Count: 1
	Destroy() Cost: 0.0690002ms
Path: /atom/movable/screen/plane_master/floor
	qdel() Count: 3
	Destroy() Cost: 0.0676056ms
Path: /obj/effect/proc_holder/spell/targeted/trigger/blind
	qdel() Count: 1
	Destroy() Cost: 0.0625992ms
Path: /datum/religion_rites/standing/spawn_item
	qdel() Count: 1
	Destroy() Cost: 0.0624001ms
Path: /datum/religion_rites/standing/spawn_item/call_animal
	qdel() Count: 1
	Destroy() Cost: 0.0547997ms
Path: /datum/religion_rites/instant/spawn_item/cult/soulstone
	qdel() Count: 1
	Destroy() Cost: 0.0496994ms
Path: /datum/religion_rites/standing/spawn_item/banana
	qdel() Count: 1
	Destroy() Cost: 0.0485001ms
Path: /datum/religion_rites/standing/spawn_item/banana_ore
	qdel() Count: 1
	Destroy() Cost: 0.0485001ms
Path: /datum/religion_rites/standing/consent
	qdel() Count: 1
	Destroy() Cost: 0.0483994ms
Path: /atom/movable/screen/plane_master/game_world
	qdel() Count: 3
	Destroy() Cost: 0.0481995ms
Path: /obj/item/weapon/key/spacebike
	qdel() Count: 1
	Destroy() Cost: 0.0471001ms
Path: /datum/religion_rites/instant/spawn_item/cult/constructshell
	qdel() Count: 1
	Destroy() Cost: 0.0470001ms
Path: /atom/movable/screen/plane_master/rendering_plate/above_game_world
	qdel() Count: 3
	Destroy() Cost: 0.0454956ms
Path: /datum/religion_rites/standing/spawn_item/create_sword
	qdel() Count: 1
	Destroy() Cost: 0.0452003ms
Path: /datum/religion_rites/instant/spawn_item/cult
	qdel() Count: 1
	Destroy() Cost: 0.0426994ms
Path: /datum/religion_rites/instant/spawn_item
	qdel() Count: 1
	Destroy() Cost: 0.0424004ms
Path: /atom/movable/plane_master_controller/game
	qdel() Count: 3
	Destroy() Cost: 0.0410019ms
Path: /atom/movable/screen/plane_master/game_world_above
	qdel() Count: 3
	Destroy() Cost: 0.0409988ms
Path: /atom/movable/screen/plane_master/rendering_plate/game_world
	qdel() Count: 3
	Destroy() Cost: 0.0406006ms
Path: /atom/movable/screen/plane_master/ghost_illusion
	qdel() Count: 3
	Destroy() Cost: 0.0404022ms
Path: /atom/movable/screen/plane_master/ghost
	qdel() Count: 3
	Destroy() Cost: 0.0393982ms
Path: /obj/effect/proc_holder/spell/aoe_turf/conjure/timestop
	qdel() Count: 1
	Destroy() Cost: 0.0391998ms
Path: /atom/movable/screen/plane_master/lighting
	qdel() Count: 3
	Destroy() Cost: 0.0389969ms
Path: /atom/movable/screen/plane_master/parallax_white
	qdel() Count: 3
	Destroy() Cost: 0.038501ms
Path: /atom/movable/screen/plane_master/rendering_plate/non_game
	qdel() Count: 3
	Destroy() Cost: 0.0382034ms
Path: /atom/movable/screen/plane_master/point
	qdel() Count: 3
	Destroy() Cost: 0.0380997ms
Path: /atom/movable/screen/plane_master/above_lighting
	qdel() Count: 3
	Destroy() Cost: 0.0378967ms
Path: /atom/movable/screen/plane_master/gravpulse
	qdel() Count: 3
	Destroy() Cost: 0.0378967ms
Path: /atom/movable/screen/plane_master/area
	qdel() Count: 3
	Destroy() Cost: 0.0376022ms
Path: /datum/callback
	qdel() Count: 12
	Destroy() Cost: 0.0374992ms
Path: /atom/movable/screen/plane_master/fullscreen
	qdel() Count: 3
	Destroy() Cost: 0.0373978ms
Path: /atom/movable/screen/plane_master/rendering_plate/master
	qdel() Count: 3
	Destroy() Cost: 0.0373016ms
Path: /atom/movable/screen/plane_master/blackness
	qdel() Count: 3
	Destroy() Cost: 0.0371002ms
Path: /atom/movable/screen/plane_master/singularity
	qdel() Count: 3
	Destroy() Cost: 0.0370956ms
Path: /atom/movable/screen/plane_master/parallax
	qdel() Count: 3
	Destroy() Cost: 0.0369019ms
Path: /atom/movable/screen/plane_master/rendering_plate
	qdel() Count: 3
	Destroy() Cost: 0.0368958ms
Path: /obj/effect/proc_holder/spell/aoe_turf/conjure/spawn_animal
	qdel() Count: 1
	Destroy() Cost: 0.0367004ms
Path: /atom/movable/screen/plane_master/camera_static
	qdel() Count: 3
	Destroy() Cost: 0.0363052ms
Path: /datum/quirk/child_of_nature
	qdel() Count: 1
	Destroy() Cost: 0.0347004ms
Path: /datum/religion_rites/standing/consent/synthconversion
	qdel() Count: 1
	Destroy() Cost: 0.0346001ms
Path: /obj/effect/proc_holder/spell/aoe_turf/veil
	qdel() Count: 1
	Destroy() Cost: 0.0339005ms
Path: /datum/religion_rites/standing/consent/sacrifice
	qdel() Count: 1
	Destroy() Cost: 0.0323998ms
Path: /obj/random/vending/snack
	qdel() Count: 1
	Destroy() Cost: 0.0313988ms
Path: /atom/movable/screen/alert/buckled
	qdel() Count: 1
	Destroy() Cost: 0.030899ms
Path: /obj/effect/proc_holder/spell/aoe_turf/conjure/carp
	qdel() Count: 1
	Destroy() Cost: 0.0307999ms
Path: /datum/tgui
	qdel() Count: 2
	Destroy() Cost: 0.0296997ms
Path: /datum/religion_rites/standing/consent/clownconversion
	qdel() Count: 1
	Destroy() Cost: 0.0296997ms
Path: /datum/religion_rites/standing/consent/invite
	qdel() Count: 1
	Destroy() Cost: 0.0296005ms
Path: /obj/effect/proc_holder/spell/aoe_turf/conjure/smoke
	qdel() Count: 1
	Destroy() Cost: 0.0296005ms
Path: /obj/effect/proc_holder/spell/targeted/inflict_handler/blind
	qdel() Count: 2
	Destroy() Cost: 0.0286987ms
Path: /obj/effect/proc_holder/spell/targeted
	qdel() Count: 1
	Destroy() Cost: 0.0285995ms
Path: /obj/effect/proc_holder/spell/targeted/area_teleport/teleport
	qdel() Count: 1
	Destroy() Cost: 0.0275986ms
Path: /obj/effect/proc_holder/spell/aoe_turf/conjure/wall
	qdel() Count: 1
	Destroy() Cost: 0.0268997ms
Path: /obj/effect/proc_holder/spell/targeted/genetic/blind
	qdel() Count: 2
	Destroy() Cost: 0.0268005ms
Path: /obj/effect/proc_holder/spell/aoe_turf/conjure/summonEdSwarm
	qdel() Count: 1
	Destroy() Cost: 0.0248993ms
Path: /obj/effect/proc_holder/spell/no_target/scribe_rune
	qdel() Count: 1
	Destroy() Cost: 0.0244003ms
Path: /atom/movable/screen/alert/status_effect/asleep
	qdel() Count: 1
	Destroy() Cost: 0.0243ms
Path: /datum/atom_hud/alternate_appearance/basic/see_ghosts
	qdel() Count: 1
	Destroy() Cost: 0.0239014ms
Path: /obj/effect/proc_holder/spell/no_target/charge
	qdel() Count: 1
	Destroy() Cost: 0.0238998ms
Path: /obj/effect/proc_holder/spell/targeted/inflict_handler/magic_missile
	qdel() Count: 1
	Destroy() Cost: 0.0235001ms
Path: /obj/effect/proc_holder/spell/targeted/projectile/magic_missile
	qdel() Count: 1
	Destroy() Cost: 0.0235001ms
Path: /obj/effect/proc_holder/spell/targeted/screech
	qdel() Count: 1
	Destroy() Cost: 0.0235001ms
Path: /datum/browser
	qdel() Count: 2
	Destroy() Cost: 0.0233032ms
Path: /obj/effect/proc_holder/spell/no_target/resin
	qdel() Count: 1
	Destroy() Cost: 0.0233002ms
Path: /obj/effect/proc_holder/spell/targeted/collective_mind
	qdel() Count: 1
	Destroy() Cost: 0.0229996ms
Path: /datum/mechanic_tip/clickplace
	qdel() Count: 5
	Destroy() Cost: 0.0229964ms
Path: /obj/effect/proc_holder/spell/targeted/shadowling_hivemind_ascendant
	qdel() Count: 1
	Destroy() Cost: 0.0229004ms
Path: /obj/effect/proc_holder/spell/no_target/infection/obcurse
	qdel() Count: 1
	Destroy() Cost: 0.0227005ms
Path: /obj/effect/proc_holder/spell/targeted/projectile
	qdel() Count: 1
	Destroy() Cost: 0.0225998ms
Path: /datum/reagent/toxin/mindbreaker
	qdel() Count: 4
	Destroy() Cost: 0.019999ms
Path: /obj/effect/proc_holder/spell/targeted/transfer_plasma
	qdel() Count: 1
	Destroy() Cost: 0.019899ms
Path: /obj/effect/proc_holder/spell/targeted/area_teleport
	qdel() Count: 1
	Destroy() Cost: 0.0177994ms
Path: /obj/effect/proc_holder/spell/aoe_turf/conjure/construct/lesser
	qdel() Count: 1
	Destroy() Cost: 0.0177002ms
Path: /obj/effect/proc_holder/spell/targeted/xeno_whisp
	qdel() Count: 1
	Destroy() Cost: 0.0153992ms
Path: /obj/effect/proc_holder/spell/targeted/barnyardcurse
	qdel() Count: 1
	Destroy() Cost: 0.0153ms
Path: /obj/effect/proc_holder/spell/aoe_turf/hulk_gas
	qdel() Count: 1
	Destroy() Cost: 0.0153ms
Path: /obj/effect/proc_holder/spell/targeted/ethereal_jaunt/phaseshift
	qdel() Count: 1
	Destroy() Cost: 0.0151993ms
Path: /obj/effect/proc_holder/spell/targeted/forcewall/mimewall
	qdel() Count: 1
	Destroy() Cost: 0.0151001ms
Path: /obj/effect/proc_holder/spell/no_target/memorize_rune
	qdel() Count: 1
	Destroy() Cost: 0.0148987ms
Path: /obj/effect/proc_holder/spell/targeted/shadowlingAscendantTransmit
	qdel() Count: 1
	Destroy() Cost: 0.0145996ms
Path: /obj/effect/proc_holder/spell/no_target/weeds
	qdel() Count: 1
	Destroy() Cost: 0.0145996ms
Path: /obj/effect/proc_holder/spell/targeted/explosion/fireball
	qdel() Count: 1
	Destroy() Cost: 0.0145004ms
Path: /obj/effect/proc_holder/spell/targeted/ethereal_jaunt/shadow_walk
	qdel() Count: 1
	Destroy() Cost: 0.0144012ms
Path: /obj/effect/proc_holder/spell/aoe_turf
	qdel() Count: 1
	Destroy() Cost: 0.0143997ms
Path: /obj/effect/proc_holder/spell/targeted/smoke
	qdel() Count: 1
	Destroy() Cost: 0.0139999ms
Path: /obj/effect/proc_holder/spell/targeted/zombie_findbrains
	qdel() Count: 1
	Destroy() Cost: 0.0139999ms
Path: /obj/effect/proc_holder/spell/aoe_turf/conjure/construct
	qdel() Count: 1
	Destroy() Cost: 0.0139999ms
Path: /obj/effect/proc_holder/spell/in_hand
	qdel() Count: 1
	Destroy() Cost: 0.0139008ms
Path: /obj/effect/proc_holder/spell/targeted/emplosion
	qdel() Count: 1
	Destroy() Cost: 0.0138992ms
Path: /obj/effect/proc_holder/spell/aoe_turf/drainLife
	qdel() Count: 1
	Destroy() Cost: 0.0138992ms
Path: /obj/effect/proc_holder/spell/aoe_turf/hulk_mill
	qdel() Count: 1
	Destroy() Cost: 0.0138992ms
Path: /obj/effect/proc_holder/spell/targeted/emplosion/disable_tech
	qdel() Count: 1
	Destroy() Cost: 0.0138ms
Path: /obj/effect/proc_holder/spell/aoe_turf/repulse
	qdel() Count: 1
	Destroy() Cost: 0.0138ms
Path: /obj/effect/proc_holder/spell/no_target/mime_speak
	qdel() Count: 1
	Destroy() Cost: 0.0138ms
Path: /obj/effect/proc_holder/spell/aoe_turf/glacial_blast
	qdel() Count: 1
	Destroy() Cost: 0.0137009ms
Path: /obj/effect/proc_holder/spell/targeted/ethereal_jaunt/wizard
	qdel() Count: 1
	Destroy() Cost: 0.0136993ms
Path: /obj/effect/proc_holder/spell/targeted/ethereal_jaunt
	qdel() Count: 1
	Destroy() Cost: 0.0136993ms
Path: /obj/effect/proc_holder/spell/targeted/heal
	qdel() Count: 1
	Destroy() Cost: 0.0136993ms
Path: /obj/effect/proc_holder/spell/targeted/trigger
	qdel() Count: 1
	Destroy() Cost: 0.0136993ms
Path: /obj/effect/proc_holder/spell/aoe_turf/unearthly_screech
	qdel() Count: 1
	Destroy() Cost: 0.0136993ms
Path: /obj/effect/proc_holder/spell/targeted/genetic/mutate
	qdel() Count: 1
	Destroy() Cost: 0.0136002ms
Path: /obj/effect/proc_holder/spell/targeted/forcewall
	qdel() Count: 1
	Destroy() Cost: 0.0136002ms
Path: /obj/effect/proc_holder/spell/no_target/hide
	qdel() Count: 1
	Destroy() Cost: 0.0136002ms
Path: /obj/effect/proc_holder/spell/in_hand/res_touch
	qdel() Count: 1
	Destroy() Cost: 0.0136002ms
Path: /obj/effect/proc_holder/spell/aoe_turf/hulk_eat
	qdel() Count: 1
	Destroy() Cost: 0.013501ms
Path: /obj/effect/proc_holder/spell/aoe_turf/conjure/soulstone
	qdel() Count: 1
	Destroy() Cost: 0.0134995ms
Path: /obj/effect/proc_holder/spell/no_target/charge/religion
	qdel() Count: 1
	Destroy() Cost: 0.0134995ms
Path: /obj/effect/proc_holder/spell/no_target/infection
	qdel() Count: 1
	Destroy() Cost: 0.0134995ms
Path: /obj/effect/proc_holder/spell/no_target/evolve_to_queen
	qdel() Count: 1
	Destroy() Cost: 0.0134995ms
Path: /obj/effect/proc_holder/spell/targeted/heal/damage
	qdel() Count: 1
	Destroy() Cost: 0.0134003ms
Path: /obj/effect/proc_holder/spell/no_target/syndi_drone/boost
	qdel() Count: 1
	Destroy() Cost: 0.0134003ms
Path: /obj/effect/proc_holder/spell/dumbfire
	qdel() Count: 1
	Destroy() Cost: 0.0134003ms
Path: /obj/effect/proc_holder/spell/aoe_turf/hulk_lazor
	qdel() Count: 1
	Destroy() Cost: 0.0133011ms
Path: /obj/effect/proc_holder/spell/no_target/spawn_bible
	qdel() Count: 1
	Destroy() Cost: 0.0133011ms
Path: /obj/effect/proc_holder/spell/targeted/inflict_handler/disintegrate
	qdel() Count: 1
	Destroy() Cost: 0.0132996ms
Path: /obj/effect/proc_holder/spell/targeted/reviveThrall
	qdel() Count: 1
	Destroy() Cost: 0.0132996ms
Path: /obj/effect/proc_holder/spell/aoe_turf/knock
	qdel() Count: 1
	Destroy() Cost: 0.0132996ms
Path: /obj/effect/proc_holder/spell/aoe_turf/clown_joke
	qdel() Count: 1
	Destroy() Cost: 0.0132996ms
Path: /obj/effect/proc_holder/spell/no_target/air_plant
	qdel() Count: 1
	Destroy() Cost: 0.0132996ms
Path: /obj/effect/proc_holder/spell/targeted/gnomecurse
	qdel() Count: 1
	Destroy() Cost: 0.0132004ms
Path: /obj/effect/proc_holder/spell/targeted/blindness_smoke
	qdel() Count: 1
	Destroy() Cost: 0.0132004ms
Path: /obj/effect/proc_holder/spell/aoe_turf/flashfreeze
	qdel() Count: 1
	Destroy() Cost: 0.0132004ms
Path: /obj/effect/proc_holder/spell/aoe_turf/hulk_jump
	qdel() Count: 1
	Destroy() Cost: 0.0132004ms
Path: /obj/effect/proc_holder/spell/blessing
	qdel() Count: 1
	Destroy() Cost: 0.0132004ms
Path: /obj/effect/proc_holder/spell/aoe_turf/hulk_dash
	qdel() Count: 1
	Destroy() Cost: 0.0131989ms
Path: /obj/effect/proc_holder/spell/aoe_turf/HulkHONK
	qdel() Count: 1
	Destroy() Cost: 0.0131989ms
Path: /obj/effect/proc_holder/spell/dumbfire/fireball
	qdel() Count: 1
	Destroy() Cost: 0.0131989ms
Path: /obj/effect/proc_holder/spell/targeted/communicate/fastener
	qdel() Count: 1
	Destroy() Cost: 0.0131012ms
Path: /obj/effect/proc_holder/spell/targeted/explosion
	qdel() Count: 1
	Destroy() Cost: 0.0130997ms
Path: /obj/effect/proc_holder/spell/targeted/genetic
	qdel() Count: 1
	Destroy() Cost: 0.0130997ms
Path: /obj/effect/proc_holder/spell/targeted/lighting_shock
	qdel() Count: 1
	Destroy() Cost: 0.0130997ms
Path: /obj/effect/proc_holder/spell/targeted/mind_transfer
	qdel() Count: 1
	Destroy() Cost: 0.0130997ms
Path: /obj/effect/proc_holder/spell/aoe_turf/conjure/creature
	qdel() Count: 1
	Destroy() Cost: 0.0130997ms
Path: /obj/effect/proc_holder/spell/aoe_turf/hulk_spit
	qdel() Count: 1
	Destroy() Cost: 0.0130997ms
Path: /obj/effect/proc_holder/spell/no_target/lay_egg
	qdel() Count: 1
	Destroy() Cost: 0.0130997ms
Path: /obj/effect/proc_holder/spell/no_target/syndi_drone
	qdel() Count: 1
	Destroy() Cost: 0.0130997ms
Path: /obj/effect/proc_holder/spell/targeted/turf_teleport
	qdel() Count: 1
	Destroy() Cost: 0.0130005ms
Path: /obj/effect/proc_holder/spell/targeted/hypnosis
	qdel() Count: 1
	Destroy() Cost: 0.0130005ms
Path: /obj/effect/proc_holder/spell/targeted/shadowling_phase_shift
	qdel() Count: 1
	Destroy() Cost: 0.0130005ms
Path: /obj/effect/proc_holder/spell/aoe_turf/conjure/the_traps
	qdel() Count: 1
	Destroy() Cost: 0.0130005ms
Path: /obj/effect/proc_holder/spell/aoe_turf/conjure/floor
	qdel() Count: 1
	Destroy() Cost: 0.0130005ms
Path: /obj/effect/proc_holder/spell/no_target/grease
	qdel() Count: 1
	Destroy() Cost: 0.0130005ms
Path: /obj/effect/proc_holder/spell/no_target/rot
	qdel() Count: 1
	Destroy() Cost: 0.0130005ms
Path: /obj/effect/proc_holder/spell/no_target/larva_evolve
	qdel() Count: 1
	Destroy() Cost: 0.0130005ms
Path: /obj/effect/proc_holder/spell/no_target/syndi_drone/smoke
	qdel() Count: 1
	Destroy() Cost: 0.0130005ms
Path: /obj/effect/proc_holder/spell/targeted/summonitem
	qdel() Count: 1
	Destroy() Cost: 0.012999ms
Path: /obj/effect/proc_holder/spell/targeted/annihilate
	qdel() Count: 1
	Destroy() Cost: 0.0129013ms
Path: /obj/effect/proc_holder/spell/targeted/inflict_handler/fireball
	qdel() Count: 1
	Destroy() Cost: 0.0128998ms
Path: /obj/effect/proc_holder/spell/targeted/spacetime_dist
	qdel() Count: 1
	Destroy() Cost: 0.0128998ms
Path: /obj/effect/proc_holder/spell/targeted/turf_teleport/blink
	qdel() Count: 1
	Destroy() Cost: 0.0128998ms
Path: /obj/effect/proc_holder/spell/targeted/shadowling_hivemind
	qdel() Count: 1
	Destroy() Cost: 0.0128998ms
Path: /obj/effect/proc_holder/spell/aoe_turf/conjure/lesserforcewall
	qdel() Count: 1
	Destroy() Cost: 0.0128998ms
Path: /obj/effect/proc_holder/spell/aoe_turf/hulk_smash
	qdel() Count: 1
	Destroy() Cost: 0.0128998ms
Path: /obj/effect/proc_holder/spell/no_target/food
	qdel() Count: 1
	Destroy() Cost: 0.0128998ms
Path: /obj/effect/proc_holder/spell/no_target
	qdel() Count: 1
	Destroy() Cost: 0.0128998ms
Path: /obj/effect/proc_holder/spell/in_hand/fireball
	qdel() Count: 1
	Destroy() Cost: 0.0128998ms
Path: /obj/effect/proc_holder/spell/in_hand/arcane_barrage
	qdel() Count: 1
	Destroy() Cost: 0.0128998ms
Path: /obj/effect/proc_holder/spell/turf/fireball
	qdel() Count: 1
	Destroy() Cost: 0.0128998ms
Path: /obj/effect/proc_holder/spell/targeted/shadowling_regenarmor
	qdel() Count: 1
	Destroy() Cost: 0.0128006ms
Path: /obj/effect/proc_holder/spell/aoe_turf/conjure
	qdel() Count: 1
	Destroy() Cost: 0.0128006ms
Path: /obj/effect/proc_holder/spell/in_hand/tesla
	qdel() Count: 1
	Destroy() Cost: 0.0128006ms
Path: /obj/effect/proc_holder/spell/in_hand/heal
	qdel() Count: 1
	Destroy() Cost: 0.0128006ms
Path: /obj/effect/proc_holder/spell/targeted/inflict_handler
	qdel() Count: 1
	Destroy() Cost: 0.0127991ms
Path: /obj/effect/proc_holder/spell/targeted/communicate
	qdel() Count: 1
	Destroy() Cost: 0.0127991ms
Path: /obj/effect/proc_holder/spell/turf
	qdel() Count: 1
	Destroy() Cost: 0.0127991ms
Path: /obj/effect/proc_holder/spell/targeted/glare
	qdel() Count: 1
	Destroy() Cost: 0.0126999ms
Path: /obj/effect/proc_holder/spell/targeted/enthrall
	qdel() Count: 1
	Destroy() Cost: 0.0125992ms
Path: /datum/recipe/microwave/human
	qdel() Count: 2
	Destroy() Cost: 0.0124989ms
Path: /datum/quirk/deafness
	qdel() Count: 1
	Destroy() Cost: 0.0119991ms
Path: /datum/quirk/tourette
	qdel() Count: 1
	Destroy() Cost: 0.0115986ms
Path: /datum/modval_modifier
	qdel() Count: 2
	Destroy() Cost: 0.0100002ms
Path: /datum/effect/effect/system/ion_trail_follow
	qdel() Count: 1
	Destroy() Cost: 0.00880013ms
Path: /datum/quirk/fast_equip
	qdel() Count: 1
	Destroy() Cost: 0.0082016ms
Path: /datum/quirk/light_step
	qdel() Count: 1
	Destroy() Cost: 0.00819969ms
Path: /datum/quirk/alcohol_tolerance
	qdel() Count: 1
	Destroy() Cost: 0.00819969ms
Path: /datum/quirk/multitasking
	qdel() Count: 1
	Destroy() Cost: 0.00810051ms
Path: /datum/reagent/water
	qdel() Count: 1
	Destroy() Cost: 0.00805664ms
Path: /datum/quality/negativeish
	qdel() Count: 1
	Destroy() Cost: 0.00759983ms
Path: /datum/quirk/strong_mind
	qdel() Count: 1
	Destroy() Cost: 0.00749969ms
Path: /datum/reagent/aqueous_foam
	qdel() Count: 1
	Destroy() Cost: 0.00744629ms
Path: /datum/map_config
	qdel() Count: 1
	Destroy() Cost: 0.00730038ms
Path: /datum/religion_rites/instant/chaplain/death_alarm
	qdel() Count: 1
	Destroy() Cost: 0.0072998ms
Path: /datum/quirk/daltonism
	qdel() Count: 1
	Destroy() Cost: 0.00729942ms
Path: /datum/quirk/nyctophobia
	qdel() Count: 1
	Destroy() Cost: 0.00699997ms
Path: /datum/quirk/freerunning
	qdel() Count: 1
	Destroy() Cost: 0.00689888ms
Path: /datum/quirk/light_drinker
	qdel() Count: 1
	Destroy() Cost: 0.00640106ms
Path: /datum/quirk/cough
	qdel() Count: 1
	Destroy() Cost: 0.00629997ms
Path: /datum/quirk/fatness
	qdel() Count: 1
	Destroy() Cost: 0.00619888ms
Path: /datum/quirk/stress_eater
	qdel() Count: 1
	Destroy() Cost: 0.0060997ms
Path: /datum/quirk/mute
	qdel() Count: 1
	Destroy() Cost: 0.00590134ms
Path: /datum/quirk/blindness
	qdel() Count: 1
	Destroy() Cost: 0.00589943ms
Path: /datum/quirk/nervous
	qdel() Count: 1
	Destroy() Cost: 0.0053997ms
Path: /datum/quirk/low_pain_threshold
	qdel() Count: 1
	Destroy() Cost: 0.00530052ms
Path: /datum/quirk/genetic_degradation
	qdel() Count: 1
	Destroy() Cost: 0.00519943ms
Path: /datum/quality/clumsy
	qdel() Count: 1
	Destroy() Cost: 0.00500011ms
Path: /datum/aspect/death
	qdel() Count: 1
	Destroy() Cost: 0.0048996ms
Path: /datum/quirk/nearsighted
	qdel() Count: 1
	Destroy() Cost: 0.0048008ms
Path: /datum/quirk/high_pain_threshold
	qdel() Count: 1
	Destroy() Cost: 0.00479889ms
Path: /datum/quirk/epileptic
	qdel() Count: 1
	Destroy() Cost: 0.00440025ms
Path: /datum/quirk/no_taste
	qdel() Count: 1
	Destroy() Cost: 0.00440025ms
Path: /datum/quality/positiveish
	qdel() Count: 1
	Destroy() Cost: 0.00399971ms
Path: /datum/religion_rites/instant/chaplain
	qdel() Count: 1
	Destroy() Cost: 0.00390015ms
Path: /datum/religion_rites/standing/legacy/charge
	qdel() Count: 1
	Destroy() Cost: 0.00359955ms
Path: /datum/aspect/technology
	qdel() Count: 1
	Destroy() Cost: 0.00359955ms
Path: /datum/religion_rites/standing/food
	qdel() Count: 1
	Destroy() Cost: 0.00350037ms
Path: /datum/quality/quirkieish
	qdel() Count: 1
	Destroy() Cost: 0.00349998ms
Path: /datum/aspect/science
	qdel() Count: 1
	Destroy() Cost: 0.00340118ms
Path: /datum/religion_rites/instant/cult/emp
	qdel() Count: 1
	Destroy() Cost: 0.00340042ms
Path: /datum/aspect/lightbending/darkness
	qdel() Count: 1
	Destroy() Cost: 0.00339966ms
Path: /datum/aspect/greed
	qdel() Count: 1
	Destroy() Cost: 0.00339966ms
Path: /datum/religion_rites/pedestals/cult/narsie
	qdel() Count: 1
	Destroy() Cost: 0.00330048ms
Path: /datum/religion_sect/preset/chaplain/puritanism
	qdel() Count: 1
	Destroy() Cost: 0.00330048ms
Path: /datum/aspect/food
	qdel() Count: 1
	Destroy() Cost: 0.00330048ms
Path: /datum/aspect/lightbending/light
	qdel() Count: 1
	Destroy() Cost: 0.00329895ms
Path: /datum/aspect/chaos
	qdel() Count: 1
	Destroy() Cost: 0.00320129ms
Path: /datum/religion_rites/standing/swap/devaluation
	qdel() Count: 1
	Destroy() Cost: 0.00320053ms
Path: /datum/religion_rites/instant/cult/create_slave
	qdel() Count: 1
	Destroy() Cost: 0.00319977ms
Path: /datum/religion_rites/standing/legacy
	qdel() Count: 1
	Destroy() Cost: 0.00319977ms
Path: /datum/aspect/resources
	qdel() Count: 1
	Destroy() Cost: 0.00319977ms
Path: /datum/aspect/conjure
	qdel() Count: 1
	Destroy() Cost: 0.00319977ms
Path: /datum/aspect/rescue
	qdel() Count: 1
	Destroy() Cost: 0.00319977ms
Path: /datum/aspect/mystic
	qdel() Count: 1
	Destroy() Cost: 0.00319977ms
Path: /datum/aspect/wacky
	qdel() Count: 1
	Destroy() Cost: 0.00319977ms
Path: /datum/aspect/lightbending
	qdel() Count: 1
	Destroy() Cost: 0.00319977ms
Path: /datum/religion_rites/instant/cult/sacrifice
	qdel() Count: 1
	Destroy() Cost: 0.00310059ms
Path: /datum/religion_rites/instant/cult/give_forcearmor
	qdel() Count: 1
	Destroy() Cost: 0.00310059ms
Path: /datum/religion_rites/instant
	qdel() Count: 1
	Destroy() Cost: 0.00310059ms
Path: /datum/religion_rites/instant/impose_blind
	qdel() Count: 1
	Destroy() Cost: 0.00309982ms
Path: /datum/aspect/weapon
	qdel() Count: 1
	Destroy() Cost: 0.00309906ms
Path: /datum/religion_rites/instant/cult/convert
	qdel() Count: 1
	Destroy() Cost: 0.00300064ms
Path: /datum/religion_rites/pedestals/cult/cult_portal
	qdel() Count: 1
	Destroy() Cost: 0.00299988ms
Path: /datum/religion_rites/standing/swap/upgrade
	qdel() Count: 1
	Destroy() Cost: 0.00299988ms
Path: /datum/religion_rites/standing/swap
	qdel() Count: 1
	Destroy() Cost: 0.0029007ms
Path: /datum/religion_rites/instant/cult/upgrade_tome
	qdel() Count: 1
	Destroy() Cost: 0.00289993ms
Path: /datum/religion_rites/pedestals/cult/make_skeleton
	qdel() Count: 1
	Destroy() Cost: 0.00289993ms
Path: /datum/religion_rites/standing/pray
	qdel() Count: 1
	Destroy() Cost: 0.00289993ms
Path: /datum/religion_rites/standing/honk
	qdel() Count: 1
	Destroy() Cost: 0.00289993ms
Path: /datum/religion_rites/standing
	qdel() Count: 1
	Destroy() Cost: 0.00289993ms
Path: /datum/religion_sect/custom/chaplain
	qdel() Count: 1
	Destroy() Cost: 0.00289993ms
Path: /datum/religion_rites/instant/cult/drain_torture
	qdel() Count: 1
	Destroy() Cost: 0.00279999ms
Path: /datum/religion_rites/instant/cult/raise_torture
	qdel() Count: 1
	Destroy() Cost: 0.00279999ms
Path: /datum/religion_rites/instant/impose_deaf
	qdel() Count: 1
	Destroy() Cost: 0.00279999ms
Path: /datum/religion_rites/pedestals/cult
	qdel() Count: 1
	Destroy() Cost: 0.00279999ms
Path: /datum/religion_rites/pedestals
	qdel() Count: 1
	Destroy() Cost: 0.00279999ms
Path: /datum/religion_rites/standing/animation
	qdel() Count: 1
	Destroy() Cost: 0.00279999ms
Path: /datum/religion_rites/standing/spook
	qdel() Count: 1
	Destroy() Cost: 0.00279999ms
Path: /datum/religion_rites/standing/illuminate
	qdel() Count: 1
	Destroy() Cost: 0.00279999ms
Path: /datum/religion_rites/standing/revive_animal
	qdel() Count: 1
	Destroy() Cost: 0.00279999ms
Path: /datum/religion_sect/preset/chaplain/bloodgods
	qdel() Count: 1
	Destroy() Cost: 0.00279999ms
Path: /datum/religion_rites/instant/cult/summon_acolyt
	qdel() Count: 1
	Destroy() Cost: 0.00270004ms
Path: /datum/religion_rites/instant/cult/brainswap
	qdel() Count: 1
	Destroy() Cost: 0.00270004ms
Path: /datum/religion_rites/instant/impose_stun
	qdel() Count: 1
	Destroy() Cost: 0.00270004ms
Path: /datum/religion_rites/instant/communicate
	qdel() Count: 1
	Destroy() Cost: 0.00270004ms
Path: /datum/religion_sect/preset/chaplain/technophile
	qdel() Count: 1
	Destroy() Cost: 0.0026001ms
Path: /datum/religion_sect/preset/chaplain/clown
	qdel() Count: 1
	Destroy() Cost: 0.00250015ms
Path: /datum/religion_rites/instant/cult
	qdel() Count: 1
	Destroy() Cost: 0.00249939ms
Path: /datum
	qdel() Count: 1
	Destroy() Cost: 0ms
