[14:00:32] Server '' starting up on 26.166.93.76:56074
[14:00:34]GAME: iss loaded at (79,21,3)
[14:00:34]GAME: teleporter loaded at (121,76,4)
[14:00:34]GAME: DJ Station loaded at (108,72,3)
[14:00:34]GAME: cloning_lab loaded at (147,161,3)
[14:00:35]GAME: robostation loaded at (168,108,4)
[14:00:35]GAME: NASA satellite loaded at (45,103,4)
[14:00:35]GAME: Broken Breacher loaded at (85,191,4)
[14:01:01]ADMIN: fatfat/(FatFat) has started the game.
[14:01:04]MODE: Current master mode is extended
[14:01:05]DEBUG: Next event of severity RoundStart in 0 minutes.
[14:01:05]GAME: RoundStart Event: Selected areas is AI Satellite Teleporter Room, AI Satellite Teleporter Room, AI Satellite Teleporter Room and AI Satellite Teleporter Room
[14:01:05]DEBUG: Starting event 'MineField' of severity RoundStart.
[14:01:05]GAME: ANTAG LIST:
no antagonists this moment
[14:01:05]GAME: RoundStart Event: the ion mine was spawned in (131,84,4).
[14:01:05]GAME: RoundStart Event: the shock mine was spawned in (126,83,4).
[14:01:05]GAME: RoundStart Event: the incendiary mine was spawned in (128,86,4).
[14:01:05]GAME: RoundStart Event: the mine was spawned in (129,83,4).
[14:01:05]GAME: RoundStart Event: the incendiary mine was spawned in (131,84,4).
[14:01:05]GAME: RoundStart Event: the mine was spawned in (129,81,4).
[14:01:05]DEBUG: Event 'MineField' has completed at 12:00.
[14:01:05]DEBUG: Next event of severity Mundane in 15.65 minutes.
[14:01:05]DEBUG: Next event of severity Moderate in 47.104 minutes.
[14:01:05]DEBUG: Next event of severity Major in 51.9167 minutes.
[14:01:18]EMOTE: @fatfat/(Emerson Stainforth) : <b>Emerson Stainforth</b> <i>gasps!</i>
[14:01:20]EMOTE: @fatfat/(Emerson Stainforth) : <b>Emerson Stainforth</b> <i>gasps!</i>
[14:01:22]EMOTE: @fatfat/(Emerson Stainforth) : <b>Emerson Stainforth</b> <i>gasps!</i>
[14:01:24]EMOTE: @fatfat/(Emerson Stainforth) : <b>Emerson Stainforth</b> <i>gasps!</i>
[14:01:26]EMOTE: @fatfat/(Emerson Stainforth) : <b>Emerson Stainforth</b> <i>gasps!</i>
[14:01:32]EMOTE: @fatfat/(Emerson Stainforth) : <b>Emerson Stainforth</b> <i>gasps!</i>
[14:04:31] Graceful shutdown
