[01:43:15] Server '' starting up on 26.166.93.76:61972
[01:43:18]GAME: agrosphere loaded at (136,57,3)
[01:43:18]GAME: iss loaded at (200,165,4)
[01:43:18]GAME: syndicate_fighter loaded at (44,143,4)
[01:43:18]GAME: delivery_shuttle loaded at (177,140,3)
[01:43:18]GAME: DJ Station loaded at (177,118,4)
[01:43:18]GAME: ghost_ship_2 loaded at (151,173,4)
[01:43:18]GAME: ghost_ship_1 loaded at (66,138,4)
[01:43:43]ADMIN: fatfat/(FatFat) has started the game.
[01:43:47]MODE: Current master mode is extended
[01:43:47]DEBUG: Next event of severity RoundStart in 0 minutes.
[01:43:47]DEBUG: Starting event 'Roundstart Nothing' of severity RoundStart.
[01:43:47]DEBUG: Next event of severity RoundStart in 0 minutes.
[01:43:47]DEBUG: Starting event 'Accounting Got It Wrong' of severity RoundStart.
[01:43:47]GAME: ANTAG LIST:
no antagonists this moment
[01:43:48]DEBUG: Event 'Roundstart Nothing' has completed at 12:00.
[01:43:48]GAME: RoundStart Event: Medical Account and Security Account salaries has been swapped.
[01:43:48]GAME: RoundStart Event: Science Account and NSS Exodus Station Account salaries has been swapped.
[01:43:48]GAME: RoundStart Event: NSS Exodus Station Account and Engineering Account salaries has been swapped.
[01:43:48]GAME: RoundStart Event: NSS Exodus Station Account and Engineering Account salaries has been swapped.
[01:43:48]DEBUG: Event 'Accounting Got It Wrong' has completed at 12:00.
[01:43:48]DEBUG: Next event of severity Mundane in 16.656 minutes.
[01:43:48]DEBUG: Next event of severity Moderate in 49.154 minutes.
[01:43:48]DEBUG: Next event of severity Major in 50.4117 minutes.
[01:45:12] Graceful shutdown
