[18:30:37]ASSET: Sending asset error_handler.js to client HeavenlyBlue
[18:30:37]ASSET: Sending asset common.css to client HeavenlyBlue
[18:30:37]ASSET: Sending asset FixedsysExcelsior3.01Regular.ttf to client HeavenlyBlue
[18:30:37]ASSET: Sending asset jquery.min.js to client HeavenlyBlue
[18:30:37]ASSET: Sending asset tgui-panel.bundle.js to client HeavenlyBlue
[18:30:37]ASSET: Sending asset tgui-panel.bundle.css to client HeavenlyBlue
[18:30:39]ASSET: Sending asset error_handler.js to client FatFat
[18:30:39]ASSET: Sending asset common.css to client FatFat
[18:30:39]ASSET: Sending asset FixedsysExcelsior3.01Regular.ttf to client FatFat
[18:30:39]ASSET: Sending asset jquery.min.js to client FatFat
[18:30:39]ASSET: Sending asset tgui-panel.bundle.js to client FatFat
[18:30:39]ASSET: Sending asset tgui-panel.bundle.css to client FatFat
[18:30:40]ASSET: Sending asset fa-regular-400.eot to client HeavenlyBlue
[18:30:40]ASSET: Sending asset fa-regular-400.woff to client HeavenlyBlue
[18:30:40]ASSET: Sending asset fa-solid-900.eot to client HeavenlyBlue
[18:30:40]ASSET: Sending asset fa-solid-900.woff to client HeavenlyBlue
[18:30:40]ASSET: Sending asset v4shim.css to client HeavenlyBlue
[18:30:40]ASSET: Sending asset font-awesome.css to client HeavenlyBlue
[18:30:41]ASSET: Sending asset fa-regular-400.eot to client FatFat
[18:30:41]ASSET: Sending asset fa-regular-400.woff to client FatFat
[18:30:41]ASSET: Sending asset fa-solid-900.eot to client FatFat
[18:30:41]ASSET: Sending asset fa-solid-900.woff to client FatFat
[18:30:41]ASSET: Sending asset v4shim.css to client FatFat
[18:30:41]ASSET: Sending asset font-awesome.css to client FatFat
[18:30:49]ASSET: Sending asset FixedsysExcelsior3.01Regular.ttf to client HeavenlyBlue
[18:30:49]ASSET: Sending asset jquery.min.js to client HeavenlyBlue
[18:30:49]ASSET: Sending asset tgui-panel.bundle.js to client HeavenlyBlue
[18:30:49]ASSET: Sending asset tgui-panel.bundle.css to client HeavenlyBlue
[18:30:52]ASSET: Sending asset fa-regular-400.eot to client HeavenlyBlue
[18:30:52]ASSET: Sending asset fa-regular-400.woff to client HeavenlyBlue
[18:30:52]ASSET: Sending asset fa-solid-900.eot to client HeavenlyBlue
[18:30:52]ASSET: Sending asset fa-solid-900.woff to client HeavenlyBlue
[18:30:52]ASSET: Sending asset v4shim.css to client HeavenlyBlue
[18:30:52]ASSET: Sending asset font-awesome.css to client HeavenlyBlue
[18:31:03]ASSET: Sending asset error_handler.js to client HeavenlyBlue
[18:31:19]ASSET: Sending asset tgui.bundle.js to client FatFat
[18:31:44]ASSET: Sending asset tgui.bundle.js to client HeavenlyBlue
[18:31:50]ASSET: Sending asset vending_32x32.png to client FatFat
[18:31:50]ASSET: Sending asset vending_32x32.png to client HeavenlyBlue
[18:31:50]ASSET: Sending asset cargo_32x32.png to client FatFat
[18:31:50]ASSET: Sending asset cargo_32x32.png to client HeavenlyBlue
[18:31:50]ASSET: Sending asset libraries.min.js to client FatFat
[18:31:50]ASSET: Sending asset libraries.min.js to client HeavenlyBlue
[18:31:51]ASSET: Sending asset nano_base_callbacks.js to client FatFat
[18:31:51]ASSET: Sending asset nano_base_helpers.js to client FatFat
[18:31:51]ASSET: Sending asset nano_state.js to client FatFat
[18:31:51]ASSET: Sending asset nano_state_default.js to client FatFat
[18:31:51]ASSET: Sending asset nano_state_manager.js to client FatFat
[18:31:51]ASSET: Sending asset nano_template.js to client FatFat
[18:31:52]ASSET: Sending asset nano_base_callbacks.js to client HeavenlyBlue
[18:31:52]ASSET: Sending asset nano_utility.js to client FatFat
[18:31:52]ASSET: Sending asset nano_base_helpers.js to client HeavenlyBlue
[18:31:52]ASSET: Sending asset nano_state.js to client HeavenlyBlue
[18:31:52]ASSET: Sending asset nano_state_default.js to client HeavenlyBlue
[18:31:52]ASSET: Sending asset nano_state_manager.js to client HeavenlyBlue
[18:31:52]ASSET: Sending asset nano_template.js to client HeavenlyBlue
[18:31:52]ASSET: Sending asset nano_utility.js to client HeavenlyBlue
