[17:29:39] Server '' starting up on 26.166.93.76:50968
[17:29:41]GAME: Tree Asteroid loaded at (168,215,3)
[17:29:41]GAME: DJ Station loaded at (176,143,3)
[17:29:41]GAME: listening_post loaded at (197,142,4)
[17:29:41]GAME: robostation loaded at (64,126,4)
[17:29:41]GAME: ghost_ship_2 loaded at (61,152,3)
[17:29:41]GAME: Derelict Teleporter loaded at (59,218,4)
[17:30:46]ADMIN: fatfat/(FatFat) has started the game.
[17:30:50]MODE: Current master mode is extended
[17:30:50]MODE: Extended start because `minimum_player_count = 0`
[17:30:50]DEBUG: Next event of severity RoundStart in 0 minutes.
[17:30:50]DEBUG: Starting event 'Roundstart Nothing' of severity RoundStart.
[17:30:50]DEBUG: Next event of severity RoundStart in 0 minutes.
[17:30:50]GAME: RoundStart Event: Selected areas is nothing
[17:30:50]DEBUG: Starting event 'Randomize Cargo Storage' of severity RoundStart.
[17:30:50]GAME: ANTAG LIST:
no antagonists this moment
[17:30:50]DEBUG: Event 'Roundstart Nothing' has completed at 12:00.
[17:30:50]DEBUG: Event 'Randomize Cargo Storage' has completed at 12:00.
[17:30:50]DEBUG: Next event of severity Mundane in 12.672 minutes.
[17:30:50]DEBUG: Next event of severity Moderate in 36.542 minutes.
[17:30:50]DEBUG: Next event of severity Major in 52.1433 minutes.
[17:31:09]ADMIN: fatfat/(FatFat) jumped to coordinates 100, 100, 1
[17:31:36] Graceful shutdown
