[21:05:14] Server '' starting up on 192.168.0.5:56640
[21:05:52]GAME: Space Toilet loaded at (74,165,3)
[21:05:52]GAME: Tree Asteroid loaded at (65,143,4)
[21:05:52]GAME: DJ Station loaded at (68,200,4)
[21:05:52]GAME: agrosphere loaded at (128,138,4)
[21:05:52]GAME: delivery_shuttle loaded at (137,93,4)
[21:05:52]GAME: planetarium loaded at (157,190,4)
[21:05:52]GAME: Abandoned Lab loaded at (103,162,3)
[21:06:24]ADMIN: fatfat/(Zeke Hunter) created a /obj/structure/droppod/Syndi
[21:08:11]ADMIN: fatfat/(Zeke Hunter) created a /obj/item/device/drop_caller/Syndi
[21:08:17]ADMIN: fatfat/(Zeke Hunter) created a /mob/living/carbon/human
[21:08:20]ADMIN: fatfat/(Zeke Hunter) stuffed fatfat into unknown.
[21:08:23]ADMIN: fatfat/(unknown) has started the game.
[21:08:25]MODE: Current master mode is extended
[21:08:27]DEBUG: Next event of severity RoundStart in 0 minutes.
[21:08:27]DEBUG: Starting event 'Roundstart Nothing' of severity RoundStart.
[21:08:27]GAME: ANTAG LIST:
no antagonists this moment
[21:08:28]DEBUG: Event 'Roundstart Nothing' has completed at 12:02.
[21:08:28]DEBUG: Next event of severity Mundane in 15.784 minutes.
[21:08:28]DEBUG: Next event of severity Moderate in 43.644 minutes.
[21:08:28]DEBUG: Next event of severity Major in 55.8317 minutes.
[21:08:39]SAY: *no key*/(Боевой дрон) : [Mine]: ТРЕВОГА!
[21:08:43]SAY: *no key*/(DET5) : [Research Director's Office]: Successfully
[21:08:51]SAY: *no key*/(Poly) : [Chief Engineer's office]: WHO TOOK THE DAMN HARDSUITS?
[21:08:55]SAY: *no key*/(Experiment 69T) : [Wizard's Den]: Ohen nek&#39;ti ep esi.
[21:08:59]SAY: *no key*/(Боевой дрон) : [Mine]: Перевод под-под-подсистемы в боевой режим. Тревога аль-ф-фа.
[21:08:59]SAY: *no key*/(DET5) : [Research Director's Office]: One...two...three...more...
[21:09:07]SAY: *no key*/(Poly) : [Chief Engineer's office]: ....
[21:09:09]SAY: *no key*/(Боевой дрон) : [Mine]: ТРЕВОГА!
[21:09:13]SAY: *no key*/(DET5) : [Research Director's Office]: Not enough time
[21:09:15]SAY: *no key*/(DET5) : [Research Director's Office]: Director, where are researches?
[21:09:15]SAY: *no key*/(Experiment 97d) : [Wizard's Den]: EHEHEHEHEH
[21:09:17]SAY: *no key*/(Poly) : [Chief Engineer's office]: WHO TOOK THE DAMN HARDSUITS?
[21:09:19]SAY: *no key*/(Poly) : [Chief Engineer's office]: ....
[21:09:21]SAY: *no key*/(Боевой дрон) : [Mine]: Перевод под-под-подсистемы в боевой режим. Тревога аль-ф-фа.
[21:09:23]SAY: *no key*/(DET5) : [Research Director's Office]: Beep-beep
[21:09:25]SAY: *no key*/(Poly) : [Chief Engineer's office]: OH GOD ITS LOOSE CALL THE SHUTTLE
[21:09:33]SAY: *no key*/(mouse (700)) : [Armory]: Squeek?
[21:09:35]SAY: *no key*/(Боевой дрон) : [Mine]: Обнар-р-р-ружены вражде-б-б-бные существа.
[21:09:35]SAY: *no key*/(Betsy) : [Hydroponics]: Moo
[21:09:39]EMOTE: *no key*/(Ian) : <span class='emote'><B>Ian</B> chases its tail</span>
[21:09:41]SAY: *no key*/(Experiment 97d) : [Wizard's Den]: Eh?
[21:09:43]SAY: *no key*/(DET5) : [Research Director's Office]: ED-209 protect me
[21:09:43]SAY: *no key*/(Poly) : [Chief Engineer's office]: Poly wanna cracker!
[21:09:47]SAY: *no key*/(Poly) : [Chief Engineer's office]: WHO TOOK THE DAMN HARDSUITS?
[21:09:51]ADMIN: fatfat/(unknown) jumped to Syndicate Control Room
[21:09:57]SAY: *no key*/(Experiment 69T) : [Wizard's Den]: Rong a&#39;hu dong&#39;a sik?
[21:10:03]ADMIN: fatfat/(unknown) jumped to Syndicate Forward Operating Base
[21:10:06]ADMIN: fatfat/(unknown) jumped to (221,206,1) in Syndicate Forward Operating Base
[21:10:08]ADMIN: fatfat/(unknown) jumped to (225,205,1) in Syndicate Mothership
[21:10:09]SAY: *no key*/(Боевой дрон) : [Mine]: Перевод под-под-подсистемы в боевой режим. Тревога аль-ф-фа.
[21:10:23]MODE: fatfat/(unknown) is now Syndicate Commando.
[21:10:25]MODE: fatfat/(unknown) is <span class='danger'>no longer</span> Syndicate Commando.
[21:10:25]SAY: *no key*/(DET5) : [Research Director's Office]: Not enough time
[21:10:37]SAY: *no key*/(mouse (131)) : [Engineering Maintenance]: Squeek?
[21:10:39]MODE: fatfat/(unknown) is now Nuclear Operative Leader.
[21:10:39]MODE: Syndicate Operatives was normally created.
[21:10:39]SAY: *no key*/(Poly) : [Chief Engineer's office]: Poly wanna cracker!
[21:10:39]SAY: *no key*/(Experiment 69T) : [Wizard's Den]: Ahi set mep&#39;a teth.
[21:10:57]SAY: *no key*/(Poly) : [Chief Engineer's office]: Poly wanna cracker!
[21:11:01]SAY: *no key*/(mouse (472)) : [Medbay Maintenance]: Squeek!
[21:11:07]SAY: *no key*/(Ian) : [Head of Personnel's Office]: Bark!
[21:11:11]SAY: *no key*/(Poly) : [Chief Engineer's office]: Poly wanna cracker!
[21:11:21]SAY: *no key*/(Experiment 69T) : [Wizard's Den]: Ohen nek&#39;ti ep esi.
[21:11:23]SAY: *no key*/(Poly) : [Chief Engineer's office]: Check the singlo, you chucklefucks!
[21:11:31]SAY: *no key*/(Renault) : [Captain's Office]: Ack-Ack
[21:11:39]SAY: *no key*/(Poly) : [Chief Engineer's office]: OH GOD ITS LOOSE CALL THE SHUTTLE
[21:11:51]SAY: *no key*/(Боевой дрон) : [Mine]: ТРЕВОГА!
[21:12:12]SAY: *no key*/(Poly) : [Chief Engineer's office]: ....
[21:12:16]SAY: *no key*/(Experiment 69T) : [Wizard's Den]: Ahi set mep&#39;a teth.
[21:12:18]SAY: *no key*/(Poly) : [Chief Engineer's office]: WHO TOOK THE DAMN HARDSUITS?
[21:12:26]SAY: *no key*/(DET5) : [Research Director's Office]: Beeeepsky
[21:12:30]EMOTE: *no key*/(Ian) : <span class='emote'><B>Ian</B> dances around</span>
[21:12:34]SAY: *no key*/(DET5) : [Research Director's Office]: Z-z-z-zero
[21:12:42]SAY: *no key*/(Poly) : [Chief Engineer's office]: Wire the solars, you lazy bums!
[21:12:42]SAY: *no key*/(Experiment 69T) : [Wizard's Den]: Ohen nek&#39;ti ep esi.
[21:12:46]SAY: *no key*/(DET5) : [Research Director's Office]: Analyzing...
[21:12:56]SAY: *no key*/(DET5) : [Research Director's Office]: Not enough time
[21:13:00]SAY: *no key*/(DET5) : [Research Director's Office]: Science time
[21:13:04]SAY: *no key*/(Experiment 69T) : [Wizard's Den]: Ohen nek&#39;ti ep esi.
[21:13:24]SAY: *no key*/(DET5) : [Research Director's Office]: Beep-beep
[21:13:40]SAY: *no key*/(SyndiCat) : [Syndicate Forward Operating Base]: HSSSSS
[21:13:40]SAY: *no key*/(Experiment 69T) : [Wizard's Den]: Ohen nek&#39;ti ep esi.
[21:13:42]SAY: *no key*/(Experiment 69T) : [Wizard's Den]: Ohen nek&#39;ti ep esi.
[21:13:50]SAY: *no key*/(Боевой дрон) : [Mine]: Перевод под-под-подсистемы в боевой режим. Тревога аль-ф-фа.
[21:13:50]SAY: *no key*/(Poly) : [Chief Engineer's office]: OH GOD ITS LOOSE CALL THE SHUTTLE
[21:14:02]SAY: *no key*/(Poly) : [Chief Engineer's office]: Wire the solars, you lazy bums!
[21:14:04]SAY: *no key*/(Poly) : [Chief Engineer's office]: WHO TOOK THE DAMN HARDSUITS?
[21:14:14]SAY: *no key*/(Experiment 69T) : [Wizard's Den]: Ohen nek&#39;ti ep esi.
[21:14:36]SAY: *no key*/(Experiment 69T) : [Wizard's Den]: Ohen nek&#39;ti ep esi.
[21:14:40]SAY: *no key*/(Боевой дрон) : [Mine]: Перевод под-под-подсистемы в боевой режим. Тревога аль-ф-фа.
[21:14:44]SAY: *no key*/(Боевой дрон) : [Mine]: Установлены па-раметр-рр-ры потенциальной уг-г-грозыы.
[21:14:58]EMOTE: *no key*/(Ian) : <span class='emote'><B>Ian</B> chases its tail</span>
[21:15:02]SAY: *no key*/(Experiment 69T) : [Wizard's Den]: Rong a&#39;hu dong&#39;a sik?
[21:15:18]SAY: *no key*/(Poly) : [Chief Engineer's office]: Wire the solars, you lazy bums!
[21:15:28]SAY: *no key*/(Poly) : [Chief Engineer's office]: OH GOD ITS LOOSE CALL THE SHUTTLE
[21:15:30]SAY: *no key*/(DET5) : [Research Director's Office]: La la la...beep
[21:15:42]SAY: *no key*/(Poly) : [Chief Engineer's office]: ....
[21:15:50]EMOTE: *no key*/(Ian) : <span class='emote'><B>Ian</B> chases its tail</span>
[21:16:44]SAY: *no key*/(Poly) : [Chief Engineer's office]: ....
[21:16:52]SAY: *no key*/(Боевой дрон) : [Mine]: Обнар-р-р-ружены вражде-б-б-бные существа.
[21:16:52]SAY: *no key*/(E-N) : [Head of Security's Office]: YAP
[21:17:00]SAY: *no key*/(Poly) : [Chief Engineer's office]: WHO TOOK THE DAMN HARDSUITS?
[21:17:04]SAY: *no key*/(Боевой дрон) : [Mine]: ТРЕВОГА!
[21:17:04]SAY: *no key*/(Poly) : [Chief Engineer's office]: OH GOD ITS LOOSE CALL THE SHUTTLE
[21:17:17] Graceful shutdown
