[22:06:42] Server '' starting up on 26.166.93.76:53847
[22:06:45]GAME: syndicate_fighter loaded at (79,179,4)
[22:06:45]GAME: cloning_lab loaded at (20,30,4)
[22:06:45]GAME: listening_post loaded at (57,157,3)
[22:06:45]GAME: DJ Station loaded at (147,176,3)
[22:06:45]GAME: Space Toilet loaded at (113,238,3)
[22:06:45]GAME: ghost_ship_2 loaded at (47,13,3)
[22:06:46]GAME: Abandoned Ship loaded at (135,94,3)
[22:07:19]ADMIN: fatfat/(FatFat) has started the game.
[22:07:22]MODE: Current master mode is extended
[22:07:22]DEBUG: Next event of severity RoundStart in 0 minutes.
[22:07:22]DEBUG: Starting event 'Roundstart Nothing' of severity RoundStart.
[22:07:22]DEBUG: Next event of severity RoundStart in 0 minutes.
[22:07:22]DEBUG: Starting event 'Forgotten Watertanks' of severity RoundStart.
[22:07:22]DEBUG: Next event of severity RoundStart in 0 minutes.
[22:07:22]DEBUG: Starting event 'Forgotten Survival Box' of severity RoundStart.
[22:07:22]GAME: ANTAG LIST:
no antagonists this moment
[22:07:23]DEBUG: Event 'Roundstart Nothing' has completed at 12:00.
[22:07:23]GAME: RoundStart Event: All watertank have been deleted.
[22:07:23]GAME: RoundStart Event: All watertank have been deleted.
[22:07:23]DEBUG: Event 'Forgotten Watertanks' has completed at 12:00.
[22:07:23]DEBUG: Event 'Forgotten Survival Box' has completed at 12:00.
[22:07:23]DEBUG: Next event of severity Mundane in 17.162 minutes.
[22:07:23]DEBUG: Next event of severity Moderate in 41.908 minutes.
[22:07:23]DEBUG: Next event of severity Major in 53.4217 minutes.
[22:07:40]ADMIN: fatfat/(Leo Basinger) jumped to (4,19,1) in Space
[22:08:58]ADMIN: fatfat/(Leo Basinger) jumped to (4,19,1) in Space
[22:17:23]GAME: Roundstart logout report


[22:24:34]DEBUG: Next event of severity Mundane in 15.086 minutes.
[22:24:34]DEBUG: Starting event 'Nothing' of severity Mundane.
[22:24:36]DEBUG: Event 'Nothing' has completed at 12:17.
[22:29:18]SAY: *no key*/(walrus) : [Listening Post]: URK
[22:29:58]ADMIN: fatfat/(Leo Basinger) jumped to (4,19,1) in Space
[22:30:16] Graceful shutdown
